<?xml version="1.0" encoding="UTF-8"?>
<!-- Generated by org.testng.reporters.JUnitXMLReporter -->
<testsuite ignored="7" hostname="HGT-LAP-310" failures="1" tests="8" name="Docscenarios Test Run" time="1961.242" errors="0" timestamp="2024-02-13T12:34:04 IST">
  <testcase classname="TestCase.Docscenarios" name="ValidDocScenarios" time="183.327"/>
  <testcase classname="TestCase.Docscenarios" name="ValidBlankwithoutsenderautofill" time="193.139"/>
  <testcase classname="TestCase.Docscenarios" name="ValidWithoutEnforceSignatureThroughLoginAccount" time="242.399"/>
  <testcase classname="TestCase.Docscenarios" name="ValidWithEnforceSignatureOrderWithSenderAutofill" time="247.118"/>
  <testcase classname="TestCase.Docscenarios" name="ValidRearrangingOrderCCndSigner" time="258.118"/>
  <testcase classname="TestCase.Docscenarios" name="ValidBlankDocMultipleSigners" time="257.462">
    <failure type="org.openqa.selenium.TimeoutException" message="Expected condition failed: waiting for element to be clickable: By.xpath: //div[@x-placement]//ul//li[2] (tried for 60 second(s) with 500 milliseconds interval)
Build info: version: &amp;apos;4.17.0&amp;apos;, revision: &amp;apos;e52b1be057*&amp;apos;
System info: os.name: &amp;apos;Windows 11&amp;apos;, os.arch: &amp;apos;amd64&amp;apos;, os.version: &amp;apos;10.0&amp;apos;, java.version: &amp;apos;21.0.1&amp;apos;
Driver info: org.openqa.selenium.chrome.ChromeDriver
Capabilities {acceptInsecureCerts: false, browserName: chrome-headless-shell, browserVersion: 121.0.6167.161, chrome: {chromedriverVersion: 121.0.6167.85 (3f98d690ad7e..., userDataDir: C:\Users\PRUDHV~1.BUD\AppDa...}, fedcm:accounts: true, goog:chromeOptions: {debuggerAddress: localhost:61329}, networkConnectionEnabled: false, pageLoadStrategy: normal, platformName: windows, proxy: Proxy(), se:cdp: ws://localhost:61329/devtoo..., se:cdpVersion: 121.0.6167.161, setWindowRect: true, strictFileInteractability: false, timeouts: {implicit: 0, pageLoad: 300000, script: 30000}, unhandledPromptBehavior: dismiss and notify, webauthn:extension:credBlob: true, webauthn:extension:largeBlob: true, webauthn:extension:minPinLength: true, webauthn:extension:prf: true, webauthn:virtualAuthenticators: true}
Session ID: 3ffbb34e69d1e4887838c1a0dbb4cf7f">
      <![CDATA[org.openqa.selenium.TimeoutException: Expected condition failed: waiting for element to be clickable: By.xpath: //div[@x-placement]//ul//li[2] (tried for 60 second(s) with 500 milliseconds interval)
Build info: version: '4.17.0', revision: 'e52b1be057*'
System info: os.name: 'Windows 11', os.arch: 'amd64', os.version: '10.0', java.version: '21.0.1'
Driver info: org.openqa.selenium.chrome.ChromeDriver
Capabilities {acceptInsecureCerts: false, browserName: chrome-headless-shell, browserVersion: 121.0.6167.161, chrome: {chromedriverVersion: 121.0.6167.85 (3f98d690ad7e..., userDataDir: C:\Users\PRUDHV~1.BUD\AppDa...}, fedcm:accounts: true, goog:chromeOptions: {debuggerAddress: localhost:61329}, networkConnectionEnabled: false, pageLoadStrategy: normal, platformName: windows, proxy: Proxy(), se:cdp: ws://localhost:61329/devtoo..., se:cdpVersion: 121.0.6167.161, setWindowRect: true, strictFileInteractability: false, timeouts: {implicit: 0, pageLoad: 300000, script: 30000}, unhandledPromptBehavior: dismiss and notify, webauthn:extension:credBlob: true, webauthn:extension:largeBlob: true, webauthn:extension:minPinLength: true, webauthn:extension:prf: true, webauthn:virtualAuthenticators: true}
Session ID: 3ffbb34e69d1e4887838c1a0dbb4cf7f
at org.openqa.selenium.support.ui.WebDriverWait.timeoutException(WebDriverWait.java:84)
at org.openqa.selenium.support.ui.FluentWait.until(FluentWait.java:228)
at Pages.DocumentsScenarios.waitEle(DocumentsScenarios.java:27)
at Pages.DocumentsScenarios.RecipientsCC(DocumentsScenarios.java:133)
at TestCase.Docscenarios.ValidBlankDocMultipleSigners(Docscenarios.java:182)
at java.base/java.util.ArrayList.forEach(ArrayList.java:1596)
... Removed 25 stack frames]]>
    </failure>
  </testcase> <!-- ValidBlankDocMultipleSigners -->
  <testcase classname="TestCase.Docscenarios" name="ValidRearrangingOrderFirstOtherSignersndThenSender" time="301.203"/>
  <testcase classname="TestCase.Docscenarios" name="ValidBlankdocSignerndApprover" time="201.619"/>
  <testcase classname="TestCase.Docscenarios" name="ValidDocscenariosGdrive" time="0.0">
    <ignored/>
  </testcase> <!-- ValidDocscenariosGdrive -->
  <testcase classname="TestCase.Docscenarios" name="ValidOneDriveDocMultipleSigners" time="0.0">
    <ignored/>
  </testcase> <!-- ValidOneDriveDocMultipleSigners -->
  <testcase classname="TestCase.Docscenarios" name="ValiddocSignerndApproverOnedrive" time="0.0">
    <ignored/>
  </testcase> <!-- ValiddocSignerndApproverOnedrive -->
  <testcase classname="TestCase.Docscenarios" name="ValidRearrangingOrderFirstOtherSignersndThenSenderOnedrive" time="0.0">
    <ignored/>
  </testcase> <!-- ValidRearrangingOrderFirstOtherSignersndThenSenderOnedrive -->
  <testcase classname="TestCase.Docscenarios" name="ValidDocscenarioOnedrive" time="0.0">
    <ignored/>
  </testcase> <!-- ValidDocscenarioOnedrive -->
  <testcase classname="TestCase.Docscenarios" name="ValidRearrangingOrderFirstApproverthenSigner" time="0.0">
    <ignored/>
  </testcase> <!-- ValidRearrangingOrderFirstApproverthenSigner -->
  <testcase classname="TestCase.Docscenarios" name="ValidBlankdocView" time="0.0">
    <ignored/>
  </testcase> <!-- ValidBlankdocView -->
</testsuite> <!-- Docscenarios Test Run -->
