<?xml version="1.0" encoding="UTF-8"?>
<!-- Generated by org.testng.reporters.JUnitXMLReporter -->
<testsuite ignored="0" hostname="HGT-LAP-310" failures="0" tests="49" name="Docscenarios Test Run" time="1.975" errors="0" timestamp="2024-05-01T15:38:26 IST">
  <testcase classname="TestCase.FormTemplate_Testcases" name="@BeforeMethod Start" time="1.615">
    <failure type="org.openqa.selenium.SessionNotCreatedException" message="Could not start a new session. Response code 500. Message: unknown error: no chrome binary at /usr/bin/sgoogle-chrome-stable 
Host info: host: &amp;apos;HGT-LAP-310&amp;apos;, ip: &amp;apos;192.168.0.108&amp;apos;
Build info: version: &amp;apos;4.18.1&amp;apos;, revision: &amp;apos;b1d3319b48&amp;apos;
System info: os.name: &amp;apos;Windows 11&amp;apos;, os.arch: &amp;apos;amd64&amp;apos;, os.version: &amp;apos;10.0&amp;apos;, java.version: &amp;apos;21.0.1&amp;apos;
Driver info: org.openqa.selenium.chrome.ChromeDriver
Command: [null, newSession {capabilities=[Capabilities {browserName: chrome, goog:chromeOptions: {args: [--headless, --window-size=1920,1080, --disable-gpu, --no-sandbox], binary: /usr/bin/sgoogle-chrome-stable, extensions: []}}]}]">
      <![CDATA[org.openqa.selenium.SessionNotCreatedException: Could not start a new session. Response code 500. Message: unknown error: no chrome binary at /usr/bin/sgoogle-chrome-stable 
Host info: host: 'HGT-LAP-310', ip: '192.168.0.108'
Build info: version: '4.18.1', revision: 'b1d3319b48'
System info: os.name: 'Windows 11', os.arch: 'amd64', os.version: '10.0', java.version: '21.0.1'
Driver info: org.openqa.selenium.chrome.ChromeDriver
Command: [null, newSession {capabilities=[Capabilities {browserName: chrome, goog:chromeOptions: {args: [--headless, --window-size=1920,1080, --disable-gpu, --no-sandbox], binary: /usr/bin/sgoogle-chrome-stable, extensions: []}}]}]
at org.openqa.selenium.remote.ProtocolHandshake.createSession(ProtocolHandshake.java:139)
at org.openqa.selenium.remote.ProtocolHandshake.createSession(ProtocolHandshake.java:95)
at org.openqa.selenium.remote.ProtocolHandshake.createSession(ProtocolHandshake.java:67)
at org.openqa.selenium.remote.HttpCommandExecutor.execute(HttpCommandExecutor.java:162)
at org.openqa.selenium.remote.service.DriverCommandExecutor.invokeExecute(DriverCommandExecutor.java:216)
at org.openqa.selenium.remote.service.DriverCommandExecutor.execute(DriverCommandExecutor.java:174)
at org.openqa.selenium.remote.RemoteWebDriver.execute(RemoteWebDriver.java:519)
at org.openqa.selenium.remote.RemoteWebDriver.startSession(RemoteWebDriver.java:233)
at org.openqa.selenium.remote.RemoteWebDriver.<init>(RemoteWebDriver.java:162)
at org.openqa.selenium.chromium.ChromiumDriver.<init>(ChromiumDriver.java:114)
at org.openqa.selenium.chrome.ChromeDriver.<init>(ChromeDriver.java:89)
at org.openqa.selenium.chrome.ChromeDriver.<init>(ChromeDriver.java:84)
at org.openqa.selenium.chrome.ChromeDriver.<init>(ChromeDriver.java:73)
at TestBase.testCaseBase.setup(testCaseBase.java:33)
at TestCase.FormTemplate_Testcases.Start(FormTemplate_Testcases.java:47)
at java.base/java.util.ArrayList.forEach(ArrayList.java:1596)
... Removed 29 stack frames]]>
    </failure>
  </testcase> <!-- @BeforeMethod Start -->
  <testcase classname="TestCase.FormTemplate_Testcases" name="@BeforeMethod Start" time="-1.714558105498E9">
    <skipped/>
  </testcase> <!-- @BeforeMethod Start -->
  <testcase classname="TestCase.FormTemplate_Testcases" name="@BeforeMethod Start" time="-1.714558105503E9">
    <skipped/>
  </testcase> <!-- @BeforeMethod Start -->
  <testcase classname="TestCase.FormTemplate_Testcases" name="@BeforeMethod Start" time="-1.714558105507E9">
    <skipped/>
  </testcase> <!-- @BeforeMethod Start -->
  <testcase classname="TestCase.FormTemplate_Testcases" name="@BeforeMethod Start" time="-1.714558105511E9">
    <skipped/>
  </testcase> <!-- @BeforeMethod Start -->
  <testcase classname="TestCase.FormTemplate_Testcases" name="@BeforeMethod Start" time="-1.714558105515E9">
    <skipped/>
  </testcase> <!-- @BeforeMethod Start -->
  <testcase classname="TestCase.FormTemplate_Testcases" name="@BeforeMethod Start" time="-1.714558105518E9">
    <skipped/>
  </testcase> <!-- @BeforeMethod Start -->
  <testcase classname="TestCase.FormTemplate_Testcases" name="@BeforeMethod Start" time="-1.714558105521E9">
    <skipped/>
  </testcase> <!-- @BeforeMethod Start -->
  <testcase classname="TestCase.FormTemplate_Testcases" name="@BeforeMethod Start" time="-1.714558105525E9">
    <skipped/>
  </testcase> <!-- @BeforeMethod Start -->
  <testcase classname="TestCase.FormTemplate_Testcases" name="@BeforeMethod Start" time="-1.714558105529E9">
    <skipped/>
  </testcase> <!-- @BeforeMethod Start -->
  <testcase classname="TestCase.FormTemplate_Testcases" name="@BeforeMethod Start" time="-1.714558105532E9">
    <skipped/>
  </testcase> <!-- @BeforeMethod Start -->
  <testcase classname="TestCase.FormTemplate_Testcases" name="@BeforeMethod Start" time="-1.714558105539E9">
    <skipped/>
  </testcase> <!-- @BeforeMethod Start -->
  <testcase classname="TestCase.FormTemplate_Testcases" name="@BeforeMethod Start" time="-1.714558105544E9">
    <skipped/>
  </testcase> <!-- @BeforeMethod Start -->
  <testcase classname="TestCase.FormTemplate_Testcases" name="@BeforeMethod Start" time="-1.714558105548E9">
    <skipped/>
  </testcase> <!-- @BeforeMethod Start -->
  <testcase classname="TestCase.FormTemplate_Testcases" name="@BeforeMethod Start" time="-1.714558105551E9">
    <skipped/>
  </testcase> <!-- @BeforeMethod Start -->
  <testcase classname="TestCase.FormTemplate_Testcases" name="@BeforeMethod Start" time="-1.714558105554E9">
    <skipped/>
  </testcase> <!-- @BeforeMethod Start -->
  <testcase classname="TestCase.FormTemplate_Testcases" name="@BeforeMethod Start" time="-1.714558105557E9">
    <skipped/>
  </testcase> <!-- @BeforeMethod Start -->
  <testcase classname="TestCase.FormTemplate_Testcases" name="@BeforeMethod Start" time="-1.714558105561E9">
    <skipped/>
  </testcase> <!-- @BeforeMethod Start -->
  <testcase classname="TestCase.FormTemplate_Testcases" name="@BeforeMethod Start" time="-1.714558105564E9">
    <skipped/>
  </testcase> <!-- @BeforeMethod Start -->
  <testcase classname="TestCase.FormTemplate_Testcases" name="@BeforeMethod Start" time="-1.714558105567E9">
    <skipped/>
  </testcase> <!-- @BeforeMethod Start -->
  <testcase classname="TestCase.FormTemplate_Testcases" name="@BeforeMethod Start" time="-1.714558105569E9">
    <skipped/>
  </testcase> <!-- @BeforeMethod Start -->
  <testcase classname="TestCase.FormTemplate_Testcases" name="@BeforeMethod Start" time="-1.714558105571E9">
    <skipped/>
  </testcase> <!-- @BeforeMethod Start -->
  <testcase classname="TestCase.FormTemplate_Testcases" name="@BeforeMethod Start" time="-1.714558105574E9">
    <skipped/>
  </testcase> <!-- @BeforeMethod Start -->
  <testcase classname="TestCase.FormTemplate_Testcases" name="@BeforeMethod Start" time="-1.714558105577E9">
    <skipped/>
  </testcase> <!-- @BeforeMethod Start -->
  <testcase classname="TestCase.FormTemplate_Testcases" name="@BeforeMethod Start" time="-1.714558105578E9">
    <skipped/>
  </testcase> <!-- @BeforeMethod Start -->
  <testcase classname="TestCase.FormTemplate_Testcases" name="@BeforeMethod Start" time="-1.71455810558E9">
    <skipped/>
  </testcase> <!-- @BeforeMethod Start -->
  <testcase classname="TestCase.FormTemplate_Testcases" name="@BeforeMethod Start" time="-1.714558105582E9">
    <skipped/>
  </testcase> <!-- @BeforeMethod Start -->
  <testcase classname="TestCase.FormTemplate_Testcases" name="@BeforeMethod Start" time="-1.714558105584E9">
    <skipped/>
  </testcase> <!-- @BeforeMethod Start -->
  <testcase classname="TestCase.FormTemplate_Testcases" name="@BeforeMethod Start" time="-1.714558105586E9">
    <skipped/>
  </testcase> <!-- @BeforeMethod Start -->
  <testcase classname="TestCase.FormTemplate_Testcases" name="@BeforeMethod Start" time="-1.714558105589E9">
    <skipped/>
  </testcase> <!-- @BeforeMethod Start -->
  <testcase classname="TestCase.FormTemplate_Testcases" name="@BeforeMethod Start" time="-1.714558105593E9">
    <skipped/>
  </testcase> <!-- @BeforeMethod Start -->
  <testcase classname="TestCase.FormTemplate_Testcases" name="@BeforeMethod Start" time="-1.714558105596E9">
    <skipped/>
  </testcase> <!-- @BeforeMethod Start -->
  <testcase classname="TestCase.FormTemplate_Testcases" name="@BeforeMethod Start" time="-1.714558105599E9">
    <skipped/>
  </testcase> <!-- @BeforeMethod Start -->
  <testcase classname="TestCase.FormTemplate_Testcases" name="@BeforeMethod Start" time="-1.714558105601E9">
    <skipped/>
  </testcase> <!-- @BeforeMethod Start -->
  <testcase classname="TestCase.FormTemplate_Testcases" name="@BeforeMethod Start" time="-1.714558105603E9">
    <skipped/>
  </testcase> <!-- @BeforeMethod Start -->
  <testcase classname="TestCase.FormTemplate_Testcases" name="@BeforeMethod Start" time="-1.714558105607E9">
    <skipped/>
  </testcase> <!-- @BeforeMethod Start -->
  <testcase classname="TestCase.FormTemplate_Testcases" name="@BeforeMethod Start" time="-1.71455810561E9">
    <skipped/>
  </testcase> <!-- @BeforeMethod Start -->
  <testcase classname="TestCase.FormTemplate_Testcases" name="@BeforeMethod Start" time="-1.714558105612E9">
    <skipped/>
  </testcase> <!-- @BeforeMethod Start -->
  <testcase classname="TestCase.FormTemplate_Testcases" name="@BeforeMethod Start" time="-1.714558105613E9">
    <skipped/>
  </testcase> <!-- @BeforeMethod Start -->
  <testcase classname="TestCase.FormTemplate_Testcases" name="@BeforeMethod Start" time="-1.714558105615E9">
    <skipped/>
  </testcase> <!-- @BeforeMethod Start -->
  <testcase classname="TestCase.FormTemplate_Testcases" name="@BeforeMethod Start" time="-1.714558105616E9">
    <skipped/>
  </testcase> <!-- @BeforeMethod Start -->
  <testcase classname="TestCase.FormTemplate_Testcases" name="@BeforeMethod Start" time="-1.714558105617E9">
    <skipped/>
  </testcase> <!-- @BeforeMethod Start -->
  <testcase classname="TestCase.FormTemplate_Testcases" name="@BeforeMethod Start" time="-1.714558105622E9">
    <skipped/>
  </testcase> <!-- @BeforeMethod Start -->
  <testcase classname="TestCase.FormTemplate_Testcases" name="@BeforeMethod Start" time="-1.714558105628E9">
    <skipped/>
  </testcase> <!-- @BeforeMethod Start -->
  <testcase classname="TestCase.FormTemplate_Testcases" name="@BeforeMethod Start" time="-1.71455810563E9">
    <skipped/>
  </testcase> <!-- @BeforeMethod Start -->
  <testcase classname="TestCase.FormTemplate_Testcases" name="@BeforeMethod Start" time="-1.714558105633E9">
    <skipped/>
  </testcase> <!-- @BeforeMethod Start -->
  <testcase classname="TestCase.FormTemplate_Testcases" name="@BeforeMethod Start" time="-1.714558105635E9">
    <skipped/>
  </testcase> <!-- @BeforeMethod Start -->
  <testcase classname="TestCase.FormTemplate_Testcases" name="@BeforeMethod Start" time="-1.714558105637E9">
    <skipped/>
  </testcase> <!-- @BeforeMethod Start -->
  <testcase classname="TestCase.FormTemplate_Testcases" name="@BeforeMethod Start" time="-1.714558105639E9">
    <skipped/>
  </testcase> <!-- @BeforeMethod Start -->
  <testcase classname="TestCase.FormTemplate_Testcases" name="BasicFieldsSingleline" time="0.0">
    <skipped/>
  </testcase> <!-- BasicFieldsSingleline -->
  <testcase classname="TestCase.FormTemplate_Testcases" name="BasicFieldsMultiline" time="0.0">
    <skipped/>
  </testcase> <!-- BasicFieldsMultiline -->
  <testcase classname="TestCase.FormTemplate_Testcases" name="BasicFieldsSelect" time="0.0">
    <skipped/>
  </testcase> <!-- BasicFieldsSelect -->
  <testcase classname="TestCase.FormTemplate_Testcases" name="BasicFieldsNumber" time="0.0">
    <skipped/>
  </testcase> <!-- BasicFieldsNumber -->
  <testcase classname="TestCase.FormTemplate_Testcases" name="BasicFieldsMultipleSelect" time="0.0">
    <skipped/>
  </testcase> <!-- BasicFieldsMultipleSelect -->
  <testcase classname="TestCase.FormTemplate_Testcases" name="BasicFieldsList" time="0.0">
    <skipped/>
  </testcase> <!-- BasicFieldsList -->
  <testcase classname="TestCase.FormTemplate_Testcases" name="BasicFieldsDate" time="0.0">
    <skipped/>
  </testcase> <!-- BasicFieldsDate -->
  <testcase classname="TestCase.FormTemplate_Testcases" name="BasicFieldsTime" time="0.0">
    <skipped/>
  </testcase> <!-- BasicFieldsTime -->
  <testcase classname="TestCase.FormTemplate_Testcases" name="BasicFieldsFixedTime" time="0.0">
    <skipped/>
  </testcase> <!-- BasicFieldsFixedTime -->
  <testcase classname="TestCase.FormTemplate_Testcases" name="BasicFieldsTimerange" time="0.0">
    <skipped/>
  </testcase> <!-- BasicFieldsTimerange -->
  <testcase classname="TestCase.FormTemplate_Testcases" name="BasicFieldsDateTime" time="0.0">
    <skipped/>
  </testcase> <!-- BasicFieldsDateTime -->
  <testcase classname="TestCase.FormTemplate_Testcases" name="BasicFieldsWeekDays" time="0.0">
    <skipped/>
  </testcase> <!-- BasicFieldsWeekDays -->
  <testcase classname="TestCase.FormTemplate_Testcases" name="BasicFieldsDateTimeRange" time="0.0">
    <skipped/>
  </testcase> <!-- BasicFieldsDateTimeRange -->
  <testcase classname="TestCase.FormTemplate_Testcases" name="BasicFieldsDateRange" time="0.0">
    <skipped/>
  </testcase> <!-- BasicFieldsDateRange -->
  <testcase classname="TestCase.FormTemplate_Testcases" name="BasicFieldsYesORNo" time="0.0">
    <skipped/>
  </testcase> <!-- BasicFieldsYesORNo -->
  <testcase classname="TestCase.FormTemplate_Testcases" name="BasicFieldsCheckbox" time="0.0">
    <skipped/>
  </testcase> <!-- BasicFieldsCheckbox -->
  <testcase classname="TestCase.FormTemplate_Testcases" name="BasicFieldsCheckBoxGroup" time="0.0">
    <skipped/>
  </testcase> <!-- BasicFieldsCheckBoxGroup -->
  <testcase classname="TestCase.FormTemplate_Testcases" name="BasicFieldsDocument" time="0.0">
    <skipped/>
  </testcase> <!-- BasicFieldsDocument -->
  <testcase classname="TestCase.FormTemplate_Testcases" name="BasicFieldsRadio" time="0.0">
    <skipped/>
  </testcase> <!-- BasicFieldsRadio -->
  <testcase classname="TestCase.FormTemplate_Testcases" name="BasicFieldsRadioGroup" time="0.0">
    <skipped/>
  </testcase> <!-- BasicFieldsRadioGroup -->
  <testcase classname="TestCase.FormTemplate_Testcases" name="BasicFieldsPhone" time="0.0">
    <skipped/>
  </testcase> <!-- BasicFieldsPhone -->
  <testcase classname="TestCase.FormTemplate_Testcases" name="BasicFieldsSignature" time="0.0">
    <skipped/>
  </testcase> <!-- BasicFieldsSignature -->
  <testcase classname="TestCase.FormTemplate_Testcases" name="BasicFieldsCaptcha" time="0.0">
    <skipped/>
  </testcase> <!-- BasicFieldsCaptcha -->
  <testcase classname="TestCase.FormTemplate_Testcases" name="ContentHeading" time="0.0">
    <skipped/>
  </testcase> <!-- ContentHeading -->
  <testcase classname="TestCase.FormTemplate_Testcases" name="ContentHTML" time="0.0">
    <skipped/>
  </testcase> <!-- ContentHTML -->
  <testcase classname="TestCase.FormTemplate_Testcases" name="ContentParagraph" time="0.0">
    <skipped/>
  </testcase> <!-- ContentParagraph -->
  <testcase classname="TestCase.FormTemplate_Testcases" name="ContentSingleLineContent" time="0.0">
    <skipped/>
  </testcase> <!-- ContentSingleLineContent -->
  <testcase classname="TestCase.FormTemplate_Testcases" name="ContentImage" time="0.0">
    <skipped/>
  </testcase> <!-- ContentImage -->
  <testcase classname="TestCase.FormTemplate_Testcases" name="ContentVideo" time="0.0">
    <skipped/>
  </testcase> <!-- ContentVideo -->
  <testcase classname="TestCase.FormTemplate_Testcases" name="ContentActionButton" time="0.0">
    <skipped/>
  </testcase> <!-- ContentActionButton -->
  <testcase classname="TestCase.FormTemplate_Testcases" name="ContentHorizontalLine" time="0.0">
    <skipped/>
  </testcase> <!-- ContentHorizontalLine -->
  <testcase classname="TestCase.FormTemplate_Testcases" name="ContentDivision" time="0.0">
    <skipped/>
  </testcase> <!-- ContentDivision -->
  <testcase classname="TestCase.FormTemplate_Testcases" name="AdvancedAutoIncrementNumber" time="0.0">
    <skipped/>
  </testcase> <!-- AdvancedAutoIncrementNumber -->
  <testcase classname="TestCase.FormTemplate_Testcases" name="AdvancedLocation" time="0.0">
    <skipped/>
  </testcase> <!-- AdvancedLocation -->
  <testcase classname="TestCase.FormTemplate_Testcases" name="AdvancedCurrency" time="0.0">
    <skipped/>
  </testcase> <!-- AdvancedCurrency -->
  <testcase classname="TestCase.FormTemplate_Testcases" name="AdvancedQuestion" time="0.0">
    <skipped/>
  </testcase> <!-- AdvancedQuestion -->
  <testcase classname="TestCase.FormTemplate_Testcases" name="AdvancedAuthorizedSignature" time="0.0">
    <skipped/>
  </testcase> <!-- AdvancedAuthorizedSignature -->
  <testcase classname="TestCase.FormTemplate_Testcases" name="AdvancedEntity" time="0.0">
    <skipped/>
  </testcase> <!-- AdvancedEntity -->
  <testcase classname="TestCase.FormTemplate_Testcases" name="AdvancedFormula" time="0.0">
    <skipped/>
  </testcase> <!-- AdvancedFormula -->
  <testcase classname="TestCase.FormTemplate_Testcases" name="AdvancedAggregateFunction" time="0.0">
    <skipped/>
  </testcase> <!-- AdvancedAggregateFunction -->
  <testcase classname="TestCase.FormTemplate_Testcases" name="AdvancedDataTable" time="0.0">
    <skipped/>
  </testcase> <!-- AdvancedDataTable -->
  <testcase classname="TestCase.FormTemplate_Testcases" name="AdvancedChildEntityTable" time="0.0">
    <skipped/>
  </testcase> <!-- AdvancedChildEntityTable -->
  <testcase classname="TestCase.FormTemplate_Testcases" name="AdvancedPayButtons" time="0.0">
    <skipped/>
  </testcase> <!-- AdvancedPayButtons -->
  <testcase classname="TestCase.FormTemplate_Testcases" name="AdvancedPaymentVariable" time="0.0">
    <skipped/>
  </testcase> <!-- AdvancedPaymentVariable -->
  <testcase classname="TestCase.FormTemplate_Testcases" name="AdvancedStarRating" time="0.0">
    <skipped/>
  </testcase> <!-- AdvancedStarRating -->
  <testcase classname="TestCase.FormTemplate_Testcases" name="AdvancedConcatenate" time="0.0">
    <skipped/>
  </testcase> <!-- AdvancedConcatenate -->
  <testcase classname="TestCase.FormTemplate_Testcases" name="AdvancedAudio" time="0.0">
    <skipped/>
  </testcase> <!-- AdvancedAudio -->
  <testcase classname="TestCase.FormTemplate_Testcases" name="AdvancedQRCode" time="0.0">
    <skipped/>
  </testcase> <!-- AdvancedQRCode -->
  <testcase classname="TestCase.FormTemplate_Testcases" name="AdvancedQRReader" time="0.0">
    <skipped/>
  </testcase> <!-- AdvancedQRReader -->
</testsuite> <!-- Docscenarios Test Run -->
