<?xml version="1.0" encoding="UTF-8"?>
<!-- Generated by org.testng.reporters.JUnitXMLReporter -->
<testsuite ignored="16" hostname="HGT-LAP-310" failures="0" tests="1" name="Default test" time="52.463" errors="0" timestamp="2024-09-03T15:40:18 IST">
  <testcase classname="TestCase.globalVariableTestcase_meghana" name="clickGlobalVariableButton" time="31.265"/>
  <testcase classname="TestCase.globalVariableTestcase_meghana" name="timeRange" time="0.0">
    <ignored/>
  </testcase> <!-- timeRange -->
  <testcase classname="TestCase.globalVariableTestcase_meghana" name="time" time="0.0">
    <ignored/>
  </testcase> <!-- time -->
  <testcase classname="TestCase.globalVariableTestcase_meghana" name="multiSelect" time="0.0">
    <ignored/>
  </testcase> <!-- multiSelect -->
  <testcase classname="TestCase.globalVariableTestcase_meghana" name="multiLineText" time="0.0">
    <ignored/>
  </testcase> <!-- multiLineText -->
  <testcase classname="TestCase.globalVariableTestcase_meghana" name="dateTimeRange" time="0.0">
    <ignored/>
  </testcase> <!-- dateTimeRange -->
  <testcase classname="TestCase.globalVariableTestcase_meghana" name="addToEntity" time="0.0">
    <ignored/>
  </testcase> <!-- addToEntity -->
  <testcase classname="TestCase.globalVariableTestcase_meghana" name="singleLineText" time="0.0">
    <ignored/>
  </testcase> <!-- singleLineText -->
  <testcase classname="TestCase.globalVariableTestcase_meghana" name="Weekdays" time="0.0">
    <ignored/>
  </testcase> <!-- Weekdays -->
  <testcase classname="TestCase.globalVariableTestcase_meghana" name="Date" time="0.0">
    <ignored/>
  </testcase> <!-- Date -->
  <testcase classname="TestCase.globalVariableTestcase_meghana" name="ClickNewVariable" time="0.0">
    <ignored/>
  </testcase> <!-- ClickNewVariable -->
  <testcase classname="TestCase.globalVariableTestcase_meghana" name="Number" time="0.0">
    <ignored/>
  </testcase> <!-- Number -->
  <testcase classname="TestCase.globalVariableTestcase_meghana" name="dateRange" time="0.0">
    <ignored/>
  </testcase> <!-- dateRange -->
  <testcase classname="TestCase.globalVariableTestcase_meghana" name="select" time="0.0">
    <ignored/>
  </testcase> <!-- select -->
  <testcase classname="TestCase.globalVariableTestcase_meghana" name="dateTime" time="0.0">
    <ignored/>
  </testcase> <!-- dateTime -->
  <testcase classname="TestCase.globalVariableTestcase_meghana" name="fixedTime" time="0.0">
    <ignored/>
  </testcase> <!-- fixedTime -->
  <testcase classname="TestCase.globalVariableTestcase_meghana" name="aa" time="0.0">
    <ignored/>
  </testcase> <!-- aa -->
</testsuite> <!-- Default test -->
