<?xml version="1.0" encoding="UTF-8"?>
<!-- Generated by org.testng.reporters.JUnitXMLReporter -->
<testsuite ignored="83" hostname="HGT-LAP-310" failures="0" tests="1" name="Default test" time="147.689" errors="0" timestamp="2024-06-18T11:34:39 IST">
  <testcase classname="TestCase.TestCases_Prudhvi2" name="VerifyDaftsentdocument" time="139.422"/>
  <testcase classname="TestCase.TestCases_Prudhvi2" name="VerifyWaitingForOthersDeletedocument" time="0.0">
    <ignored/>
  </testcase> <!-- VerifyWaitingForOthersDeletedocument -->
  <testcase classname="TestCase.TestCases_Prudhvi2" name="VerifyArchivedUndodocument" time="0.0">
    <ignored/>
  </testcase> <!-- VerifyArchivedUndodocument -->
  <testcase classname="TestCase.TestCases_Prudhvi2" name="VerifySigSenderCCorderWOEWOA" time="0.0">
    <ignored/>
  </testcase> <!-- VerifySigSenderCCorderWOEWOA -->
  <testcase classname="TestCase.TestCases_Prudhvi2" name="VerifyOtheroptionsdownload" time="0.0">
    <ignored/>
  </testcase> <!-- VerifyOtheroptionsdownload -->
  <testcase classname="TestCase.TestCases_Prudhvi2" name="VerifyMultpleCCSender" time="0.0">
    <ignored/>
  </testcase> <!-- VerifyMultpleCCSender -->
  <testcase classname="TestCase.TestCases_Prudhvi2" name="VerifyDraftDocumentSettings" time="0.0">
    <ignored/>
  </testcase> <!-- VerifyDraftDocumentSettings -->
  <testcase classname="TestCase.TestCases_Prudhvi2" name="VerifyDraftrenamedocument" time="0.0">
    <ignored/>
  </testcase> <!-- VerifyDraftrenamedocument -->
  <testcase classname="TestCase.TestCases_Prudhvi2" name="VerifySettings" time="0.0">
    <ignored/>
  </testcase> <!-- VerifySettings -->
  <testcase classname="TestCase.TestCases_Prudhvi2" name="VerifyBuldDeleteDocuments" time="0.0">
    <ignored/>
  </testcase> <!-- VerifyBuldDeleteDocuments -->
  <testcase classname="TestCase.TestCases_Prudhvi2" name="VerifyCompletedSharewithothers" time="0.0">
    <ignored/>
  </testcase> <!-- VerifyCompletedSharewithothers -->
  <testcase classname="TestCase.TestCases_Prudhvi2" name="VerifyAddPages" time="0.0">
    <ignored/>
  </testcase> <!-- VerifyAddPages -->
  <testcase classname="TestCase.TestCases_Prudhvi2" name="VerifyApprovedDocumentSettings" time="0.0">
    <ignored/>
  </testcase> <!-- VerifyApprovedDocumentSettings -->
  <testcase classname="TestCase.TestCases_Prudhvi2" name="VerifySenderMultipleCC" time="0.0">
    <ignored/>
  </testcase> <!-- VerifySenderMultipleCC -->
  <testcase classname="TestCase.TestCases_Prudhvi2" name="VerifyWaitingForOthersDocumentsettings" time="0.0">
    <ignored/>
  </testcase> <!-- VerifyWaitingForOthersDocumentsettings -->
  <testcase classname="TestCase.TestCases_Prudhvi2" name="VerifySentVoiddocument" time="0.0">
    <ignored/>
  </testcase> <!-- VerifySentVoiddocument -->
  <testcase classname="TestCase.TestCases_Prudhvi2" name="VerifyLockFields" time="0.0">
    <ignored/>
  </testcase> <!-- VerifyLockFields -->
  <testcase classname="TestCase.TestCases_Prudhvi2" name="VerfySaveAsDraft" time="0.0">
    <ignored/>
  </testcase> <!-- VerfySaveAsDraft -->
  <testcase classname="TestCase.TestCases_Prudhvi2" name="VerifySenderCCSignerWOEWOA" time="0.0">
    <ignored/>
  </testcase> <!-- VerifySenderCCSignerWOEWOA -->
  <testcase classname="TestCase.TestCases_Prudhvi2" name="VerifyApprovedRenameDocument" time="0.0">
    <ignored/>
  </testcase> <!-- VerifyApprovedRenameDocument -->
  <testcase classname="TestCase.TestCases_Prudhvi2" name="VerifyCompletedDownloaddocuement" time="0.0">
    <ignored/>
  </testcase> <!-- VerifyCompletedDownloaddocuement -->
  <testcase classname="TestCase.TestCases_Prudhvi2" name="VerifySentCorrectDocument" time="0.0">
    <ignored/>
  </testcase> <!-- VerifySentCorrectDocument -->
  <testcase classname="TestCase.TestCases_Prudhvi2" name="VerifyVoidClonedocument" time="0.0">
    <ignored/>
  </testcase> <!-- VerifyVoidClonedocument -->
  <testcase classname="TestCase.TestCases_Prudhvi2" name="VerifyApproverSenderapprove" time="0.0">
    <ignored/>
  </testcase> <!-- VerifyApproverSenderapprove -->
  <testcase classname="TestCase.TestCases_Prudhvi2" name="Verifyotheroptionshistory" time="0.0">
    <ignored/>
  </testcase> <!-- Verifyotheroptionshistory -->
  <testcase classname="TestCase.TestCases_Prudhvi2" name="VerifyCompletedClonedocument" time="0.0">
    <ignored/>
  </testcase> <!-- VerifyCompletedClonedocument -->
  <testcase classname="TestCase.TestCases_Prudhvi2" name="Verifychatandlogs" time="0.0">
    <ignored/>
  </testcase> <!-- Verifychatandlogs -->
  <testcase classname="TestCase.TestCases_Prudhvi2" name="Verifyotheroptionssettings" time="0.0">
    <ignored/>
  </testcase> <!-- Verifyotheroptionssettings -->
  <testcase classname="TestCase.TestCases_Prudhvi2" name="VerifyDeclinedDocumentSettings" time="0.0">
    <ignored/>
  </testcase> <!-- VerifyDeclinedDocumentSettings -->
  <testcase classname="TestCase.TestCases_Prudhvi2" name="VerifyPdfAutoFillreceiver" time="0.0">
    <ignored/>
  </testcase> <!-- VerifyPdfAutoFillreceiver -->
  <testcase classname="TestCase.TestCases_Prudhvi2" name="VerifyWaitingForOthersVoiddocument" time="0.0">
    <ignored/>
  </testcase> <!-- VerifyWaitingForOthersVoiddocument -->
  <testcase classname="TestCase.TestCases_Prudhvi2" name="VerifYVoidSaveastemplate" time="0.0">
    <ignored/>
  </testcase> <!-- VerifYVoidSaveastemplate -->
  <testcase classname="TestCase.TestCases_Prudhvi2" name="VerifyLoginFunctionalityWithValidCredantials" time="0.0">
    <ignored/>
  </testcase> <!-- VerifyLoginFunctionalityWithValidCredantials -->
  <testcase classname="TestCase.TestCases_Prudhvi2" name="VerifyCompletedSaveastemplate" time="0.0">
    <ignored/>
  </testcase> <!-- VerifyCompletedSaveastemplate -->
  <testcase classname="TestCase.TestCases_Prudhvi2" name="VerifyAppSigSenderorderWOEWOA" time="0.0">
    <ignored/>
  </testcase> <!-- VerifyAppSigSenderorderWOEWOA -->
  <testcase classname="TestCase.TestCases_Prudhvi2" name="VerifyOtheroptionsdeletedocument" time="0.0">
    <ignored/>
  </testcase> <!-- VerifyOtheroptionsdeletedocument -->
  <testcase classname="TestCase.TestCases_Prudhvi2" name="VerifyApprovedResendDocument" time="0.0">
    <ignored/>
  </testcase> <!-- VerifyApprovedResendDocument -->
  <testcase classname="TestCase.TestCases_Prudhvi2" name="VerifyCompletedDeletedocuement" time="0.0">
    <ignored/>
  </testcase> <!-- VerifyCompletedDeletedocuement -->
  <testcase classname="TestCase.TestCases_Prudhvi2" name="Verifyotheroptionssaveastem" time="0.0">
    <ignored/>
  </testcase> <!-- Verifyotheroptionssaveastem -->
  <testcase classname="TestCase.TestCases_Prudhvi2" name="VerifyDelineddocument" time="0.0">
    <ignored/>
  </testcase> <!-- VerifyDelineddocument -->
  <testcase classname="TestCase.TestCases_Prudhvi2" name="VerifyMultpleApproverSender" time="0.0">
    <ignored/>
  </testcase> <!-- VerifyMultpleApproverSender -->
  <testcase classname="TestCase.TestCases_Prudhvi2" name="VerifyApproverSenderDecline" time="0.0">
    <ignored/>
  </testcase> <!-- VerifyApproverSenderDecline -->
  <testcase classname="TestCase.TestCases_Prudhvi2" name="VerifyProcessWithOutSingledoc" time="0.0">
    <ignored/>
  </testcase> <!-- VerifyProcessWithOutSingledoc -->
  <testcase classname="TestCase.TestCases_Prudhvi2" name="VerifyDocForSingleSender" time="0.0">
    <ignored/>
  </testcase> <!-- VerifyDocForSingleSender -->
  <testcase classname="TestCase.TestCases_Prudhvi2" name="VerifySentDeletedocument" time="0.0">
    <ignored/>
  </testcase> <!-- VerifySentDeletedocument -->
  <testcase classname="TestCase.TestCases_Prudhvi2" name="VerifySendersigCCorderWOEWOA" time="0.0">
    <ignored/>
  </testcase> <!-- VerifySendersigCCorderWOEWOA -->
  <testcase classname="TestCase.TestCases_Prudhvi2" name="VerifyotheroptionsCorrectdoc" time="0.0">
    <ignored/>
  </testcase> <!-- VerifyotheroptionsCorrectdoc -->
  <testcase classname="TestCase.TestCases_Prudhvi2" name="VerifyApprovedCorrectdocumentDocuments" time="0.0">
    <ignored/>
  </testcase> <!-- VerifyApprovedCorrectdocumentDocuments -->
  <testcase classname="TestCase.TestCases_Prudhvi2" name="VerifySingerCCSenderWOEWOA" time="0.0">
    <ignored/>
  </testcase> <!-- VerifySingerCCSenderWOEWOA -->
  <testcase classname="TestCase.TestCases_Prudhvi2" name="VerifyDraftDeleteDocument" time="0.0">
    <ignored/>
  </testcase> <!-- VerifyDraftDeleteDocument -->
  <testcase classname="TestCase.TestCases_Prudhvi2" name="VerifyApprovedApprovedDeleteDocument" time="0.0">
    <ignored/>
  </testcase> <!-- VerifyApprovedApprovedDeleteDocument -->
  <testcase classname="TestCase.TestCases_Prudhvi2" name="VerifyArchivedPermanentdelete" time="0.0">
    <ignored/>
  </testcase> <!-- VerifyArchivedPermanentdelete -->
  <testcase classname="TestCase.TestCases_Prudhvi2" name="Verifyotheroptionsprintandsign" time="0.0">
    <ignored/>
  </testcase> <!-- Verifyotheroptionsprintandsign -->
  <testcase classname="TestCase.TestCases_Prudhvi2" name="VerifyWaitingForOthersCorrectdocument" time="0.0">
    <ignored/>
  </testcase> <!-- VerifyWaitingForOthersCorrectdocument -->
  <testcase classname="TestCase.TestCases_Prudhvi2" name="VerifySentsavetoTemplate" time="0.0">
    <ignored/>
  </testcase> <!-- VerifySentsavetoTemplate -->
  <testcase classname="TestCase.TestCases_Prudhvi2" name="VerifyCompletedRenamedocument" time="0.0">
    <ignored/>
  </testcase> <!-- VerifyCompletedRenamedocument -->
  <testcase classname="TestCase.TestCases_Prudhvi2" name="VerifyApprovedVoidDocument" time="0.0">
    <ignored/>
  </testcase> <!-- VerifyApprovedVoidDocument -->
  <testcase classname="TestCase.TestCases_Prudhvi2" name="VerifyDeclinedDeclinedRenamedocument" time="0.0">
    <ignored/>
  </testcase> <!-- VerifyDeclinedDeclinedRenamedocument -->
  <testcase classname="TestCase.TestCases_Prudhvi2" name="VerifyCopylink" time="0.0">
    <ignored/>
  </testcase> <!-- VerifyCopylink -->
  <testcase classname="TestCase.TestCases_Prudhvi2" name="VerifyDeclinedVoiddocument" time="0.0">
    <ignored/>
  </testcase> <!-- VerifyDeclinedVoiddocument -->
  <testcase classname="TestCase.TestCases_Prudhvi2" name="VerifyApprovedSaveAsTemplate" time="0.0">
    <ignored/>
  </testcase> <!-- VerifyApprovedSaveAsTemplate -->
  <testcase classname="TestCase.TestCases_Prudhvi2" name="VerifyCCSignerSenderWOEWOA" time="0.0">
    <ignored/>
  </testcase> <!-- VerifyCCSignerSenderWOEWOA -->
  <testcase classname="TestCase.TestCases_Prudhvi2" name="VerifyClonedocumentForsinglesender" time="0.0">
    <ignored/>
  </testcase> <!-- VerifyClonedocumentForsinglesender -->
  <testcase classname="TestCase.TestCases_Prudhvi2" name="VerifyProcessSingleDoc" time="0.0">
    <ignored/>
  </testcase> <!-- VerifyProcessSingleDoc -->
  <testcase classname="TestCase.TestCases_Prudhvi2" name="VerifySenderMultipleApprovers" time="0.0">
    <ignored/>
  </testcase> <!-- VerifySenderMultipleApprovers -->
  <testcase classname="TestCase.TestCases_Prudhvi2" name="VerifyDeletePages" time="0.0">
    <ignored/>
  </testcase> <!-- VerifyDeletePages -->
  <testcase classname="TestCase.TestCases_Prudhvi2" name="VerifyWaitingForOthersSaveastemplate" time="0.0">
    <ignored/>
  </testcase> <!-- VerifyWaitingForOthersSaveastemplate -->
  <testcase classname="TestCase.TestCases_Prudhvi2" name="VerifyWaitformeWaitforme" time="0.0">
    <ignored/>
  </testcase> <!-- VerifyWaitformeWaitforme -->
  <testcase classname="TestCase.TestCases_Prudhvi2" name="VerifyCompletedSenttomail" time="0.0">
    <ignored/>
  </testcase> <!-- VerifyCompletedSenttomail -->
  <testcase classname="TestCase.TestCases_Prudhvi2" name="VerifyDraftSaveAsTemplate" time="0.0">
    <ignored/>
  </testcase> <!-- VerifyDraftSaveAsTemplate -->
  <testcase classname="TestCase.TestCases_Prudhvi2" name="VerifySentRenamedocument" time="0.0">
    <ignored/>
  </testcase> <!-- VerifySentRenamedocument -->
  <testcase classname="TestCase.TestCases_Prudhvi2" name="SplitSinglelineText" time="0.0">
    <ignored/>
  </testcase> <!-- SplitSinglelineText -->
  <testcase classname="TestCase.TestCases_Prudhvi2" name="VerifyVoidDeletedocument" time="0.0">
    <ignored/>
  </testcase> <!-- VerifyVoidDeletedocument -->
  <testcase classname="TestCase.TestCases_Prudhvi2" name="VerifyWaitingForOthersResenddocument" time="0.0">
    <ignored/>
  </testcase> <!-- VerifyWaitingForOthersResenddocument -->
  <testcase classname="TestCase.TestCases_Prudhvi2" name="VerifyArchivedRenamedocuments" time="0.0">
    <ignored/>
  </testcase> <!-- VerifyArchivedRenamedocuments -->
  <testcase classname="TestCase.TestCases_Prudhvi2" name="VerifySentdocumentsettings" time="0.0">
    <ignored/>
  </testcase> <!-- VerifySentdocumentsettings -->
  <testcase classname="TestCase.TestCases_Prudhvi2" name="VerifyCCSenderSingerWOEWOA" time="0.0">
    <ignored/>
  </testcase> <!-- VerifyCCSenderSingerWOEWOA -->
  <testcase classname="TestCase.TestCases_Prudhvi2" name="Verifychangeuser" time="0.0">
    <ignored/>
  </testcase> <!-- Verifychangeuser -->
  <testcase classname="TestCase.TestCases_Prudhvi2" name="VerifyWaitingForOthersRenamedocument" time="0.0">
    <ignored/>
  </testcase> <!-- VerifyWaitingForOthersRenamedocument -->
  <testcase classname="TestCase.TestCases_Prudhvi2" name="Verifyotheroptionsvoiddoc" time="0.0">
    <ignored/>
  </testcase> <!-- Verifyotheroptionsvoiddoc -->
  <testcase classname="TestCase.TestCases_Prudhvi2" name="Verifyotheroptionsfinishlater" time="0.0">
    <ignored/>
  </testcase> <!-- Verifyotheroptionsfinishlater -->
  <testcase classname="TestCase.TestCases_Prudhvi2" name="VerifySentResenddocument" time="0.0">
    <ignored/>
  </testcase> <!-- VerifySentResenddocument -->
  <testcase classname="TestCase.TestCases_Prudhvi2" name="VerifyDeclinedDeletedocument" time="0.0">
    <ignored/>
  </testcase> <!-- VerifyDeclinedDeletedocument -->
  <testcase classname="TestCase.TestCases_Prudhvi2" name="VerifyChangeDoc" time="0.0">
    <ignored/>
  </testcase> <!-- VerifyChangeDoc -->
</testsuite> <!-- Default test -->
