<?xml version="1.0" encoding="UTF-8"?>
<!-- Generated by org.testng.reporters.JUnitXMLReporter -->
<testsuite ignored="2" hostname="HGT-LAP-310" failures="0" tests="1" name="Default test" time="139.9" errors="0" timestamp="2024-07-23T10:54:22 IST">
  <testcase classname="TestCase.LoginPageTest" name="addbuilder" time="132.03"/>
  <testcase classname="TestCase.LoginPageTest" name="Verifyscrool" time="0.0">
    <ignored/>
  </testcase> <!-- Verifyscrool -->
  <testcase classname="TestCase.LoginPageTest" name="Review" time="0.0">
    <ignored/>
  </testcase> <!-- Review -->
</testsuite> <!-- Default test -->
