<?xml version="1.0" encoding="UTF-8"?>
<!-- Generated by org.testng.reporters.JUnitXMLReporter -->
<testsuite ignored="48" hostname="HGT-LAP-310" failures="1" tests="1" name="Default test" time="6.54" errors="0" timestamp="2024-05-02T12:56:27 IST">
  <testcase classname="TestCase.FormTemplate_Testcases" name="BasicFieldsSingleline" time="0.024">
    <failure type="org.openqa.selenium.NoSuchWindowException" message="no such window: target window already closed
from unknown error: web view not found
  (Session info: chrome=124.0.6367.63)
Build info: version: &amp;apos;4.18.1&amp;apos;, revision: &amp;apos;b1d3319b48&amp;apos;
System info: os.name: &amp;apos;Windows 11&amp;apos;, os.arch: &amp;apos;amd64&amp;apos;, os.version: &amp;apos;10.0&amp;apos;, java.version: &amp;apos;21.0.1&amp;apos;
Driver info: org.openqa.selenium.chrome.ChromeDriver
Command: [c0965c24bd21977b152dbcd4e6735f06, findElement {value=//input[@placeholder=&amp;apos;Ex: johnwesley@abc.com&amp;apos;], using=xpath}]
Capabilities {acceptInsecureCerts: false, browserName: chrome, browserVersion: 124.0.6367.63, chrome: {chromedriverVersion: 124.0.6367.91 (51df0e5e17a8..., userDataDir: C:\Users\PRUDHV~1.BUD\AppDa...}, fedcm:accounts: true, goog:chromeOptions: {debuggerAddress: localhost:55597}, networkConnectionEnabled: false, pageLoadStrategy: normal, platformName: windows, proxy: Proxy(), se:cdp: ws://localhost:55597/devtoo..., se:cdpVersion: 124.0.6367.63, setWindowRect: true, strictFileInteractability: false, timeouts: {implicit: 0, pageLoad: 300000, script: 30000}, unhandledPromptBehavior: dismiss and notify, webauthn:extension:credBlob: true, webauthn:extension:largeBlob: true, webauthn:extension:minPinLength: true, webauthn:extension:prf: true, webauthn:virtualAuthenticators: true}
Session ID: c0965c24bd21977b152dbcd4e6735f06">
      <![CDATA[org.openqa.selenium.NoSuchWindowException: no such window: target window already closed
from unknown error: web view not found
  (Session info: chrome=124.0.6367.63)
Build info: version: '4.18.1', revision: 'b1d3319b48'
System info: os.name: 'Windows 11', os.arch: 'amd64', os.version: '10.0', java.version: '21.0.1'
Driver info: org.openqa.selenium.chrome.ChromeDriver
Command: [c0965c24bd21977b152dbcd4e6735f06, findElement {value=//input[@placeholder='Ex: johnwesley@abc.com'], using=xpath}]
Capabilities {acceptInsecureCerts: false, browserName: chrome, browserVersion: 124.0.6367.63, chrome: {chromedriverVersion: 124.0.6367.91 (51df0e5e17a8..., userDataDir: C:\Users\PRUDHV~1.BUD\AppDa...}, fedcm:accounts: true, goog:chromeOptions: {debuggerAddress: localhost:55597}, networkConnectionEnabled: false, pageLoadStrategy: normal, platformName: windows, proxy: Proxy(), se:cdp: ws://localhost:55597/devtoo..., se:cdpVersion: 124.0.6367.63, setWindowRect: true, strictFileInteractability: false, timeouts: {implicit: 0, pageLoad: 300000, script: 30000}, unhandledPromptBehavior: dismiss and notify, webauthn:extension:credBlob: true, webauthn:extension:largeBlob: true, webauthn:extension:minPinLength: true, webauthn:extension:prf: true, webauthn:virtualAuthenticators: true}
Session ID: c0965c24bd21977b152dbcd4e6735f06
at java.base/jdk.internal.reflect.DirectConstructorHandleAccessor.newInstance(DirectConstructorHandleAccessor.java:62)
at java.base/java.lang.reflect.Constructor.newInstanceWithCaller(Constructor.java:502)
at java.base/java.lang.reflect.Constructor.newInstance(Constructor.java:486)
at org.openqa.selenium.remote.ErrorCodec.decode(ErrorCodec.java:167)
at org.openqa.selenium.remote.codec.w3c.W3CHttpResponseCodec.decode(W3CHttpResponseCodec.java:138)
at org.openqa.selenium.remote.codec.w3c.W3CHttpResponseCodec.decode(W3CHttpResponseCodec.java:50)
at org.openqa.selenium.remote.HttpCommandExecutor.execute(HttpCommandExecutor.java:190)
at org.openqa.selenium.remote.service.DriverCommandExecutor.invokeExecute(DriverCommandExecutor.java:216)
at org.openqa.selenium.remote.service.DriverCommandExecutor.execute(DriverCommandExecutor.java:174)
at org.openqa.selenium.remote.RemoteWebDriver.execute(RemoteWebDriver.java:519)
at org.openqa.selenium.remote.ElementLocation$ElementFinder$2.findElement(ElementLocation.java:165)
at org.openqa.selenium.remote.ElementLocation.findElement(ElementLocation.java:59)
at org.openqa.selenium.remote.RemoteWebDriver.findElement(RemoteWebDriver.java:356)
at org.openqa.selenium.remote.RemoteWebDriver.findElement(RemoteWebDriver.java:350)
at Pages.Login.Signin(Login.java:27)
at TestCase.FormTemplate_Testcases.BasicFieldsSingleline(FormTemplate_Testcases.java:68)
at java.base/jdk.internal.reflect.DirectMethodHandleAccessor.invoke(DirectMethodHandleAccessor.java:103)
at java.base/java.lang.reflect.Method.invoke(Method.java:580)
at org.testng.internal.MethodInvocationHelper.invokeMethod(MethodInvocationHelper.java:133)
at org.testng.internal.TestInvoker.invokeMethod(TestInvoker.java:598)
at org.testng.internal.TestInvoker.invokeTestMethod(TestInvoker.java:173)
at org.testng.internal.MethodRunner.runInSequence(MethodRunner.java:46)
at org.testng.internal.TestInvoker$MethodInvocationAgent.invoke(TestInvoker.java:824)
at org.testng.internal.TestInvoker.invokeTestMethods(TestInvoker.java:146)
at org.testng.internal.TestMethodWorker.invokeTestMethods(TestMethodWorker.java:146)
at org.testng.internal.TestMethodWorker.run(TestMethodWorker.java:128)
at java.base/java.util.ArrayList.forEach(ArrayList.java:1596)
at org.testng.TestRunner.privateRun(TestRunner.java:794)
at org.testng.TestRunner.run(TestRunner.java:596)
at org.testng.SuiteRunner.runTest(SuiteRunner.java:377)
at org.testng.SuiteRunner.runSequentially(SuiteRunner.java:371)
at org.testng.SuiteRunner.privateRun(SuiteRunner.java:332)
at org.testng.SuiteRunner.run(SuiteRunner.java:276)
at org.testng.SuiteRunnerWorker.runSuite(SuiteRunnerWorker.java:53)
at org.testng.SuiteRunnerWorker.run(SuiteRunnerWorker.java:96)
at org.testng.TestNG.runSuitesSequentially(TestNG.java:1212)
at org.testng.TestNG.runSuitesLocally(TestNG.java:1134)
at org.testng.TestNG.runSuites(TestNG.java:1063)
at org.testng.TestNG.run(TestNG.java:1031)
at org.testng.remote.AbstractRemoteTestNG.run(AbstractRemoteTestNG.java:115)
at org.testng.remote.RemoteTestNG.initAndRun(RemoteTestNG.java:251)
at org.testng.remote.RemoteTestNG.main(RemoteTestNG.java:77)
]]>
    </failure>
  </testcase> <!-- BasicFieldsSingleline -->
  <testcase classname="TestCase.FormTemplate_Testcases" name="AdvancedChildEntityTable" time="0.0">
    <ignored/>
  </testcase> <!-- AdvancedChildEntityTable -->
  <testcase classname="TestCase.FormTemplate_Testcases" name="BasicFieldsSelect" time="0.0">
    <ignored/>
  </testcase> <!-- BasicFieldsSelect -->
  <testcase classname="TestCase.FormTemplate_Testcases" name="AdvancedConcatenate" time="0.0">
    <ignored/>
  </testcase> <!-- AdvancedConcatenate -->
  <testcase classname="TestCase.FormTemplate_Testcases" name="BasicFieldsCheckbox" time="0.0">
    <ignored/>
  </testcase> <!-- BasicFieldsCheckbox -->
  <testcase classname="TestCase.FormTemplate_Testcases" name="AdvancedAuthorizedSignature" time="0.0">
    <ignored/>
  </testcase> <!-- AdvancedAuthorizedSignature -->
  <testcase classname="TestCase.FormTemplate_Testcases" name="AdvancedQRCode" time="0.0">
    <ignored/>
  </testcase> <!-- AdvancedQRCode -->
  <testcase classname="TestCase.FormTemplate_Testcases" name="AdvancedQRReader" time="0.0">
    <ignored/>
  </testcase> <!-- AdvancedQRReader -->
  <testcase classname="TestCase.FormTemplate_Testcases" name="BasicFieldsNumber" time="0.0">
    <ignored/>
  </testcase> <!-- BasicFieldsNumber -->
  <testcase classname="TestCase.FormTemplate_Testcases" name="BasicFieldsDate" time="0.0">
    <ignored/>
  </testcase> <!-- BasicFieldsDate -->
  <testcase classname="TestCase.FormTemplate_Testcases" name="AdvancedPayButtons" time="0.0">
    <ignored/>
  </testcase> <!-- AdvancedPayButtons -->
  <testcase classname="TestCase.FormTemplate_Testcases" name="BasicFieldsRadio" time="0.0">
    <ignored/>
  </testcase> <!-- BasicFieldsRadio -->
  <testcase classname="TestCase.FormTemplate_Testcases" name="AdvancedAutoIncrementNumber" time="0.0">
    <ignored/>
  </testcase> <!-- AdvancedAutoIncrementNumber -->
  <testcase classname="TestCase.FormTemplate_Testcases" name="AdvancedFormula" time="0.0">
    <ignored/>
  </testcase> <!-- AdvancedFormula -->
  <testcase classname="TestCase.FormTemplate_Testcases" name="AdvancedEntity" time="0.0">
    <ignored/>
  </testcase> <!-- AdvancedEntity -->
  <testcase classname="TestCase.FormTemplate_Testcases" name="AdvancedLocation" time="0.0">
    <ignored/>
  </testcase> <!-- AdvancedLocation -->
  <testcase classname="TestCase.FormTemplate_Testcases" name="AdvancedAudio" time="0.0">
    <ignored/>
  </testcase> <!-- AdvancedAudio -->
  <testcase classname="TestCase.FormTemplate_Testcases" name="BasicFieldsSignature" time="0.0">
    <ignored/>
  </testcase> <!-- BasicFieldsSignature -->
  <testcase classname="TestCase.FormTemplate_Testcases" name="BasicFieldsTimerange" time="0.0">
    <ignored/>
  </testcase> <!-- BasicFieldsTimerange -->
  <testcase classname="TestCase.FormTemplate_Testcases" name="BasicFieldsMultiline" time="0.0">
    <ignored/>
  </testcase> <!-- BasicFieldsMultiline -->
  <testcase classname="TestCase.FormTemplate_Testcases" name="AdvancedAggregateFunction" time="0.0">
    <ignored/>
  </testcase> <!-- AdvancedAggregateFunction -->
  <testcase classname="TestCase.FormTemplate_Testcases" name="BasicFieldsTime" time="0.0">
    <ignored/>
  </testcase> <!-- BasicFieldsTime -->
  <testcase classname="TestCase.FormTemplate_Testcases" name="AdvancedPaymentVariable" time="0.0">
    <ignored/>
  </testcase> <!-- AdvancedPaymentVariable -->
  <testcase classname="TestCase.FormTemplate_Testcases" name="BasicFieldsMultipleSelect" time="0.0">
    <ignored/>
  </testcase> <!-- BasicFieldsMultipleSelect -->
  <testcase classname="TestCase.FormTemplate_Testcases" name="ContentDivision" time="0.0">
    <ignored/>
  </testcase> <!-- ContentDivision -->
  <testcase classname="TestCase.FormTemplate_Testcases" name="BasicFieldsYesORNo" time="0.0">
    <ignored/>
  </testcase> <!-- BasicFieldsYesORNo -->
  <testcase classname="TestCase.FormTemplate_Testcases" name="ContentActionButton" time="0.0">
    <ignored/>
  </testcase> <!-- ContentActionButton -->
  <testcase classname="TestCase.FormTemplate_Testcases" name="ContentImage" time="0.0">
    <ignored/>
  </testcase> <!-- ContentImage -->
  <testcase classname="TestCase.FormTemplate_Testcases" name="BasicFieldsCaptcha" time="0.0">
    <ignored/>
  </testcase> <!-- BasicFieldsCaptcha -->
  <testcase classname="TestCase.FormTemplate_Testcases" name="BasicFieldsList" time="0.0">
    <ignored/>
  </testcase> <!-- BasicFieldsList -->
  <testcase classname="TestCase.FormTemplate_Testcases" name="BasicFieldsFixedTime" time="0.0">
    <ignored/>
  </testcase> <!-- BasicFieldsFixedTime -->
  <testcase classname="TestCase.FormTemplate_Testcases" name="ContentParagraph" time="0.0">
    <ignored/>
  </testcase> <!-- ContentParagraph -->
  <testcase classname="TestCase.FormTemplate_Testcases" name="BasicFieldsCheckBoxGroup" time="0.0">
    <ignored/>
  </testcase> <!-- BasicFieldsCheckBoxGroup -->
  <testcase classname="TestCase.FormTemplate_Testcases" name="BasicFieldsDocument" time="0.0">
    <ignored/>
  </testcase> <!-- BasicFieldsDocument -->
  <testcase classname="TestCase.FormTemplate_Testcases" name="ContentHorizontalLine" time="0.0">
    <ignored/>
  </testcase> <!-- ContentHorizontalLine -->
  <testcase classname="TestCase.FormTemplate_Testcases" name="BasicFieldsDateTime" time="0.0">
    <ignored/>
  </testcase> <!-- BasicFieldsDateTime -->
  <testcase classname="TestCase.FormTemplate_Testcases" name="AdvancedCurrency" time="0.0">
    <ignored/>
  </testcase> <!-- AdvancedCurrency -->
  <testcase classname="TestCase.FormTemplate_Testcases" name="ContentHeading" time="0.0">
    <ignored/>
  </testcase> <!-- ContentHeading -->
  <testcase classname="TestCase.FormTemplate_Testcases" name="BasicFieldsRadioGroup" time="0.0">
    <ignored/>
  </testcase> <!-- BasicFieldsRadioGroup -->
  <testcase classname="TestCase.FormTemplate_Testcases" name="ContentHTML" time="0.0">
    <ignored/>
  </testcase> <!-- ContentHTML -->
  <testcase classname="TestCase.FormTemplate_Testcases" name="BasicFieldsPhone" time="0.0">
    <ignored/>
  </testcase> <!-- BasicFieldsPhone -->
  <testcase classname="TestCase.FormTemplate_Testcases" name="BasicFieldsDateTimeRange" time="0.0">
    <ignored/>
  </testcase> <!-- BasicFieldsDateTimeRange -->
  <testcase classname="TestCase.FormTemplate_Testcases" name="AdvancedQuestion" time="0.0">
    <ignored/>
  </testcase> <!-- AdvancedQuestion -->
  <testcase classname="TestCase.FormTemplate_Testcases" name="ContentSingleLineContent" time="0.0">
    <ignored/>
  </testcase> <!-- ContentSingleLineContent -->
  <testcase classname="TestCase.FormTemplate_Testcases" name="AdvancedDataTable" time="0.0">
    <ignored/>
  </testcase> <!-- AdvancedDataTable -->
  <testcase classname="TestCase.FormTemplate_Testcases" name="BasicFieldsDateRange" time="0.0">
    <ignored/>
  </testcase> <!-- BasicFieldsDateRange -->
  <testcase classname="TestCase.FormTemplate_Testcases" name="AdvancedStarRating" time="0.0">
    <ignored/>
  </testcase> <!-- AdvancedStarRating -->
  <testcase classname="TestCase.FormTemplate_Testcases" name="BasicFieldsWeekDays" time="0.0">
    <ignored/>
  </testcase> <!-- BasicFieldsWeekDays -->
  <testcase classname="TestCase.FormTemplate_Testcases" name="ContentVideo" time="0.0">
    <ignored/>
  </testcase> <!-- ContentVideo -->
</testsuite> <!-- Default test -->
