<?xml version="1.0" encoding="UTF-8"?>
<!-- Generated by org.testng.reporters.JUnitXMLReporter -->
<testsuite ignored="2" hostname="HGT-LAP-310" failures="0" tests="17" name="Default test" time="11.343" errors="0" timestamp="2024-05-10T11:30:29 IST">
  <testcase classname="TestCase.FormTemplate_Testcases" name="@BeforeMethod Start" time="10.767">
    <failure type="java.lang.StackOverflowError">
      <![CDATA[java.lang.StackOverflowError
at Pages.FormTemplate.<init>(FormTemplate.java:44)
at Pages.FormTemplate.<init>(FormTemplate.java:44)
at Pages.FormTemplate.<init>(FormTemplate.java:44)
at Pages.FormTemplate.<init>(FormTemplate.java:44)
at Pages.FormTemplate.<init>(FormTemplate.java:44)
at Pages.FormTemplate.<init>(FormTemplate.java:44)
at Pages.FormTemplate.<init>(FormTemplate.java:44)
at Pages.FormTemplate.<init>(FormTemplate.java:44)
at Pages.FormTemplate.<init>(FormTemplate.java:44)
at Pages.FormTemplate.<init>(FormTemplate.java:44)
at Pages.FormTemplate.<init>(FormTemplate.java:44)
at Pages.FormTemplate.<init>(FormTemplate.java:44)
at Pages.FormTemplate.<init>(FormTemplate.java:44)
at Pages.FormTemplate.<init>(FormTemplate.java:44)
at Pages.FormTemplate.<init>(FormTemplate.java:44)
at Pages.FormTemplate.<init>(FormTemplate.java:44)
at Pages.FormTemplate.<init>(FormTemplate.java:44)
at Pages.FormTemplate.<init>(FormTemplate.java:44)
at Pages.FormTemplate.<init>(FormTemplate.java:44)
at Pages.FormTemplate.<init>(FormTemplate.java:44)
at Pages.FormTemplate.<init>(FormTemplate.java:44)
at Pages.FormTemplate.<init>(FormTemplate.java:44)
at Pages.FormTemplate.<init>(FormTemplate.java:44)
at Pages.FormTemplate.<init>(FormTemplate.java:44)
at Pages.FormTemplate.<init>(FormTemplate.java:44)
at Pages.FormTemplate.<init>(FormTemplate.java:44)
at Pages.FormTemplate.<init>(FormTemplate.java:44)
at Pages.FormTemplate.<init>(FormTemplate.java:44)
at Pages.FormTemplate.<init>(FormTemplate.java:44)
at Pages.FormTemplate.<init>(FormTemplate.java:44)
at Pages.FormTemplate.<init>(FormTemplate.java:44)
at Pages.FormTemplate.<init>(FormTemplate.java:44)
at Pages.FormTemplate.<init>(FormTemplate.java:44)
at Pages.FormTemplate.<init>(FormTemplate.java:44)
at Pages.FormTemplate.<init>(FormTemplate.java:44)
at Pages.FormTemplate.<init>(FormTemplate.java:44)
at Pages.FormTemplate.<init>(FormTemplate.java:44)
at Pages.FormTemplate.<init>(FormTemplate.java:44)
at Pages.FormTemplate.<init>(FormTemplate.java:44)
at Pages.FormTemplate.<init>(FormTemplate.java:44)
at Pages.FormTemplate.<init>(FormTemplate.java:44)
at Pages.FormTemplate.<init>(FormTemplate.java:44)
at Pages.FormTemplate.<init>(FormTemplate.java:44)
at Pages.FormTemplate.<init>(FormTemplate.java:44)
at Pages.FormTemplate.<init>(FormTemplate.java:44)
at Pages.FormTemplate.<init>(FormTemplate.java:44)
at Pages.FormTemplate.<init>(FormTemplate.java:44)
at Pages.FormTemplate.<init>(FormTemplate.java:44)
at Pages.FormTemplate.<init>(FormTemplate.java:44)
at Pages.FormTemplate.<init>(FormTemplate.java:44)
at Pages.FormTemplate.<init>(FormTemplate.java:44)
at Pages.FormTemplate.<init>(FormTemplate.java:44)
at Pages.FormTemplate.<init>(FormTemplate.java:44)
at Pages.FormTemplate.<init>(FormTemplate.java:44)
at Pages.FormTemplate.<init>(FormTemplate.java:44)
at Pages.FormTemplate.<init>(FormTemplate.java:44)
at Pages.FormTemplate.<init>(FormTemplate.java:44)
at Pages.FormTemplate.<init>(FormTemplate.java:44)
at Pages.FormTemplate.<init>(FormTemplate.java:44)
at Pages.FormTemplate.<init>(FormTemplate.java:44)
at Pages.FormTemplate.<init>(FormTemplate.java:44)
at Pages.FormTemplate.<init>(FormTemplate.java:44)
at Pages.FormTemplate.<init>(FormTemplate.java:44)
at Pages.FormTemplate.<init>(FormTemplate.java:44)
at Pages.FormTemplate.<init>(FormTemplate.java:44)
at Pages.FormTemplate.<init>(FormTemplate.java:44)
at Pages.FormTemplate.<init>(FormTemplate.java:44)
at Pages.FormTemplate.<init>(FormTemplate.java:44)
at Pages.FormTemplate.<init>(FormTemplate.java:44)
at Pages.FormTemplate.<init>(FormTemplate.java:44)
at Pages.FormTemplate.<init>(FormTemplate.java:44)
at Pages.FormTemplate.<init>(FormTemplate.java:44)
at Pages.FormTemplate.<init>(FormTemplate.java:44)
at Pages.FormTemplate.<init>(FormTemplate.java:44)
at Pages.FormTemplate.<init>(FormTemplate.java:44)
at Pages.FormTemplate.<init>(FormTemplate.java:44)
at Pages.FormTemplate.<init>(FormTemplate.java:44)
at Pages.FormTemplate.<init>(FormTemplate.java:44)
at Pages.FormTemplate.<init>(FormTemplate.java:44)
at Pages.FormTemplate.<init>(FormTemplate.java:44)
at Pages.FormTemplate.<init>(FormTemplate.java:44)
at Pages.FormTemplate.<init>(FormTemplate.java:44)
at Pages.FormTemplate.<init>(FormTemplate.java:44)
at Pages.FormTemplate.<init>(FormTemplate.java:44)
at Pages.FormTemplate.<init>(FormTemplate.java:44)
at Pages.FormTemplate.<init>(FormTemplate.java:44)
at Pages.FormTemplate.<init>(FormTemplate.java:44)
at Pages.FormTemplate.<init>(FormTemplate.java:44)
at Pages.FormTemplate.<init>(FormTemplate.java:44)
at Pages.FormTemplate.<init>(FormTemplate.java:44)
at Pages.FormTemplate.<init>(FormTemplate.java:44)
at Pages.FormTemplate.<init>(FormTemplate.java:44)
at Pages.FormTemplate.<init>(FormTemplate.java:44)
at Pages.FormTemplate.<init>(FormTemplate.java:44)
at Pages.FormTemplate.<init>(FormTemplate.java:44)
at Pages.FormTemplate.<init>(FormTemplate.java:44)
at Pages.FormTemplate.<init>(FormTemplate.java:44)
at Pages.FormTemplate.<init>(FormTemplate.java:44)
at Pages.FormTemplate.<init>(FormTemplate.java:44)
at Pages.FormTemplate.<init>(FormTemplate.java:44)
at Pages.FormTemplate.<init>(FormTemplate.java:44)
at Pages.FormTemplate.<init>(FormTemplate.java:44)
at Pages.FormTemplate.<init>(FormTemplate.java:44)
at Pages.FormTemplate.<init>(FormTemplate.java:44)
at Pages.FormTemplate.<init>(FormTemplate.java:44)
at Pages.FormTemplate.<init>(FormTemplate.java:44)
at Pages.FormTemplate.<init>(FormTemplate.java:44)
at Pages.FormTemplate.<init>(FormTemplate.java:44)
at Pages.FormTemplate.<init>(FormTemplate.java:44)
at Pages.FormTemplate.<init>(FormTemplate.java:44)
at Pages.FormTemplate.<init>(FormTemplate.java:44)
at Pages.FormTemplate.<init>(FormTemplate.java:44)
at Pages.FormTemplate.<init>(FormTemplate.java:44)
at Pages.FormTemplate.<init>(FormTemplate.java:44)
at Pages.FormTemplate.<init>(FormTemplate.java:44)
at Pages.FormTemplate.<init>(FormTemplate.java:44)
at Pages.FormTemplate.<init>(FormTemplate.java:44)
at Pages.FormTemplate.<init>(FormTemplate.java:44)
at Pages.FormTemplate.<init>(FormTemplate.java:44)
at Pages.FormTemplate.<init>(FormTemplate.java:44)
at Pages.FormTemplate.<init>(FormTemplate.java:44)
at Pages.FormTemplate.<init>(FormTemplate.java:44)
at Pages.FormTemplate.<init>(FormTemplate.java:44)
at Pages.FormTemplate.<init>(FormTemplate.java:44)
at Pages.FormTemplate.<init>(FormTemplate.java:44)
at Pages.FormTemplate.<init>(FormTemplate.java:44)
at Pages.FormTemplate.<init>(FormTemplate.java:44)
at Pages.FormTemplate.<init>(FormTemplate.java:44)
at Pages.FormTemplate.<init>(FormTemplate.java:44)
at Pages.FormTemplate.<init>(FormTemplate.java:44)
at Pages.FormTemplate.<init>(FormTemplate.java:44)
at Pages.FormTemplate.<init>(FormTemplate.java:44)
at Pages.FormTemplate.<init>(FormTemplate.java:44)
at Pages.FormTemplate.<init>(FormTemplate.java:44)
at Pages.FormTemplate.<init>(FormTemplate.java:44)
at Pages.FormTemplate.<init>(FormTemplate.java:44)
at Pages.FormTemplate.<init>(FormTemplate.java:44)
at Pages.FormTemplate.<init>(FormTemplate.java:44)
at Pages.FormTemplate.<init>(FormTemplate.java:44)
at Pages.FormTemplate.<init>(FormTemplate.java:44)
at Pages.FormTemplate.<init>(FormTemplate.java:44)
at Pages.FormTemplate.<init>(FormTemplate.java:44)
at Pages.FormTemplate.<init>(FormTemplate.java:44)
at Pages.FormTemplate.<init>(FormTemplate.java:44)
at Pages.FormTemplate.<init>(FormTemplate.java:44)
at Pages.FormTemplate.<init>(FormTemplate.java:44)
at Pages.FormTemplate.<init>(FormTemplate.java:44)
at Pages.FormTemplate.<init>(FormTemplate.java:44)
at Pages.FormTemplate.<init>(FormTemplate.java:44)
at Pages.FormTemplate.<init>(FormTemplate.java:44)
at Pages.FormTemplate.<init>(FormTemplate.java:44)
at Pages.FormTemplate.<init>(FormTemplate.java:44)
at Pages.FormTemplate.<init>(FormTemplate.java:44)
at Pages.FormTemplate.<init>(FormTemplate.java:44)
at Pages.FormTemplate.<init>(FormTemplate.java:44)
at Pages.FormTemplate.<init>(FormTemplate.java:44)
at Pages.FormTemplate.<init>(FormTemplate.java:44)
at Pages.FormTemplate.<init>(FormTemplate.java:44)
at Pages.FormTemplate.<init>(FormTemplate.java:44)
at Pages.FormTemplate.<init>(FormTemplate.java:44)
at Pages.FormTemplate.<init>(FormTemplate.java:44)
at Pages.FormTemplate.<init>(FormTemplate.java:44)
at Pages.FormTemplate.<init>(FormTemplate.java:44)
at Pages.FormTemplate.<init>(FormTemplate.java:44)
at Pages.FormTemplate.<init>(FormTemplate.java:44)
at Pages.FormTemplate.<init>(FormTemplate.java:44)
at Pages.FormTemplate.<init>(FormTemplate.java:44)
at Pages.FormTemplate.<init>(FormTemplate.java:44)
at Pages.FormTemplate.<init>(FormTemplate.java:44)
at Pages.FormTemplate.<init>(FormTemplate.java:44)
at Pages.FormTemplate.<init>(FormTemplate.java:44)
at Pages.FormTemplate.<init>(FormTemplate.java:44)
at Pages.FormTemplate.<init>(FormTemplate.java:44)
at Pages.FormTemplate.<init>(FormTemplate.java:44)
at Pages.FormTemplate.<init>(FormTemplate.java:44)
at Pages.FormTemplate.<init>(FormTemplate.java:44)
at Pages.FormTemplate.<init>(FormTemplate.java:44)
at Pages.FormTemplate.<init>(FormTemplate.java:44)
at Pages.FormTemplate.<init>(FormTemplate.java:44)
at Pages.FormTemplate.<init>(FormTemplate.java:44)
at Pages.FormTemplate.<init>(FormTemplate.java:44)
at Pages.FormTemplate.<init>(FormTemplate.java:44)
at Pages.FormTemplate.<init>(FormTemplate.java:44)
at Pages.FormTemplate.<init>(FormTemplate.java:44)
at Pages.FormTemplate.<init>(FormTemplate.java:44)
at Pages.FormTemplate.<init>(FormTemplate.java:44)
at Pages.FormTemplate.<init>(FormTemplate.java:44)
at Pages.FormTemplate.<init>(FormTemplate.java:44)
at Pages.FormTemplate.<init>(FormTemplate.java:44)
at Pages.FormTemplate.<init>(FormTemplate.java:44)
at Pages.FormTemplate.<init>(FormTemplate.java:44)
at Pages.FormTemplate.<init>(FormTemplate.java:44)
at Pages.FormTemplate.<init>(FormTemplate.java:44)
at Pages.FormTemplate.<init>(FormTemplate.java:44)
at Pages.FormTemplate.<init>(FormTemplate.java:44)
at Pages.FormTemplate.<init>(FormTemplate.java:44)
at Pages.FormTemplate.<init>(FormTemplate.java:44)
at Pages.FormTemplate.<init>(FormTemplate.java:44)
at Pages.FormTemplate.<init>(FormTemplate.java:44)
at Pages.FormTemplate.<init>(FormTemplate.java:44)
at Pages.FormTemplate.<init>(FormTemplate.java:44)
at Pages.FormTemplate.<init>(FormTemplate.java:44)
at Pages.FormTemplate.<init>(FormTemplate.java:44)
at Pages.FormTemplate.<init>(FormTemplate.java:44)
at Pages.FormTemplate.<init>(FormTemplate.java:44)
at Pages.FormTemplate.<init>(FormTemplate.java:44)
at Pages.FormTemplate.<init>(FormTemplate.java:44)
at Pages.FormTemplate.<init>(FormTemplate.java:44)
at Pages.FormTemplate.<init>(FormTemplate.java:44)
at Pages.FormTemplate.<init>(FormTemplate.java:44)
at Pages.FormTemplate.<init>(FormTemplate.java:44)
at Pages.FormTemplate.<init>(FormTemplate.java:44)
at Pages.FormTemplate.<init>(FormTemplate.java:44)
at Pages.FormTemplate.<init>(FormTemplate.java:44)
at Pages.FormTemplate.<init>(FormTemplate.java:44)
at Pages.FormTemplate.<init>(FormTemplate.java:44)
at Pages.FormTemplate.<init>(FormTemplate.java:44)
at Pages.FormTemplate.<init>(FormTemplate.java:44)
at Pages.FormTemplate.<init>(FormTemplate.java:44)
at Pages.FormTemplate.<init>(FormTemplate.java:44)
at Pages.FormTemplate.<init>(FormTemplate.java:44)
at Pages.FormTemplate.<init>(FormTemplate.java:44)
at Pages.FormTemplate.<init>(FormTemplate.java:44)
at Pages.FormTemplate.<init>(FormTemplate.java:44)
at Pages.FormTemplate.<init>(FormTemplate.java:44)
at Pages.FormTemplate.<init>(FormTemplate.java:44)
at Pages.FormTemplate.<init>(FormTemplate.java:44)
at Pages.FormTemplate.<init>(FormTemplate.java:44)
at Pages.FormTemplate.<init>(FormTemplate.java:44)
at Pages.FormTemplate.<init>(FormTemplate.java:44)
at Pages.FormTemplate.<init>(FormTemplate.java:44)
at Pages.FormTemplate.<init>(FormTemplate.java:44)
at Pages.FormTemplate.<init>(FormTemplate.java:44)
at Pages.FormTemplate.<init>(FormTemplate.java:44)
at Pages.FormTemplate.<init>(FormTemplate.java:44)
at Pages.FormTemplate.<init>(FormTemplate.java:44)
at Pages.FormTemplate.<init>(FormTemplate.java:44)
at Pages.FormTemplate.<init>(FormTemplate.java:44)
at Pages.FormTemplate.<init>(FormTemplate.java:44)
at Pages.FormTemplate.<init>(FormTemplate.java:44)
at Pages.FormTemplate.<init>(FormTemplate.java:44)
at Pages.FormTemplate.<init>(FormTemplate.java:44)
at Pages.FormTemplate.<init>(FormTemplate.java:44)
at Pages.FormTemplate.<init>(FormTemplate.java:44)
at Pages.FormTemplate.<init>(FormTemplate.java:44)
at Pages.FormTemplate.<init>(FormTemplate.java:44)
at Pages.FormTemplate.<init>(FormTemplate.java:44)
at Pages.FormTemplate.<init>(FormTemplate.java:44)
at Pages.FormTemplate.<init>(FormTemplate.java:44)
at Pages.FormTemplate.<init>(FormTemplate.java:44)
at Pages.FormTemplate.<init>(FormTemplate.java:44)
at Pages.FormTemplate.<init>(FormTemplate.java:44)
at Pages.FormTemplate.<init>(FormTemplate.java:44)
at Pages.FormTemplate.<init>(FormTemplate.java:44)
at Pages.FormTemplate.<init>(FormTemplate.java:44)
at Pages.FormTemplate.<init>(FormTemplate.java:44)
at Pages.FormTemplate.<init>(FormTemplate.java:44)
at Pages.FormTemplate.<init>(FormTemplate.java:44)
at Pages.FormTemplate.<init>(FormTemplate.java:44)
at Pages.FormTemplate.<init>(FormTemplate.java:44)
at Pages.FormTemplate.<init>(FormTemplate.java:44)
at Pages.FormTemplate.<init>(FormTemplate.java:44)
at Pages.FormTemplate.<init>(FormTemplate.java:44)
at Pages.FormTemplate.<init>(FormTemplate.java:44)
at Pages.FormTemplate.<init>(FormTemplate.java:44)
at Pages.FormTemplate.<init>(FormTemplate.java:44)
at Pages.FormTemplate.<init>(FormTemplate.java:44)
at Pages.FormTemplate.<init>(FormTemplate.java:44)
at Pages.FormTemplate.<init>(FormTemplate.java:44)
at Pages.FormTemplate.<init>(FormTemplate.java:44)
at Pages.FormTemplate.<init>(FormTemplate.java:44)
at Pages.FormTemplate.<init>(FormTemplate.java:44)
at Pages.FormTemplate.<init>(FormTemplate.java:44)
at Pages.FormTemplate.<init>(FormTemplate.java:44)
at Pages.FormTemplate.<init>(FormTemplate.java:44)
at Pages.FormTemplate.<init>(FormTemplate.java:44)
at Pages.FormTemplate.<init>(FormTemplate.java:44)
at Pages.FormTemplate.<init>(FormTemplate.java:44)
at Pages.FormTemplate.<init>(FormTemplate.java:44)
at Pages.FormTemplate.<init>(FormTemplate.java:44)
at Pages.FormTemplate.<init>(FormTemplate.java:44)
at Pages.FormTemplate.<init>(FormTemplate.java:44)
at Pages.FormTemplate.<init>(FormTemplate.java:44)
at Pages.FormTemplate.<init>(FormTemplate.java:44)
at Pages.FormTemplate.<init>(FormTemplate.java:44)
at Pages.FormTemplate.<init>(FormTemplate.java:44)
at Pages.FormTemplate.<init>(FormTemplate.java:44)
at Pages.FormTemplate.<init>(FormTemplate.java:44)
at Pages.FormTemplate.<init>(FormTemplate.java:44)
at Pages.FormTemplate.<init>(FormTemplate.java:44)
at Pages.FormTemplate.<init>(FormTemplate.java:44)
at Pages.FormTemplate.<init>(FormTemplate.java:44)
at Pages.FormTemplate.<init>(FormTemplate.java:44)
at Pages.FormTemplate.<init>(FormTemplate.java:44)
at Pages.FormTemplate.<init>(FormTemplate.java:44)
at Pages.FormTemplate.<init>(FormTemplate.java:44)
at Pages.FormTemplate.<init>(FormTemplate.java:44)
at Pages.FormTemplate.<init>(FormTemplate.java:44)
at Pages.FormTemplate.<init>(FormTemplate.java:44)
at Pages.FormTemplate.<init>(FormTemplate.java:44)
at Pages.FormTemplate.<init>(FormTemplate.java:44)
at Pages.FormTemplate.<init>(FormTemplate.java:44)
at Pages.FormTemplate.<init>(FormTemplate.java:44)
at Pages.FormTemplate.<init>(FormTemplate.java:44)
at Pages.FormTemplate.<init>(FormTemplate.java:44)
at Pages.FormTemplate.<init>(FormTemplate.java:44)
at Pages.FormTemplate.<init>(FormTemplate.java:44)
at Pages.FormTemplate.<init>(FormTemplate.java:44)
at Pages.FormTemplate.<init>(FormTemplate.java:44)
at Pages.FormTemplate.<init>(FormTemplate.java:44)
at Pages.FormTemplate.<init>(FormTemplate.java:44)
at Pages.FormTemplate.<init>(FormTemplate.java:44)
at Pages.FormTemplate.<init>(FormTemplate.java:44)
at Pages.FormTemplate.<init>(FormTemplate.java:44)
at Pages.FormTemplate.<init>(FormTemplate.java:44)
at Pages.FormTemplate.<init>(FormTemplate.java:44)
at Pages.FormTemplate.<init>(FormTemplate.java:44)
at Pages.FormTemplate.<init>(FormTemplate.java:44)
at Pages.FormTemplate.<init>(FormTemplate.java:44)
at Pages.FormTemplate.<init>(FormTemplate.java:44)
at Pages.FormTemplate.<init>(FormTemplate.java:44)
at Pages.FormTemplate.<init>(FormTemplate.java:44)
at Pages.FormTemplate.<init>(FormTemplate.java:44)
at Pages.FormTemplate.<init>(FormTemplate.java:44)
at Pages.FormTemplate.<init>(FormTemplate.java:44)
at Pages.FormTemplate.<init>(FormTemplate.java:44)
at Pages.FormTemplate.<init>(FormTemplate.java:44)
at Pages.FormTemplate.<init>(FormTemplate.java:44)
at Pages.FormTemplate.<init>(FormTemplate.java:44)
at Pages.FormTemplate.<init>(FormTemplate.java:44)
at Pages.FormTemplate.<init>(FormTemplate.java:44)
at Pages.FormTemplate.<init>(FormTemplate.java:44)
at Pages.FormTemplate.<init>(FormTemplate.java:44)
at Pages.FormTemplate.<init>(FormTemplate.java:44)
at Pages.FormTemplate.<init>(FormTemplate.java:44)
at Pages.FormTemplate.<init>(FormTemplate.java:44)
at Pages.FormTemplate.<init>(FormTemplate.java:44)
at Pages.FormTemplate.<init>(FormTemplate.java:44)
at Pages.FormTemplate.<init>(FormTemplate.java:44)
at Pages.FormTemplate.<init>(FormTemplate.java:44)
at Pages.FormTemplate.<init>(FormTemplate.java:44)
at Pages.FormTemplate.<init>(FormTemplate.java:44)
at Pages.FormTemplate.<init>(FormTemplate.java:44)
at Pages.FormTemplate.<init>(FormTemplate.java:44)
at Pages.FormTemplate.<init>(FormTemplate.java:44)
at Pages.FormTemplate.<init>(FormTemplate.java:44)
at Pages.FormTemplate.<init>(FormTemplate.java:44)
at Pages.FormTemplate.<init>(FormTemplate.java:44)
at Pages.FormTemplate.<init>(FormTemplate.java:44)
at Pages.FormTemplate.<init>(FormTemplate.java:44)
at Pages.FormTemplate.<init>(FormTemplate.java:44)
at Pages.FormTemplate.<init>(FormTemplate.java:44)
at Pages.FormTemplate.<init>(FormTemplate.java:44)
at Pages.FormTemplate.<init>(FormTemplate.java:44)
at Pages.FormTemplate.<init>(FormTemplate.java:44)
at Pages.FormTemplate.<init>(FormTemplate.java:44)
at Pages.FormTemplate.<init>(FormTemplate.java:44)
at Pages.FormTemplate.<init>(FormTemplate.java:44)
at Pages.FormTemplate.<init>(FormTemplate.java:44)
at Pages.FormTemplate.<init>(FormTemplate.java:44)
at Pages.FormTemplate.<init>(FormTemplate.java:44)
at Pages.FormTemplate.<init>(FormTemplate.java:44)
at Pages.FormTemplate.<init>(FormTemplate.java:44)
at Pages.FormTemplate.<init>(FormTemplate.java:44)
at Pages.FormTemplate.<init>(FormTemplate.java:44)
at Pages.FormTemplate.<init>(FormTemplate.java:44)
at Pages.FormTemplate.<init>(FormTemplate.java:44)
at Pages.FormTemplate.<init>(FormTemplate.java:44)
at Pages.FormTemplate.<init>(FormTemplate.java:44)
at Pages.FormTemplate.<init>(FormTemplate.java:44)
at Pages.FormTemplate.<init>(FormTemplate.java:44)
at Pages.FormTemplate.<init>(FormTemplate.java:44)
at Pages.FormTemplate.<init>(FormTemplate.java:44)
at Pages.FormTemplate.<init>(FormTemplate.java:44)
at Pages.FormTemplate.<init>(FormTemplate.java:44)
at Pages.FormTemplate.<init>(FormTemplate.java:44)
at Pages.FormTemplate.<init>(FormTemplate.java:44)
at Pages.FormTemplate.<init>(FormTemplate.java:44)
at Pages.FormTemplate.<init>(FormTemplate.java:44)
at Pages.FormTemplate.<init>(FormTemplate.java:44)
at Pages.FormTemplate.<init>(FormTemplate.java:44)
at Pages.FormTemplate.<init>(FormTemplate.java:44)
at Pages.FormTemplate.<init>(FormTemplate.java:44)
at Pages.FormTemplate.<init>(FormTemplate.java:44)
at Pages.FormTemplate.<init>(FormTemplate.java:44)
at Pages.FormTemplate.<init>(FormTemplate.java:44)
at Pages.FormTemplate.<init>(FormTemplate.java:44)
at Pages.FormTemplate.<init>(FormTemplate.java:44)
at Pages.FormTemplate.<init>(FormTemplate.java:44)
at Pages.FormTemplate.<init>(FormTemplate.java:44)
at Pages.FormTemplate.<init>(FormTemplate.java:44)
at Pages.FormTemplate.<init>(FormTemplate.java:44)
at Pages.FormTemplate.<init>(FormTemplate.java:44)
at Pages.FormTemplate.<init>(FormTemplate.java:44)
at Pages.FormTemplate.<init>(FormTemplate.java:44)
at Pages.FormTemplate.<init>(FormTemplate.java:44)
at Pages.FormTemplate.<init>(FormTemplate.java:44)
at Pages.FormTemplate.<init>(FormTemplate.java:44)
at Pages.FormTemplate.<init>(FormTemplate.java:44)
at Pages.FormTemplate.<init>(FormTemplate.java:44)
at Pages.FormTemplate.<init>(FormTemplate.java:44)
at Pages.FormTemplate.<init>(FormTemplate.java:44)
at Pages.FormTemplate.<init>(FormTemplate.java:44)
at Pages.FormTemplate.<init>(FormTemplate.java:44)
at Pages.FormTemplate.<init>(FormTemplate.java:44)
at Pages.FormTemplate.<init>(FormTemplate.java:44)
at Pages.FormTemplate.<init>(FormTemplate.java:44)
at Pages.FormTemplate.<init>(FormTemplate.java:44)
at Pages.FormTemplate.<init>(FormTemplate.java:44)
at Pages.FormTemplate.<init>(FormTemplate.java:44)
at Pages.FormTemplate.<init>(FormTemplate.java:44)
at Pages.FormTemplate.<init>(FormTemplate.java:44)
at Pages.FormTemplate.<init>(FormTemplate.java:44)
at Pages.FormTemplate.<init>(FormTemplate.java:44)
at Pages.FormTemplate.<init>(FormTemplate.java:44)
at Pages.FormTemplate.<init>(FormTemplate.java:44)
at Pages.FormTemplate.<init>(FormTemplate.java:44)
at Pages.FormTemplate.<init>(FormTemplate.java:44)
at Pages.FormTemplate.<init>(FormTemplate.java:44)
at Pages.FormTemplate.<init>(FormTemplate.java:44)
at Pages.FormTemplate.<init>(FormTemplate.java:44)
at Pages.FormTemplate.<init>(FormTemplate.java:44)
at Pages.FormTemplate.<init>(FormTemplate.java:44)
at Pages.FormTemplate.<init>(FormTemplate.java:44)
at Pages.FormTemplate.<init>(FormTemplate.java:44)
at Pages.FormTemplate.<init>(FormTemplate.java:44)
at Pages.FormTemplate.<init>(FormTemplate.java:44)
at Pages.FormTemplate.<init>(FormTemplate.java:44)
at Pages.FormTemplate.<init>(FormTemplate.java:44)
at Pages.FormTemplate.<init>(FormTemplate.java:44)
at Pages.FormTemplate.<init>(FormTemplate.java:44)
at Pages.FormTemplate.<init>(FormTemplate.java:44)
at Pages.FormTemplate.<init>(FormTemplate.java:44)
at Pages.FormTemplate.<init>(FormTemplate.java:44)
at Pages.FormTemplate.<init>(FormTemplate.java:44)
at Pages.FormTemplate.<init>(FormTemplate.java:44)
at Pages.FormTemplate.<init>(FormTemplate.java:44)
at Pages.FormTemplate.<init>(FormTemplate.java:44)
at Pages.FormTemplate.<init>(FormTemplate.java:44)
at Pages.FormTemplate.<init>(FormTemplate.java:44)
at Pages.FormTemplate.<init>(FormTemplate.java:44)
at Pages.FormTemplate.<init>(FormTemplate.java:44)
at Pages.FormTemplate.<init>(FormTemplate.java:44)
at Pages.FormTemplate.<init>(FormTemplate.java:44)
at Pages.FormTemplate.<init>(FormTemplate.java:44)
at Pages.FormTemplate.<init>(FormTemplate.java:44)
at Pages.FormTemplate.<init>(FormTemplate.java:44)
at Pages.FormTemplate.<init>(FormTemplate.java:44)
at Pages.FormTemplate.<init>(FormTemplate.java:44)
at Pages.FormTemplate.<init>(FormTemplate.java:44)
at Pages.FormTemplate.<init>(FormTemplate.java:44)
at Pages.FormTemplate.<init>(FormTemplate.java:44)
at Pages.FormTemplate.<init>(FormTemplate.java:44)
at Pages.FormTemplate.<init>(FormTemplate.java:44)
at Pages.FormTemplate.<init>(FormTemplate.java:44)
at Pages.FormTemplate.<init>(FormTemplate.java:44)
at Pages.FormTemplate.<init>(FormTemplate.java:44)
at Pages.FormTemplate.<init>(FormTemplate.java:44)
at Pages.FormTemplate.<init>(FormTemplate.java:44)
at Pages.FormTemplate.<init>(FormTemplate.java:44)
at Pages.FormTemplate.<init>(FormTemplate.java:44)
at Pages.FormTemplate.<init>(FormTemplate.java:44)
at Pages.FormTemplate.<init>(FormTemplate.java:44)
at Pages.FormTemplate.<init>(FormTemplate.java:44)
at Pages.FormTemplate.<init>(FormTemplate.java:44)
at Pages.FormTemplate.<init>(FormTemplate.java:44)
at Pages.FormTemplate.<init>(FormTemplate.java:44)
at Pages.FormTemplate.<init>(FormTemplate.java:44)
at Pages.FormTemplate.<init>(FormTemplate.java:44)
at Pages.FormTemplate.<init>(FormTemplate.java:44)
at Pages.FormTemplate.<init>(FormTemplate.java:44)
at Pages.FormTemplate.<init>(FormTemplate.java:44)
at Pages.FormTemplate.<init>(FormTemplate.java:44)
at Pages.FormTemplate.<init>(FormTemplate.java:44)
at Pages.FormTemplate.<init>(FormTemplate.java:44)
at Pages.FormTemplate.<init>(FormTemplate.java:44)
at Pages.FormTemplate.<init>(FormTemplate.java:44)
at Pages.FormTemplate.<init>(FormTemplate.java:44)
at Pages.FormTemplate.<init>(FormTemplate.java:44)
at Pages.FormTemplate.<init>(FormTemplate.java:44)
at Pages.FormTemplate.<init>(FormTemplate.java:44)
at Pages.FormTemplate.<init>(FormTemplate.java:44)
at Pages.FormTemplate.<init>(FormTemplate.java:44)
at Pages.FormTemplate.<init>(FormTemplate.java:44)
at Pages.FormTemplate.<init>(FormTemplate.java:44)
at Pages.FormTemplate.<init>(FormTemplate.java:44)
at Pages.FormTemplate.<init>(FormTemplate.java:44)
at Pages.FormTemplate.<init>(FormTemplate.java:44)
at Pages.FormTemplate.<init>(FormTemplate.java:44)
at Pages.FormTemplate.<init>(FormTemplate.java:44)
at Pages.FormTemplate.<init>(FormTemplate.java:44)
at Pages.FormTemplate.<init>(FormTemplate.java:44)
at Pages.FormTemplate.<init>(FormTemplate.java:44)
at Pages.FormTemplate.<init>(FormTemplate.java:44)
at Pages.FormTemplate.<init>(FormTemplate.java:44)
at Pages.FormTemplate.<init>(FormTemplate.java:44)
at Pages.FormTemplate.<init>(FormTemplate.java:44)
at Pages.FormTemplate.<init>(FormTemplate.java:44)
at Pages.FormTemplate.<init>(FormTemplate.java:44)
at Pages.FormTemplate.<init>(FormTemplate.java:44)
at Pages.FormTemplate.<init>(FormTemplate.java:44)
at Pages.FormTemplate.<init>(FormTemplate.java:44)
at Pages.FormTemplate.<init>(FormTemplate.java:44)
at Pages.FormTemplate.<init>(FormTemplate.java:44)
at Pages.FormTemplate.<init>(FormTemplate.java:44)
at Pages.FormTemplate.<init>(FormTemplate.java:44)
at Pages.FormTemplate.<init>(FormTemplate.java:44)
at Pages.FormTemplate.<init>(FormTemplate.java:44)
at Pages.FormTemplate.<init>(FormTemplate.java:44)
at Pages.FormTemplate.<init>(FormTemplate.java:44)
at Pages.FormTemplate.<init>(FormTemplate.java:44)
at Pages.FormTemplate.<init>(FormTemplate.java:44)
at Pages.FormTemplate.<init>(FormTemplate.java:44)
at Pages.FormTemplate.<init>(FormTemplate.java:44)
at Pages.FormTemplate.<init>(FormTemplate.java:44)
at Pages.FormTemplate.<init>(FormTemplate.java:44)
at Pages.FormTemplate.<init>(FormTemplate.java:44)
at Pages.FormTemplate.<init>(FormTemplate.java:44)
at Pages.FormTemplate.<init>(FormTemplate.java:44)
at Pages.FormTemplate.<init>(FormTemplate.java:44)
at Pages.FormTemplate.<init>(FormTemplate.java:44)
at Pages.FormTemplate.<init>(FormTemplate.java:44)
at Pages.FormTemplate.<init>(FormTemplate.java:44)
at Pages.FormTemplate.<init>(FormTemplate.java:44)
at Pages.FormTemplate.<init>(FormTemplate.java:44)
at Pages.FormTemplate.<init>(FormTemplate.java:44)
at Pages.FormTemplate.<init>(FormTemplate.java:44)
at Pages.FormTemplate.<init>(FormTemplate.java:44)
at Pages.FormTemplate.<init>(FormTemplate.java:44)
at Pages.FormTemplate.<init>(FormTemplate.java:44)
at Pages.FormTemplate.<init>(FormTemplate.java:44)
at Pages.FormTemplate.<init>(FormTemplate.java:44)
at Pages.FormTemplate.<init>(FormTemplate.java:44)
at Pages.FormTemplate.<init>(FormTemplate.java:44)
at Pages.FormTemplate.<init>(FormTemplate.java:44)
at Pages.FormTemplate.<init>(FormTemplate.java:44)
at Pages.FormTemplate.<init>(FormTemplate.java:44)
at Pages.FormTemplate.<init>(FormTemplate.java:44)
at Pages.FormTemplate.<init>(FormTemplate.java:44)
at Pages.FormTemplate.<init>(FormTemplate.java:44)
at Pages.FormTemplate.<init>(FormTemplate.java:44)
at Pages.FormTemplate.<init>(FormTemplate.java:44)
at Pages.FormTemplate.<init>(FormTemplate.java:44)
at Pages.FormTemplate.<init>(FormTemplate.java:44)
at Pages.FormTemplate.<init>(FormTemplate.java:44)
at Pages.FormTemplate.<init>(FormTemplate.java:44)
at Pages.FormTemplate.<init>(FormTemplate.java:44)
at Pages.FormTemplate.<init>(FormTemplate.java:44)
at Pages.FormTemplate.<init>(FormTemplate.java:44)
at Pages.FormTemplate.<init>(FormTemplate.java:44)
at Pages.FormTemplate.<init>(FormTemplate.java:44)
at Pages.FormTemplate.<init>(FormTemplate.java:44)
at Pages.FormTemplate.<init>(FormTemplate.java:44)
at Pages.FormTemplate.<init>(FormTemplate.java:44)
at Pages.FormTemplate.<init>(FormTemplate.java:44)
at Pages.FormTemplate.<init>(FormTemplate.java:44)
at Pages.FormTemplate.<init>(FormTemplate.java:44)
at Pages.FormTemplate.<init>(FormTemplate.java:44)
at Pages.FormTemplate.<init>(FormTemplate.java:44)
at Pages.FormTemplate.<init>(FormTemplate.java:44)
at Pages.FormTemplate.<init>(FormTemplate.java:44)
at Pages.FormTemplate.<init>(FormTemplate.java:44)
at Pages.FormTemplate.<init>(FormTemplate.java:44)
at Pages.FormTemplate.<init>(FormTemplate.java:44)
at Pages.FormTemplate.<init>(FormTemplate.java:44)
at Pages.FormTemplate.<init>(FormTemplate.java:44)
at Pages.FormTemplate.<init>(FormTemplate.java:44)
at Pages.FormTemplate.<init>(FormTemplate.java:44)
at Pages.FormTemplate.<init>(FormTemplate.java:44)
at Pages.FormTemplate.<init>(FormTemplate.java:44)
at Pages.FormTemplate.<init>(FormTemplate.java:44)
at Pages.FormTemplate.<init>(FormTemplate.java:44)
at Pages.FormTemplate.<init>(FormTemplate.java:44)
at Pages.FormTemplate.<init>(FormTemplate.java:44)
at Pages.FormTemplate.<init>(FormTemplate.java:44)
at Pages.FormTemplate.<init>(FormTemplate.java:44)
at Pages.FormTemplate.<init>(FormTemplate.java:44)
at Pages.FormTemplate.<init>(FormTemplate.java:44)
at Pages.FormTemplate.<init>(FormTemplate.java:44)
at Pages.FormTemplate.<init>(FormTemplate.java:44)
at Pages.FormTemplate.<init>(FormTemplate.java:44)
at Pages.FormTemplate.<init>(FormTemplate.java:44)
at Pages.FormTemplate.<init>(FormTemplate.java:44)
at Pages.FormTemplate.<init>(FormTemplate.java:44)
at Pages.FormTemplate.<init>(FormTemplate.java:44)
at Pages.FormTemplate.<init>(FormTemplate.java:44)
at Pages.FormTemplate.<init>(FormTemplate.java:44)
at Pages.FormTemplate.<init>(FormTemplate.java:44)
at Pages.FormTemplate.<init>(FormTemplate.java:44)
at Pages.FormTemplate.<init>(FormTemplate.java:44)
at Pages.FormTemplate.<init>(FormTemplate.java:44)
at Pages.FormTemplate.<init>(FormTemplate.java:44)
at Pages.FormTemplate.<init>(FormTemplate.java:44)
at Pages.FormTemplate.<init>(FormTemplate.java:44)
at Pages.FormTemplate.<init>(FormTemplate.java:44)
at Pages.FormTemplate.<init>(FormTemplate.java:44)
at Pages.FormTemplate.<init>(FormTemplate.java:44)
at Pages.FormTemplate.<init>(FormTemplate.java:44)
at Pages.FormTemplate.<init>(FormTemplate.java:44)
at Pages.FormTemplate.<init>(FormTemplate.java:44)
at Pages.FormTemplate.<init>(FormTemplate.java:44)
at Pages.FormTemplate.<init>(FormTemplate.java:44)
at Pages.FormTemplate.<init>(FormTemplate.java:44)
at Pages.FormTemplate.<init>(FormTemplate.java:44)
at Pages.FormTemplate.<init>(FormTemplate.java:44)
at Pages.FormTemplate.<init>(FormTemplate.java:44)
at Pages.FormTemplate.<init>(FormTemplate.java:44)
at Pages.FormTemplate.<init>(FormTemplate.java:44)
at Pages.FormTemplate.<init>(FormTemplate.java:44)
at Pages.FormTemplate.<init>(FormTemplate.java:44)
at Pages.FormTemplate.<init>(FormTemplate.java:44)
at Pages.FormTemplate.<init>(FormTemplate.java:44)
at Pages.FormTemplate.<init>(FormTemplate.java:44)
at Pages.FormTemplate.<init>(FormTemplate.java:44)
at Pages.FormTemplate.<init>(FormTemplate.java:44)
at Pages.FormTemplate.<init>(FormTemplate.java:44)
at Pages.FormTemplate.<init>(FormTemplate.java:44)
at Pages.FormTemplate.<init>(FormTemplate.java:44)
at Pages.FormTemplate.<init>(FormTemplate.java:44)
at Pages.FormTemplate.<init>(FormTemplate.java:44)
at Pages.FormTemplate.<init>(FormTemplate.java:44)
at Pages.FormTemplate.<init>(FormTemplate.java:44)
at Pages.FormTemplate.<init>(FormTemplate.java:44)
at Pages.FormTemplate.<init>(FormTemplate.java:44)
at Pages.FormTemplate.<init>(FormTemplate.java:44)
at Pages.FormTemplate.<init>(FormTemplate.java:44)
at Pages.FormTemplate.<init>(FormTemplate.java:44)
at Pages.FormTemplate.<init>(FormTemplate.java:44)
at Pages.FormTemplate.<init>(FormTemplate.java:44)
at Pages.FormTemplate.<init>(FormTemplate.java:44)
at Pages.FormTemplate.<init>(FormTemplate.java:44)
at Pages.FormTemplate.<init>(FormTemplate.java:44)
at Pages.FormTemplate.<init>(FormTemplate.java:44)
at Pages.FormTemplate.<init>(FormTemplate.java:44)
at Pages.FormTemplate.<init>(FormTemplate.java:44)
at Pages.FormTemplate.<init>(FormTemplate.java:44)
at Pages.FormTemplate.<init>(FormTemplate.java:44)
at Pages.FormTemplate.<init>(FormTemplate.java:44)
at Pages.FormTemplate.<init>(FormTemplate.java:44)
at Pages.FormTemplate.<init>(FormTemplate.java:44)
at Pages.FormTemplate.<init>(FormTemplate.java:44)
at Pages.FormTemplate.<init>(FormTemplate.java:44)
at Pages.FormTemplate.<init>(FormTemplate.java:44)
at Pages.FormTemplate.<init>(FormTemplate.java:44)
at Pages.FormTemplate.<init>(FormTemplate.java:44)
at Pages.FormTemplate.<init>(FormTemplate.java:44)
at Pages.FormTemplate.<init>(FormTemplate.java:44)
at Pages.FormTemplate.<init>(FormTemplate.java:44)
at Pages.FormTemplate.<init>(FormTemplate.java:44)
at Pages.FormTemplate.<init>(FormTemplate.java:44)
at Pages.FormTemplate.<init>(FormTemplate.java:44)
at Pages.FormTemplate.<init>(FormTemplate.java:44)
at Pages.FormTemplate.<init>(FormTemplate.java:44)
at Pages.FormTemplate.<init>(FormTemplate.java:44)
at Pages.FormTemplate.<init>(FormTemplate.java:44)
at Pages.FormTemplate.<init>(FormTemplate.java:44)
at Pages.FormTemplate.<init>(FormTemplate.java:44)
at Pages.FormTemplate.<init>(FormTemplate.java:44)
at Pages.FormTemplate.<init>(FormTemplate.java:44)
at Pages.FormTemplate.<init>(FormTemplate.java:44)
at Pages.FormTemplate.<init>(FormTemplate.java:44)
at Pages.FormTemplate.<init>(FormTemplate.java:44)
at Pages.FormTemplate.<init>(FormTemplate.java:44)
at Pages.FormTemplate.<init>(FormTemplate.java:44)
at Pages.FormTemplate.<init>(FormTemplate.java:44)
at Pages.FormTemplate.<init>(FormTemplate.java:44)
at Pages.FormTemplate.<init>(FormTemplate.java:44)
at Pages.FormTemplate.<init>(FormTemplate.java:44)
at Pages.FormTemplate.<init>(FormTemplate.java:44)
at Pages.FormTemplate.<init>(FormTemplate.java:44)
at Pages.FormTemplate.<init>(FormTemplate.java:44)
at Pages.FormTemplate.<init>(FormTemplate.java:44)
at Pages.FormTemplate.<init>(FormTemplate.java:44)
at Pages.FormTemplate.<init>(FormTemplate.java:44)
at Pages.FormTemplate.<init>(FormTemplate.java:44)
at Pages.FormTemplate.<init>(FormTemplate.java:44)
at Pages.FormTemplate.<init>(FormTemplate.java:44)
at Pages.FormTemplate.<init>(FormTemplate.java:44)
at Pages.FormTemplate.<init>(FormTemplate.java:44)
at Pages.FormTemplate.<init>(FormTemplate.java:44)
at Pages.FormTemplate.<init>(FormTemplate.java:44)
at Pages.FormTemplate.<init>(FormTemplate.java:44)
at Pages.FormTemplate.<init>(FormTemplate.java:44)
at Pages.FormTemplate.<init>(FormTemplate.java:44)
at Pages.FormTemplate.<init>(FormTemplate.java:44)
at Pages.FormTemplate.<init>(FormTemplate.java:44)
at Pages.FormTemplate.<init>(FormTemplate.java:44)
at Pages.FormTemplate.<init>(FormTemplate.java:44)
at Pages.FormTemplate.<init>(FormTemplate.java:44)
at Pages.FormTemplate.<init>(FormTemplate.java:44)
at Pages.FormTemplate.<init>(FormTemplate.java:44)
at Pages.FormTemplate.<init>(FormTemplate.java:44)
at Pages.FormTemplate.<init>(FormTemplate.java:44)
at Pages.FormTemplate.<init>(FormTemplate.java:44)
at Pages.FormTemplate.<init>(FormTemplate.java:44)
at Pages.FormTemplate.<init>(FormTemplate.java:44)
at Pages.FormTemplate.<init>(FormTemplate.java:44)
at Pages.FormTemplate.<init>(FormTemplate.java:44)
at Pages.FormTemplate.<init>(FormTemplate.java:44)
at Pages.FormTemplate.<init>(FormTemplate.java:44)
at Pages.FormTemplate.<init>(FormTemplate.java:44)
at Pages.FormTemplate.<init>(FormTemplate.java:44)
at Pages.FormTemplate.<init>(FormTemplate.java:44)
at Pages.FormTemplate.<init>(FormTemplate.java:44)
at Pages.FormTemplate.<init>(FormTemplate.java:44)
at Pages.FormTemplate.<init>(FormTemplate.java:44)
at Pages.FormTemplate.<init>(FormTemplate.java:44)
at Pages.FormTemplate.<init>(FormTemplate.java:44)
at Pages.FormTemplate.<init>(FormTemplate.java:44)
at Pages.FormTemplate.<init>(FormTemplate.java:44)
at Pages.FormTemplate.<init>(FormTemplate.java:44)
at Pages.FormTemplate.<init>(FormTemplate.java:44)
at Pages.FormTemplate.<init>(FormTemplate.java:44)
at Pages.FormTemplate.<init>(FormTemplate.java:44)
at Pages.FormTemplate.<init>(FormTemplate.java:44)
at Pages.FormTemplate.<init>(FormTemplate.java:44)
at Pages.FormTemplate.<init>(FormTemplate.java:44)
at Pages.FormTemplate.<init>(FormTemplate.java:44)
at Pages.FormTemplate.<init>(FormTemplate.java:44)
at Pages.FormTemplate.<init>(FormTemplate.java:44)
at Pages.FormTemplate.<init>(FormTemplate.java:44)
at Pages.FormTemplate.<init>(FormTemplate.java:44)
at Pages.FormTemplate.<init>(FormTemplate.java:44)
at Pages.FormTemplate.<init>(FormTemplate.java:44)
at Pages.FormTemplate.<init>(FormTemplate.java:44)
at Pages.FormTemplate.<init>(FormTemplate.java:44)
at Pages.FormTemplate.<init>(FormTemplate.java:44)
at Pages.FormTemplate.<init>(FormTemplate.java:44)
at Pages.FormTemplate.<init>(FormTemplate.java:44)
at Pages.FormTemplate.<init>(FormTemplate.java:44)
at Pages.FormTemplate.<init>(FormTemplate.java:44)
at Pages.FormTemplate.<init>(FormTemplate.java:44)
at Pages.FormTemplate.<init>(FormTemplate.java:44)
at Pages.FormTemplate.<init>(FormTemplate.java:44)
at Pages.FormTemplate.<init>(FormTemplate.java:44)
at Pages.FormTemplate.<init>(FormTemplate.java:44)
at Pages.FormTemplate.<init>(FormTemplate.java:44)
at Pages.FormTemplate.<init>(FormTemplate.java:44)
at Pages.FormTemplate.<init>(FormTemplate.java:44)
at Pages.FormTemplate.<init>(FormTemplate.java:44)
at Pages.FormTemplate.<init>(FormTemplate.java:44)
at Pages.FormTemplate.<init>(FormTemplate.java:44)
at Pages.FormTemplate.<init>(FormTemplate.java:44)
at Pages.FormTemplate.<init>(FormTemplate.java:44)
at Pages.FormTemplate.<init>(FormTemplate.java:44)
at Pages.FormTemplate.<init>(FormTemplate.java:44)
at Pages.FormTemplate.<init>(FormTemplate.java:44)
at Pages.FormTemplate.<init>(FormTemplate.java:44)
at Pages.FormTemplate.<init>(FormTemplate.java:44)
at Pages.FormTemplate.<init>(FormTemplate.java:44)
at Pages.FormTemplate.<init>(FormTemplate.java:44)
at Pages.FormTemplate.<init>(FormTemplate.java:44)
at Pages.FormTemplate.<init>(FormTemplate.java:44)
at Pages.FormTemplate.<init>(FormTemplate.java:44)
at Pages.FormTemplate.<init>(FormTemplate.java:44)
at Pages.FormTemplate.<init>(FormTemplate.java:44)
at Pages.FormTemplate.<init>(FormTemplate.java:44)
at Pages.FormTemplate.<init>(FormTemplate.java:44)
at Pages.FormTemplate.<init>(FormTemplate.java:44)
at Pages.FormTemplate.<init>(FormTemplate.java:44)
at Pages.FormTemplate.<init>(FormTemplate.java:44)
at Pages.FormTemplate.<init>(FormTemplate.java:44)
at Pages.FormTemplate.<init>(FormTemplate.java:44)
at Pages.FormTemplate.<init>(FormTemplate.java:44)
at Pages.FormTemplate.<init>(FormTemplate.java:44)
at Pages.FormTemplate.<init>(FormTemplate.java:44)
at Pages.FormTemplate.<init>(FormTemplate.java:44)
at Pages.FormTemplate.<init>(FormTemplate.java:44)
at Pages.FormTemplate.<init>(FormTemplate.java:44)
at Pages.FormTemplate.<init>(FormTemplate.java:44)
at Pages.FormTemplate.<init>(FormTemplate.java:44)
at Pages.FormTemplate.<init>(FormTemplate.java:44)
at Pages.FormTemplate.<init>(FormTemplate.java:44)
at Pages.FormTemplate.<init>(FormTemplate.java:44)
at Pages.FormTemplate.<init>(FormTemplate.java:44)
at Pages.FormTemplate.<init>(FormTemplate.java:44)
at Pages.FormTemplate.<init>(FormTemplate.java:44)
at Pages.FormTemplate.<init>(FormTemplate.java:44)
at Pages.FormTemplate.<init>(FormTemplate.java:44)
at Pages.FormTemplate.<init>(FormTemplate.java:44)
at Pages.FormTemplate.<init>(FormTemplate.java:44)
at Pages.FormTemplate.<init>(FormTemplate.java:44)
at Pages.FormTemplate.<init>(FormTemplate.java:44)
at Pages.FormTemplate.<init>(FormTemplate.java:44)
at Pages.FormTemplate.<init>(FormTemplate.java:44)
at Pages.FormTemplate.<init>(FormTemplate.java:44)
at Pages.FormTemplate.<init>(FormTemplate.java:44)
at Pages.FormTemplate.<init>(FormTemplate.java:44)
at Pages.FormTemplate.<init>(FormTemplate.java:44)
at Pages.FormTemplate.<init>(FormTemplate.java:44)
at Pages.FormTemplate.<init>(FormTemplate.java:44)
at Pages.FormTemplate.<init>(FormTemplate.java:44)
at Pages.FormTemplate.<init>(FormTemplate.java:44)
at Pages.FormTemplate.<init>(FormTemplate.java:44)
at Pages.FormTemplate.<init>(FormTemplate.java:44)
at Pages.FormTemplate.<init>(FormTemplate.java:44)
at Pages.FormTemplate.<init>(FormTemplate.java:44)
at Pages.FormTemplate.<init>(FormTemplate.java:44)
at Pages.FormTemplate.<init>(FormTemplate.java:44)
at Pages.FormTemplate.<init>(FormTemplate.java:44)
at Pages.FormTemplate.<init>(FormTemplate.java:44)
at Pages.FormTemplate.<init>(FormTemplate.java:44)
at Pages.FormTemplate.<init>(FormTemplate.java:44)
at Pages.FormTemplate.<init>(FormTemplate.java:44)
at Pages.FormTemplate.<init>(FormTemplate.java:44)
at Pages.FormTemplate.<init>(FormTemplate.java:44)
at Pages.FormTemplate.<init>(FormTemplate.java:44)
at Pages.FormTemplate.<init>(FormTemplate.java:44)
at Pages.FormTemplate.<init>(FormTemplate.java:44)
at Pages.FormTemplate.<init>(FormTemplate.java:44)
at Pages.FormTemplate.<init>(FormTemplate.java:44)
at Pages.FormTemplate.<init>(FormTemplate.java:44)
at Pages.FormTemplate.<init>(FormTemplate.java:44)
at Pages.FormTemplate.<init>(FormTemplate.java:44)
at Pages.FormTemplate.<init>(FormTemplate.java:44)
at Pages.FormTemplate.<init>(FormTemplate.java:44)
at Pages.FormTemplate.<init>(FormTemplate.java:44)
at Pages.FormTemplate.<init>(FormTemplate.java:44)
at Pages.FormTemplate.<init>(FormTemplate.java:44)
at Pages.FormTemplate.<init>(FormTemplate.java:44)
at Pages.FormTemplate.<init>(FormTemplate.java:44)
at Pages.FormTemplate.<init>(FormTemplate.java:44)
at Pages.FormTemplate.<init>(FormTemplate.java:44)
at Pages.FormTemplate.<init>(FormTemplate.java:44)
at Pages.FormTemplate.<init>(FormTemplate.java:44)
at Pages.FormTemplate.<init>(FormTemplate.java:44)
at Pages.FormTemplate.<init>(FormTemplate.java:44)
at Pages.FormTemplate.<init>(FormTemplate.java:44)
at Pages.FormTemplate.<init>(FormTemplate.java:44)
at Pages.FormTemplate.<init>(FormTemplate.java:44)
at Pages.FormTemplate.<init>(FormTemplate.java:44)
at Pages.FormTemplate.<init>(FormTemplate.java:44)
at Pages.FormTemplate.<init>(FormTemplate.java:44)
at Pages.FormTemplate.<init>(FormTemplate.java:44)
at Pages.FormTemplate.<init>(FormTemplate.java:44)
at Pages.FormTemplate.<init>(FormTemplate.java:44)
at Pages.FormTemplate.<init>(FormTemplate.java:44)
at Pages.FormTemplate.<init>(FormTemplate.java:44)
at Pages.FormTemplate.<init>(FormTemplate.java:44)
at Pages.FormTemplate.<init>(FormTemplate.java:44)
at Pages.FormTemplate.<init>(FormTemplate.java:44)
at Pages.FormTemplate.<init>(FormTemplate.java:44)
at Pages.FormTemplate.<init>(FormTemplate.java:44)
at Pages.FormTemplate.<init>(FormTemplate.java:44)
at Pages.FormTemplate.<init>(FormTemplate.java:44)
at Pages.FormTemplate.<init>(FormTemplate.java:44)
at Pages.FormTemplate.<init>(FormTemplate.java:44)
at Pages.FormTemplate.<init>(FormTemplate.java:44)
at Pages.FormTemplate.<init>(FormTemplate.java:44)
at Pages.FormTemplate.<init>(FormTemplate.java:44)
at Pages.FormTemplate.<init>(FormTemplate.java:44)
at Pages.FormTemplate.<init>(FormTemplate.java:44)
at Pages.FormTemplate.<init>(FormTemplate.java:44)
at Pages.FormTemplate.<init>(FormTemplate.java:44)
at Pages.FormTemplate.<init>(FormTemplate.java:44)
at Pages.FormTemplate.<init>(FormTemplate.java:44)
at Pages.FormTemplate.<init>(FormTemplate.java:44)
at Pages.FormTemplate.<init>(FormTemplate.java:44)
at Pages.FormTemplate.<init>(FormTemplate.java:44)
at Pages.FormTemplate.<init>(FormTemplate.java:44)
at Pages.FormTemplate.<init>(FormTemplate.java:44)
at Pages.FormTemplate.<init>(FormTemplate.java:44)
at Pages.FormTemplate.<init>(FormTemplate.java:44)
at Pages.FormTemplate.<init>(FormTemplate.java:44)
at Pages.FormTemplate.<init>(FormTemplate.java:44)
at Pages.FormTemplate.<init>(FormTemplate.java:44)
at Pages.FormTemplate.<init>(FormTemplate.java:44)
at Pages.FormTemplate.<init>(FormTemplate.java:44)
at Pages.FormTemplate.<init>(FormTemplate.java:44)
at Pages.FormTemplate.<init>(FormTemplate.java:44)
at Pages.FormTemplate.<init>(FormTemplate.java:44)
at Pages.FormTemplate.<init>(FormTemplate.java:44)
at Pages.FormTemplate.<init>(FormTemplate.java:44)
at Pages.FormTemplate.<init>(FormTemplate.java:44)
at Pages.FormTemplate.<init>(FormTemplate.java:44)
at Pages.FormTemplate.<init>(FormTemplate.java:44)
at Pages.FormTemplate.<init>(FormTemplate.java:44)
at Pages.FormTemplate.<init>(FormTemplate.java:44)
at Pages.FormTemplate.<init>(FormTemplate.java:44)
at Pages.FormTemplate.<init>(FormTemplate.java:44)
at Pages.FormTemplate.<init>(FormTemplate.java:44)
at Pages.FormTemplate.<init>(FormTemplate.java:44)
at Pages.FormTemplate.<init>(FormTemplate.java:44)
at Pages.FormTemplate.<init>(FormTemplate.java:44)
at Pages.FormTemplate.<init>(FormTemplate.java:44)
at Pages.FormTemplate.<init>(FormTemplate.java:44)
at Pages.FormTemplate.<init>(FormTemplate.java:44)
at Pages.FormTemplate.<init>(FormTemplate.java:44)
at Pages.FormTemplate.<init>(FormTemplate.java:44)
at Pages.FormTemplate.<init>(FormTemplate.java:44)
at Pages.FormTemplate.<init>(FormTemplate.java:44)
at Pages.FormTemplate.<init>(FormTemplate.java:44)
at Pages.FormTemplate.<init>(FormTemplate.java:44)
at Pages.FormTemplate.<init>(FormTemplate.java:44)
at Pages.FormTemplate.<init>(FormTemplate.java:44)
at Pages.FormTemplate.<init>(FormTemplate.java:44)
at Pages.FormTemplate.<init>(FormTemplate.java:44)
at Pages.FormTemplate.<init>(FormTemplate.java:44)
at Pages.FormTemplate.<init>(FormTemplate.java:44)
at Pages.FormTemplate.<init>(FormTemplate.java:44)
at Pages.FormTemplate.<init>(FormTemplate.java:44)
at Pages.FormTemplate.<init>(FormTemplate.java:44)
at Pages.FormTemplate.<init>(FormTemplate.java:44)
at Pages.FormTemplate.<init>(FormTemplate.java:44)
at Pages.FormTemplate.<init>(FormTemplate.java:44)
at Pages.FormTemplate.<init>(FormTemplate.java:44)
at Pages.FormTemplate.<init>(FormTemplate.java:44)
at Pages.FormTemplate.<init>(FormTemplate.java:44)
at Pages.FormTemplate.<init>(FormTemplate.java:44)
at Pages.FormTemplate.<init>(FormTemplate.java:44)
at Pages.FormTemplate.<init>(FormTemplate.java:44)
at Pages.FormTemplate.<init>(FormTemplate.java:44)
at Pages.FormTemplate.<init>(FormTemplate.java:44)
at Pages.FormTemplate.<init>(FormTemplate.java:44)
at Pages.FormTemplate.<init>(FormTemplate.java:44)
at Pages.FormTemplate.<init>(FormTemplate.java:44)
at Pages.FormTemplate.<init>(FormTemplate.java:44)
at Pages.FormTemplate.<init>(FormTemplate.java:44)
at Pages.FormTemplate.<init>(FormTemplate.java:44)
at Pages.FormTemplate.<init>(FormTemplate.java:44)
at Pages.FormTemplate.<init>(FormTemplate.java:44)
at Pages.FormTemplate.<init>(FormTemplate.java:44)
at Pages.FormTemplate.<init>(FormTemplate.java:44)
at Pages.FormTemplate.<init>(FormTemplate.java:44)
at Pages.FormTemplate.<init>(FormTemplate.java:44)
at Pages.FormTemplate.<init>(FormTemplate.java:44)
at Pages.FormTemplate.<init>(FormTemplate.java:44)
at Pages.FormTemplate.<init>(FormTemplate.java:44)
at Pages.FormTemplate.<init>(FormTemplate.java:44)
at Pages.FormTemplate.<init>(FormTemplate.java:44)
at Pages.FormTemplate.<init>(FormTemplate.java:44)
at Pages.FormTemplate.<init>(FormTemplate.java:44)
at Pages.FormTemplate.<init>(FormTemplate.java:44)
at Pages.FormTemplate.<init>(FormTemplate.java:44)
at Pages.FormTemplate.<init>(FormTemplate.java:44)
at Pages.FormTemplate.<init>(FormTemplate.java:44)
at Pages.FormTemplate.<init>(FormTemplate.java:44)
at Pages.FormTemplate.<init>(FormTemplate.java:44)
at Pages.FormTemplate.<init>(FormTemplate.java:44)
at Pages.FormTemplate.<init>(FormTemplate.java:44)
at Pages.FormTemplate.<init>(FormTemplate.java:44)
at Pages.FormTemplate.<init>(FormTemplate.java:44)
at Pages.FormTemplate.<init>(FormTemplate.java:44)
at Pages.FormTemplate.<init>(FormTemplate.java:44)
at Pages.FormTemplate.<init>(FormTemplate.java:44)
at Pages.FormTemplate.<init>(FormTemplate.java:44)
at Pages.FormTemplate.<init>(FormTemplate.java:44)
at Pages.FormTemplate.<init>(FormTemplate.java:44)
at Pages.FormTemplate.<init>(FormTemplate.java:44)
at Pages.FormTemplate.<init>(FormTemplate.java:44)
at Pages.FormTemplate.<init>(FormTemplate.java:44)
at Pages.FormTemplate.<init>(FormTemplate.java:44)
at Pages.FormTemplate.<init>(FormTemplate.java:44)
at Pages.FormTemplate.<init>(FormTemplate.java:44)
at Pages.FormTemplate.<init>(FormTemplate.java:44)
at Pages.FormTemplate.<init>(FormTemplate.java:44)
at Pages.FormTemplate.<init>(FormTemplate.java:44)
at Pages.FormTemplate.<init>(FormTemplate.java:44)
at Pages.FormTemplate.<init>(FormTemplate.java:44)
at Pages.FormTemplate.<init>(FormTemplate.java:44)
at Pages.FormTemplate.<init>(FormTemplate.java:44)
at Pages.FormTemplate.<init>(FormTemplate.java:44)
at Pages.FormTemplate.<init>(FormTemplate.java:44)
at Pages.FormTemplate.<init>(FormTemplate.java:44)
at Pages.FormTemplate.<init>(FormTemplate.java:44)
at Pages.FormTemplate.<init>(FormTemplate.java:44)
at Pages.FormTemplate.<init>(FormTemplate.java:44)
at Pages.FormTemplate.<init>(FormTemplate.java:44)
at Pages.FormTemplate.<init>(FormTemplate.java:44)
at Pages.FormTemplate.<init>(FormTemplate.java:44)
at Pages.FormTemplate.<init>(FormTemplate.java:44)
at Pages.FormTemplate.<init>(FormTemplate.java:44)
at Pages.FormTemplate.<init>(FormTemplate.java:44)
at Pages.FormTemplate.<init>(FormTemplate.java:44)
at Pages.FormTemplate.<init>(FormTemplate.java:44)
at Pages.FormTemplate.<init>(FormTemplate.java:44)
at Pages.FormTemplate.<init>(FormTemplate.java:44)
at Pages.FormTemplate.<init>(FormTemplate.java:44)
at Pages.FormTemplate.<init>(FormTemplate.java:44)
at Pages.FormTemplate.<init>(FormTemplate.java:44)
at Pages.FormTemplate.<init>(FormTemplate.java:44)
at Pages.FormTemplate.<init>(FormTemplate.java:44)
at Pages.FormTemplate.<init>(FormTemplate.java:44)
at Pages.FormTemplate.<init>(FormTemplate.java:44)
at Pages.FormTemplate.<init>(FormTemplate.java:44)
at Pages.FormTemplate.<init>(FormTemplate.java:44)
at Pages.FormTemplate.<init>(FormTemplate.java:44)
at Pages.FormTemplate.<init>(FormTemplate.java:44)
at Pages.FormTemplate.<init>(FormTemplate.java:44)
at Pages.FormTemplate.<init>(FormTemplate.java:44)
at Pages.FormTemplate.<init>(FormTemplate.java:44)
at Pages.FormTemplate.<init>(FormTemplate.java:44)
at Pages.FormTemplate.<init>(FormTemplate.java:44)
at Pages.FormTemplate.<init>(FormTemplate.java:44)
at Pages.FormTemplate.<init>(FormTemplate.java:44)
at Pages.FormTemplate.<init>(FormTemplate.java:44)
at Pages.FormTemplate.<init>(FormTemplate.java:44)
at Pages.FormTemplate.<init>(FormTemplate.java:44)
at Pages.FormTemplate.<init>(FormTemplate.java:44)
at Pages.FormTemplate.<init>(FormTemplate.java:44)
at Pages.FormTemplate.<init>(FormTemplate.java:44)
at Pages.FormTemplate.<init>(FormTemplate.java:44)
at Pages.FormTemplate.<init>(FormTemplate.java:44)
at Pages.FormTemplate.<init>(FormTemplate.java:44)
at Pages.FormTemplate.<init>(FormTemplate.java:44)
at Pages.FormTemplate.<init>(FormTemplate.java:44)
at Pages.FormTemplate.<init>(FormTemplate.java:44)
at Pages.FormTemplate.<init>(FormTemplate.java:44)
at Pages.FormTemplate.<init>(FormTemplate.java:44)
at Pages.FormTemplate.<init>(FormTemplate.java:44)
at Pages.FormTemplate.<init>(FormTemplate.java:44)
at Pages.FormTemplate.<init>(FormTemplate.java:44)
at Pages.FormTemplate.<init>(FormTemplate.java:44)
at Pages.FormTemplate.<init>(FormTemplate.java:44)
at Pages.FormTemplate.<init>(FormTemplate.java:44)
at Pages.FormTemplate.<init>(FormTemplate.java:44)
at Pages.FormTemplate.<init>(FormTemplate.java:44)
at Pages.FormTemplate.<init>(FormTemplate.java:44)
at Pages.FormTemplate.<init>(FormTemplate.java:44)
at Pages.FormTemplate.<init>(FormTemplate.java:44)
at Pages.FormTemplate.<init>(FormTemplate.java:44)
at Pages.FormTemplate.<init>(FormTemplate.java:44)
at Pages.FormTemplate.<init>(FormTemplate.java:44)
at Pages.FormTemplate.<init>(FormTemplate.java:44)
]]>
    </failure>
  </testcase> <!-- @BeforeMethod Start -->
  <testcase classname="TestCase.FormTemplate_Testcases" name="@BeforeMethod Start" time="-1.715320828295E9">
    <skipped/>
  </testcase> <!-- @BeforeMethod Start -->
  <testcase classname="TestCase.FormTemplate_Testcases" name="@BeforeMethod Start" time="-1.715320828311E9">
    <skipped/>
  </testcase> <!-- @BeforeMethod Start -->
  <testcase classname="TestCase.FormTemplate_Testcases" name="@BeforeMethod Start" time="-1.715320828328E9">
    <skipped/>
  </testcase> <!-- @BeforeMethod Start -->
  <testcase classname="TestCase.FormTemplate_Testcases" name="@BeforeMethod Start" time="-1.715320828342E9">
    <skipped/>
  </testcase> <!-- @BeforeMethod Start -->
  <testcase classname="TestCase.FormTemplate_Testcases" name="@BeforeMethod Start" time="-1.71532082836E9">
    <skipped/>
  </testcase> <!-- @BeforeMethod Start -->
  <testcase classname="TestCase.FormTemplate_Testcases" name="@BeforeMethod Start" time="-1.715320828374E9">
    <skipped/>
  </testcase> <!-- @BeforeMethod Start -->
  <testcase classname="TestCase.FormTemplate_Testcases" name="@BeforeMethod Start" time="-1.715320828388E9">
    <skipped/>
  </testcase> <!-- @BeforeMethod Start -->
  <testcase classname="TestCase.FormTemplate_Testcases" name="@BeforeMethod Start" time="-1.715320828403E9">
    <skipped/>
  </testcase> <!-- @BeforeMethod Start -->
  <testcase classname="TestCase.FormTemplate_Testcases" name="@BeforeMethod Start" time="-1.715320828416E9">
    <skipped/>
  </testcase> <!-- @BeforeMethod Start -->
  <testcase classname="TestCase.FormTemplate_Testcases" name="@BeforeMethod Start" time="-1.715320828427E9">
    <skipped/>
  </testcase> <!-- @BeforeMethod Start -->
  <testcase classname="TestCase.FormTemplate_Testcases" name="@BeforeMethod Start" time="-1.715320828435E9">
    <skipped/>
  </testcase> <!-- @BeforeMethod Start -->
  <testcase classname="TestCase.FormTemplate_Testcases" name="@BeforeMethod Start" time="-1.715320828447E9">
    <skipped/>
  </testcase> <!-- @BeforeMethod Start -->
  <testcase classname="TestCase.FormTemplate_Testcases" name="@BeforeMethod Start" time="-1.71532082846E9">
    <skipped/>
  </testcase> <!-- @BeforeMethod Start -->
  <testcase classname="TestCase.FormTemplate_Testcases" name="@BeforeMethod Start" time="-1.715320828471E9">
    <skipped/>
  </testcase> <!-- @BeforeMethod Start -->
  <testcase classname="TestCase.FormTemplate_Testcases" name="@BeforeMethod Start" time="-1.715320828479E9">
    <skipped/>
  </testcase> <!-- @BeforeMethod Start -->
  <testcase classname="TestCase.FormTemplate_Testcases" name="@BeforeMethod Start" time="-1.71532082849E9">
    <skipped/>
  </testcase> <!-- @BeforeMethod Start -->
  <testcase classname="TestCase.FormTemplate_Testcases" name="ContentHorizontalLine" time="0.0">
    <skipped/>
  </testcase> <!-- ContentHorizontalLine -->
  <testcase classname="TestCase.FormTemplate_Testcases" name="ContentDivision" time="0.0">
    <skipped/>
  </testcase> <!-- ContentDivision -->
  <testcase classname="TestCase.FormTemplate_Testcases" name="AdvancedAutoIncrementNumber" time="0.0">
    <skipped/>
  </testcase> <!-- AdvancedAutoIncrementNumber -->
  <testcase classname="TestCase.FormTemplate_Testcases" name="AdvancedLocation" time="0.0">
    <skipped/>
  </testcase> <!-- AdvancedLocation -->
  <testcase classname="TestCase.FormTemplate_Testcases" name="AdvancedCurrency" time="0.0">
    <skipped/>
  </testcase> <!-- AdvancedCurrency -->
  <testcase classname="TestCase.FormTemplate_Testcases" name="AdvancedQuestion" time="0.0">
    <skipped/>
  </testcase> <!-- AdvancedQuestion -->
  <testcase classname="TestCase.FormTemplate_Testcases" name="AdvancedEntity" time="0.0">
    <skipped/>
  </testcase> <!-- AdvancedEntity -->
  <testcase classname="TestCase.FormTemplate_Testcases" name="AdvancedFormula" time="0.0">
    <skipped/>
  </testcase> <!-- AdvancedFormula -->
  <testcase classname="TestCase.FormTemplate_Testcases" name="AdvancedAggregateFunction" time="0.0">
    <skipped/>
  </testcase> <!-- AdvancedAggregateFunction -->
  <testcase classname="TestCase.FormTemplate_Testcases" name="AdvancedChildEntityTable" time="0.0">
    <skipped/>
  </testcase> <!-- AdvancedChildEntityTable -->
  <testcase classname="TestCase.FormTemplate_Testcases" name="AdvancedPayButtons" time="0.0">
    <skipped/>
  </testcase> <!-- AdvancedPayButtons -->
  <testcase classname="TestCase.FormTemplate_Testcases" name="AdvancedPaymentVariable" time="0.0">
    <skipped/>
  </testcase> <!-- AdvancedPaymentVariable -->
  <testcase classname="TestCase.FormTemplate_Testcases" name="AdvancedStarRating" time="0.0">
    <skipped/>
  </testcase> <!-- AdvancedStarRating -->
  <testcase classname="TestCase.FormTemplate_Testcases" name="AdvancedConcatenate" time="0.0">
    <skipped/>
  </testcase> <!-- AdvancedConcatenate -->
  <testcase classname="TestCase.FormTemplate_Testcases" name="AdvancedAudio" time="0.0">
    <skipped/>
  </testcase> <!-- AdvancedAudio -->
  <testcase classname="TestCase.FormTemplate_Testcases" name="AdvancedQRCode" time="0.0">
    <skipped/>
  </testcase> <!-- AdvancedQRCode -->
  <testcase classname="TestCase.FormTemplate_Testcases" name="AdvancedQRReader" time="0.0">
    <skipped/>
  </testcase> <!-- AdvancedQRReader -->
  <testcase classname="TestCase.FormTemplate_Testcases" name="AdvancedAuthorizedSignature" time="0.0">
    <ignored/>
  </testcase> <!-- AdvancedAuthorizedSignature -->
  <testcase classname="TestCase.FormTemplate_Testcases" name="AdvancedDataTable" time="0.0">
    <ignored/>
  </testcase> <!-- AdvancedDataTable -->
</testsuite> <!-- Default test -->
