<?xml version="1.0" encoding="UTF-8"?>
<!-- Generated by org.testng.reporters.JUnitXMLReporter -->
<testsuite ignored="14" hostname="HGT-LAP-310" failures="0" tests="1" name="Default test" time="0.792" errors="0" timestamp="2024-06-18T17:05:38 IST">
  <testcase classname="TestCase.Template_Testcase" name="@BeforeMethod Start" time="0.574">
    <failure type="org.openqa.selenium.remote.NoSuchDriverException" message="Unable to obtain: chromedriver, error chrome must exist: C:\usr\bin\sgoogle-chrome-stable
For documentation on this error, please visit: https://www.selenium.dev/documentation/webdriver/troubleshooting/errors/driver_location/
Build info: version: &amp;apos;4.21.0&amp;apos;, revision: &amp;apos;79ed462ef4&amp;apos;
System info: os.name: &amp;apos;Windows 11&amp;apos;, os.arch: &amp;apos;amd64&amp;apos;, os.version: &amp;apos;10.0&amp;apos;, java.version: &amp;apos;21.0.1&amp;apos;
Driver info: driver.version: ChromeDriver">
      <![CDATA[org.openqa.selenium.remote.NoSuchDriverException: Unable to obtain: chromedriver, error chrome must exist: C:\usr\bin\sgoogle-chrome-stable
For documentation on this error, please visit: https://www.selenium.dev/documentation/webdriver/troubleshooting/errors/driver_location/
Build info: version: '4.21.0', revision: '79ed462ef4'
System info: os.name: 'Windows 11', os.arch: 'amd64', os.version: '10.0', java.version: '21.0.1'
Driver info: driver.version: ChromeDriver
at org.openqa.selenium.remote.service.DriverFinder.getBinaryPaths(DriverFinder.java:121)
at org.openqa.selenium.remote.service.DriverFinder.getDriverPath(DriverFinder.java:55)
at org.openqa.selenium.chrome.ChromeDriver.generateExecutor(ChromeDriver.java:99)
at org.openqa.selenium.chrome.ChromeDriver.<init>(ChromeDriver.java:88)
at org.openqa.selenium.chrome.ChromeDriver.<init>(ChromeDriver.java:83)
at org.openqa.selenium.chrome.ChromeDriver.<init>(ChromeDriver.java:72)
at TestCase.Template_Testcase.setupDriver(Template_Testcase.java:46)
at TestCase.Template_Testcase.Start(Template_Testcase.java:54)
at java.base/jdk.internal.reflect.DirectMethodHandleAccessor.invoke(DirectMethodHandleAccessor.java:103)
at java.base/java.lang.reflect.Method.invoke(Method.java:580)
at org.testng.internal.MethodInvocationHelper.invokeMethod(MethodInvocationHelper.java:133)
at org.testng.internal.MethodInvocationHelper.invokeMethodConsideringTimeout(MethodInvocationHelper.java:62)
at org.testng.internal.ConfigInvoker.invokeConfigurationMethod(ConfigInvoker.java:385)
at org.testng.internal.ConfigInvoker.invokeConfigurations(ConfigInvoker.java:321)
at org.testng.internal.TestInvoker.runConfigMethods(TestInvoker.java:700)
at org.testng.internal.TestInvoker.invokeMethod(TestInvoker.java:527)
at org.testng.internal.TestInvoker.invokeTestMethod(TestInvoker.java:173)
at org.testng.internal.MethodRunner.runInSequence(MethodRunner.java:46)
at org.testng.internal.TestInvoker$MethodInvocationAgent.invoke(TestInvoker.java:824)
at org.testng.internal.TestInvoker.invokeTestMethods(TestInvoker.java:146)
at org.testng.internal.TestMethodWorker.invokeTestMethods(TestMethodWorker.java:146)
at org.testng.internal.TestMethodWorker.run(TestMethodWorker.java:128)
at java.base/java.util.ArrayList.forEach(ArrayList.java:1596)
at org.testng.TestRunner.privateRun(TestRunner.java:794)
at org.testng.TestRunner.run(TestRunner.java:596)
at org.testng.SuiteRunner.runTest(SuiteRunner.java:377)
at org.testng.SuiteRunner.runSequentially(SuiteRunner.java:371)
at org.testng.SuiteRunner.privateRun(SuiteRunner.java:332)
at org.testng.SuiteRunner.run(SuiteRunner.java:276)
at org.testng.SuiteRunnerWorker.runSuite(SuiteRunnerWorker.java:53)
at org.testng.SuiteRunnerWorker.run(SuiteRunnerWorker.java:96)
at org.testng.TestNG.runSuitesSequentially(TestNG.java:1212)
at org.testng.TestNG.runSuitesLocally(TestNG.java:1134)
at org.testng.TestNG.runSuites(TestNG.java:1063)
at org.testng.TestNG.run(TestNG.java:1031)
at org.testng.remote.AbstractRemoteTestNG.run(AbstractRemoteTestNG.java:115)
at org.testng.remote.RemoteTestNG.initAndRun(RemoteTestNG.java:293)
at org.testng.remote.RemoteTestNG.main(RemoteTestNG.java:91)
Caused by: java.lang.IllegalStateException: chrome must exist: C:\usr\bin\sgoogle-chrome-stable
at org.openqa.selenium.internal.Require$FileStateChecker.isFile(Require.java:346)
at org.openqa.selenium.internal.Require$FileStateChecker.isExecutable(Require.java:368)
at org.openqa.selenium.remote.service.DriverFinder.getBinaryPaths(DriverFinder.java:104)
... 37 more
]]>
    </failure>
  </testcase> <!-- @BeforeMethod Start -->
  <testcase classname="TestCase.Template_Testcase" name="ValidBlankTemplate" time="0.0">
    <skipped/>
  </testcase> <!-- ValidBlankTemplate -->
  <testcase classname="TestCase.Template_Testcase" name="ValidObserveStatofTheTemplate" time="0.0">
    <ignored/>
  </testcase> <!-- ValidObserveStatofTheTemplate -->
  <testcase classname="TestCase.Template_Testcase" name="ValidChangeowner" time="0.0">
    <ignored/>
  </testcase> <!-- ValidChangeowner -->
  <testcase classname="TestCase.Template_Testcase" name="ValidSendtoContact" time="0.0">
    <ignored/>
  </testcase> <!-- ValidSendtoContact -->
  <testcase classname="TestCase.Template_Testcase" name="ValidViewdata" time="0.0">
    <ignored/>
  </testcase> <!-- ValidViewdata -->
  <testcase classname="TestCase.Template_Testcase" name="validCreatingNewContact" time="0.0">
    <ignored/>
  </testcase> <!-- validCreatingNewContact -->
  <testcase classname="TestCase.Template_Testcase" name="ValidBulksend" time="0.0">
    <ignored/>
  </testcase> <!-- ValidBulksend -->
  <testcase classname="TestCase.Template_Testcase" name="ValidGetlinkaccessToall" time="0.0">
    <ignored/>
  </testcase> <!-- ValidGetlinkaccessToall -->
  <testcase classname="TestCase.Template_Testcase" name="ValidShareWithNew" time="0.0">
    <ignored/>
  </testcase> <!-- ValidShareWithNew -->
  <testcase classname="TestCase.Template_Testcase" name="ValidDuplicate" time="0.0">
    <ignored/>
  </testcase> <!-- ValidDuplicate -->
  <testcase classname="TestCase.Template_Testcase" name="ValidExcel" time="0.0">
    <ignored/>
  </testcase> <!-- ValidExcel -->
  <testcase classname="TestCase.Template_Testcase" name="ValidInactiveTemplate" time="0.0">
    <ignored/>
  </testcase> <!-- ValidInactiveTemplate -->
  <testcase classname="TestCase.Template_Testcase" name="ValidPDFfilling" time="0.0">
    <ignored/>
  </testcase> <!-- ValidPDFfilling -->
  <testcase classname="TestCase.Template_Testcase" name="ValidEditTheTemplate" time="0.0">
    <ignored/>
  </testcase> <!-- ValidEditTheTemplate -->
  <testcase classname="TestCase.Template_Testcase" name="ValidRenameTemplate" time="0.0">
    <ignored/>
  </testcase> <!-- ValidRenameTemplate -->
</testsuite> <!-- Default test -->
