<?xml version="1.0" encoding="UTF-8"?>
<!-- Generated by org.testng.reporters.JUnitXMLReporter -->
<testsuite ignored="21" hostname="HGT-LAP-310" failures="0" tests="1" name="Default test" time="299.858" errors="0" timestamp="2024-02-07T14:59:59 IST">
  <testcase classname="TestCase.TestCases_Prudhvi" name="ValidBlankdocSignerndApprover" time="171.39"/>
  <testcase classname="TestCase.TestCases_Prudhvi" name="ValidBlankDocMultipleSigners" time="0.0">
    <ignored/>
  </testcase> <!-- ValidBlankDocMultipleSigners -->
  <testcase classname="TestCase.TestCases_Prudhvi" name="ValidRearrangingOrderCCndSigner" time="0.0">
    <ignored/>
  </testcase> <!-- ValidRearrangingOrderCCndSigner -->
  <testcase classname="TestCase.TestCases_Prudhvi" name="ValidBlankdocView" time="0.0">
    <ignored/>
  </testcase> <!-- ValidBlankdocView -->
  <testcase classname="TestCase.TestCases_Prudhvi" name="Review" time="0.0">
    <ignored/>
  </testcase> <!-- Review -->
  <testcase classname="TestCase.TestCases_Prudhvi" name="Upload" time="0.0">
    <ignored/>
  </testcase> <!-- Upload -->
  <testcase classname="TestCase.TestCases_Prudhvi" name="ValidWithoutEnforceSignatureThroughLoginAccount" time="0.0">
    <ignored/>
  </testcase> <!-- ValidWithoutEnforceSignatureThroughLoginAccount -->
  <testcase classname="TestCase.TestCases_Prudhvi" name="ValidDocScenarios" time="0.0">
    <ignored/>
  </testcase> <!-- ValidDocScenarios -->
  <testcase classname="TestCase.TestCases_Prudhvi" name="Signupverify" time="0.0">
    <ignored/>
  </testcase> <!-- Signupverify -->
  <testcase classname="TestCase.TestCases_Prudhvi" name="Document" time="0.0">
    <ignored/>
  </testcase> <!-- Document -->
  <testcase classname="TestCase.TestCases_Prudhvi" name="AddingRecipients" time="0.0">
    <ignored/>
  </testcase> <!-- AddingRecipients -->
  <testcase classname="TestCase.TestCases_Prudhvi" name="ValidBlankwithoutsenderautofill" time="0.0">
    <ignored/>
  </testcase> <!-- ValidBlankwithoutsenderautofill -->
  <testcase classname="TestCase.TestCases_Prudhvi" name="Drag" time="0.0">
    <ignored/>
  </testcase> <!-- Drag -->
  <testcase classname="TestCase.TestCases_Prudhvi" name="ValidRecevierSide" time="0.0">
    <ignored/>
  </testcase> <!-- ValidRecevierSide -->
  <testcase classname="TestCase.TestCases_Prudhvi" name="ValidRearrangingOrderFirstOtherSignersndThenSender" time="0.0">
    <ignored/>
  </testcase> <!-- ValidRearrangingOrderFirstOtherSignersndThenSender -->
  <testcase classname="TestCase.TestCases_Prudhvi" name="ValidDocscenarioOnedrive" time="0.0">
    <ignored/>
  </testcase> <!-- ValidDocscenarioOnedrive -->
  <testcase classname="TestCase.TestCases_Prudhvi" name="ValidTemplates" time="0.0">
    <ignored/>
  </testcase> <!-- ValidTemplates -->
  <testcase classname="TestCase.TestCases_Prudhvi" name="ValidDocscenariosGdrive" time="0.0">
    <ignored/>
  </testcase> <!-- ValidDocscenariosGdrive -->
  <testcase classname="TestCase.TestCases_Prudhvi" name="ValidOneDriveDocMultipleSigners" time="0.0">
    <ignored/>
  </testcase> <!-- ValidOneDriveDocMultipleSigners -->
  <testcase classname="TestCase.TestCases_Prudhvi" name="ValidBlankdocSignerndApproverOnedrive" time="0.0">
    <ignored/>
  </testcase> <!-- ValidBlankdocSignerndApproverOnedrive -->
  <testcase classname="TestCase.TestCases_Prudhvi" name="ValidWithEnforceSignatureOrderWithSenderAutofill" time="0.0">
    <ignored/>
  </testcase> <!-- ValidWithEnforceSignatureOrderWithSenderAutofill -->
  <testcase classname="TestCase.TestCases_Prudhvi" name="verifyloginwithValidCredentials" time="0.0">
    <ignored/>
  </testcase> <!-- verifyloginwithValidCredentials -->
</testsuite> <!-- Default test -->
