<?xml version="1.0" encoding="UTF-8"?>
<!-- Generated by org.testng.reporters.JUnitXMLReporter -->
<testsuite ignored="49" hostname="HGT-LAP-310" failures="0" tests="1" name="Default test" time="77.805" errors="0" timestamp="2024-05-23T12:49:31 IST">
  <testcase classname="TestCase.TestCases_Meghana" name="uploadpdfFile" time="66.286"/>
  <testcase classname="TestCase.TestCases_Meghana" name="uploadVedio" time="0.0">
    <ignored/>
  </testcase> <!-- uploadVedio -->
  <testcase classname="TestCase.TestCases_Meghana" name="validBlankDocRearrangeorderApproverSignerAndCC" time="0.0">
    <ignored/>
  </testcase> <!-- validBlankDocRearrangeorderApproverSignerAndCC -->
  <testcase classname="TestCase.TestCases_Meghana" name="ValidRearrangingOrderCCndSigner" time="0.0">
    <ignored/>
  </testcase> <!-- ValidRearrangingOrderCCndSigner -->
  <testcase classname="TestCase.TestCases_Meghana" name="BlankDocWithEnforcementWithAutofill" time="0.0">
    <ignored/>
  </testcase> <!-- BlankDocWithEnforcementWithAutofill -->
  <testcase classname="TestCase.TestCases_Meghana" name="BlankDocWithoutEnforcementWithoutAutofill" time="0.0">
    <ignored/>
  </testcase> <!-- BlankDocWithoutEnforcementWithoutAutofill -->
  <testcase classname="TestCase.TestCases_Meghana" name="ValidDocscenariosGdrive" time="0.0">
    <ignored/>
  </testcase> <!-- ValidDocscenariosGdrive -->
  <testcase classname="TestCase.TestCases_Meghana" name="ReuploadingCompletedEsignsIDGeneratedDOC" time="0.0">
    <ignored/>
  </testcase> <!-- ReuploadingCompletedEsignsIDGeneratedDOC -->
  <testcase classname="TestCase.TestCases_Meghana" name="uploadPDFandTXT" time="0.0">
    <ignored/>
  </testcase> <!-- uploadPDFandTXT -->
  <testcase classname="TestCase.TestCases_Meghana" name="uploadPDFandPDF" time="0.0">
    <ignored/>
  </testcase> <!-- uploadPDFandPDF -->
  <testcase classname="TestCase.TestCases_Meghana" name="uploadDoc" time="0.0">
    <ignored/>
  </testcase> <!-- uploadDoc -->
  <testcase classname="TestCase.TestCases_Meghana" name="validBlankDocOtherSignerSenderSignerApprover" time="0.0">
    <ignored/>
  </testcase> <!-- validBlankDocOtherSignerSenderSignerApprover -->
  <testcase classname="TestCase.TestCases_Meghana" name="ValidSignerndApproverOnedrive" time="0.0">
    <ignored/>
  </testcase> <!-- ValidSignerndApproverOnedrive -->
  <testcase classname="TestCase.TestCases_Meghana" name="ValidBlankDocSignerApproverAndMultipleCC" time="0.0">
    <ignored/>
  </testcase> <!-- ValidBlankDocSignerApproverAndMultipleCC -->
  <testcase classname="TestCase.TestCases_Meghana" name="uploadPDFandJPG" time="0.0">
    <ignored/>
  </testcase> <!-- uploadPDFandJPG -->
  <testcase classname="TestCase.TestCases_Meghana" name="ValidBlankdocSignerndApprover" time="0.0">
    <ignored/>
  </testcase> <!-- ValidBlankdocSignerndApprover -->
  <testcase classname="TestCase.TestCases_Meghana" name="ValidRearrangingOrderFirstApproverthenSigner" time="0.0">
    <ignored/>
  </testcase> <!-- ValidRearrangingOrderFirstApproverthenSigner -->
  <testcase classname="TestCase.TestCases_Meghana" name="changeDocument" time="0.0">
    <ignored/>
  </testcase> <!-- changeDocument -->
  <testcase classname="TestCase.TestCases_Meghana" name="ValidRearrangingOrderFirstOtherSignersandThenSender" time="0.0">
    <ignored/>
  </testcase> <!-- ValidRearrangingOrderFirstOtherSignersandThenSender -->
  <testcase classname="TestCase.TestCases_Meghana" name="attachmentDownloads" time="0.0">
    <ignored/>
  </testcase> <!-- attachmentDownloads -->
  <testcase classname="TestCase.TestCases_Meghana" name="validBlankDocRearrangeorderCCApproversigner" time="0.0">
    <ignored/>
  </testcase> <!-- validBlankDocRearrangeorderCCApproversigner -->
  <testcase classname="TestCase.TestCases_Meghana" name="contentFeildsCompanyProfile" time="0.0">
    <ignored/>
  </testcase> <!-- contentFeildsCompanyProfile -->
  <testcase classname="TestCase.TestCases_Meghana" name="uploadPNG" time="0.0">
    <ignored/>
  </testcase> <!-- uploadPNG -->
  <testcase classname="TestCase.TestCases_Meghana" name="uploadDOCandTXT" time="0.0">
    <ignored/>
  </testcase> <!-- uploadDOCandTXT -->
  <testcase classname="TestCase.TestCases_Meghana" name="uploadPDFandDOC" time="0.0">
    <ignored/>
  </testcase> <!-- uploadPDFandDOC -->
  <testcase classname="TestCase.TestCases_Meghana" name="uploadPDFandDoc" time="0.0">
    <ignored/>
  </testcase> <!-- uploadPDFandDoc -->
  <testcase classname="TestCase.TestCases_Meghana" name="ValidBlankDocMultipleSigners" time="0.0">
    <ignored/>
  </testcase> <!-- ValidBlankDocMultipleSigners -->
  <testcase classname="TestCase.TestCases_Meghana" name="uploadDocandDoc" time="0.0">
    <ignored/>
  </testcase> <!-- uploadDocandDoc -->
  <testcase classname="TestCase.TestCases_Meghana" name="BlankDocWithEnforcement" time="0.0">
    <ignored/>
  </testcase> <!-- BlankDocWithEnforcement -->
  <testcase classname="TestCase.TestCases_Meghana" name="validBlankDocApproverSenderSignerOtherSigner" time="0.0">
    <ignored/>
  </testcase> <!-- validBlankDocApproverSenderSignerOtherSigner -->
  <testcase classname="TestCase.TestCases_Meghana" name="validBlankDocMulsignerApproverCC" time="0.0">
    <ignored/>
  </testcase> <!-- validBlankDocMulsignerApproverCC -->
  <testcase classname="TestCase.TestCases_Meghana" name="validBlankDocRearrangeorderCCSignerApprover" time="0.0">
    <ignored/>
  </testcase> <!-- validBlankDocRearrangeorderCCSignerApprover -->
  <testcase classname="TestCase.TestCases_Meghana" name="validRearrangeorderApproverCCSigner" time="0.0">
    <ignored/>
  </testcase> <!-- validRearrangeorderApproverCCSigner -->
  <testcase classname="TestCase.TestCases_Meghana" name="ValidRearrangingOrderFirstOtherSignersndThenSenderOnedrive" time="0.0">
    <ignored/>
  </testcase> <!-- ValidRearrangingOrderFirstOtherSignersndThenSenderOnedrive -->
  <testcase classname="TestCase.TestCases_Meghana" name="ValidBlankDocSignerApproverAndCCWithoutEnforceSignature" time="0.0">
    <ignored/>
  </testcase> <!-- ValidBlankDocSignerApproverAndCCWithoutEnforceSignature -->
  <testcase classname="TestCase.TestCases_Meghana" name="uploadDOCandJPG" time="0.0">
    <ignored/>
  </testcase> <!-- uploadDOCandJPG -->
  <testcase classname="TestCase.TestCases_Meghana" name="uploadjpg" time="0.0">
    <ignored/>
  </testcase> <!-- uploadjpg -->
  <testcase classname="TestCase.TestCases_Meghana" name="validBlankDocSignerMulApproverAndMulCC" time="0.0">
    <ignored/>
  </testcase> <!-- validBlankDocSignerMulApproverAndMulCC -->
  <testcase classname="TestCase.TestCases_Meghana" name="BlankDocWithtEnforcement" time="0.0">
    <ignored/>
  </testcase> <!-- BlankDocWithtEnforcement -->
  <testcase classname="TestCase.TestCases_Meghana" name="validBlankDocSenderSignerApproverOtherSigner" time="0.0">
    <ignored/>
  </testcase> <!-- validBlankDocSenderSignerApproverOtherSigner -->
  <testcase classname="TestCase.TestCases_Meghana" name="BlankDocWithoEnforcementWithAutofill" time="0.0">
    <ignored/>
  </testcase> <!-- BlankDocWithoEnforcementWithAutofill -->
  <testcase classname="TestCase.TestCases_Meghana" name="BasicfeildsCompanyProfile" time="0.0">
    <ignored/>
  </testcase> <!-- BasicfeildsCompanyProfile -->
  <testcase classname="TestCase.TestCases_Meghana" name="validBlankDocOtherSignerApproverSenderSigner" time="0.0">
    <ignored/>
  </testcase> <!-- validBlankDocOtherSignerApproverSenderSigner -->
  <testcase classname="TestCase.TestCases_Meghana" name="BlankDocWithEnforcementWithoutAutofill" time="0.0">
    <ignored/>
  </testcase> <!-- BlankDocWithEnforcementWithoutAutofill -->
  <testcase classname="TestCase.TestCases_Meghana" name="ValidDocscenarioOnedrive" time="0.0">
    <ignored/>
  </testcase> <!-- ValidDocscenarioOnedrive -->
  <testcase classname="TestCase.TestCases_Meghana" name="ValidOneDriveDocMultipleSigners" time="0.0">
    <ignored/>
  </testcase> <!-- ValidOneDriveDocMultipleSigners -->
  <testcase classname="TestCase.TestCases_Meghana" name="uploadDOCandPNG" time="0.0">
    <ignored/>
  </testcase> <!-- uploadDOCandPNG -->
  <testcase classname="TestCase.TestCases_Meghana" name="validBlankDocRearrangeorderSignerCCApprover" time="0.0">
    <ignored/>
  </testcase> <!-- validBlankDocRearrangeorderSignerCCApprover -->
  <testcase classname="TestCase.TestCases_Meghana" name="uploadTXT" time="0.0">
    <ignored/>
  </testcase> <!-- uploadTXT -->
  <testcase classname="TestCase.TestCases_Meghana" name="ValidBlankDocSignerMulApproverAndCC" time="0.0">
    <ignored/>
  </testcase> <!-- ValidBlankDocSignerMulApproverAndCC -->
</testsuite> <!-- Default test -->
