<?xml version="1.0" encoding="UTF-8"?>
<!-- Generated by org.testng.reporters.JUnitXMLReporter -->
<testsuite ignored="11" hostname="HGT-LAP-310" failures="1" tests="1" name="Default test" time="14.45" errors="0" timestamp="2024-03-26T15:35:45 IST">
  <testcase classname="TestCase.EntitiesScenariosTestRamya" name="Validbugid4692" time="10.04">
    <failure type="org.openqa.selenium.NoSuchWindowException" message="no such window: target window already closed
from unknown error: web view not found
  (Session info: chrome=122.0.6261.131)
Build info: version: &amp;apos;4.18.1&amp;apos;, revision: &amp;apos;b1d3319b48&amp;apos;
System info: os.name: &amp;apos;Windows 11&amp;apos;, os.arch: &amp;apos;amd64&amp;apos;, os.version: &amp;apos;10.0&amp;apos;, java.version: &amp;apos;21.0.1&amp;apos;
Driver info: org.openqa.selenium.chrome.ChromeDriver
Command: [de00a95ec437b542f07308e139235bdd, findElement {value=//input[@placeholder=&amp;apos;Ex: johnwesley@abc.com&amp;apos;], using=xpath}]
Capabilities {acceptInsecureCerts: false, browserName: chrome, browserVersion: 122.0.6261.131, chrome: {chromedriverVersion: 122.0.6261.128 (f18a44fedeb..., userDataDir: C:\Users\PRUDHV~1.BUD\AppDa...}, fedcm:accounts: true, goog:chromeOptions: {debuggerAddress: localhost:51355}, networkConnectionEnabled: false, pageLoadStrategy: normal, platformName: windows, proxy: Proxy(), se:cdp: ws://localhost:51355/devtoo..., se:cdpVersion: 122.0.6261.131, setWindowRect: true, strictFileInteractability: false, timeouts: {implicit: 0, pageLoad: 300000, script: 30000}, unhandledPromptBehavior: dismiss and notify, webauthn:extension:credBlob: true, webauthn:extension:largeBlob: true, webauthn:extension:minPinLength: true, webauthn:extension:prf: true, webauthn:virtualAuthenticators: true}
Session ID: de00a95ec437b542f07308e139235bdd">
      <![CDATA[org.openqa.selenium.NoSuchWindowException: no such window: target window already closed
from unknown error: web view not found
  (Session info: chrome=122.0.6261.131)
Build info: version: '4.18.1', revision: 'b1d3319b48'
System info: os.name: 'Windows 11', os.arch: 'amd64', os.version: '10.0', java.version: '21.0.1'
Driver info: org.openqa.selenium.chrome.ChromeDriver
Command: [de00a95ec437b542f07308e139235bdd, findElement {value=//input[@placeholder='Ex: johnwesley@abc.com'], using=xpath}]
Capabilities {acceptInsecureCerts: false, browserName: chrome, browserVersion: 122.0.6261.131, chrome: {chromedriverVersion: 122.0.6261.128 (f18a44fedeb..., userDataDir: C:\Users\PRUDHV~1.BUD\AppDa...}, fedcm:accounts: true, goog:chromeOptions: {debuggerAddress: localhost:51355}, networkConnectionEnabled: false, pageLoadStrategy: normal, platformName: windows, proxy: Proxy(), se:cdp: ws://localhost:51355/devtoo..., se:cdpVersion: 122.0.6261.131, setWindowRect: true, strictFileInteractability: false, timeouts: {implicit: 0, pageLoad: 300000, script: 30000}, unhandledPromptBehavior: dismiss and notify, webauthn:extension:credBlob: true, webauthn:extension:largeBlob: true, webauthn:extension:minPinLength: true, webauthn:extension:prf: true, webauthn:virtualAuthenticators: true}
Session ID: de00a95ec437b542f07308e139235bdd
at java.base/jdk.internal.reflect.DirectConstructorHandleAccessor.newInstance(DirectConstructorHandleAccessor.java:62)
at java.base/java.lang.reflect.Constructor.newInstanceWithCaller(Constructor.java:502)
at java.base/java.lang.reflect.Constructor.newInstance(Constructor.java:486)
at org.openqa.selenium.remote.ErrorCodec.decode(ErrorCodec.java:167)
at org.openqa.selenium.remote.codec.w3c.W3CHttpResponseCodec.decode(W3CHttpResponseCodec.java:138)
at org.openqa.selenium.remote.codec.w3c.W3CHttpResponseCodec.decode(W3CHttpResponseCodec.java:50)
at org.openqa.selenium.remote.HttpCommandExecutor.execute(HttpCommandExecutor.java:190)
at org.openqa.selenium.remote.service.DriverCommandExecutor.invokeExecute(DriverCommandExecutor.java:216)
at org.openqa.selenium.remote.service.DriverCommandExecutor.execute(DriverCommandExecutor.java:174)
at org.openqa.selenium.remote.RemoteWebDriver.execute(RemoteWebDriver.java:519)
at org.openqa.selenium.remote.ElementLocation$ElementFinder$2.findElement(ElementLocation.java:165)
at org.openqa.selenium.remote.ElementLocation.findElement(ElementLocation.java:59)
at org.openqa.selenium.remote.RemoteWebDriver.findElement(RemoteWebDriver.java:356)
at org.openqa.selenium.remote.RemoteWebDriver.findElement(RemoteWebDriver.java:350)
at Pages.Login.SigninRamya(Login.java:46)
at TestCase.EntitiesScenariosTestRamya.Validbugid4692(EntitiesScenariosTestRamya.java:102)
at java.base/jdk.internal.reflect.DirectMethodHandleAccessor.invoke(DirectMethodHandleAccessor.java:103)
at java.base/java.lang.reflect.Method.invoke(Method.java:580)
at org.testng.internal.MethodInvocationHelper.invokeMethod(MethodInvocationHelper.java:133)
at org.testng.internal.TestInvoker.invokeMethod(TestInvoker.java:598)
at org.testng.internal.TestInvoker.invokeTestMethod(TestInvoker.java:173)
at org.testng.internal.MethodRunner.runInSequence(MethodRunner.java:46)
at org.testng.internal.TestInvoker$MethodInvocationAgent.invoke(TestInvoker.java:824)
at org.testng.internal.TestInvoker.invokeTestMethods(TestInvoker.java:146)
at org.testng.internal.TestMethodWorker.invokeTestMethods(TestMethodWorker.java:146)
at org.testng.internal.TestMethodWorker.run(TestMethodWorker.java:128)
at java.base/java.util.ArrayList.forEach(ArrayList.java:1596)
at org.testng.TestRunner.privateRun(TestRunner.java:794)
at org.testng.TestRunner.run(TestRunner.java:596)
at org.testng.SuiteRunner.runTest(SuiteRunner.java:377)
at org.testng.SuiteRunner.runSequentially(SuiteRunner.java:371)
at org.testng.SuiteRunner.privateRun(SuiteRunner.java:332)
at org.testng.SuiteRunner.run(SuiteRunner.java:276)
at org.testng.SuiteRunnerWorker.runSuite(SuiteRunnerWorker.java:53)
at org.testng.SuiteRunnerWorker.run(SuiteRunnerWorker.java:96)
at org.testng.TestNG.runSuitesSequentially(TestNG.java:1212)
at org.testng.TestNG.runSuitesLocally(TestNG.java:1134)
at org.testng.TestNG.runSuites(TestNG.java:1063)
at org.testng.TestNG.run(TestNG.java:1031)
at org.testng.remote.AbstractRemoteTestNG.run(AbstractRemoteTestNG.java:115)
at org.testng.remote.RemoteTestNG.initAndRun(RemoteTestNG.java:251)
at org.testng.remote.RemoteTestNG.main(RemoteTestNG.java:77)
]]>
    </failure>
  </testcase> <!-- Validbugid4692 -->
  <testcase classname="TestCase.EntitiesScenariosTestRamya" name="Validbugid4831" time="0.0">
    <ignored/>
  </testcase> <!-- Validbugid4831 -->
  <testcase classname="TestCase.EntitiesScenariosTestRamya" name="VerifyCreateEntities" time="0.0">
    <ignored/>
  </testcase> <!-- VerifyCreateEntities -->
  <testcase classname="TestCase.EntitiesScenariosTestRamya" name="VerifyGeneralEntitytype" time="0.0">
    <ignored/>
  </testcase> <!-- VerifyGeneralEntitytype -->
  <testcase classname="TestCase.EntitiesScenariosTestRamya" name="Validbugid4786" time="0.0">
    <ignored/>
  </testcase> <!-- Validbugid4786 -->
  <testcase classname="TestCase.EntitiesScenariosTestRamya" name="VerifyBusinessentity" time="0.0">
    <ignored/>
  </testcase> <!-- VerifyBusinessentity -->
  <testcase classname="TestCase.EntitiesScenariosTestRamya" name="ValidBugID2199" time="0.0">
    <ignored/>
  </testcase> <!-- ValidBugID2199 -->
  <testcase classname="TestCase.EntitiesScenariosTestRamya" name="ValidBugID1553" time="0.0">
    <ignored/>
  </testcase> <!-- ValidBugID1553 -->
  <testcase classname="TestCase.EntitiesScenariosTestRamya" name="VerifyIndividualEntityType" time="0.0">
    <ignored/>
  </testcase> <!-- VerifyIndividualEntityType -->
  <testcase classname="TestCase.EntitiesScenariosTestRamya" name="Verify4841" time="0.0">
    <ignored/>
  </testcase> <!-- Verify4841 -->
  <testcase classname="TestCase.EntitiesScenariosTestRamya" name="ValidBugID3280" time="0.0">
    <ignored/>
  </testcase> <!-- ValidBugID3280 -->
  <testcase classname="TestCase.EntitiesScenariosTestRamya" name="Verifybugid4841" time="0.0">
    <ignored/>
  </testcase> <!-- Verifybugid4841 -->
</testsuite> <!-- Default test -->
