<?xml version="1.0" encoding="UTF-8"?>
<!-- Generated by org.testng.reporters.JUnitXMLReporter -->
<testsuite ignored="46" hostname="HGT-LAP-310" failures="0" tests="1" name="Default test" time="465.594" errors="0" timestamp="2024-07-26T11:30:09 IST">
  <testcase classname="TestCase.TestCases_Prudhvi1" name="BlankDocWithEnforcement" time="454.775"/>
  <testcase classname="TestCase.TestCases_Prudhvi1" name="validRearrangeorderApproverCCSigner" time="0.0">
    <ignored/>
  </testcase> <!-- validRearrangeorderApproverCCSigner -->
  <testcase classname="TestCase.TestCases_Prudhvi1" name="ValidRearrangingOrderFirstOtherSignersndThenSenderOnedrive" time="0.0">
    <ignored/>
  </testcase> <!-- ValidRearrangingOrderFirstOtherSignersndThenSenderOnedrive -->
  <testcase classname="TestCase.TestCases_Prudhvi1" name="validBlankDocMulsignerApproverCC" time="0.0">
    <ignored/>
  </testcase> <!-- validBlankDocMulsignerApproverCC -->
  <testcase classname="TestCase.TestCases_Prudhvi1" name="ValidRearrangingOrderCCndSigner" time="0.0">
    <ignored/>
  </testcase> <!-- ValidRearrangingOrderCCndSigner -->
  <testcase classname="TestCase.TestCases_Prudhvi1" name="validBlankDocApproverSenderSignerOtherSigner" time="0.0">
    <ignored/>
  </testcase> <!-- validBlankDocApproverSenderSignerOtherSigner -->
  <testcase classname="TestCase.TestCases_Prudhvi1" name="uploadpdfFile" time="0.0">
    <ignored/>
  </testcase> <!-- uploadpdfFile -->
  <testcase classname="TestCase.TestCases_Prudhvi1" name="validBlankDocRearrangeorderCCSignerApprover" time="0.0">
    <ignored/>
  </testcase> <!-- validBlankDocRearrangeorderCCSignerApprover -->
  <testcase classname="TestCase.TestCases_Prudhvi1" name="validBlankDocRearrangeorderApproverSignerAndCC" time="0.0">
    <ignored/>
  </testcase> <!-- validBlankDocRearrangeorderApproverSignerAndCC -->
  <testcase classname="TestCase.TestCases_Prudhvi1" name="uploadDocandDoc" time="0.0">
    <ignored/>
  </testcase> <!-- uploadDocandDoc -->
  <testcase classname="TestCase.TestCases_Prudhvi1" name="uploadVedio" time="0.0">
    <ignored/>
  </testcase> <!-- uploadVedio -->
  <testcase classname="TestCase.TestCases_Prudhvi1" name="ValidBlankDocMultipleSigners" time="0.0">
    <ignored/>
  </testcase> <!-- ValidBlankDocMultipleSigners -->
  <testcase classname="TestCase.TestCases_Prudhvi1" name="uploadPDFandDoc" time="0.0">
    <ignored/>
  </testcase> <!-- uploadPDFandDoc -->
  <testcase classname="TestCase.TestCases_Prudhvi1" name="uploadPDFandDOC" time="0.0">
    <ignored/>
  </testcase> <!-- uploadPDFandDOC -->
  <testcase classname="TestCase.TestCases_Prudhvi1" name="uploadPDFandPDF" time="0.0">
    <ignored/>
  </testcase> <!-- uploadPDFandPDF -->
  <testcase classname="TestCase.TestCases_Prudhvi1" name="BlankDocWithEnforcementWithoutAutofill" time="0.0">
    <ignored/>
  </testcase> <!-- BlankDocWithEnforcementWithoutAutofill -->
  <testcase classname="TestCase.TestCases_Prudhvi1" name="ReuploadingCompletedEsignsIDGeneratedDOC" time="0.0">
    <ignored/>
  </testcase> <!-- ReuploadingCompletedEsignsIDGeneratedDOC -->
  <testcase classname="TestCase.TestCases_Prudhvi1" name="uploadPDFandTXT" time="0.0">
    <ignored/>
  </testcase> <!-- uploadPDFandTXT -->
  <testcase classname="TestCase.TestCases_Prudhvi1" name="validBlankDocOtherSignerApproverSenderSigner" time="0.0">
    <ignored/>
  </testcase> <!-- validBlankDocOtherSignerApproverSenderSigner -->
  <testcase classname="TestCase.TestCases_Prudhvi1" name="BlankDocWithtEnforcement" time="0.0">
    <ignored/>
  </testcase> <!-- BlankDocWithtEnforcement -->
  <testcase classname="TestCase.TestCases_Prudhvi1" name="validBlankDocSignerMulApproverAndMulCC" time="0.0">
    <ignored/>
  </testcase> <!-- validBlankDocSignerMulApproverAndMulCC -->
  <testcase classname="TestCase.TestCases_Prudhvi1" name="uploadjpg" time="0.0">
    <ignored/>
  </testcase> <!-- uploadjpg -->
  <testcase classname="TestCase.TestCases_Prudhvi1" name="validBlankDocSenderSignerApproverOtherSigner" time="0.0">
    <ignored/>
  </testcase> <!-- validBlankDocSenderSignerApproverOtherSigner -->
  <testcase classname="TestCase.TestCases_Prudhvi1" name="BlankDocWithoEnforcementWithAutofill" time="0.0">
    <ignored/>
  </testcase> <!-- BlankDocWithoEnforcementWithAutofill -->
  <testcase classname="TestCase.TestCases_Prudhvi1" name="BlankDocWithoutEnforcementWithoutAutofill" time="0.0">
    <ignored/>
  </testcase> <!-- BlankDocWithoutEnforcementWithoutAutofill -->
  <testcase classname="TestCase.TestCases_Prudhvi1" name="BlankDocWithEnforcementWithAutofill" time="0.0">
    <ignored/>
  </testcase> <!-- BlankDocWithEnforcementWithAutofill -->
  <testcase classname="TestCase.TestCases_Prudhvi1" name="BasicfeildsCompanyProfile" time="0.0">
    <ignored/>
  </testcase> <!-- BasicfeildsCompanyProfile -->
  <testcase classname="TestCase.TestCases_Prudhvi1" name="ValidBlankDocSignerApproverAndCCWithoutEnforceSignature" time="0.0">
    <ignored/>
  </testcase> <!-- ValidBlankDocSignerApproverAndCCWithoutEnforceSignature -->
  <testcase classname="TestCase.TestCases_Prudhvi1" name="uploadDOCandJPG" time="0.0">
    <ignored/>
  </testcase> <!-- uploadDOCandJPG -->
  <testcase classname="TestCase.TestCases_Prudhvi1" name="ValidOneDriveDocMultipleSigners" time="0.0">
    <ignored/>
  </testcase> <!-- ValidOneDriveDocMultipleSigners -->
  <testcase classname="TestCase.TestCases_Prudhvi1" name="ValidBlankDocSignerApproverAndMultipleCC" time="0.0">
    <ignored/>
  </testcase> <!-- ValidBlankDocSignerApproverAndMultipleCC -->
  <testcase classname="TestCase.TestCases_Prudhvi1" name="uploadPDFandJPG" time="0.0">
    <ignored/>
  </testcase> <!-- uploadPDFandJPG -->
  <testcase classname="TestCase.TestCases_Prudhvi1" name="uploadDOCandPNG" time="0.0">
    <ignored/>
  </testcase> <!-- uploadDOCandPNG -->
  <testcase classname="TestCase.TestCases_Prudhvi1" name="ValidBlankdocSignerndApprover" time="0.0">
    <ignored/>
  </testcase> <!-- ValidBlankdocSignerndApprover -->
  <testcase classname="TestCase.TestCases_Prudhvi1" name="ValidRearrangingOrderFirstApproverthenSigner" time="0.0">
    <ignored/>
  </testcase> <!-- ValidRearrangingOrderFirstApproverthenSigner -->
  <testcase classname="TestCase.TestCases_Prudhvi1" name="ValidSignerndApproverOnedrive" time="0.0">
    <ignored/>
  </testcase> <!-- ValidSignerndApproverOnedrive -->
  <testcase classname="TestCase.TestCases_Prudhvi1" name="uploadDoc" time="0.0">
    <ignored/>
  </testcase> <!-- uploadDoc -->
  <testcase classname="TestCase.TestCases_Prudhvi1" name="ValidDocscenarioOnedrive" time="0.0">
    <ignored/>
  </testcase> <!-- ValidDocscenarioOnedrive -->
  <testcase classname="TestCase.TestCases_Prudhvi1" name="validBlankDocOtherSignerSenderSignerApprover" time="0.0">
    <ignored/>
  </testcase> <!-- validBlankDocOtherSignerSenderSignerApprover -->
  <testcase classname="TestCase.TestCases_Prudhvi1" name="uploadPNG" time="0.0">
    <ignored/>
  </testcase> <!-- uploadPNG -->
  <testcase classname="TestCase.TestCases_Prudhvi1" name="uploadDOCandTXT" time="0.0">
    <ignored/>
  </testcase> <!-- uploadDOCandTXT -->
  <testcase classname="TestCase.TestCases_Prudhvi1" name="validBlankDocRearrangeorderSignerCCApprover" time="0.0">
    <ignored/>
  </testcase> <!-- validBlankDocRearrangeorderSignerCCApprover -->
  <testcase classname="TestCase.TestCases_Prudhvi1" name="uploadTXT" time="0.0">
    <ignored/>
  </testcase> <!-- uploadTXT -->
  <testcase classname="TestCase.TestCases_Prudhvi1" name="ValidBlankDocSignerMulApproverAndCC" time="0.0">
    <ignored/>
  </testcase> <!-- ValidBlankDocSignerMulApproverAndCC -->
  <testcase classname="TestCase.TestCases_Prudhvi1" name="validBlankDocRearrangeorderCCApproversigner" time="0.0">
    <ignored/>
  </testcase> <!-- validBlankDocRearrangeorderCCApproversigner -->
  <testcase classname="TestCase.TestCases_Prudhvi1" name="contentFeildsCompanyProfile" time="0.0">
    <ignored/>
  </testcase> <!-- contentFeildsCompanyProfile -->
  <testcase classname="TestCase.TestCases_Prudhvi1" name="ValidRearrangingOrderFirstOtherSignersandThenSender" time="0.0">
    <ignored/>
  </testcase> <!-- ValidRearrangingOrderFirstOtherSignersandThenSender -->
</testsuite> <!-- Default test -->
