<?xml version="1.0" encoding="UTF-8"?>
<!-- Generated by org.testng.reporters.JUnitXMLReporter -->
<testsuite ignored="0" hostname="HGT-LAP-310" failures="0" tests="84" name="Default test" time="182.294" errors="0" timestamp="2024-07-19T12:23:52 IST">
  <testcase classname="TestCase.TestCases_Prudhvi2" name="@BeforeMethod initialize" time="181.629">
    <failure type="org.openqa.selenium.TimeoutException" message="java.util.concurrent.TimeoutException
Build info: version: &amp;apos;4.22.0&amp;apos;, revision: &amp;apos;c5f3146703*&amp;apos;
System info: os.name: &amp;apos;Windows 11&amp;apos;, os.arch: &amp;apos;amd64&amp;apos;, os.version: &amp;apos;10.0&amp;apos;, java.version: &amp;apos;21.0.1&amp;apos;
Driver info: org.openqa.selenium.chrome.ChromeDriver
Command: [31591897f2398b118a2a6944dd50ca2c, get {url=https://nsui.esigns.io/signin}]
Capabilities {acceptInsecureCerts: false, browserName: chrome, browserVersion: 126.0.6478.128, chrome: {chromedriverVersion: 126.0.6478.182 (5b5d8292ddf..., userDataDir: C:\Users\PRUDHV~1.BUD\AppDa...}, fedcm:accounts: true, goog:chromeOptions: {debuggerAddress: localhost:65508}, networkConnectionEnabled: false, pageLoadStrategy: normal, platformName: windows, proxy: Proxy(), se:cdp: ws://localhost:65508/devtoo..., se:cdpVersion: 126.0.6478.128, setWindowRect: true, strictFileInteractability: false, timeouts: {implicit: 0, pageLoad: 300000, script: 30000}, unhandledPromptBehavior: dismiss and notify, webauthn:extension:credBlob: true, webauthn:extension:largeBlob: true, webauthn:extension:minPinLength: true, webauthn:extension:prf: true, webauthn:virtualAuthenticators: true}
Session ID: 31591897f2398b118a2a6944dd50ca2c">
      <![CDATA[org.openqa.selenium.TimeoutException: java.util.concurrent.TimeoutException
Build info: version: '4.22.0', revision: 'c5f3146703*'
System info: os.name: 'Windows 11', os.arch: 'amd64', os.version: '10.0', java.version: '21.0.1'
Driver info: org.openqa.selenium.chrome.ChromeDriver
Command: [31591897f2398b118a2a6944dd50ca2c, get {url=https://nsui.esigns.io/signin}]
Capabilities {acceptInsecureCerts: false, browserName: chrome, browserVersion: 126.0.6478.128, chrome: {chromedriverVersion: 126.0.6478.182 (5b5d8292ddf..., userDataDir: C:\Users\PRUDHV~1.BUD\AppDa...}, fedcm:accounts: true, goog:chromeOptions: {debuggerAddress: localhost:65508}, networkConnectionEnabled: false, pageLoadStrategy: normal, platformName: windows, proxy: Proxy(), se:cdp: ws://localhost:65508/devtoo..., se:cdpVersion: 126.0.6478.128, setWindowRect: true, strictFileInteractability: false, timeouts: {implicit: 0, pageLoad: 300000, script: 30000}, unhandledPromptBehavior: dismiss and notify, webauthn:extension:credBlob: true, webauthn:extension:largeBlob: true, webauthn:extension:minPinLength: true, webauthn:extension:prf: true, webauthn:virtualAuthenticators: true}
Session ID: 31591897f2398b118a2a6944dd50ca2c
at org.openqa.selenium.remote.http.jdk.JdkHttpClient.execute0(JdkHttpClient.java:399)
at org.openqa.selenium.remote.http.AddSeleniumUserAgent.lambda$apply$0(AddSeleniumUserAgent.java:42)
at org.openqa.selenium.remote.http.Filter.lambda$andFinally$1(Filter.java:55)
at org.openqa.selenium.remote.http.jdk.JdkHttpClient.execute(JdkHttpClient.java:355)
at org.openqa.selenium.remote.HttpCommandExecutor.execute(HttpCommandExecutor.java:187)
at org.openqa.selenium.remote.service.DriverCommandExecutor.invokeExecute(DriverCommandExecutor.java:216)
at org.openqa.selenium.remote.service.DriverCommandExecutor.execute(DriverCommandExecutor.java:174)
at org.openqa.selenium.remote.RemoteWebDriver.execute(RemoteWebDriver.java:518)
at org.openqa.selenium.remote.RemoteWebDriver.get(RemoteWebDriver.java:300)
at TestCase.TestCases_Prudhvi2.setupDriver(TestCases_Prudhvi2.java:31)
at TestCase.TestCases_Prudhvi2.initialize(TestCases_Prudhvi2.java:36)
at java.base/jdk.internal.reflect.DirectMethodHandleAccessor.invoke(DirectMethodHandleAccessor.java:103)
at java.base/java.lang.reflect.Method.invoke(Method.java:580)
at org.testng.internal.MethodInvocationHelper.invokeMethod(MethodInvocationHelper.java:133)
at org.testng.internal.MethodInvocationHelper.invokeMethodConsideringTimeout(MethodInvocationHelper.java:62)
at org.testng.internal.ConfigInvoker.invokeConfigurationMethod(ConfigInvoker.java:385)
at org.testng.internal.ConfigInvoker.invokeConfigurations(ConfigInvoker.java:321)
at org.testng.internal.TestInvoker.runConfigMethods(TestInvoker.java:700)
at org.testng.internal.TestInvoker.invokeMethod(TestInvoker.java:527)
at org.testng.internal.TestInvoker.invokeTestMethod(TestInvoker.java:173)
at org.testng.internal.MethodRunner.runInSequence(MethodRunner.java:46)
at org.testng.internal.TestInvoker$MethodInvocationAgent.invoke(TestInvoker.java:824)
at org.testng.internal.TestInvoker.invokeTestMethods(TestInvoker.java:146)
at org.testng.internal.TestMethodWorker.invokeTestMethods(TestMethodWorker.java:146)
at org.testng.internal.TestMethodWorker.run(TestMethodWorker.java:128)
at java.base/java.util.ArrayList.forEach(ArrayList.java:1596)
at org.testng.TestRunner.privateRun(TestRunner.java:794)
at org.testng.TestRunner.run(TestRunner.java:596)
at org.testng.SuiteRunner.runTest(SuiteRunner.java:377)
at org.testng.SuiteRunner.runSequentially(SuiteRunner.java:371)
at org.testng.SuiteRunner.privateRun(SuiteRunner.java:332)
at org.testng.SuiteRunner.run(SuiteRunner.java:276)
at org.testng.SuiteRunnerWorker.runSuite(SuiteRunnerWorker.java:53)
at org.testng.SuiteRunnerWorker.run(SuiteRunnerWorker.java:96)
at org.testng.TestNG.runSuitesSequentially(TestNG.java:1212)
at org.testng.TestNG.runSuitesLocally(TestNG.java:1134)
at org.testng.TestNG.runSuites(TestNG.java:1063)
at org.testng.TestNG.run(TestNG.java:1031)
at org.testng.remote.AbstractRemoteTestNG.run(AbstractRemoteTestNG.java:115)
at org.testng.remote.RemoteTestNG.initAndRun(RemoteTestNG.java:293)
at org.testng.remote.RemoteTestNG.main(RemoteTestNG.java:91)
Caused by: java.util.concurrent.TimeoutException
at java.base/java.util.concurrent.CompletableFuture.timedGet(CompletableFuture.java:1960)
at java.base/java.util.concurrent.CompletableFuture.get(CompletableFuture.java:2095)
at org.openqa.selenium.remote.http.jdk.JdkHttpClient.execute0(JdkHttpClient.java:382)
... 40 more
]]>
    </failure>
  </testcase> <!-- @BeforeMethod initialize -->
  <testcase classname="TestCase.TestCases_Prudhvi2" name="@AfterMethod quit" time="-1.721372031221E9">
    <skipped/>
  </testcase> <!-- @AfterMethod quit -->
  <testcase classname="TestCase.TestCases_Prudhvi2" name="@BeforeMethod initialize" time="-1.721372031224E9">
    <skipped/>
  </testcase> <!-- @BeforeMethod initialize -->
  <testcase classname="TestCase.TestCases_Prudhvi2" name="@AfterMethod quit" time="-1.72137203123E9">
    <skipped/>
  </testcase> <!-- @AfterMethod quit -->
  <testcase classname="TestCase.TestCases_Prudhvi2" name="@BeforeMethod initialize" time="-1.721372031234E9">
    <skipped/>
  </testcase> <!-- @BeforeMethod initialize -->
  <testcase classname="TestCase.TestCases_Prudhvi2" name="@AfterMethod quit" time="-1.72137203124E9">
    <skipped/>
  </testcase> <!-- @AfterMethod quit -->
  <testcase classname="TestCase.TestCases_Prudhvi2" name="@BeforeMethod initialize" time="-1.721372031241E9">
    <skipped/>
  </testcase> <!-- @BeforeMethod initialize -->
  <testcase classname="TestCase.TestCases_Prudhvi2" name="@AfterMethod quit" time="-1.721372031245E9">
    <skipped/>
  </testcase> <!-- @AfterMethod quit -->
  <testcase classname="TestCase.TestCases_Prudhvi2" name="@BeforeMethod initialize" time="-1.721372031247E9">
    <skipped/>
  </testcase> <!-- @BeforeMethod initialize -->
  <testcase classname="TestCase.TestCases_Prudhvi2" name="@AfterMethod quit" time="-1.721372031252E9">
    <skipped/>
  </testcase> <!-- @AfterMethod quit -->
  <testcase classname="TestCase.TestCases_Prudhvi2" name="@BeforeMethod initialize" time="-1.721372031254E9">
    <skipped/>
  </testcase> <!-- @BeforeMethod initialize -->
  <testcase classname="TestCase.TestCases_Prudhvi2" name="@AfterMethod quit" time="-1.721372031257E9">
    <skipped/>
  </testcase> <!-- @AfterMethod quit -->
  <testcase classname="TestCase.TestCases_Prudhvi2" name="@BeforeMethod initialize" time="-1.721372031259E9">
    <skipped/>
  </testcase> <!-- @BeforeMethod initialize -->
  <testcase classname="TestCase.TestCases_Prudhvi2" name="@AfterMethod quit" time="-1.721372031263E9">
    <skipped/>
  </testcase> <!-- @AfterMethod quit -->
  <testcase classname="TestCase.TestCases_Prudhvi2" name="@BeforeMethod initialize" time="-1.721372031264E9">
    <skipped/>
  </testcase> <!-- @BeforeMethod initialize -->
  <testcase classname="TestCase.TestCases_Prudhvi2" name="@AfterMethod quit" time="-1.721372031271E9">
    <skipped/>
  </testcase> <!-- @AfterMethod quit -->
  <testcase classname="TestCase.TestCases_Prudhvi2" name="@BeforeMethod initialize" time="-1.721372031272E9">
    <skipped/>
  </testcase> <!-- @BeforeMethod initialize -->
  <testcase classname="TestCase.TestCases_Prudhvi2" name="@AfterMethod quit" time="-1.721372031275E9">
    <skipped/>
  </testcase> <!-- @AfterMethod quit -->
  <testcase classname="TestCase.TestCases_Prudhvi2" name="@BeforeMethod initialize" time="-1.721372031276E9">
    <skipped/>
  </testcase> <!-- @BeforeMethod initialize -->
  <testcase classname="TestCase.TestCases_Prudhvi2" name="@AfterMethod quit" time="-1.721372031278E9">
    <skipped/>
  </testcase> <!-- @AfterMethod quit -->
  <testcase classname="TestCase.TestCases_Prudhvi2" name="@BeforeMethod initialize" time="-1.721372031281E9">
    <skipped/>
  </testcase> <!-- @BeforeMethod initialize -->
  <testcase classname="TestCase.TestCases_Prudhvi2" name="@AfterMethod quit" time="-1.721372031285E9">
    <skipped/>
  </testcase> <!-- @AfterMethod quit -->
  <testcase classname="TestCase.TestCases_Prudhvi2" name="@BeforeMethod initialize" time="-1.721372031286E9">
    <skipped/>
  </testcase> <!-- @BeforeMethod initialize -->
  <testcase classname="TestCase.TestCases_Prudhvi2" name="@AfterMethod quit" time="-1.721372031289E9">
    <skipped/>
  </testcase> <!-- @AfterMethod quit -->
  <testcase classname="TestCase.TestCases_Prudhvi2" name="@BeforeMethod initialize" time="-1.72137203129E9">
    <skipped/>
  </testcase> <!-- @BeforeMethod initialize -->
  <testcase classname="TestCase.TestCases_Prudhvi2" name="@AfterMethod quit" time="-1.721372031294E9">
    <skipped/>
  </testcase> <!-- @AfterMethod quit -->
  <testcase classname="TestCase.TestCases_Prudhvi2" name="@BeforeMethod initialize" time="-1.721372031295E9">
    <skipped/>
  </testcase> <!-- @BeforeMethod initialize -->
  <testcase classname="TestCase.TestCases_Prudhvi2" name="@AfterMethod quit" time="-1.721372031304E9">
    <skipped/>
  </testcase> <!-- @AfterMethod quit -->
  <testcase classname="TestCase.TestCases_Prudhvi2" name="@BeforeMethod initialize" time="-1.721372031306E9">
    <skipped/>
  </testcase> <!-- @BeforeMethod initialize -->
  <testcase classname="TestCase.TestCases_Prudhvi2" name="@AfterMethod quit" time="-1.721372031316E9">
    <skipped/>
  </testcase> <!-- @AfterMethod quit -->
  <testcase classname="TestCase.TestCases_Prudhvi2" name="@BeforeMethod initialize" time="-1.721372031318E9">
    <skipped/>
  </testcase> <!-- @BeforeMethod initialize -->
  <testcase classname="TestCase.TestCases_Prudhvi2" name="@AfterMethod quit" time="-1.721372031322E9">
    <skipped/>
  </testcase> <!-- @AfterMethod quit -->
  <testcase classname="TestCase.TestCases_Prudhvi2" name="@BeforeMethod initialize" time="-1.721372031324E9">
    <skipped/>
  </testcase> <!-- @BeforeMethod initialize -->
  <testcase classname="TestCase.TestCases_Prudhvi2" name="@AfterMethod quit" time="-1.721372031328E9">
    <skipped/>
  </testcase> <!-- @AfterMethod quit -->
  <testcase classname="TestCase.TestCases_Prudhvi2" name="@BeforeMethod initialize" time="-1.72137203133E9">
    <skipped/>
  </testcase> <!-- @BeforeMethod initialize -->
  <testcase classname="TestCase.TestCases_Prudhvi2" name="@AfterMethod quit" time="-1.721372031335E9">
    <skipped/>
  </testcase> <!-- @AfterMethod quit -->
  <testcase classname="TestCase.TestCases_Prudhvi2" name="@BeforeMethod initialize" time="-1.721372031336E9">
    <skipped/>
  </testcase> <!-- @BeforeMethod initialize -->
  <testcase classname="TestCase.TestCases_Prudhvi2" name="@AfterMethod quit" time="-1.72137203134E9">
    <skipped/>
  </testcase> <!-- @AfterMethod quit -->
  <testcase classname="TestCase.TestCases_Prudhvi2" name="@BeforeMethod initialize" time="-1.72137203134E9">
    <skipped/>
  </testcase> <!-- @BeforeMethod initialize -->
  <testcase classname="TestCase.TestCases_Prudhvi2" name="@AfterMethod quit" time="-1.721372031346E9">
    <skipped/>
  </testcase> <!-- @AfterMethod quit -->
  <testcase classname="TestCase.TestCases_Prudhvi2" name="@BeforeMethod initialize" time="-1.721372031348E9">
    <skipped/>
  </testcase> <!-- @BeforeMethod initialize -->
  <testcase classname="TestCase.TestCases_Prudhvi2" name="@AfterMethod quit" time="-1.721372031353E9">
    <skipped/>
  </testcase> <!-- @AfterMethod quit -->
  <testcase classname="TestCase.TestCases_Prudhvi2" name="@BeforeMethod initialize" time="-1.721372031354E9">
    <skipped/>
  </testcase> <!-- @BeforeMethod initialize -->
  <testcase classname="TestCase.TestCases_Prudhvi2" name="@AfterMethod quit" time="-1.721372031358E9">
    <skipped/>
  </testcase> <!-- @AfterMethod quit -->
  <testcase classname="TestCase.TestCases_Prudhvi2" name="@BeforeMethod initialize" time="-1.721372031359E9">
    <skipped/>
  </testcase> <!-- @BeforeMethod initialize -->
  <testcase classname="TestCase.TestCases_Prudhvi2" name="@AfterMethod quit" time="-1.721372031363E9">
    <skipped/>
  </testcase> <!-- @AfterMethod quit -->
  <testcase classname="TestCase.TestCases_Prudhvi2" name="@BeforeMethod initialize" time="-1.721372031364E9">
    <skipped/>
  </testcase> <!-- @BeforeMethod initialize -->
  <testcase classname="TestCase.TestCases_Prudhvi2" name="@AfterMethod quit" time="-1.721372031369E9">
    <skipped/>
  </testcase> <!-- @AfterMethod quit -->
  <testcase classname="TestCase.TestCases_Prudhvi2" name="@BeforeMethod initialize" time="-1.721372031371E9">
    <skipped/>
  </testcase> <!-- @BeforeMethod initialize -->
  <testcase classname="TestCase.TestCases_Prudhvi2" name="@AfterMethod quit" time="-1.721372031373E9">
    <skipped/>
  </testcase> <!-- @AfterMethod quit -->
  <testcase classname="TestCase.TestCases_Prudhvi2" name="@BeforeMethod initialize" time="-1.721372031375E9">
    <skipped/>
  </testcase> <!-- @BeforeMethod initialize -->
  <testcase classname="TestCase.TestCases_Prudhvi2" name="@AfterMethod quit" time="-1.721372031377E9">
    <skipped/>
  </testcase> <!-- @AfterMethod quit -->
  <testcase classname="TestCase.TestCases_Prudhvi2" name="@BeforeMethod initialize" time="-1.721372031378E9">
    <skipped/>
  </testcase> <!-- @BeforeMethod initialize -->
  <testcase classname="TestCase.TestCases_Prudhvi2" name="@AfterMethod quit" time="-1.721372031382E9">
    <skipped/>
  </testcase> <!-- @AfterMethod quit -->
  <testcase classname="TestCase.TestCases_Prudhvi2" name="@BeforeMethod initialize" time="-1.721372031384E9">
    <skipped/>
  </testcase> <!-- @BeforeMethod initialize -->
  <testcase classname="TestCase.TestCases_Prudhvi2" name="@AfterMethod quit" time="-1.721372031386E9">
    <skipped/>
  </testcase> <!-- @AfterMethod quit -->
  <testcase classname="TestCase.TestCases_Prudhvi2" name="@BeforeMethod initialize" time="-1.721372031388E9">
    <skipped/>
  </testcase> <!-- @BeforeMethod initialize -->
  <testcase classname="TestCase.TestCases_Prudhvi2" name="@AfterMethod quit" time="-1.721372031391E9">
    <skipped/>
  </testcase> <!-- @AfterMethod quit -->
  <testcase classname="TestCase.TestCases_Prudhvi2" name="@BeforeMethod initialize" time="-1.721372031393E9">
    <skipped/>
  </testcase> <!-- @BeforeMethod initialize -->
  <testcase classname="TestCase.TestCases_Prudhvi2" name="@AfterMethod quit" time="-1.721372031397E9">
    <skipped/>
  </testcase> <!-- @AfterMethod quit -->
  <testcase classname="TestCase.TestCases_Prudhvi2" name="@BeforeMethod initialize" time="-1.7213720314E9">
    <skipped/>
  </testcase> <!-- @BeforeMethod initialize -->
  <testcase classname="TestCase.TestCases_Prudhvi2" name="@AfterMethod quit" time="-1.721372031404E9">
    <skipped/>
  </testcase> <!-- @AfterMethod quit -->
  <testcase classname="TestCase.TestCases_Prudhvi2" name="@BeforeMethod initialize" time="-1.721372031405E9">
    <skipped/>
  </testcase> <!-- @BeforeMethod initialize -->
  <testcase classname="TestCase.TestCases_Prudhvi2" name="@AfterMethod quit" time="-1.721372031412E9">
    <skipped/>
  </testcase> <!-- @AfterMethod quit -->
  <testcase classname="TestCase.TestCases_Prudhvi2" name="@BeforeMethod initialize" time="-1.72137203142E9">
    <skipped/>
  </testcase> <!-- @BeforeMethod initialize -->
  <testcase classname="TestCase.TestCases_Prudhvi2" name="@AfterMethod quit" time="-1.721372031425E9">
    <skipped/>
  </testcase> <!-- @AfterMethod quit -->
  <testcase classname="TestCase.TestCases_Prudhvi2" name="@BeforeMethod initialize" time="-1.721372031426E9">
    <skipped/>
  </testcase> <!-- @BeforeMethod initialize -->
  <testcase classname="TestCase.TestCases_Prudhvi2" name="@AfterMethod quit" time="-1.72137203143E9">
    <skipped/>
  </testcase> <!-- @AfterMethod quit -->
  <testcase classname="TestCase.TestCases_Prudhvi2" name="@BeforeMethod initialize" time="-1.721372031431E9">
    <skipped/>
  </testcase> <!-- @BeforeMethod initialize -->
  <testcase classname="TestCase.TestCases_Prudhvi2" name="@AfterMethod quit" time="-1.721372031437E9">
    <skipped/>
  </testcase> <!-- @AfterMethod quit -->
  <testcase classname="TestCase.TestCases_Prudhvi2" name="@BeforeMethod initialize" time="-1.721372031438E9">
    <skipped/>
  </testcase> <!-- @BeforeMethod initialize -->
  <testcase classname="TestCase.TestCases_Prudhvi2" name="@AfterMethod quit" time="-1.721372031442E9">
    <skipped/>
  </testcase> <!-- @AfterMethod quit -->
  <testcase classname="TestCase.TestCases_Prudhvi2" name="@BeforeMethod initialize" time="-1.721372031443E9">
    <skipped/>
  </testcase> <!-- @BeforeMethod initialize -->
  <testcase classname="TestCase.TestCases_Prudhvi2" name="@AfterMethod quit" time="-1.721372031444E9">
    <skipped/>
  </testcase> <!-- @AfterMethod quit -->
  <testcase classname="TestCase.TestCases_Prudhvi2" name="@BeforeMethod initialize" time="-1.721372031445E9">
    <skipped/>
  </testcase> <!-- @BeforeMethod initialize -->
  <testcase classname="TestCase.TestCases_Prudhvi2" name="@AfterMethod quit" time="-1.721372031447E9">
    <skipped/>
  </testcase> <!-- @AfterMethod quit -->
  <testcase classname="TestCase.TestCases_Prudhvi2" name="@BeforeMethod initialize" time="-1.721372031448E9">
    <skipped/>
  </testcase> <!-- @BeforeMethod initialize -->
  <testcase classname="TestCase.TestCases_Prudhvi2" name="@AfterMethod quit" time="-1.721372031452E9">
    <skipped/>
  </testcase> <!-- @AfterMethod quit -->
  <testcase classname="TestCase.TestCases_Prudhvi2" name="@BeforeMethod initialize" time="-1.721372031454E9">
    <skipped/>
  </testcase> <!-- @BeforeMethod initialize -->
  <testcase classname="TestCase.TestCases_Prudhvi2" name="@AfterMethod quit" time="-1.721372031457E9">
    <skipped/>
  </testcase> <!-- @AfterMethod quit -->
  <testcase classname="TestCase.TestCases_Prudhvi2" name="@BeforeMethod initialize" time="-1.721372031458E9">
    <skipped/>
  </testcase> <!-- @BeforeMethod initialize -->
  <testcase classname="TestCase.TestCases_Prudhvi2" name="@AfterMethod quit" time="-1.72137203146E9">
    <skipped/>
  </testcase> <!-- @AfterMethod quit -->
  <testcase classname="TestCase.TestCases_Prudhvi2" name="@BeforeMethod initialize" time="-1.721372031461E9">
    <skipped/>
  </testcase> <!-- @BeforeMethod initialize -->
  <testcase classname="TestCase.TestCases_Prudhvi2" name="@AfterMethod quit" time="-1.721372031464E9">
    <skipped/>
  </testcase> <!-- @AfterMethod quit -->
  <testcase classname="TestCase.TestCases_Prudhvi2" name="@BeforeMethod initialize" time="-1.721372031465E9">
    <skipped/>
  </testcase> <!-- @BeforeMethod initialize -->
  <testcase classname="TestCase.TestCases_Prudhvi2" name="@AfterMethod quit" time="-1.721372031472E9">
    <skipped/>
  </testcase> <!-- @AfterMethod quit -->
  <testcase classname="TestCase.TestCases_Prudhvi2" name="@BeforeMethod initialize" time="-1.721372031472E9">
    <skipped/>
  </testcase> <!-- @BeforeMethod initialize -->
  <testcase classname="TestCase.TestCases_Prudhvi2" name="@AfterMethod quit" time="-1.721372031474E9">
    <skipped/>
  </testcase> <!-- @AfterMethod quit -->
  <testcase classname="TestCase.TestCases_Prudhvi2" name="@BeforeMethod initialize" time="-1.721372031475E9">
    <skipped/>
  </testcase> <!-- @BeforeMethod initialize -->
  <testcase classname="TestCase.TestCases_Prudhvi2" name="@AfterMethod quit" time="-1.721372031477E9">
    <skipped/>
  </testcase> <!-- @AfterMethod quit -->
  <testcase classname="TestCase.TestCases_Prudhvi2" name="@BeforeMethod initialize" time="-1.721372031478E9">
    <skipped/>
  </testcase> <!-- @BeforeMethod initialize -->
  <testcase classname="TestCase.TestCases_Prudhvi2" name="@AfterMethod quit" time="-1.72137203148E9">
    <skipped/>
  </testcase> <!-- @AfterMethod quit -->
  <testcase classname="TestCase.TestCases_Prudhvi2" name="@BeforeMethod initialize" time="-1.721372031481E9">
    <skipped/>
  </testcase> <!-- @BeforeMethod initialize -->
  <testcase classname="TestCase.TestCases_Prudhvi2" name="@AfterMethod quit" time="-1.721372031488E9">
    <skipped/>
  </testcase> <!-- @AfterMethod quit -->
  <testcase classname="TestCase.TestCases_Prudhvi2" name="@BeforeMethod initialize" time="-1.721372031489E9">
    <skipped/>
  </testcase> <!-- @BeforeMethod initialize -->
  <testcase classname="TestCase.TestCases_Prudhvi2" name="@AfterMethod quit" time="-1.721372031494E9">
    <skipped/>
  </testcase> <!-- @AfterMethod quit -->
  <testcase classname="TestCase.TestCases_Prudhvi2" name="@BeforeMethod initialize" time="-1.721372031495E9">
    <skipped/>
  </testcase> <!-- @BeforeMethod initialize -->
  <testcase classname="TestCase.TestCases_Prudhvi2" name="@AfterMethod quit" time="-1.721372031502E9">
    <skipped/>
  </testcase> <!-- @AfterMethod quit -->
  <testcase classname="TestCase.TestCases_Prudhvi2" name="@BeforeMethod initialize" time="-1.721372031507E9">
    <skipped/>
  </testcase> <!-- @BeforeMethod initialize -->
  <testcase classname="TestCase.TestCases_Prudhvi2" name="@AfterMethod quit" time="-1.72137203151E9">
    <skipped/>
  </testcase> <!-- @AfterMethod quit -->
  <testcase classname="TestCase.TestCases_Prudhvi2" name="@BeforeMethod initialize" time="-1.721372031511E9">
    <skipped/>
  </testcase> <!-- @BeforeMethod initialize -->
  <testcase classname="TestCase.TestCases_Prudhvi2" name="@AfterMethod quit" time="-1.721372031513E9">
    <skipped/>
  </testcase> <!-- @AfterMethod quit -->
  <testcase classname="TestCase.TestCases_Prudhvi2" name="@BeforeMethod initialize" time="-1.721372031514E9">
    <skipped/>
  </testcase> <!-- @BeforeMethod initialize -->
  <testcase classname="TestCase.TestCases_Prudhvi2" name="@AfterMethod quit" time="-1.721372031517E9">
    <skipped/>
  </testcase> <!-- @AfterMethod quit -->
  <testcase classname="TestCase.TestCases_Prudhvi2" name="@BeforeMethod initialize" time="-1.721372031518E9">
    <skipped/>
  </testcase> <!-- @BeforeMethod initialize -->
  <testcase classname="TestCase.TestCases_Prudhvi2" name="@AfterMethod quit" time="-1.721372031522E9">
    <skipped/>
  </testcase> <!-- @AfterMethod quit -->
  <testcase classname="TestCase.TestCases_Prudhvi2" name="@BeforeMethod initialize" time="-1.721372031523E9">
    <skipped/>
  </testcase> <!-- @BeforeMethod initialize -->
  <testcase classname="TestCase.TestCases_Prudhvi2" name="@AfterMethod quit" time="-1.721372031525E9">
    <skipped/>
  </testcase> <!-- @AfterMethod quit -->
  <testcase classname="TestCase.TestCases_Prudhvi2" name="@BeforeMethod initialize" time="-1.721372031526E9">
    <skipped/>
  </testcase> <!-- @BeforeMethod initialize -->
  <testcase classname="TestCase.TestCases_Prudhvi2" name="@AfterMethod quit" time="-1.721372031528E9">
    <skipped/>
  </testcase> <!-- @AfterMethod quit -->
  <testcase classname="TestCase.TestCases_Prudhvi2" name="@BeforeMethod initialize" time="-1.721372031528E9">
    <skipped/>
  </testcase> <!-- @BeforeMethod initialize -->
  <testcase classname="TestCase.TestCases_Prudhvi2" name="@AfterMethod quit" time="-1.721372031531E9">
    <skipped/>
  </testcase> <!-- @AfterMethod quit -->
  <testcase classname="TestCase.TestCases_Prudhvi2" name="@BeforeMethod initialize" time="-1.721372031532E9">
    <skipped/>
  </testcase> <!-- @BeforeMethod initialize -->
  <testcase classname="TestCase.TestCases_Prudhvi2" name="@AfterMethod quit" time="-1.721372031537E9">
    <skipped/>
  </testcase> <!-- @AfterMethod quit -->
  <testcase classname="TestCase.TestCases_Prudhvi2" name="@BeforeMethod initialize" time="-1.721372031538E9">
    <skipped/>
  </testcase> <!-- @BeforeMethod initialize -->
  <testcase classname="TestCase.TestCases_Prudhvi2" name="@AfterMethod quit" time="-1.72137203154E9">
    <skipped/>
  </testcase> <!-- @AfterMethod quit -->
  <testcase classname="TestCase.TestCases_Prudhvi2" name="@BeforeMethod initialize" time="-1.72137203154E9">
    <skipped/>
  </testcase> <!-- @BeforeMethod initialize -->
  <testcase classname="TestCase.TestCases_Prudhvi2" name="@AfterMethod quit" time="-1.721372031543E9">
    <skipped/>
  </testcase> <!-- @AfterMethod quit -->
  <testcase classname="TestCase.TestCases_Prudhvi2" name="@BeforeMethod initialize" time="-1.721372031544E9">
    <skipped/>
  </testcase> <!-- @BeforeMethod initialize -->
  <testcase classname="TestCase.TestCases_Prudhvi2" name="@AfterMethod quit" time="-1.721372031546E9">
    <skipped/>
  </testcase> <!-- @AfterMethod quit -->
  <testcase classname="TestCase.TestCases_Prudhvi2" name="@BeforeMethod initialize" time="-1.721372031546E9">
    <skipped/>
  </testcase> <!-- @BeforeMethod initialize -->
  <testcase classname="TestCase.TestCases_Prudhvi2" name="@AfterMethod quit" time="-1.721372031549E9">
    <skipped/>
  </testcase> <!-- @AfterMethod quit -->
  <testcase classname="TestCase.TestCases_Prudhvi2" name="@BeforeMethod initialize" time="-1.72137203155E9">
    <skipped/>
  </testcase> <!-- @BeforeMethod initialize -->
  <testcase classname="TestCase.TestCases_Prudhvi2" name="@AfterMethod quit" time="-1.721372031553E9">
    <skipped/>
  </testcase> <!-- @AfterMethod quit -->
  <testcase classname="TestCase.TestCases_Prudhvi2" name="@BeforeMethod initialize" time="-1.721372031555E9">
    <skipped/>
  </testcase> <!-- @BeforeMethod initialize -->
  <testcase classname="TestCase.TestCases_Prudhvi2" name="@AfterMethod quit" time="-1.721372031558E9">
    <skipped/>
  </testcase> <!-- @AfterMethod quit -->
  <testcase classname="TestCase.TestCases_Prudhvi2" name="@BeforeMethod initialize" time="-1.721372031559E9">
    <skipped/>
  </testcase> <!-- @BeforeMethod initialize -->
  <testcase classname="TestCase.TestCases_Prudhvi2" name="@AfterMethod quit" time="-1.721372031561E9">
    <skipped/>
  </testcase> <!-- @AfterMethod quit -->
  <testcase classname="TestCase.TestCases_Prudhvi2" name="@BeforeMethod initialize" time="-1.721372031562E9">
    <skipped/>
  </testcase> <!-- @BeforeMethod initialize -->
  <testcase classname="TestCase.TestCases_Prudhvi2" name="@AfterMethod quit" time="-1.721372031563E9">
    <skipped/>
  </testcase> <!-- @AfterMethod quit -->
  <testcase classname="TestCase.TestCases_Prudhvi2" name="@BeforeMethod initialize" time="-1.721372031565E9">
    <skipped/>
  </testcase> <!-- @BeforeMethod initialize -->
  <testcase classname="TestCase.TestCases_Prudhvi2" name="@AfterMethod quit" time="-1.721372031572E9">
    <skipped/>
  </testcase> <!-- @AfterMethod quit -->
  <testcase classname="TestCase.TestCases_Prudhvi2" name="@BeforeMethod initialize" time="-1.721372031572E9">
    <skipped/>
  </testcase> <!-- @BeforeMethod initialize -->
  <testcase classname="TestCase.TestCases_Prudhvi2" name="@AfterMethod quit" time="-1.721372031574E9">
    <skipped/>
  </testcase> <!-- @AfterMethod quit -->
  <testcase classname="TestCase.TestCases_Prudhvi2" name="@BeforeMethod initialize" time="-1.721372031575E9">
    <skipped/>
  </testcase> <!-- @BeforeMethod initialize -->
  <testcase classname="TestCase.TestCases_Prudhvi2" name="@AfterMethod quit" time="-1.721372031576E9">
    <skipped/>
  </testcase> <!-- @AfterMethod quit -->
  <testcase classname="TestCase.TestCases_Prudhvi2" name="@BeforeMethod initialize" time="-1.721372031577E9">
    <skipped/>
  </testcase> <!-- @BeforeMethod initialize -->
  <testcase classname="TestCase.TestCases_Prudhvi2" name="@AfterMethod quit" time="-1.721372031579E9">
    <skipped/>
  </testcase> <!-- @AfterMethod quit -->
  <testcase classname="TestCase.TestCases_Prudhvi2" name="@BeforeMethod initialize" time="-1.72137203158E9">
    <skipped/>
  </testcase> <!-- @BeforeMethod initialize -->
  <testcase classname="TestCase.TestCases_Prudhvi2" name="@AfterMethod quit" time="-1.721372031581E9">
    <skipped/>
  </testcase> <!-- @AfterMethod quit -->
  <testcase classname="TestCase.TestCases_Prudhvi2" name="@BeforeMethod initialize" time="-1.721372031582E9">
    <skipped/>
  </testcase> <!-- @BeforeMethod initialize -->
  <testcase classname="TestCase.TestCases_Prudhvi2" name="@AfterMethod quit" time="-1.721372031585E9">
    <skipped/>
  </testcase> <!-- @AfterMethod quit -->
  <testcase classname="TestCase.TestCases_Prudhvi2" name="@BeforeMethod initialize" time="-1.721372031586E9">
    <skipped/>
  </testcase> <!-- @BeforeMethod initialize -->
  <testcase classname="TestCase.TestCases_Prudhvi2" name="@AfterMethod quit" time="-1.721372031588E9">
    <skipped/>
  </testcase> <!-- @AfterMethod quit -->
  <testcase classname="TestCase.TestCases_Prudhvi2" name="@BeforeMethod initialize" time="-1.721372031588E9">
    <skipped/>
  </testcase> <!-- @BeforeMethod initialize -->
  <testcase classname="TestCase.TestCases_Prudhvi2" name="@AfterMethod quit" time="-1.721372031591E9">
    <skipped/>
  </testcase> <!-- @AfterMethod quit -->
  <testcase classname="TestCase.TestCases_Prudhvi2" name="@BeforeMethod initialize" time="-1.721372031592E9">
    <skipped/>
  </testcase> <!-- @BeforeMethod initialize -->
  <testcase classname="TestCase.TestCases_Prudhvi2" name="@AfterMethod quit" time="-1.721372031593E9">
    <skipped/>
  </testcase> <!-- @AfterMethod quit -->
  <testcase classname="TestCase.TestCases_Prudhvi2" name="@BeforeMethod initialize" time="-1.721372031594E9">
    <skipped/>
  </testcase> <!-- @BeforeMethod initialize -->
  <testcase classname="TestCase.TestCases_Prudhvi2" name="@AfterMethod quit" time="-1.721372031596E9">
    <skipped/>
  </testcase> <!-- @AfterMethod quit -->
  <testcase classname="TestCase.TestCases_Prudhvi2" name="@BeforeMethod initialize" time="-1.721372031597E9">
    <skipped/>
  </testcase> <!-- @BeforeMethod initialize -->
  <testcase classname="TestCase.TestCases_Prudhvi2" name="@AfterMethod quit" time="-1.721372031599E9">
    <skipped/>
  </testcase> <!-- @AfterMethod quit -->
  <testcase classname="TestCase.TestCases_Prudhvi2" name="@BeforeMethod initialize" time="-1.721372031601E9">
    <skipped/>
  </testcase> <!-- @BeforeMethod initialize -->
  <testcase classname="TestCase.TestCases_Prudhvi2" name="@AfterMethod quit" time="-1.721372031604E9">
    <skipped/>
  </testcase> <!-- @AfterMethod quit -->
  <testcase classname="TestCase.TestCases_Prudhvi2" name="@BeforeMethod initialize" time="-1.721372031606E9">
    <skipped/>
  </testcase> <!-- @BeforeMethod initialize -->
  <testcase classname="TestCase.TestCases_Prudhvi2" name="@AfterMethod quit" time="-1.721372031607E9">
    <skipped/>
  </testcase> <!-- @AfterMethod quit -->
  <testcase classname="TestCase.TestCases_Prudhvi2" name="@BeforeMethod initialize" time="-1.721372031608E9">
    <skipped/>
  </testcase> <!-- @BeforeMethod initialize -->
  <testcase classname="TestCase.TestCases_Prudhvi2" name="@AfterMethod quit" time="-1.72137203161E9">
    <skipped/>
  </testcase> <!-- @AfterMethod quit -->
  <testcase classname="TestCase.TestCases_Prudhvi2" name="@BeforeMethod initialize" time="-1.72137203161E9">
    <skipped/>
  </testcase> <!-- @BeforeMethod initialize -->
  <testcase classname="TestCase.TestCases_Prudhvi2" name="@AfterMethod quit" time="-1.721372031612E9">
    <skipped/>
  </testcase> <!-- @AfterMethod quit -->
  <testcase classname="TestCase.TestCases_Prudhvi2" name="@BeforeMethod initialize" time="-1.721372031613E9">
    <skipped/>
  </testcase> <!-- @BeforeMethod initialize -->
  <testcase classname="TestCase.TestCases_Prudhvi2" name="@AfterMethod quit" time="-1.721372031615E9">
    <skipped/>
  </testcase> <!-- @AfterMethod quit -->
  <testcase classname="TestCase.TestCases_Prudhvi2" name="@BeforeMethod initialize" time="-1.721372031616E9">
    <skipped/>
  </testcase> <!-- @BeforeMethod initialize -->
  <testcase classname="TestCase.TestCases_Prudhvi2" name="@AfterMethod quit" time="-1.721372031622E9">
    <skipped/>
  </testcase> <!-- @AfterMethod quit -->
  <testcase classname="TestCase.TestCases_Prudhvi2" name="@BeforeMethod initialize" time="-1.721372031622E9">
    <skipped/>
  </testcase> <!-- @BeforeMethod initialize -->
  <testcase classname="TestCase.TestCases_Prudhvi2" name="@AfterMethod quit" time="-1.721372031623E9">
    <skipped/>
  </testcase> <!-- @AfterMethod quit -->
  <testcase classname="TestCase.TestCases_Prudhvi2" name="@BeforeMethod initialize" time="-1.721372031624E9">
    <skipped/>
  </testcase> <!-- @BeforeMethod initialize -->
  <testcase classname="TestCase.TestCases_Prudhvi2" name="@AfterMethod quit" time="-1.721372031625E9">
    <skipped/>
  </testcase> <!-- @AfterMethod quit -->
  <testcase classname="TestCase.TestCases_Prudhvi2" name="VerifyLoginFunctionalityWithValidCredantials" time="0.0">
    <skipped/>
  </testcase> <!-- VerifyLoginFunctionalityWithValidCredantials -->
  <testcase classname="TestCase.TestCases_Prudhvi2" name="VerifyAppSigSenderorderWOEWOA" time="0.0">
    <skipped/>
  </testcase> <!-- VerifyAppSigSenderorderWOEWOA -->
  <testcase classname="TestCase.TestCases_Prudhvi2" name="VerifySendersigCCorderWOEWOA" time="0.0">
    <skipped/>
  </testcase> <!-- VerifySendersigCCorderWOEWOA -->
  <testcase classname="TestCase.TestCases_Prudhvi2" name="VerifySigSenderCCorderWOEWOA" time="0.0">
    <skipped/>
  </testcase> <!-- VerifySigSenderCCorderWOEWOA -->
  <testcase classname="TestCase.TestCases_Prudhvi2" name="VerifyCCSenderSingerWOEWOA" time="0.0">
    <skipped/>
  </testcase> <!-- VerifyCCSenderSingerWOEWOA -->
  <testcase classname="TestCase.TestCases_Prudhvi2" name="VerifySingerCCSenderWOEWOA" time="0.0">
    <skipped/>
  </testcase> <!-- VerifySingerCCSenderWOEWOA -->
  <testcase classname="TestCase.TestCases_Prudhvi2" name="VerifySenderCCSignerWOEWOA" time="0.0">
    <skipped/>
  </testcase> <!-- VerifySenderCCSignerWOEWOA -->
  <testcase classname="TestCase.TestCases_Prudhvi2" name="VerifyCCSignerSenderWOEWOA" time="0.0">
    <skipped/>
  </testcase> <!-- VerifyCCSignerSenderWOEWOA -->
  <testcase classname="TestCase.TestCases_Prudhvi2" name="VerifySenderMultipleApprovers" time="0.0">
    <skipped/>
  </testcase> <!-- VerifySenderMultipleApprovers -->
  <testcase classname="TestCase.TestCases_Prudhvi2" name="VerifyMultpleApproverSender" time="0.0">
    <skipped/>
  </testcase> <!-- VerifyMultpleApproverSender -->
  <testcase classname="TestCase.TestCases_Prudhvi2" name="VerifySenderMultipleCC" time="0.0">
    <skipped/>
  </testcase> <!-- VerifySenderMultipleCC -->
  <testcase classname="TestCase.TestCases_Prudhvi2" name="VerifyMultpleCCSender" time="0.0">
    <skipped/>
  </testcase> <!-- VerifyMultpleCCSender -->
  <testcase classname="TestCase.TestCases_Prudhvi2" name="VerifyDocForSingleSender" time="0.0">
    <skipped/>
  </testcase> <!-- VerifyDocForSingleSender -->
  <testcase classname="TestCase.TestCases_Prudhvi2" name="VerifyDaftsentdocument" time="0.0">
    <skipped/>
  </testcase> <!-- VerifyDaftsentdocument -->
  <testcase classname="TestCase.TestCases_Prudhvi2" name="VerifyDraftSaveAsTemplate" time="0.0">
    <skipped/>
  </testcase> <!-- VerifyDraftSaveAsTemplate -->
  <testcase classname="TestCase.TestCases_Prudhvi2" name="VerifyDraftrenamedocument" time="0.0">
    <skipped/>
  </testcase> <!-- VerifyDraftrenamedocument -->
  <testcase classname="TestCase.TestCases_Prudhvi2" name="VerifyDraftDocumentSettings" time="0.0">
    <skipped/>
  </testcase> <!-- VerifyDraftDocumentSettings -->
  <testcase classname="TestCase.TestCases_Prudhvi2" name="VerifyDraftDeleteDocument" time="0.0">
    <skipped/>
  </testcase> <!-- VerifyDraftDeleteDocument -->
  <testcase classname="TestCase.TestCases_Prudhvi2" name="VerifySentCorrectDocument" time="0.0">
    <skipped/>
  </testcase> <!-- VerifySentCorrectDocument -->
  <testcase classname="TestCase.TestCases_Prudhvi2" name="VerifySentResenddocument" time="0.0">
    <skipped/>
  </testcase> <!-- VerifySentResenddocument -->
  <testcase classname="TestCase.TestCases_Prudhvi2" name="VerifySentsavetoTemplate" time="0.0">
    <skipped/>
  </testcase> <!-- VerifySentsavetoTemplate -->
  <testcase classname="TestCase.TestCases_Prudhvi2" name="VerifySentVoiddocument" time="0.0">
    <skipped/>
  </testcase> <!-- VerifySentVoiddocument -->
  <testcase classname="TestCase.TestCases_Prudhvi2" name="VerifySentRenamedocument" time="0.0">
    <skipped/>
  </testcase> <!-- VerifySentRenamedocument -->
  <testcase classname="TestCase.TestCases_Prudhvi2" name="VerifySentdocumentsettings" time="0.0">
    <skipped/>
  </testcase> <!-- VerifySentdocumentsettings -->
  <testcase classname="TestCase.TestCases_Prudhvi2" name="VerifySentDeletedocument" time="0.0">
    <skipped/>
  </testcase> <!-- VerifySentDeletedocument -->
  <testcase classname="TestCase.TestCases_Prudhvi2" name="VerifyApprovedCorrectdocumentDocuments" time="0.0">
    <skipped/>
  </testcase> <!-- VerifyApprovedCorrectdocumentDocuments -->
  <testcase classname="TestCase.TestCases_Prudhvi2" name="VerifyApprovedResendDocument" time="0.0">
    <skipped/>
  </testcase> <!-- VerifyApprovedResendDocument -->
  <testcase classname="TestCase.TestCases_Prudhvi2" name="VerifyApprovedSaveAsTemplate" time="0.0">
    <skipped/>
  </testcase> <!-- VerifyApprovedSaveAsTemplate -->
  <testcase classname="TestCase.TestCases_Prudhvi2" name="VerifyApprovedVoidDocument" time="0.0">
    <skipped/>
  </testcase> <!-- VerifyApprovedVoidDocument -->
  <testcase classname="TestCase.TestCases_Prudhvi2" name="VerifyApprovedRenameDocument" time="0.0">
    <skipped/>
  </testcase> <!-- VerifyApprovedRenameDocument -->
  <testcase classname="TestCase.TestCases_Prudhvi2" name="VerifyApprovedDocumentSettings" time="0.0">
    <skipped/>
  </testcase> <!-- VerifyApprovedDocumentSettings -->
  <testcase classname="TestCase.TestCases_Prudhvi2" name="VerifyApprovedApprovedDeleteDocument" time="0.0">
    <skipped/>
  </testcase> <!-- VerifyApprovedApprovedDeleteDocument -->
  <testcase classname="TestCase.TestCases_Prudhvi2" name="VerifyDelineddocument" time="0.0">
    <skipped/>
  </testcase> <!-- VerifyDelineddocument -->
  <testcase classname="TestCase.TestCases_Prudhvi2" name="VerifyDeclinedVoiddocument" time="0.0">
    <skipped/>
  </testcase> <!-- VerifyDeclinedVoiddocument -->
  <testcase classname="TestCase.TestCases_Prudhvi2" name="VerifyDeclinedDeclinedRenamedocument" time="0.0">
    <skipped/>
  </testcase> <!-- VerifyDeclinedDeclinedRenamedocument -->
  <testcase classname="TestCase.TestCases_Prudhvi2" name="VerifyDeclinedDocumentSettings" time="0.0">
    <skipped/>
  </testcase> <!-- VerifyDeclinedDocumentSettings -->
  <testcase classname="TestCase.TestCases_Prudhvi2" name="VerifyDeclinedDeletedocument" time="0.0">
    <skipped/>
  </testcase> <!-- VerifyDeclinedDeletedocument -->
  <testcase classname="TestCase.TestCases_Prudhvi2" name="VerifYVoidSaveastemplate" time="0.0">
    <skipped/>
  </testcase> <!-- VerifYVoidSaveastemplate -->
  <testcase classname="TestCase.TestCases_Prudhvi2" name="VerifyVoidClonedocument" time="0.0">
    <skipped/>
  </testcase> <!-- VerifyVoidClonedocument -->
  <testcase classname="TestCase.TestCases_Prudhvi2" name="VerifyVoidDeletedocument" time="0.0">
    <skipped/>
  </testcase> <!-- VerifyVoidDeletedocument -->
  <testcase classname="TestCase.TestCases_Prudhvi2" name="VerifyArchivedRenamedocuments" time="0.0">
    <skipped/>
  </testcase> <!-- VerifyArchivedRenamedocuments -->
  <testcase classname="TestCase.TestCases_Prudhvi2" name="VerifyArchivedUndodocument" time="0.0">
    <skipped/>
  </testcase> <!-- VerifyArchivedUndodocument -->
  <testcase classname="TestCase.TestCases_Prudhvi2" name="VerifyArchivedPermanentdelete" time="0.0">
    <skipped/>
  </testcase> <!-- VerifyArchivedPermanentdelete -->
  <testcase classname="TestCase.TestCases_Prudhvi2" name="VerifyCompletedSaveastemplate" time="0.0">
    <skipped/>
  </testcase> <!-- VerifyCompletedSaveastemplate -->
  <testcase classname="TestCase.TestCases_Prudhvi2" name="VerifyCompletedSharewithothers" time="0.0">
    <skipped/>
  </testcase> <!-- VerifyCompletedSharewithothers -->
  <testcase classname="TestCase.TestCases_Prudhvi2" name="VerifyCompletedClonedocument" time="0.0">
    <skipped/>
  </testcase> <!-- VerifyCompletedClonedocument -->
  <testcase classname="TestCase.TestCases_Prudhvi2" name="VerifyCompletedRenamedocument" time="0.0">
    <skipped/>
  </testcase> <!-- VerifyCompletedRenamedocument -->
  <testcase classname="TestCase.TestCases_Prudhvi2" name="VerifyCompletedDownloaddocuement" time="0.0">
    <skipped/>
  </testcase> <!-- VerifyCompletedDownloaddocuement -->
  <testcase classname="TestCase.TestCases_Prudhvi2" name="VerifyCompletedDeletedocuement" time="0.0">
    <skipped/>
  </testcase> <!-- VerifyCompletedDeletedocuement -->
  <testcase classname="TestCase.TestCases_Prudhvi2" name="VerifyCompletedSenttomail" time="0.0">
    <skipped/>
  </testcase> <!-- VerifyCompletedSenttomail -->
  <testcase classname="TestCase.TestCases_Prudhvi2" name="VerifyWaitformeWaitforme" time="0.0">
    <skipped/>
  </testcase> <!-- VerifyWaitformeWaitforme -->
  <testcase classname="TestCase.TestCases_Prudhvi2" name="VerifyWaitingForOthersCorrectdocument" time="0.0">
    <skipped/>
  </testcase> <!-- VerifyWaitingForOthersCorrectdocument -->
  <testcase classname="TestCase.TestCases_Prudhvi2" name="VerifyWaitingForOthersResenddocument" time="0.0">
    <skipped/>
  </testcase> <!-- VerifyWaitingForOthersResenddocument -->
  <testcase classname="TestCase.TestCases_Prudhvi2" name="VerifyWaitingForOthersSaveastemplate" time="0.0">
    <skipped/>
  </testcase> <!-- VerifyWaitingForOthersSaveastemplate -->
  <testcase classname="TestCase.TestCases_Prudhvi2" name="VerifyWaitingForOthersVoiddocument" time="0.0">
    <skipped/>
  </testcase> <!-- VerifyWaitingForOthersVoiddocument -->
  <testcase classname="TestCase.TestCases_Prudhvi2" name="VerifyWaitingForOthersRenamedocument" time="0.0">
    <skipped/>
  </testcase> <!-- VerifyWaitingForOthersRenamedocument -->
  <testcase classname="TestCase.TestCases_Prudhvi2" name="VerifyWaitingForOthersDocumentsettings" time="0.0">
    <skipped/>
  </testcase> <!-- VerifyWaitingForOthersDocumentsettings -->
  <testcase classname="TestCase.TestCases_Prudhvi2" name="VerifyWaitingForOthersDeletedocument" time="0.0">
    <skipped/>
  </testcase> <!-- VerifyWaitingForOthersDeletedocument -->
  <testcase classname="TestCase.TestCases_Prudhvi2" name="VerifyProcessSingleDoc" time="0.0">
    <skipped/>
  </testcase> <!-- VerifyProcessSingleDoc -->
  <testcase classname="TestCase.TestCases_Prudhvi2" name="VerifyProcessWithOutSingledoc" time="0.0">
    <skipped/>
  </testcase> <!-- VerifyProcessWithOutSingledoc -->
  <testcase classname="TestCase.TestCases_Prudhvi2" name="VerfySaveAsDraft" time="0.0">
    <skipped/>
  </testcase> <!-- VerfySaveAsDraft -->
  <testcase classname="TestCase.TestCases_Prudhvi2" name="VerifySettings" time="0.0">
    <skipped/>
  </testcase> <!-- VerifySettings -->
  <testcase classname="TestCase.TestCases_Prudhvi2" name="VerifyChangeDoc" time="0.0">
    <skipped/>
  </testcase> <!-- VerifyChangeDoc -->
  <testcase classname="TestCase.TestCases_Prudhvi2" name="VerifyLockFields" time="0.0">
    <skipped/>
  </testcase> <!-- VerifyLockFields -->
  <testcase classname="TestCase.TestCases_Prudhvi2" name="VerifyAddPages" time="0.0">
    <skipped/>
  </testcase> <!-- VerifyAddPages -->
  <testcase classname="TestCase.TestCases_Prudhvi2" name="VerifyDeletePages" time="0.0">
    <skipped/>
  </testcase> <!-- VerifyDeletePages -->
  <testcase classname="TestCase.TestCases_Prudhvi2" name="VerifyApproverSenderapprove" time="0.0">
    <skipped/>
  </testcase> <!-- VerifyApproverSenderapprove -->
  <testcase classname="TestCase.TestCases_Prudhvi2" name="VerifyApproverSenderDecline" time="0.0">
    <skipped/>
  </testcase> <!-- VerifyApproverSenderDecline -->
  <testcase classname="TestCase.TestCases_Prudhvi2" name="Verifyotheroptionsfinishlater" time="0.0">
    <skipped/>
  </testcase> <!-- Verifyotheroptionsfinishlater -->
  <testcase classname="TestCase.TestCases_Prudhvi2" name="Verifyotheroptionsprintandsign" time="0.0">
    <skipped/>
  </testcase> <!-- Verifyotheroptionsprintandsign -->
  <testcase classname="TestCase.TestCases_Prudhvi2" name="VerifyOtheroptionsdownload" time="0.0">
    <skipped/>
  </testcase> <!-- VerifyOtheroptionsdownload -->
  <testcase classname="TestCase.TestCases_Prudhvi2" name="Verifyotheroptionshistory" time="0.0">
    <skipped/>
  </testcase> <!-- Verifyotheroptionshistory -->
  <testcase classname="TestCase.TestCases_Prudhvi2" name="Verifyotheroptionssettings" time="0.0">
    <skipped/>
  </testcase> <!-- Verifyotheroptionssettings -->
  <testcase classname="TestCase.TestCases_Prudhvi2" name="VerifyotheroptionsCorrectdoc" time="0.0">
    <skipped/>
  </testcase> <!-- VerifyotheroptionsCorrectdoc -->
  <testcase classname="TestCase.TestCases_Prudhvi2" name="Verifyotheroptionssaveastem" time="0.0">
    <skipped/>
  </testcase> <!-- Verifyotheroptionssaveastem -->
  <testcase classname="TestCase.TestCases_Prudhvi2" name="Verifyotheroptionsvoiddoc" time="0.0">
    <skipped/>
  </testcase> <!-- Verifyotheroptionsvoiddoc -->
  <testcase classname="TestCase.TestCases_Prudhvi2" name="Verifychatandlogs" time="0.0">
    <skipped/>
  </testcase> <!-- Verifychatandlogs -->
  <testcase classname="TestCase.TestCases_Prudhvi2" name="VerifyOtheroptionsdeletedocument" time="0.0">
    <skipped/>
  </testcase> <!-- VerifyOtheroptionsdeletedocument -->
  <testcase classname="TestCase.TestCases_Prudhvi2" name="VerifyPdfAutoFillreceiver" time="0.0">
    <skipped/>
  </testcase> <!-- VerifyPdfAutoFillreceiver -->
  <testcase classname="TestCase.TestCases_Prudhvi2" name="VerifyBuldDeleteDocuments" time="0.0">
    <skipped/>
  </testcase> <!-- VerifyBuldDeleteDocuments -->
  <testcase classname="TestCase.TestCases_Prudhvi2" name="SplitSinglelineText" time="0.0">
    <skipped/>
  </testcase> <!-- SplitSinglelineText -->
  <testcase classname="TestCase.TestCases_Prudhvi2" name="Verifychangeuser" time="0.0">
    <skipped/>
  </testcase> <!-- Verifychangeuser -->
  <testcase classname="TestCase.TestCases_Prudhvi2" name="VerifyCopylink" time="0.0">
    <skipped/>
  </testcase> <!-- VerifyCopylink -->
  <testcase classname="TestCase.TestCases_Prudhvi2" name="VerifyClonedocumentForsinglesender" time="0.0">
    <skipped/>
  </testcase> <!-- VerifyClonedocumentForsinglesender -->
</testsuite> <!-- Default test -->
