<?xml version="1.0" encoding="UTF-8"?>
<!-- Generated by org.testng.reporters.JUnitXMLReporter -->
<testsuite ignored="16" hostname="HGT-LAP-310" failures="1" tests="1" name="Default test" time="81.12" errors="0" timestamp="2024-09-03T16:53:19 IST">
  <testcase classname="TestCase.globalVariableTestcase_meghana" name="clickGlobalVariableButton" time="73.31">
    <failure type="org.openqa.selenium.TimeoutException" message="Expected condition failed: waiting for element to be clickable: By.xpath: //div[@class=&amp;apos;icon-text&amp;apos;] (tried for 60 second(s) with 500 milliseconds interval)
Build info: version: &amp;apos;4.23.0&amp;apos;, revision: &amp;apos;4df0a231af&amp;apos;
System info: os.name: &amp;apos;Windows 11&amp;apos;, os.arch: &amp;apos;amd64&amp;apos;, os.version: &amp;apos;10.0&amp;apos;, java.version: &amp;apos;21.0.1&amp;apos;
Driver info: org.openqa.selenium.chrome.ChromeDriver
Capabilities {acceptInsecureCerts: false, browserName: chrome, browserVersion: 128.0.6613.114, chrome: {chromedriverVersion: 128.0.6613.119 (6e439cfca4d..., userDataDir: C:\Users\PRUDHV~1.BUD\AppDa...}, fedcm:accounts: true, goog:chromeOptions: {debuggerAddress: localhost:52139}, networkConnectionEnabled: false, pageLoadStrategy: normal, platformName: windows, proxy: Proxy(), se:cdp: ws://localhost:52139/devtoo..., se:cdpVersion: 128.0.6613.114, setWindowRect: true, strictFileInteractability: false, timeouts: {implicit: 0, pageLoad: 300000, script: 30000}, unhandledPromptBehavior: dismiss and notify, webauthn:extension:credBlob: true, webauthn:extension:largeBlob: true, webauthn:extension:minPinLength: true, webauthn:extension:prf: true, webauthn:virtualAuthenticators: true}
Session ID: 9fc9bc36778368c10821acd29954b680">
      <![CDATA[org.openqa.selenium.TimeoutException: Expected condition failed: waiting for element to be clickable: By.xpath: //div[@class='icon-text'] (tried for 60 second(s) with 500 milliseconds interval)
Build info: version: '4.23.0', revision: '4df0a231af'
System info: os.name: 'Windows 11', os.arch: 'amd64', os.version: '10.0', java.version: '21.0.1'
Driver info: org.openqa.selenium.chrome.ChromeDriver
Capabilities {acceptInsecureCerts: false, browserName: chrome, browserVersion: 128.0.6613.114, chrome: {chromedriverVersion: 128.0.6613.119 (6e439cfca4d..., userDataDir: C:\Users\PRUDHV~1.BUD\AppDa...}, fedcm:accounts: true, goog:chromeOptions: {debuggerAddress: localhost:52139}, networkConnectionEnabled: false, pageLoadStrategy: normal, platformName: windows, proxy: Proxy(), se:cdp: ws://localhost:52139/devtoo..., se:cdpVersion: 128.0.6613.114, setWindowRect: true, strictFileInteractability: false, timeouts: {implicit: 0, pageLoad: 300000, script: 30000}, unhandledPromptBehavior: dismiss and notify, webauthn:extension:credBlob: true, webauthn:extension:largeBlob: true, webauthn:extension:minPinLength: true, webauthn:extension:prf: true, webauthn:virtualAuthenticators: true}
Session ID: 9fc9bc36778368c10821acd29954b680
at org.openqa.selenium.support.ui.WebDriverWait.timeoutException(WebDriverWait.java:84)
at org.openqa.selenium.support.ui.FluentWait.until(FluentWait.java:228)
at Pages.globalVariables_meghana.waitEle(globalVariables_meghana.java:29)
at Pages.globalVariables_meghana.clickGlobalVariable(globalVariables_meghana.java:78)
at TestCase.globalVariableTestcase_meghana.clickGlobalVariableButton(globalVariableTestcase_meghana.java:46)
at java.base/jdk.internal.reflect.DirectMethodHandleAccessor.invoke(DirectMethodHandleAccessor.java:103)
at java.base/java.lang.reflect.Method.invoke(Method.java:580)
at org.testng.internal.MethodInvocationHelper.invokeMethod(MethodInvocationHelper.java:133)
at org.testng.internal.TestInvoker.invokeMethod(TestInvoker.java:598)
at org.testng.internal.TestInvoker.invokeTestMethod(TestInvoker.java:173)
at org.testng.internal.MethodRunner.runInSequence(MethodRunner.java:46)
at org.testng.internal.TestInvoker$MethodInvocationAgent.invoke(TestInvoker.java:824)
at org.testng.internal.TestInvoker.invokeTestMethods(TestInvoker.java:146)
at org.testng.internal.TestMethodWorker.invokeTestMethods(TestMethodWorker.java:146)
at org.testng.internal.TestMethodWorker.run(TestMethodWorker.java:128)
at java.base/java.util.ArrayList.forEach(ArrayList.java:1596)
at org.testng.TestRunner.privateRun(TestRunner.java:794)
at org.testng.TestRunner.run(TestRunner.java:596)
at org.testng.SuiteRunner.runTest(SuiteRunner.java:377)
at org.testng.SuiteRunner.runSequentially(SuiteRunner.java:371)
at org.testng.SuiteRunner.privateRun(SuiteRunner.java:332)
at org.testng.SuiteRunner.run(SuiteRunner.java:276)
at org.testng.SuiteRunnerWorker.runSuite(SuiteRunnerWorker.java:53)
at org.testng.SuiteRunnerWorker.run(SuiteRunnerWorker.java:96)
at org.testng.TestNG.runSuitesSequentially(TestNG.java:1212)
at org.testng.TestNG.runSuitesLocally(TestNG.java:1134)
at org.testng.TestNG.runSuites(TestNG.java:1063)
at org.testng.TestNG.run(TestNG.java:1031)
at org.testng.remote.AbstractRemoteTestNG.run(AbstractRemoteTestNG.java:115)
at org.testng.remote.RemoteTestNG.initAndRun(RemoteTestNG.java:293)
at org.testng.remote.RemoteTestNG.main(RemoteTestNG.java:91)
]]>
    </failure>
  </testcase> <!-- clickGlobalVariableButton -->
  <testcase classname="TestCase.globalVariableTestcase_meghana" name="timeRange" time="0.0">
    <ignored/>
  </testcase> <!-- timeRange -->
  <testcase classname="TestCase.globalVariableTestcase_meghana" name="time" time="0.0">
    <ignored/>
  </testcase> <!-- time -->
  <testcase classname="TestCase.globalVariableTestcase_meghana" name="multiSelect" time="0.0">
    <ignored/>
  </testcase> <!-- multiSelect -->
  <testcase classname="TestCase.globalVariableTestcase_meghana" name="dateTimeRange" time="0.0">
    <ignored/>
  </testcase> <!-- dateTimeRange -->
  <testcase classname="TestCase.globalVariableTestcase_meghana" name="multiLineText" time="0.0">
    <ignored/>
  </testcase> <!-- multiLineText -->
  <testcase classname="TestCase.globalVariableTestcase_meghana" name="addToEntity" time="0.0">
    <ignored/>
  </testcase> <!-- addToEntity -->
  <testcase classname="TestCase.globalVariableTestcase_meghana" name="singleLineText" time="0.0">
    <ignored/>
  </testcase> <!-- singleLineText -->
  <testcase classname="TestCase.globalVariableTestcase_meghana" name="Weekdays" time="0.0">
    <ignored/>
  </testcase> <!-- Weekdays -->
  <testcase classname="TestCase.globalVariableTestcase_meghana" name="Date" time="0.0">
    <ignored/>
  </testcase> <!-- Date -->
  <testcase classname="TestCase.globalVariableTestcase_meghana" name="ClickNewVariable" time="0.0">
    <ignored/>
  </testcase> <!-- ClickNewVariable -->
  <testcase classname="TestCase.globalVariableTestcase_meghana" name="Number" time="0.0">
    <ignored/>
  </testcase> <!-- Number -->
  <testcase classname="TestCase.globalVariableTestcase_meghana" name="dateRange" time="0.0">
    <ignored/>
  </testcase> <!-- dateRange -->
  <testcase classname="TestCase.globalVariableTestcase_meghana" name="select" time="0.0">
    <ignored/>
  </testcase> <!-- select -->
  <testcase classname="TestCase.globalVariableTestcase_meghana" name="dateTime" time="0.0">
    <ignored/>
  </testcase> <!-- dateTime -->
  <testcase classname="TestCase.globalVariableTestcase_meghana" name="fixedTime" time="0.0">
    <ignored/>
  </testcase> <!-- fixedTime -->
  <testcase classname="TestCase.globalVariableTestcase_meghana" name="aa" time="0.0">
    <ignored/>
  </testcase> <!-- aa -->
</testsuite> <!-- Default test -->
