<?xml version="1.0" encoding="UTF-8"?>
<!-- Generated by org.testng.reporters.JUnitXMLReporter -->
<testsuite ignored="2" hostname="HGT-LAP-310" failures="0" tests="1" name="Default test" time="355.259" errors="0" timestamp="2024-03-13T10:54:45 IST">
  <testcase classname="TestCase.FormTemplate_Testcases" name="ValidContentfields" time="344.876"/>
  <testcase classname="TestCase.FormTemplate_Testcases" name="ValidAdvancedFields" time="0.0">
    <ignored/>
  </testcase> <!-- ValidAdvancedFields -->
  <testcase classname="TestCase.FormTemplate_Testcases" name="ValidTemplates" time="0.0">
    <ignored/>
  </testcase> <!-- ValidTemplates -->
</testsuite> <!-- Default test -->
