<?xml version="1.0" encoding="UTF-8"?>
<!-- Generated by org.testng.reporters.JUnitXMLReporter -->
<testsuite ignored="18" hostname="HGT-LAP-310" failures="0" tests="1" name="Default test" time="124.675" errors="0" timestamp="2024-07-02T15:18:59 IST">
  <testcase classname="TestCase.FormTemplate_Testcases" name="ContentHorizontalLine" time="118.914"/>
  <testcase classname="TestCase.FormTemplate_Testcases" name="AdvancedChildEntityTable" time="0.0">
    <ignored/>
  </testcase> <!-- AdvancedChildEntityTable -->
  <testcase classname="TestCase.FormTemplate_Testcases" name="ContentDivision" time="0.0">
    <ignored/>
  </testcase> <!-- ContentDivision -->
  <testcase classname="TestCase.FormTemplate_Testcases" name="AdvancedConcatenate" time="0.0">
    <ignored/>
  </testcase> <!-- AdvancedConcatenate -->
  <testcase classname="TestCase.FormTemplate_Testcases" name="AdvancedQRCode" time="0.0">
    <ignored/>
  </testcase> <!-- AdvancedQRCode -->
  <testcase classname="TestCase.FormTemplate_Testcases" name="AdvancedQRReader" time="0.0">
    <ignored/>
  </testcase> <!-- AdvancedQRReader -->
  <testcase classname="TestCase.FormTemplate_Testcases" name="AdvancedAuthorizedSignature" time="0.0">
    <ignored/>
  </testcase> <!-- AdvancedAuthorizedSignature -->
  <testcase classname="TestCase.FormTemplate_Testcases" name="AdvancedPayButtons" time="0.0">
    <ignored/>
  </testcase> <!-- AdvancedPayButtons -->
  <testcase classname="TestCase.FormTemplate_Testcases" name="AdvancedAutoIncrementNumber" time="0.0">
    <ignored/>
  </testcase> <!-- AdvancedAutoIncrementNumber -->
  <testcase classname="TestCase.FormTemplate_Testcases" name="AdvancedFormula" time="0.0">
    <ignored/>
  </testcase> <!-- AdvancedFormula -->
  <testcase classname="TestCase.FormTemplate_Testcases" name="AdvancedCurrency" time="0.0">
    <ignored/>
  </testcase> <!-- AdvancedCurrency -->
  <testcase classname="TestCase.FormTemplate_Testcases" name="AdvancedEntity" time="0.0">
    <ignored/>
  </testcase> <!-- AdvancedEntity -->
  <testcase classname="TestCase.FormTemplate_Testcases" name="AdvancedLocation" time="0.0">
    <ignored/>
  </testcase> <!-- AdvancedLocation -->
  <testcase classname="TestCase.FormTemplate_Testcases" name="AdvancedAudio" time="0.0">
    <ignored/>
  </testcase> <!-- AdvancedAudio -->
  <testcase classname="TestCase.FormTemplate_Testcases" name="AdvancedAggregateFunction" time="0.0">
    <ignored/>
  </testcase> <!-- AdvancedAggregateFunction -->
  <testcase classname="TestCase.FormTemplate_Testcases" name="AdvancedQuestion" time="0.0">
    <ignored/>
  </testcase> <!-- AdvancedQuestion -->
  <testcase classname="TestCase.FormTemplate_Testcases" name="AdvancedDataTable" time="0.0">
    <ignored/>
  </testcase> <!-- AdvancedDataTable -->
  <testcase classname="TestCase.FormTemplate_Testcases" name="AdvancedPaymentVariable" time="0.0">
    <ignored/>
  </testcase> <!-- AdvancedPaymentVariable -->
  <testcase classname="TestCase.FormTemplate_Testcases" name="AdvancedStarRating" time="0.0">
    <ignored/>
  </testcase> <!-- AdvancedStarRating -->
</testsuite> <!-- Default test -->
