<?xml version="1.0" encoding="UTF-8"?>
<!-- Generated by org.testng.reporters.JUnitXMLReporter -->
<testsuite ignored="46" hostname="HGT-LAP-310" failures="1" tests="1" name="Default test" time="68.057" errors="0" timestamp="2024-06-03T12:33:01 IST">
  <testcase classname="TestCase.TestCases_Prudhvi1" name="ValidBlankDocMultipleSigners" time="29.594">
    <failure type="org.openqa.selenium.ElementClickInterceptedException" message="element click intercepted: Element &amp;lt;div class=&amp;quot;icon-text&amp;quot;&amp;gt;...&amp;lt;/div&amp;gt; is not clickable at point (1850, 29). Other element would receive the click: &amp;lt;div class=&amp;quot;el-loading-mask is-fullscreen&amp;quot; style=&amp;quot;z-index: 2000;&amp;quot;&amp;gt;...&amp;lt;/div&amp;gt;
  (Session info: chrome-headless-shell=125.0.6422.113)
Build info: version: &amp;apos;4.21.0&amp;apos;, revision: &amp;apos;79ed462ef4&amp;apos;
System info: os.name: &amp;apos;Windows 11&amp;apos;, os.arch: &amp;apos;amd64&amp;apos;, os.version: &amp;apos;10.0&amp;apos;, java.version: &amp;apos;21.0.1&amp;apos;
Driver info: org.openqa.selenium.chrome.ChromeDriver
Command: [b05e2458858c857ba1e9dbc1b1efeaab, clickElement {id=f.F679EAF3DB0D279C7BDC21BC8814EB48.d.24E2D38D60C1BDD2F60D9B8FD35EB00C.e.25}]
Capabilities {acceptInsecureCerts: false, browserName: chrome-headless-shell, browserVersion: 125.0.6422.113, chrome: {chromedriverVersion: 125.0.6422.141 (4b1e8393712..., userDataDir: C:\Users\PRUDHV~1.BUD\AppDa...}, fedcm:accounts: true, goog:chromeOptions: {debuggerAddress: localhost:53499}, networkConnectionEnabled: false, pageLoadStrategy: normal, platformName: windows, proxy: Proxy(), se:cdp: ws://localhost:53499/devtoo..., se:cdpVersion: 125.0.6422.113, setWindowRect: true, strictFileInteractability: false, timeouts: {implicit: 0, pageLoad: 300000, script: 30000}, unhandledPromptBehavior: dismiss and notify, webauthn:extension:credBlob: true, webauthn:extension:largeBlob: true, webauthn:extension:minPinLength: true, webauthn:extension:prf: true, webauthn:virtualAuthenticators: true}
Element: [[ChromeDriver: chrome-headless-shell on windows (b05e2458858c857ba1e9dbc1b1efeaab)] -&amp;gt; xpath: (//div[@class=&amp;quot;icon-text&amp;quot;])[1]]
Session ID: b05e2458858c857ba1e9dbc1b1efeaab">
      <![CDATA[org.openqa.selenium.ElementClickInterceptedException: element click intercepted: Element <div class="icon-text">...</div> is not clickable at point (1850, 29). Other element would receive the click: <div class="el-loading-mask is-fullscreen" style="z-index: 2000;">...</div>
  (Session info: chrome-headless-shell=125.0.6422.113)
Build info: version: '4.21.0', revision: '79ed462ef4'
System info: os.name: 'Windows 11', os.arch: 'amd64', os.version: '10.0', java.version: '21.0.1'
Driver info: org.openqa.selenium.chrome.ChromeDriver
Command: [b05e2458858c857ba1e9dbc1b1efeaab, clickElement {id=f.F679EAF3DB0D279C7BDC21BC8814EB48.d.24E2D38D60C1BDD2F60D9B8FD35EB00C.e.25}]
Capabilities {acceptInsecureCerts: false, browserName: chrome-headless-shell, browserVersion: 125.0.6422.113, chrome: {chromedriverVersion: 125.0.6422.141 (4b1e8393712..., userDataDir: C:\Users\PRUDHV~1.BUD\AppDa...}, fedcm:accounts: true, goog:chromeOptions: {debuggerAddress: localhost:53499}, networkConnectionEnabled: false, pageLoadStrategy: normal, platformName: windows, proxy: Proxy(), se:cdp: ws://localhost:53499/devtoo..., se:cdpVersion: 125.0.6422.113, setWindowRect: true, strictFileInteractability: false, timeouts: {implicit: 0, pageLoad: 300000, script: 30000}, unhandledPromptBehavior: dismiss and notify, webauthn:extension:credBlob: true, webauthn:extension:largeBlob: true, webauthn:extension:minPinLength: true, webauthn:extension:prf: true, webauthn:virtualAuthenticators: true}
Element: [[ChromeDriver: chrome-headless-shell on windows (b05e2458858c857ba1e9dbc1b1efeaab)] -> xpath: (//div[@class="icon-text"])[1]]
Session ID: b05e2458858c857ba1e9dbc1b1efeaab
at java.base/jdk.internal.reflect.DirectConstructorHandleAccessor.newInstance(DirectConstructorHandleAccessor.java:62)
at java.base/java.lang.reflect.Constructor.newInstanceWithCaller(Constructor.java:502)
at java.base/java.lang.reflect.Constructor.newInstance(Constructor.java:486)
at org.openqa.selenium.remote.ErrorCodec.decode(ErrorCodec.java:167)
at org.openqa.selenium.remote.codec.w3c.W3CHttpResponseCodec.decode(W3CHttpResponseCodec.java:138)
at org.openqa.selenium.remote.codec.w3c.W3CHttpResponseCodec.decode(W3CHttpResponseCodec.java:50)
at org.openqa.selenium.remote.HttpCommandExecutor.execute(HttpCommandExecutor.java:190)
at org.openqa.selenium.remote.service.DriverCommandExecutor.invokeExecute(DriverCommandExecutor.java:216)
at org.openqa.selenium.remote.service.DriverCommandExecutor.execute(DriverCommandExecutor.java:174)
at org.openqa.selenium.remote.RemoteWebDriver.execute(RemoteWebDriver.java:518)
at org.openqa.selenium.remote.RemoteWebElement.execute(RemoteWebElement.java:223)
at org.openqa.selenium.remote.RemoteWebElement.click(RemoteWebElement.java:76)
at Pages.DocumentsScenarios1.waitEle(DocumentsScenarios1.java:42)
at Pages.DocumentsScenarios1.autofilloff(DocumentsScenarios1.java:675)
at TestCase.TestCases_Prudhvi1.ValidBlankDocMultipleSigners(TestCases_Prudhvi1.java:589)
at java.base/jdk.internal.reflect.DirectMethodHandleAccessor.invoke(DirectMethodHandleAccessor.java:103)
at java.base/java.lang.reflect.Method.invoke(Method.java:580)
at org.testng.internal.MethodInvocationHelper.invokeMethod(MethodInvocationHelper.java:133)
at org.testng.internal.TestInvoker.invokeMethod(TestInvoker.java:598)
at org.testng.internal.TestInvoker.invokeTestMethod(TestInvoker.java:173)
at org.testng.internal.MethodRunner.runInSequence(MethodRunner.java:46)
at org.testng.internal.TestInvoker$MethodInvocationAgent.invoke(TestInvoker.java:824)
at org.testng.internal.TestInvoker.invokeTestMethods(TestInvoker.java:146)
at org.testng.internal.TestMethodWorker.invokeTestMethods(TestMethodWorker.java:146)
at org.testng.internal.TestMethodWorker.run(TestMethodWorker.java:128)
at java.base/java.util.ArrayList.forEach(ArrayList.java:1596)
at org.testng.TestRunner.privateRun(TestRunner.java:794)
at org.testng.TestRunner.run(TestRunner.java:596)
at org.testng.SuiteRunner.runTest(SuiteRunner.java:377)
at org.testng.SuiteRunner.runSequentially(SuiteRunner.java:371)
at org.testng.SuiteRunner.privateRun(SuiteRunner.java:332)
at org.testng.SuiteRunner.run(SuiteRunner.java:276)
at org.testng.SuiteRunnerWorker.runSuite(SuiteRunnerWorker.java:53)
at org.testng.SuiteRunnerWorker.run(SuiteRunnerWorker.java:96)
at org.testng.TestNG.runSuitesSequentially(TestNG.java:1212)
at org.testng.TestNG.runSuitesLocally(TestNG.java:1134)
at org.testng.TestNG.runSuites(TestNG.java:1063)
at org.testng.TestNG.run(TestNG.java:1031)
at org.testng.remote.AbstractRemoteTestNG.run(AbstractRemoteTestNG.java:115)
at org.testng.remote.RemoteTestNG.initAndRun(RemoteTestNG.java:293)
at org.testng.remote.RemoteTestNG.main(RemoteTestNG.java:91)
]]>
    </failure>
  </testcase> <!-- ValidBlankDocMultipleSigners -->
  <testcase classname="TestCase.TestCases_Prudhvi1" name="validRearrangeorderApproverCCSigner" time="0.0">
    <ignored/>
  </testcase> <!-- validRearrangeorderApproverCCSigner -->
  <testcase classname="TestCase.TestCases_Prudhvi1" name="ValidRearrangingOrderFirstOtherSignersndThenSenderOnedrive" time="0.0">
    <ignored/>
  </testcase> <!-- ValidRearrangingOrderFirstOtherSignersndThenSenderOnedrive -->
  <testcase classname="TestCase.TestCases_Prudhvi1" name="validBlankDocMulsignerApproverCC" time="0.0">
    <ignored/>
  </testcase> <!-- validBlankDocMulsignerApproverCC -->
  <testcase classname="TestCase.TestCases_Prudhvi1" name="validBlankDocApproverSenderSignerOtherSigner" time="0.0">
    <ignored/>
  </testcase> <!-- validBlankDocApproverSenderSignerOtherSigner -->
  <testcase classname="TestCase.TestCases_Prudhvi1" name="ValidRearrangingOrderCCndSigner" time="0.0">
    <ignored/>
  </testcase> <!-- ValidRearrangingOrderCCndSigner -->
  <testcase classname="TestCase.TestCases_Prudhvi1" name="uploadpdfFile" time="0.0">
    <ignored/>
  </testcase> <!-- uploadpdfFile -->
  <testcase classname="TestCase.TestCases_Prudhvi1" name="validBlankDocRearrangeorderCCSignerApprover" time="0.0">
    <ignored/>
  </testcase> <!-- validBlankDocRearrangeorderCCSignerApprover -->
  <testcase classname="TestCase.TestCases_Prudhvi1" name="validBlankDocRearrangeorderApproverSignerAndCC" time="0.0">
    <ignored/>
  </testcase> <!-- validBlankDocRearrangeorderApproverSignerAndCC -->
  <testcase classname="TestCase.TestCases_Prudhvi1" name="uploadDocandDoc" time="0.0">
    <ignored/>
  </testcase> <!-- uploadDocandDoc -->
  <testcase classname="TestCase.TestCases_Prudhvi1" name="BlankDocWithEnforcement" time="0.0">
    <ignored/>
  </testcase> <!-- BlankDocWithEnforcement -->
  <testcase classname="TestCase.TestCases_Prudhvi1" name="uploadVedio" time="0.0">
    <ignored/>
  </testcase> <!-- uploadVedio -->
  <testcase classname="TestCase.TestCases_Prudhvi1" name="uploadPDFandDOC" time="0.0">
    <ignored/>
  </testcase> <!-- uploadPDFandDOC -->
  <testcase classname="TestCase.TestCases_Prudhvi1" name="uploadPDFandDoc" time="0.0">
    <ignored/>
  </testcase> <!-- uploadPDFandDoc -->
  <testcase classname="TestCase.TestCases_Prudhvi1" name="uploadPDFandPDF" time="0.0">
    <ignored/>
  </testcase> <!-- uploadPDFandPDF -->
  <testcase classname="TestCase.TestCases_Prudhvi1" name="BlankDocWithEnforcementWithoutAutofill" time="0.0">
    <ignored/>
  </testcase> <!-- BlankDocWithEnforcementWithoutAutofill -->
  <testcase classname="TestCase.TestCases_Prudhvi1" name="ReuploadingCompletedEsignsIDGeneratedDOC" time="0.0">
    <ignored/>
  </testcase> <!-- ReuploadingCompletedEsignsIDGeneratedDOC -->
  <testcase classname="TestCase.TestCases_Prudhvi1" name="validBlankDocOtherSignerApproverSenderSigner" time="0.0">
    <ignored/>
  </testcase> <!-- validBlankDocOtherSignerApproverSenderSigner -->
  <testcase classname="TestCase.TestCases_Prudhvi1" name="uploadPDFandTXT" time="0.0">
    <ignored/>
  </testcase> <!-- uploadPDFandTXT -->
  <testcase classname="TestCase.TestCases_Prudhvi1" name="uploadjpg" time="0.0">
    <ignored/>
  </testcase> <!-- uploadjpg -->
  <testcase classname="TestCase.TestCases_Prudhvi1" name="validBlankDocSignerMulApproverAndMulCC" time="0.0">
    <ignored/>
  </testcase> <!-- validBlankDocSignerMulApproverAndMulCC -->
  <testcase classname="TestCase.TestCases_Prudhvi1" name="BlankDocWithtEnforcement" time="0.0">
    <ignored/>
  </testcase> <!-- BlankDocWithtEnforcement -->
  <testcase classname="TestCase.TestCases_Prudhvi1" name="validBlankDocSenderSignerApproverOtherSigner" time="0.0">
    <ignored/>
  </testcase> <!-- validBlankDocSenderSignerApproverOtherSigner -->
  <testcase classname="TestCase.TestCases_Prudhvi1" name="BlankDocWithoEnforcementWithAutofill" time="0.0">
    <ignored/>
  </testcase> <!-- BlankDocWithoEnforcementWithAutofill -->
  <testcase classname="TestCase.TestCases_Prudhvi1" name="BlankDocWithoutEnforcementWithoutAutofill" time="0.0">
    <ignored/>
  </testcase> <!-- BlankDocWithoutEnforcementWithoutAutofill -->
  <testcase classname="TestCase.TestCases_Prudhvi1" name="BlankDocWithEnforcementWithAutofill" time="0.0">
    <ignored/>
  </testcase> <!-- BlankDocWithEnforcementWithAutofill -->
  <testcase classname="TestCase.TestCases_Prudhvi1" name="BasicfeildsCompanyProfile" time="0.0">
    <ignored/>
  </testcase> <!-- BasicfeildsCompanyProfile -->
  <testcase classname="TestCase.TestCases_Prudhvi1" name="ValidBlankDocSignerApproverAndCCWithoutEnforceSignature" time="0.0">
    <ignored/>
  </testcase> <!-- ValidBlankDocSignerApproverAndCCWithoutEnforceSignature -->
  <testcase classname="TestCase.TestCases_Prudhvi1" name="uploadDOCandJPG" time="0.0">
    <ignored/>
  </testcase> <!-- uploadDOCandJPG -->
  <testcase classname="TestCase.TestCases_Prudhvi1" name="ValidOneDriveDocMultipleSigners" time="0.0">
    <ignored/>
  </testcase> <!-- ValidOneDriveDocMultipleSigners -->
  <testcase classname="TestCase.TestCases_Prudhvi1" name="ValidBlankDocSignerApproverAndMultipleCC" time="0.0">
    <ignored/>
  </testcase> <!-- ValidBlankDocSignerApproverAndMultipleCC -->
  <testcase classname="TestCase.TestCases_Prudhvi1" name="uploadPDFandJPG" time="0.0">
    <ignored/>
  </testcase> <!-- uploadPDFandJPG -->
  <testcase classname="TestCase.TestCases_Prudhvi1" name="uploadDOCandPNG" time="0.0">
    <ignored/>
  </testcase> <!-- uploadDOCandPNG -->
  <testcase classname="TestCase.TestCases_Prudhvi1" name="ValidBlankdocSignerndApprover" time="0.0">
    <ignored/>
  </testcase> <!-- ValidBlankdocSignerndApprover -->
  <testcase classname="TestCase.TestCases_Prudhvi1" name="ValidRearrangingOrderFirstApproverthenSigner" time="0.0">
    <ignored/>
  </testcase> <!-- ValidRearrangingOrderFirstApproverthenSigner -->
  <testcase classname="TestCase.TestCases_Prudhvi1" name="ValidSignerndApproverOnedrive" time="0.0">
    <ignored/>
  </testcase> <!-- ValidSignerndApproverOnedrive -->
  <testcase classname="TestCase.TestCases_Prudhvi1" name="uploadDoc" time="0.0">
    <ignored/>
  </testcase> <!-- uploadDoc -->
  <testcase classname="TestCase.TestCases_Prudhvi1" name="ValidDocscenarioOnedrive" time="0.0">
    <ignored/>
  </testcase> <!-- ValidDocscenarioOnedrive -->
  <testcase classname="TestCase.TestCases_Prudhvi1" name="validBlankDocOtherSignerSenderSignerApprover" time="0.0">
    <ignored/>
  </testcase> <!-- validBlankDocOtherSignerSenderSignerApprover -->
  <testcase classname="TestCase.TestCases_Prudhvi1" name="uploadPNG" time="0.0">
    <ignored/>
  </testcase> <!-- uploadPNG -->
  <testcase classname="TestCase.TestCases_Prudhvi1" name="uploadDOCandTXT" time="0.0">
    <ignored/>
  </testcase> <!-- uploadDOCandTXT -->
  <testcase classname="TestCase.TestCases_Prudhvi1" name="validBlankDocRearrangeorderSignerCCApprover" time="0.0">
    <ignored/>
  </testcase> <!-- validBlankDocRearrangeorderSignerCCApprover -->
  <testcase classname="TestCase.TestCases_Prudhvi1" name="uploadTXT" time="0.0">
    <ignored/>
  </testcase> <!-- uploadTXT -->
  <testcase classname="TestCase.TestCases_Prudhvi1" name="validBlankDocRearrangeorderCCApproversigner" time="0.0">
    <ignored/>
  </testcase> <!-- validBlankDocRearrangeorderCCApproversigner -->
  <testcase classname="TestCase.TestCases_Prudhvi1" name="ValidBlankDocSignerMulApproverAndCC" time="0.0">
    <ignored/>
  </testcase> <!-- ValidBlankDocSignerMulApproverAndCC -->
  <testcase classname="TestCase.TestCases_Prudhvi1" name="contentFeildsCompanyProfile" time="0.0">
    <ignored/>
  </testcase> <!-- contentFeildsCompanyProfile -->
  <testcase classname="TestCase.TestCases_Prudhvi1" name="ValidRearrangingOrderFirstOtherSignersandThenSender" time="0.0">
    <ignored/>
  </testcase> <!-- ValidRearrangingOrderFirstOtherSignersandThenSender -->
</testsuite> <!-- Default test -->
