<?xml version="1.0" encoding="UTF-8"?>
<!-- Generated by org.testng.reporters.JUnitXMLReporter -->
<testsuite ignored="54" hostname="HGT-LAP-310" failures="0" tests="1" name="Default test" time="49.03" errors="0" timestamp="2024-09-04T15:32:26 IST">
  <testcase classname="TestCase.TC_RelatedToWorkflows_meghana" name="clickWF" time="28.413"/>
  <testcase classname="TestCase.TC_RelatedToWorkflows_meghana" name="search" time="0.0">
    <ignored/>
  </testcase> <!-- search -->
  <testcase classname="TestCase.TC_RelatedToWorkflows_meghana" name="actionViewWFDataBack" time="0.0">
    <ignored/>
  </testcase> <!-- actionViewWFDataBack -->
  <testcase classname="TestCase.TC_RelatedToWorkflows_meghana" name="Sendworkflow" time="0.0">
    <ignored/>
  </testcase> <!-- Sendworkflow -->
  <testcase classname="TestCase.TC_RelatedToWorkflows_meghana" name="WfResponseInprogressViewWFActionvoidDocument" time="0.0">
    <ignored/>
  </testcase> <!-- WfResponseInprogressViewWFActionvoidDocument -->
  <testcase classname="TestCase.TC_RelatedToWorkflows_meghana" name="WfResponseInprogressViewWFActionHistory" time="0.0">
    <ignored/>
  </testcase> <!-- WfResponseInprogressViewWFActionHistory -->
  <testcase classname="TestCase.TC_RelatedToWorkflows_meghana" name="actionViewWFDataSendWf" time="0.0">
    <ignored/>
  </testcase> <!-- actionViewWFDataSendWf -->
  <testcase classname="TestCase.TC_RelatedToWorkflows_meghana" name="verifyUserPageAddRecipient" time="0.0">
    <ignored/>
  </testcase> <!-- verifyUserPageAddRecipient -->
  <testcase classname="TestCase.TC_RelatedToWorkflows_meghana" name="verifyClickOnWFTitle" time="0.0">
    <ignored/>
  </testcase> <!-- verifyClickOnWFTitle -->
  <testcase classname="TestCase.TC_RelatedToWorkflows_meghana" name="verifyBuildPageviewTempSettings" time="0.0">
    <ignored/>
  </testcase> <!-- verifyBuildPageviewTempSettings -->
  <testcase classname="TestCase.TC_RelatedToWorkflows_meghana" name="WfResponseCompletedViewWF" time="0.0">
    <ignored/>
  </testcase> <!-- WfResponseCompletedViewWF -->
  <testcase classname="TestCase.TC_RelatedToWorkflows_meghana" name="WfResponseInProgressViewWFDelete" time="0.0">
    <ignored/>
  </testcase> <!-- WfResponseInProgressViewWFDelete -->
  <testcase classname="TestCase.TC_RelatedToWorkflows_meghana" name="WfResponseInprogressViewWFActionDownloadHistory" time="0.0">
    <ignored/>
  </testcase> <!-- WfResponseInprogressViewWFActionDownloadHistory -->
  <testcase classname="TestCase.TC_RelatedToWorkflows_meghana" name="WfResponseInprogressViewWFActionDeleteDocument" time="0.0">
    <ignored/>
  </testcase> <!-- WfResponseInprogressViewWFActionDeleteDocument -->
  <testcase classname="TestCase.TC_RelatedToWorkflows_meghana" name="WfResponseCompletedViewWFDelete" time="0.0">
    <ignored/>
  </testcase> <!-- WfResponseCompletedViewWFDelete -->
  <testcase classname="TestCase.TC_RelatedToWorkflows_meghana" name="WfResponseInprogressBackButton" time="0.0">
    <ignored/>
  </testcase> <!-- WfResponseInprogressBackButton -->
  <testcase classname="TestCase.TC_RelatedToWorkflows_meghana" name="actionViewWFDataSearch" time="0.0">
    <ignored/>
  </testcase> <!-- actionViewWFDataSearch -->
  <testcase classname="TestCase.TC_RelatedToWorkflows_meghana" name="WfResponseInProgressViewWFActionResend" time="0.0">
    <ignored/>
  </testcase> <!-- WfResponseInProgressViewWFActionResend -->
  <testcase classname="TestCase.TC_RelatedToWorkflows_meghana" name="WfResponseCompletedBulkDelete" time="0.0">
    <ignored/>
  </testcase> <!-- WfResponseCompletedBulkDelete -->
  <testcase classname="TestCase.TC_RelatedToWorkflows_meghana" name="verifyBuildPageviewTempViewTempUser" time="0.0">
    <ignored/>
  </testcase> <!-- verifyBuildPageviewTempViewTempUser -->
  <testcase classname="TestCase.TC_RelatedToWorkflows_meghana" name="active" time="0.0">
    <ignored/>
  </testcase> <!-- active -->
  <testcase classname="TestCase.TC_RelatedToWorkflows_meghana" name="WfResponseCompletedViewWFHistory" time="0.0">
    <ignored/>
  </testcase> <!-- WfResponseCompletedViewWFHistory -->
  <testcase classname="TestCase.TC_RelatedToWorkflows_meghana" name="StatusDraft" time="0.0">
    <ignored/>
  </testcase> <!-- StatusDraft -->
  <testcase classname="TestCase.TC_RelatedToWorkflows_meghana" name="actionViewWFDataStatusDraft" time="0.0">
    <ignored/>
  </testcase> <!-- actionViewWFDataStatusDraft -->
  <testcase classname="TestCase.TC_RelatedToWorkflows_meghana" name="WfResponseInprogressViewWFActionCorrectDocument" time="0.0">
    <ignored/>
  </testcase> <!-- WfResponseInprogressViewWFActionCorrectDocument -->
  <testcase classname="TestCase.TC_RelatedToWorkflows_meghana" name="actionViewWFDataStatusCompleted" time="0.0">
    <ignored/>
  </testcase> <!-- actionViewWFDataStatusCompleted -->
  <testcase classname="TestCase.TC_RelatedToWorkflows_meghana" name="WfResponseCompletedViewWFDownload" time="0.0">
    <ignored/>
  </testcase> <!-- WfResponseCompletedViewWFDownload -->
  <testcase classname="TestCase.TC_RelatedToWorkflows_meghana" name="verifyBuildPageviewTempRename" time="0.0">
    <ignored/>
  </testcase> <!-- verifyBuildPageviewTempRename -->
  <testcase classname="TestCase.TC_RelatedToWorkflows_meghana" name="StatusDraftActionsPermanentDelete" time="0.0">
    <ignored/>
  </testcase> <!-- StatusDraftActionsPermanentDelete -->
  <testcase classname="TestCase.TC_RelatedToWorkflows_meghana" name="WfResponseInProgressDelete" time="0.0">
    <ignored/>
  </testcase> <!-- WfResponseInProgressDelete -->
  <testcase classname="TestCase.TC_RelatedToWorkflows_meghana" name="inactive" time="0.0">
    <ignored/>
  </testcase> <!-- inactive -->
  <testcase classname="TestCase.TC_RelatedToWorkflows_meghana" name="WfResponseInProgressViewWF" time="0.0">
    <ignored/>
  </testcase> <!-- WfResponseInProgressViewWF -->
  <testcase classname="TestCase.TC_RelatedToWorkflows_meghana" name="actionInactive" time="0.0">
    <ignored/>
  </testcase> <!-- actionInactive -->
  <testcase classname="TestCase.TC_RelatedToWorkflows_meghana" name="WfResponseInProgressResend" time="0.0">
    <ignored/>
  </testcase> <!-- WfResponseInProgressResend -->
  <testcase classname="TestCase.TC_RelatedToWorkflows_meghana" name="StatusCompleted" time="0.0">
    <ignored/>
  </testcase> <!-- StatusCompleted -->
  <testcase classname="TestCase.TC_RelatedToWorkflows_meghana" name="verifyBuildPageviewTempDelete" time="0.0">
    <ignored/>
  </testcase> <!-- verifyBuildPageviewTempDelete -->
  <testcase classname="TestCase.TC_RelatedToWorkflows_meghana" name="StatusDraftActionsSendWF" time="0.0">
    <ignored/>
  </testcase> <!-- StatusDraftActionsSendWF -->
  <testcase classname="TestCase.TC_RelatedToWorkflows_meghana" name="verifyUserPageSelectRecipient" time="0.0">
    <ignored/>
  </testcase> <!-- verifyUserPageSelectRecipient -->
  <testcase classname="TestCase.TC_RelatedToWorkflows_meghana" name="preview" time="0.0">
    <ignored/>
  </testcase> <!-- preview -->
  <testcase classname="TestCase.TC_RelatedToWorkflows_meghana" name="verifyBuildPageviewTempSave" time="0.0">
    <ignored/>
  </testcase> <!-- verifyBuildPageviewTempSave -->
  <testcase classname="TestCase.TC_RelatedToWorkflows_meghana" name="actionRename" time="0.0">
    <ignored/>
  </testcase> <!-- actionRename -->
  <testcase classname="TestCase.TC_RelatedToWorkflows_meghana" name="wf" time="0.0">
    <ignored/>
  </testcase> <!-- wf -->
  <testcase classname="TestCase.TC_RelatedToWorkflows_meghana" name="WfResponseDraftBack" time="0.0">
    <ignored/>
  </testcase> <!-- WfResponseDraftBack -->
  <testcase classname="TestCase.TC_RelatedToWorkflows_meghana" name="clickCreateWF" time="0.0">
    <ignored/>
  </testcase> <!-- clickCreateWF -->
  <testcase classname="TestCase.TC_RelatedToWorkflows_meghana" name="StatusInProgress" time="0.0">
    <ignored/>
  </testcase> <!-- StatusInProgress -->
  <testcase classname="TestCase.TC_RelatedToWorkflows_meghana" name="WfResponseCompletedActionDelete" time="0.0">
    <ignored/>
  </testcase> <!-- WfResponseCompletedActionDelete -->
  <testcase classname="TestCase.TC_RelatedToWorkflows_meghana" name="actionEdit" time="0.0">
    <ignored/>
  </testcase> <!-- actionEdit -->
  <testcase classname="TestCase.TC_RelatedToWorkflows_meghana" name="WfResponseCompletedViewWFClone" time="0.0">
    <ignored/>
  </testcase> <!-- WfResponseCompletedViewWFClone -->
  <testcase classname="TestCase.TC_RelatedToWorkflows_meghana" name="verifyBuildPage" time="0.0">
    <ignored/>
  </testcase> <!-- verifyBuildPage -->
  <testcase classname="TestCase.TC_RelatedToWorkflows_meghana" name="actionViewWFData" time="0.0">
    <ignored/>
  </testcase> <!-- actionViewWFData -->
  <testcase classname="TestCase.TC_RelatedToWorkflows_meghana" name="verifyUserPageAddRecipientNextButton" time="0.0">
    <ignored/>
  </testcase> <!-- verifyUserPageAddRecipientNextButton -->
  <testcase classname="TestCase.TC_RelatedToWorkflows_meghana" name="WfResponseDraftBulkDelete" time="0.0">
    <ignored/>
  </testcase> <!-- WfResponseDraftBulkDelete -->
  <testcase classname="TestCase.TC_RelatedToWorkflows_meghana" name="WfResponseInProgressViewWFActionView" time="0.0">
    <ignored/>
  </testcase> <!-- WfResponseInProgressViewWFActionView -->
  <testcase classname="TestCase.TC_RelatedToWorkflows_meghana" name="actionViewWFBulkData" time="0.0">
    <ignored/>
  </testcase> <!-- actionViewWFBulkData -->
  <testcase classname="TestCase.TC_RelatedToWorkflows_meghana" name="actionViewWFDataStatusSent" time="0.0">
    <ignored/>
  </testcase> <!-- actionViewWFDataStatusSent -->
</testsuite> <!-- Default test -->
