<?xml version="1.0" encoding="UTF-8"?>
<!-- Generated by org.testng.reporters.JUnitXMLReporter -->
<testsuite ignored="2" hostname="HGT-LAP-310" failures="0" tests="17" name="Default test" time="0.297" errors="0" timestamp="2024-05-09T16:36:23 IST">
  <testcase classname="TestBase.testCaseBase" name="@BeforeMethod setup" time="-1.715252782907E9">
    <failure type="org.testng.TestNGException" message="
Parameter &amp;apos;browser&amp;apos; is required by BeforeMethod on method setup but has not been marked @Optional or defined
in C:\Users\prudhvi.buddharaju\AppData\Local\Temp\testng-eclipse--2037779384\testng-customsuite.xml">
      <![CDATA[org.testng.TestNGException: 
Parameter 'browser' is required by BeforeMethod on method setup but has not been marked @Optional or defined
in C:\Users\prudhvi.buddharaju\AppData\Local\Temp\testng-eclipse--2037779384\testng-customsuite.xml
at org.testng.internal.Parameters.createParams(Parameters.java:270)
at org.testng.internal.Parameters.createParametersForMethod(Parameters.java:358)
at org.testng.internal.Parameters.createParameters(Parameters.java:700)
at org.testng.internal.Parameters.createConfigurationParameters(Parameters.java:168)
at org.testng.internal.ConfigInvoker.invokeConfigurations(ConfigInvoker.java:302)
at org.testng.internal.TestInvoker.runConfigMethods(TestInvoker.java:700)
at org.testng.internal.TestInvoker.invokeMethod(TestInvoker.java:527)
at org.testng.internal.TestInvoker.invokeTestMethod(TestInvoker.java:173)
at org.testng.internal.MethodRunner.runInSequence(MethodRunner.java:46)
at org.testng.internal.TestInvoker$MethodInvocationAgent.invoke(TestInvoker.java:824)
at org.testng.internal.TestInvoker.invokeTestMethods(TestInvoker.java:146)
at org.testng.internal.TestMethodWorker.invokeTestMethods(TestMethodWorker.java:146)
at org.testng.internal.TestMethodWorker.run(TestMethodWorker.java:128)
at java.base/java.util.ArrayList.forEach(ArrayList.java:1596)
at org.testng.TestRunner.privateRun(TestRunner.java:794)
at org.testng.TestRunner.run(TestRunner.java:596)
at org.testng.SuiteRunner.runTest(SuiteRunner.java:377)
at org.testng.SuiteRunner.runSequentially(SuiteRunner.java:371)
at org.testng.SuiteRunner.privateRun(SuiteRunner.java:332)
at org.testng.SuiteRunner.run(SuiteRunner.java:276)
at org.testng.SuiteRunnerWorker.runSuite(SuiteRunnerWorker.java:53)
at org.testng.SuiteRunnerWorker.run(SuiteRunnerWorker.java:96)
at org.testng.TestNG.runSuitesSequentially(TestNG.java:1212)
at org.testng.TestNG.runSuitesLocally(TestNG.java:1134)
at org.testng.TestNG.runSuites(TestNG.java:1063)
at org.testng.TestNG.run(TestNG.java:1031)
at org.testng.remote.AbstractRemoteTestNG.run(AbstractRemoteTestNG.java:115)
at org.testng.remote.RemoteTestNG.initAndRun(RemoteTestNG.java:251)
at org.testng.remote.RemoteTestNG.main(RemoteTestNG.java:77)
]]>
    </failure>
  </testcase> <!-- @BeforeMethod setup -->
  <testcase classname="TestCase.FormTemplate_Testcases" name="@BeforeMethod Start" time="-1.715252782915E9">
    <skipped/>
  </testcase> <!-- @BeforeMethod Start -->
  <testcase classname="TestBase.testCaseBase" name="@AfterMethod tearDown" time="-1.715252782926E9">
    <skipped/>
  </testcase> <!-- @AfterMethod tearDown -->
  <testcase classname="TestBase.testCaseBase" name="@BeforeMethod setup" time="-1.715252782928E9">
    <skipped/>
  </testcase> <!-- @BeforeMethod setup -->
  <testcase classname="TestCase.FormTemplate_Testcases" name="@BeforeMethod Start" time="-1.715252782929E9">
    <skipped/>
  </testcase> <!-- @BeforeMethod Start -->
  <testcase classname="TestBase.testCaseBase" name="@AfterMethod tearDown" time="-1.715252782933E9">
    <skipped/>
  </testcase> <!-- @AfterMethod tearDown -->
  <testcase classname="TestBase.testCaseBase" name="@BeforeMethod setup" time="-1.715252782934E9">
    <skipped/>
  </testcase> <!-- @BeforeMethod setup -->
  <testcase classname="TestCase.FormTemplate_Testcases" name="@BeforeMethod Start" time="-1.715252782935E9">
    <skipped/>
  </testcase> <!-- @BeforeMethod Start -->
  <testcase classname="TestBase.testCaseBase" name="@AfterMethod tearDown" time="-1.715252782937E9">
    <skipped/>
  </testcase> <!-- @AfterMethod tearDown -->
  <testcase classname="TestBase.testCaseBase" name="@BeforeMethod setup" time="-1.715252782938E9">
    <skipped/>
  </testcase> <!-- @BeforeMethod setup -->
  <testcase classname="TestCase.FormTemplate_Testcases" name="@BeforeMethod Start" time="-1.715252782938E9">
    <skipped/>
  </testcase> <!-- @BeforeMethod Start -->
  <testcase classname="TestBase.testCaseBase" name="@AfterMethod tearDown" time="-1.71525278294E9">
    <skipped/>
  </testcase> <!-- @AfterMethod tearDown -->
  <testcase classname="TestBase.testCaseBase" name="@BeforeMethod setup" time="-1.715252782941E9">
    <skipped/>
  </testcase> <!-- @BeforeMethod setup -->
  <testcase classname="TestCase.FormTemplate_Testcases" name="@BeforeMethod Start" time="-1.715252782941E9">
    <skipped/>
  </testcase> <!-- @BeforeMethod Start -->
  <testcase classname="TestBase.testCaseBase" name="@AfterMethod tearDown" time="-1.715252782943E9">
    <skipped/>
  </testcase> <!-- @AfterMethod tearDown -->
  <testcase classname="TestBase.testCaseBase" name="@BeforeMethod setup" time="-1.715252782944E9">
    <skipped/>
  </testcase> <!-- @BeforeMethod setup -->
  <testcase classname="TestCase.FormTemplate_Testcases" name="@BeforeMethod Start" time="-1.715252782945E9">
    <skipped/>
  </testcase> <!-- @BeforeMethod Start -->
  <testcase classname="TestBase.testCaseBase" name="@AfterMethod tearDown" time="-1.715252782948E9">
    <skipped/>
  </testcase> <!-- @AfterMethod tearDown -->
  <testcase classname="TestBase.testCaseBase" name="@BeforeMethod setup" time="-1.71525278295E9">
    <skipped/>
  </testcase> <!-- @BeforeMethod setup -->
  <testcase classname="TestCase.FormTemplate_Testcases" name="@BeforeMethod Start" time="-1.71525278295E9">
    <skipped/>
  </testcase> <!-- @BeforeMethod Start -->
  <testcase classname="TestBase.testCaseBase" name="@AfterMethod tearDown" time="-1.715252782953E9">
    <skipped/>
  </testcase> <!-- @AfterMethod tearDown -->
  <testcase classname="TestBase.testCaseBase" name="@BeforeMethod setup" time="-1.715252782954E9">
    <skipped/>
  </testcase> <!-- @BeforeMethod setup -->
  <testcase classname="TestCase.FormTemplate_Testcases" name="@BeforeMethod Start" time="-1.715252782955E9">
    <skipped/>
  </testcase> <!-- @BeforeMethod Start -->
  <testcase classname="TestBase.testCaseBase" name="@AfterMethod tearDown" time="-1.715252782957E9">
    <skipped/>
  </testcase> <!-- @AfterMethod tearDown -->
  <testcase classname="TestBase.testCaseBase" name="@BeforeMethod setup" time="-1.715252782958E9">
    <skipped/>
  </testcase> <!-- @BeforeMethod setup -->
  <testcase classname="TestCase.FormTemplate_Testcases" name="@BeforeMethod Start" time="-1.715252782959E9">
    <skipped/>
  </testcase> <!-- @BeforeMethod Start -->
  <testcase classname="TestBase.testCaseBase" name="@AfterMethod tearDown" time="-1.715252782961E9">
    <skipped/>
  </testcase> <!-- @AfterMethod tearDown -->
  <testcase classname="TestBase.testCaseBase" name="@BeforeMethod setup" time="-1.715252782962E9">
    <skipped/>
  </testcase> <!-- @BeforeMethod setup -->
  <testcase classname="TestCase.FormTemplate_Testcases" name="@BeforeMethod Start" time="-1.715252782962E9">
    <skipped/>
  </testcase> <!-- @BeforeMethod Start -->
  <testcase classname="TestBase.testCaseBase" name="@AfterMethod tearDown" time="-1.715252782964E9">
    <skipped/>
  </testcase> <!-- @AfterMethod tearDown -->
  <testcase classname="TestBase.testCaseBase" name="@BeforeMethod setup" time="-1.715252782965E9">
    <skipped/>
  </testcase> <!-- @BeforeMethod setup -->
  <testcase classname="TestCase.FormTemplate_Testcases" name="@BeforeMethod Start" time="-1.715252782966E9">
    <skipped/>
  </testcase> <!-- @BeforeMethod Start -->
  <testcase classname="TestBase.testCaseBase" name="@AfterMethod tearDown" time="-1.715252782967E9">
    <skipped/>
  </testcase> <!-- @AfterMethod tearDown -->
  <testcase classname="TestBase.testCaseBase" name="@BeforeMethod setup" time="-1.715252782968E9">
    <skipped/>
  </testcase> <!-- @BeforeMethod setup -->
  <testcase classname="TestCase.FormTemplate_Testcases" name="@BeforeMethod Start" time="-1.715252782969E9">
    <skipped/>
  </testcase> <!-- @BeforeMethod Start -->
  <testcase classname="TestBase.testCaseBase" name="@AfterMethod tearDown" time="-1.71525278297E9">
    <skipped/>
  </testcase> <!-- @AfterMethod tearDown -->
  <testcase classname="TestBase.testCaseBase" name="@BeforeMethod setup" time="-1.715252782971E9">
    <skipped/>
  </testcase> <!-- @BeforeMethod setup -->
  <testcase classname="TestCase.FormTemplate_Testcases" name="@BeforeMethod Start" time="-1.715252782971E9">
    <skipped/>
  </testcase> <!-- @BeforeMethod Start -->
  <testcase classname="TestBase.testCaseBase" name="@AfterMethod tearDown" time="-1.715252782973E9">
    <skipped/>
  </testcase> <!-- @AfterMethod tearDown -->
  <testcase classname="TestBase.testCaseBase" name="@BeforeMethod setup" time="-1.715252782973E9">
    <skipped/>
  </testcase> <!-- @BeforeMethod setup -->
  <testcase classname="TestCase.FormTemplate_Testcases" name="@BeforeMethod Start" time="-1.715252782974E9">
    <skipped/>
  </testcase> <!-- @BeforeMethod Start -->
  <testcase classname="TestBase.testCaseBase" name="@AfterMethod tearDown" time="-1.71525278298E9">
    <skipped/>
  </testcase> <!-- @AfterMethod tearDown -->
  <testcase classname="TestBase.testCaseBase" name="@BeforeMethod setup" time="-1.715252782982E9">
    <skipped/>
  </testcase> <!-- @BeforeMethod setup -->
  <testcase classname="TestCase.FormTemplate_Testcases" name="@BeforeMethod Start" time="-1.715252782982E9">
    <skipped/>
  </testcase> <!-- @BeforeMethod Start -->
  <testcase classname="TestBase.testCaseBase" name="@AfterMethod tearDown" time="-1.715252782984E9">
    <skipped/>
  </testcase> <!-- @AfterMethod tearDown -->
  <testcase classname="TestBase.testCaseBase" name="@BeforeMethod setup" time="-1.715252782985E9">
    <skipped/>
  </testcase> <!-- @BeforeMethod setup -->
  <testcase classname="TestCase.FormTemplate_Testcases" name="@BeforeMethod Start" time="-1.715252782986E9">
    <skipped/>
  </testcase> <!-- @BeforeMethod Start -->
  <testcase classname="TestBase.testCaseBase" name="@AfterMethod tearDown" time="-1.715252782988E9">
    <skipped/>
  </testcase> <!-- @AfterMethod tearDown -->
  <testcase classname="TestBase.testCaseBase" name="@BeforeMethod setup" time="-1.715252782988E9">
    <skipped/>
  </testcase> <!-- @BeforeMethod setup -->
  <testcase classname="TestCase.FormTemplate_Testcases" name="@BeforeMethod Start" time="-1.715252782989E9">
    <skipped/>
  </testcase> <!-- @BeforeMethod Start -->
  <testcase classname="TestBase.testCaseBase" name="@AfterMethod tearDown" time="-1.715252782991E9">
    <skipped/>
  </testcase> <!-- @AfterMethod tearDown -->
  <testcase classname="TestCase.FormTemplate_Testcases" name="ContentHorizontalLine" time="0.0">
    <skipped/>
  </testcase> <!-- ContentHorizontalLine -->
  <testcase classname="TestCase.FormTemplate_Testcases" name="ContentDivision" time="0.0">
    <skipped/>
  </testcase> <!-- ContentDivision -->
  <testcase classname="TestCase.FormTemplate_Testcases" name="AdvancedAutoIncrementNumber" time="0.0">
    <skipped/>
  </testcase> <!-- AdvancedAutoIncrementNumber -->
  <testcase classname="TestCase.FormTemplate_Testcases" name="AdvancedLocation" time="0.0">
    <skipped/>
  </testcase> <!-- AdvancedLocation -->
  <testcase classname="TestCase.FormTemplate_Testcases" name="AdvancedCurrency" time="0.0">
    <skipped/>
  </testcase> <!-- AdvancedCurrency -->
  <testcase classname="TestCase.FormTemplate_Testcases" name="AdvancedQuestion" time="0.0">
    <skipped/>
  </testcase> <!-- AdvancedQuestion -->
  <testcase classname="TestCase.FormTemplate_Testcases" name="AdvancedEntity" time="0.0">
    <skipped/>
  </testcase> <!-- AdvancedEntity -->
  <testcase classname="TestCase.FormTemplate_Testcases" name="AdvancedFormula" time="0.0">
    <skipped/>
  </testcase> <!-- AdvancedFormula -->
  <testcase classname="TestCase.FormTemplate_Testcases" name="AdvancedAggregateFunction" time="0.0">
    <skipped/>
  </testcase> <!-- AdvancedAggregateFunction -->
  <testcase classname="TestCase.FormTemplate_Testcases" name="AdvancedChildEntityTable" time="0.0">
    <skipped/>
  </testcase> <!-- AdvancedChildEntityTable -->
  <testcase classname="TestCase.FormTemplate_Testcases" name="AdvancedPayButtons" time="0.0">
    <skipped/>
  </testcase> <!-- AdvancedPayButtons -->
  <testcase classname="TestCase.FormTemplate_Testcases" name="AdvancedPaymentVariable" time="0.0">
    <skipped/>
  </testcase> <!-- AdvancedPaymentVariable -->
  <testcase classname="TestCase.FormTemplate_Testcases" name="AdvancedStarRating" time="0.0">
    <skipped/>
  </testcase> <!-- AdvancedStarRating -->
  <testcase classname="TestCase.FormTemplate_Testcases" name="AdvancedConcatenate" time="0.0">
    <skipped/>
  </testcase> <!-- AdvancedConcatenate -->
  <testcase classname="TestCase.FormTemplate_Testcases" name="AdvancedAudio" time="0.0">
    <skipped/>
  </testcase> <!-- AdvancedAudio -->
  <testcase classname="TestCase.FormTemplate_Testcases" name="AdvancedQRCode" time="0.0">
    <skipped/>
  </testcase> <!-- AdvancedQRCode -->
  <testcase classname="TestCase.FormTemplate_Testcases" name="AdvancedQRReader" time="0.0">
    <skipped/>
  </testcase> <!-- AdvancedQRReader -->
  <testcase classname="TestCase.FormTemplate_Testcases" name="AdvancedAuthorizedSignature" time="0.0">
    <ignored/>
  </testcase> <!-- AdvancedAuthorizedSignature -->
  <testcase classname="TestCase.FormTemplate_Testcases" name="AdvancedDataTable" time="0.0">
    <ignored/>
  </testcase> <!-- AdvancedDataTable -->
</testsuite> <!-- Default test -->
