<?xml version="1.0" encoding="UTF-8"?>
<!-- Generated by org.testng.reporters.JUnitXMLReporter -->
<testsuite ignored="83" hostname="HGT-LAP-310" failures="1" tests="1" name="Default test" time="317.452" errors="0" timestamp="2024-06-18T15:12:58 IST">
  <testcase classname="TestCase.TestCases_Prudhvi2" name="VerifyChangeDoc" time="310.115">
    <failure type="org.openqa.selenium.TimeoutException" message="Expected condition failed: waiting for element to be clickable: By.xpath: //img[@class=&amp;apos;arrows&amp;apos;] (tried for 60 second(s) with 500 milliseconds interval)
Build info: version: &amp;apos;4.21.0&amp;apos;, revision: &amp;apos;79ed462ef4&amp;apos;
System info: os.name: &amp;apos;Windows 11&amp;apos;, os.arch: &amp;apos;amd64&amp;apos;, os.version: &amp;apos;10.0&amp;apos;, java.version: &amp;apos;21.0.1&amp;apos;
Driver info: org.openqa.selenium.chrome.ChromeDriver
Capabilities {acceptInsecureCerts: false, browserName: chrome, browserVersion: 125.0.6422.176, chrome: {chromedriverVersion: 125.0.6422.141 (4b1e8393712..., userDataDir: C:\Users\PRUDHV~1.BUD\AppDa...}, fedcm:accounts: true, goog:chromeOptions: {debuggerAddress: localhost:51078}, networkConnectionEnabled: false, pageLoadStrategy: normal, platformName: windows, proxy: Proxy(), se:cdp: ws://localhost:51078/devtoo..., se:cdpVersion: 125.0.6422.176, setWindowRect: true, strictFileInteractability: false, timeouts: {implicit: 0, pageLoad: 300000, script: 30000}, unhandledPromptBehavior: dismiss and notify, webauthn:extension:credBlob: true, webauthn:extension:largeBlob: true, webauthn:extension:minPinLength: true, webauthn:extension:prf: true, webauthn:virtualAuthenticators: true}
Session ID: aa849644a04db469f7808fa2ad7007a0">
      <![CDATA[org.openqa.selenium.TimeoutException: Expected condition failed: waiting for element to be clickable: By.xpath: //img[@class='arrows'] (tried for 60 second(s) with 500 milliseconds interval)
Build info: version: '4.21.0', revision: '79ed462ef4'
System info: os.name: 'Windows 11', os.arch: 'amd64', os.version: '10.0', java.version: '21.0.1'
Driver info: org.openqa.selenium.chrome.ChromeDriver
Capabilities {acceptInsecureCerts: false, browserName: chrome, browserVersion: 125.0.6422.176, chrome: {chromedriverVersion: 125.0.6422.141 (4b1e8393712..., userDataDir: C:\Users\PRUDHV~1.BUD\AppDa...}, fedcm:accounts: true, goog:chromeOptions: {debuggerAddress: localhost:51078}, networkConnectionEnabled: false, pageLoadStrategy: normal, platformName: windows, proxy: Proxy(), se:cdp: ws://localhost:51078/devtoo..., se:cdpVersion: 125.0.6422.176, setWindowRect: true, strictFileInteractability: false, timeouts: {implicit: 0, pageLoad: 300000, script: 30000}, unhandledPromptBehavior: dismiss and notify, webauthn:extension:credBlob: true, webauthn:extension:largeBlob: true, webauthn:extension:minPinLength: true, webauthn:extension:prf: true, webauthn:virtualAuthenticators: true}
Session ID: aa849644a04db469f7808fa2ad7007a0
at org.openqa.selenium.support.ui.WebDriverWait.timeoutException(WebDriverWait.java:84)
at org.openqa.selenium.support.ui.FluentWait.until(FluentWait.java:228)
at Pages.DocumentsScenarios2.waitEle(DocumentsScenarios2.java:31)
at Pages.DocumentsScenarios2.changedoc(DocumentsScenarios2.java:289)
at TestCase.TestCases_Prudhvi2.VerifyChangeDoc(TestCases_Prudhvi2.java:1070)
at java.base/jdk.internal.reflect.DirectMethodHandleAccessor.invoke(DirectMethodHandleAccessor.java:103)
at java.base/java.lang.reflect.Method.invoke(Method.java:580)
at org.testng.internal.MethodInvocationHelper.invokeMethod(MethodInvocationHelper.java:133)
at org.testng.internal.TestInvoker.invokeMethod(TestInvoker.java:598)
at org.testng.internal.TestInvoker.invokeTestMethod(TestInvoker.java:173)
at org.testng.internal.MethodRunner.runInSequence(MethodRunner.java:46)
at org.testng.internal.TestInvoker$MethodInvocationAgent.invoke(TestInvoker.java:824)
at org.testng.internal.TestInvoker.invokeTestMethods(TestInvoker.java:146)
at org.testng.internal.TestMethodWorker.invokeTestMethods(TestMethodWorker.java:146)
at org.testng.internal.TestMethodWorker.run(TestMethodWorker.java:128)
at java.base/java.util.ArrayList.forEach(ArrayList.java:1596)
at org.testng.TestRunner.privateRun(TestRunner.java:794)
at org.testng.TestRunner.run(TestRunner.java:596)
at org.testng.SuiteRunner.runTest(SuiteRunner.java:377)
at org.testng.SuiteRunner.runSequentially(SuiteRunner.java:371)
at org.testng.SuiteRunner.privateRun(SuiteRunner.java:332)
at org.testng.SuiteRunner.run(SuiteRunner.java:276)
at org.testng.SuiteRunnerWorker.runSuite(SuiteRunnerWorker.java:53)
at org.testng.SuiteRunnerWorker.run(SuiteRunnerWorker.java:96)
at org.testng.TestNG.runSuitesSequentially(TestNG.java:1212)
at org.testng.TestNG.runSuitesLocally(TestNG.java:1134)
at org.testng.TestNG.runSuites(TestNG.java:1063)
at org.testng.TestNG.run(TestNG.java:1031)
at org.testng.remote.AbstractRemoteTestNG.run(AbstractRemoteTestNG.java:115)
at org.testng.remote.RemoteTestNG.initAndRun(RemoteTestNG.java:293)
at org.testng.remote.RemoteTestNG.main(RemoteTestNG.java:91)
]]>
    </failure>
  </testcase> <!-- VerifyChangeDoc -->
  <testcase classname="TestCase.TestCases_Prudhvi2" name="VerifyWaitingForOthersDeletedocument" time="0.0">
    <ignored/>
  </testcase> <!-- VerifyWaitingForOthersDeletedocument -->
  <testcase classname="TestCase.TestCases_Prudhvi2" name="VerifyArchivedUndodocument" time="0.0">
    <ignored/>
  </testcase> <!-- VerifyArchivedUndodocument -->
  <testcase classname="TestCase.TestCases_Prudhvi2" name="VerifySigSenderCCorderWOEWOA" time="0.0">
    <ignored/>
  </testcase> <!-- VerifySigSenderCCorderWOEWOA -->
  <testcase classname="TestCase.TestCases_Prudhvi2" name="VerifyMultpleCCSender" time="0.0">
    <ignored/>
  </testcase> <!-- VerifyMultpleCCSender -->
  <testcase classname="TestCase.TestCases_Prudhvi2" name="VerifyOtheroptionsdownload" time="0.0">
    <ignored/>
  </testcase> <!-- VerifyOtheroptionsdownload -->
  <testcase classname="TestCase.TestCases_Prudhvi2" name="VerifyDraftDocumentSettings" time="0.0">
    <ignored/>
  </testcase> <!-- VerifyDraftDocumentSettings -->
  <testcase classname="TestCase.TestCases_Prudhvi2" name="VerifyDraftrenamedocument" time="0.0">
    <ignored/>
  </testcase> <!-- VerifyDraftrenamedocument -->
  <testcase classname="TestCase.TestCases_Prudhvi2" name="VerifySettings" time="0.0">
    <ignored/>
  </testcase> <!-- VerifySettings -->
  <testcase classname="TestCase.TestCases_Prudhvi2" name="VerifyBuldDeleteDocuments" time="0.0">
    <ignored/>
  </testcase> <!-- VerifyBuldDeleteDocuments -->
  <testcase classname="TestCase.TestCases_Prudhvi2" name="VerifyCompletedSharewithothers" time="0.0">
    <ignored/>
  </testcase> <!-- VerifyCompletedSharewithothers -->
  <testcase classname="TestCase.TestCases_Prudhvi2" name="VerifyAddPages" time="0.0">
    <ignored/>
  </testcase> <!-- VerifyAddPages -->
  <testcase classname="TestCase.TestCases_Prudhvi2" name="VerifyApprovedDocumentSettings" time="0.0">
    <ignored/>
  </testcase> <!-- VerifyApprovedDocumentSettings -->
  <testcase classname="TestCase.TestCases_Prudhvi2" name="VerifySenderMultipleCC" time="0.0">
    <ignored/>
  </testcase> <!-- VerifySenderMultipleCC -->
  <testcase classname="TestCase.TestCases_Prudhvi2" name="VerifyWaitingForOthersDocumentsettings" time="0.0">
    <ignored/>
  </testcase> <!-- VerifyWaitingForOthersDocumentsettings -->
  <testcase classname="TestCase.TestCases_Prudhvi2" name="VerifySentVoiddocument" time="0.0">
    <ignored/>
  </testcase> <!-- VerifySentVoiddocument -->
  <testcase classname="TestCase.TestCases_Prudhvi2" name="VerifyLockFields" time="0.0">
    <ignored/>
  </testcase> <!-- VerifyLockFields -->
  <testcase classname="TestCase.TestCases_Prudhvi2" name="VerfySaveAsDraft" time="0.0">
    <ignored/>
  </testcase> <!-- VerfySaveAsDraft -->
  <testcase classname="TestCase.TestCases_Prudhvi2" name="VerifySenderCCSignerWOEWOA" time="0.0">
    <ignored/>
  </testcase> <!-- VerifySenderCCSignerWOEWOA -->
  <testcase classname="TestCase.TestCases_Prudhvi2" name="VerifyApprovedRenameDocument" time="0.0">
    <ignored/>
  </testcase> <!-- VerifyApprovedRenameDocument -->
  <testcase classname="TestCase.TestCases_Prudhvi2" name="VerifyCompletedDownloaddocuement" time="0.0">
    <ignored/>
  </testcase> <!-- VerifyCompletedDownloaddocuement -->
  <testcase classname="TestCase.TestCases_Prudhvi2" name="VerifySentCorrectDocument" time="0.0">
    <ignored/>
  </testcase> <!-- VerifySentCorrectDocument -->
  <testcase classname="TestCase.TestCases_Prudhvi2" name="VerifyVoidClonedocument" time="0.0">
    <ignored/>
  </testcase> <!-- VerifyVoidClonedocument -->
  <testcase classname="TestCase.TestCases_Prudhvi2" name="VerifyApproverSenderapprove" time="0.0">
    <ignored/>
  </testcase> <!-- VerifyApproverSenderapprove -->
  <testcase classname="TestCase.TestCases_Prudhvi2" name="Verifyotheroptionshistory" time="0.0">
    <ignored/>
  </testcase> <!-- Verifyotheroptionshistory -->
  <testcase classname="TestCase.TestCases_Prudhvi2" name="VerifyCompletedClonedocument" time="0.0">
    <ignored/>
  </testcase> <!-- VerifyCompletedClonedocument -->
  <testcase classname="TestCase.TestCases_Prudhvi2" name="Verifychatandlogs" time="0.0">
    <ignored/>
  </testcase> <!-- Verifychatandlogs -->
  <testcase classname="TestCase.TestCases_Prudhvi2" name="Verifyotheroptionssettings" time="0.0">
    <ignored/>
  </testcase> <!-- Verifyotheroptionssettings -->
  <testcase classname="TestCase.TestCases_Prudhvi2" name="VerifyDeclinedDocumentSettings" time="0.0">
    <ignored/>
  </testcase> <!-- VerifyDeclinedDocumentSettings -->
  <testcase classname="TestCase.TestCases_Prudhvi2" name="VerifyPdfAutoFillreceiver" time="0.0">
    <ignored/>
  </testcase> <!-- VerifyPdfAutoFillreceiver -->
  <testcase classname="TestCase.TestCases_Prudhvi2" name="VerifyWaitingForOthersVoiddocument" time="0.0">
    <ignored/>
  </testcase> <!-- VerifyWaitingForOthersVoiddocument -->
  <testcase classname="TestCase.TestCases_Prudhvi2" name="VerifYVoidSaveastemplate" time="0.0">
    <ignored/>
  </testcase> <!-- VerifYVoidSaveastemplate -->
  <testcase classname="TestCase.TestCases_Prudhvi2" name="VerifyCompletedSaveastemplate" time="0.0">
    <ignored/>
  </testcase> <!-- VerifyCompletedSaveastemplate -->
  <testcase classname="TestCase.TestCases_Prudhvi2" name="VerifyLoginFunctionalityWithValidCredantials" time="0.0">
    <ignored/>
  </testcase> <!-- VerifyLoginFunctionalityWithValidCredantials -->
  <testcase classname="TestCase.TestCases_Prudhvi2" name="VerifyAppSigSenderorderWOEWOA" time="0.0">
    <ignored/>
  </testcase> <!-- VerifyAppSigSenderorderWOEWOA -->
  <testcase classname="TestCase.TestCases_Prudhvi2" name="VerifyOtheroptionsdeletedocument" time="0.0">
    <ignored/>
  </testcase> <!-- VerifyOtheroptionsdeletedocument -->
  <testcase classname="TestCase.TestCases_Prudhvi2" name="VerifyApprovedResendDocument" time="0.0">
    <ignored/>
  </testcase> <!-- VerifyApprovedResendDocument -->
  <testcase classname="TestCase.TestCases_Prudhvi2" name="VerifyCompletedDeletedocuement" time="0.0">
    <ignored/>
  </testcase> <!-- VerifyCompletedDeletedocuement -->
  <testcase classname="TestCase.TestCases_Prudhvi2" name="Verifyotheroptionssaveastem" time="0.0">
    <ignored/>
  </testcase> <!-- Verifyotheroptionssaveastem -->
  <testcase classname="TestCase.TestCases_Prudhvi2" name="VerifyDelineddocument" time="0.0">
    <ignored/>
  </testcase> <!-- VerifyDelineddocument -->
  <testcase classname="TestCase.TestCases_Prudhvi2" name="VerifyMultpleApproverSender" time="0.0">
    <ignored/>
  </testcase> <!-- VerifyMultpleApproverSender -->
  <testcase classname="TestCase.TestCases_Prudhvi2" name="VerifyApproverSenderDecline" time="0.0">
    <ignored/>
  </testcase> <!-- VerifyApproverSenderDecline -->
  <testcase classname="TestCase.TestCases_Prudhvi2" name="VerifyProcessWithOutSingledoc" time="0.0">
    <ignored/>
  </testcase> <!-- VerifyProcessWithOutSingledoc -->
  <testcase classname="TestCase.TestCases_Prudhvi2" name="VerifyDocForSingleSender" time="0.0">
    <ignored/>
  </testcase> <!-- VerifyDocForSingleSender -->
  <testcase classname="TestCase.TestCases_Prudhvi2" name="VerifySentDeletedocument" time="0.0">
    <ignored/>
  </testcase> <!-- VerifySentDeletedocument -->
  <testcase classname="TestCase.TestCases_Prudhvi2" name="VerifySendersigCCorderWOEWOA" time="0.0">
    <ignored/>
  </testcase> <!-- VerifySendersigCCorderWOEWOA -->
  <testcase classname="TestCase.TestCases_Prudhvi2" name="VerifyDaftsentdocument" time="0.0">
    <ignored/>
  </testcase> <!-- VerifyDaftsentdocument -->
  <testcase classname="TestCase.TestCases_Prudhvi2" name="VerifyotheroptionsCorrectdoc" time="0.0">
    <ignored/>
  </testcase> <!-- VerifyotheroptionsCorrectdoc -->
  <testcase classname="TestCase.TestCases_Prudhvi2" name="VerifyApprovedCorrectdocumentDocuments" time="0.0">
    <ignored/>
  </testcase> <!-- VerifyApprovedCorrectdocumentDocuments -->
  <testcase classname="TestCase.TestCases_Prudhvi2" name="VerifySingerCCSenderWOEWOA" time="0.0">
    <ignored/>
  </testcase> <!-- VerifySingerCCSenderWOEWOA -->
  <testcase classname="TestCase.TestCases_Prudhvi2" name="VerifyDraftDeleteDocument" time="0.0">
    <ignored/>
  </testcase> <!-- VerifyDraftDeleteDocument -->
  <testcase classname="TestCase.TestCases_Prudhvi2" name="VerifyApprovedApprovedDeleteDocument" time="0.0">
    <ignored/>
  </testcase> <!-- VerifyApprovedApprovedDeleteDocument -->
  <testcase classname="TestCase.TestCases_Prudhvi2" name="VerifyArchivedPermanentdelete" time="0.0">
    <ignored/>
  </testcase> <!-- VerifyArchivedPermanentdelete -->
  <testcase classname="TestCase.TestCases_Prudhvi2" name="Verifyotheroptionsprintandsign" time="0.0">
    <ignored/>
  </testcase> <!-- Verifyotheroptionsprintandsign -->
  <testcase classname="TestCase.TestCases_Prudhvi2" name="VerifyWaitingForOthersCorrectdocument" time="0.0">
    <ignored/>
  </testcase> <!-- VerifyWaitingForOthersCorrectdocument -->
  <testcase classname="TestCase.TestCases_Prudhvi2" name="VerifySentsavetoTemplate" time="0.0">
    <ignored/>
  </testcase> <!-- VerifySentsavetoTemplate -->
  <testcase classname="TestCase.TestCases_Prudhvi2" name="VerifyCompletedRenamedocument" time="0.0">
    <ignored/>
  </testcase> <!-- VerifyCompletedRenamedocument -->
  <testcase classname="TestCase.TestCases_Prudhvi2" name="VerifyApprovedVoidDocument" time="0.0">
    <ignored/>
  </testcase> <!-- VerifyApprovedVoidDocument -->
  <testcase classname="TestCase.TestCases_Prudhvi2" name="VerifyDeclinedDeclinedRenamedocument" time="0.0">
    <ignored/>
  </testcase> <!-- VerifyDeclinedDeclinedRenamedocument -->
  <testcase classname="TestCase.TestCases_Prudhvi2" name="VerifyCopylink" time="0.0">
    <ignored/>
  </testcase> <!-- VerifyCopylink -->
  <testcase classname="TestCase.TestCases_Prudhvi2" name="VerifyDeclinedVoiddocument" time="0.0">
    <ignored/>
  </testcase> <!-- VerifyDeclinedVoiddocument -->
  <testcase classname="TestCase.TestCases_Prudhvi2" name="VerifyApprovedSaveAsTemplate" time="0.0">
    <ignored/>
  </testcase> <!-- VerifyApprovedSaveAsTemplate -->
  <testcase classname="TestCase.TestCases_Prudhvi2" name="VerifyCCSignerSenderWOEWOA" time="0.0">
    <ignored/>
  </testcase> <!-- VerifyCCSignerSenderWOEWOA -->
  <testcase classname="TestCase.TestCases_Prudhvi2" name="VerifyClonedocumentForsinglesender" time="0.0">
    <ignored/>
  </testcase> <!-- VerifyClonedocumentForsinglesender -->
  <testcase classname="TestCase.TestCases_Prudhvi2" name="VerifyProcessSingleDoc" time="0.0">
    <ignored/>
  </testcase> <!-- VerifyProcessSingleDoc -->
  <testcase classname="TestCase.TestCases_Prudhvi2" name="VerifySenderMultipleApprovers" time="0.0">
    <ignored/>
  </testcase> <!-- VerifySenderMultipleApprovers -->
  <testcase classname="TestCase.TestCases_Prudhvi2" name="VerifyDeletePages" time="0.0">
    <ignored/>
  </testcase> <!-- VerifyDeletePages -->
  <testcase classname="TestCase.TestCases_Prudhvi2" name="VerifyWaitingForOthersSaveastemplate" time="0.0">
    <ignored/>
  </testcase> <!-- VerifyWaitingForOthersSaveastemplate -->
  <testcase classname="TestCase.TestCases_Prudhvi2" name="VerifyWaitformeWaitforme" time="0.0">
    <ignored/>
  </testcase> <!-- VerifyWaitformeWaitforme -->
  <testcase classname="TestCase.TestCases_Prudhvi2" name="VerifyCompletedSenttomail" time="0.0">
    <ignored/>
  </testcase> <!-- VerifyCompletedSenttomail -->
  <testcase classname="TestCase.TestCases_Prudhvi2" name="VerifyDraftSaveAsTemplate" time="0.0">
    <ignored/>
  </testcase> <!-- VerifyDraftSaveAsTemplate -->
  <testcase classname="TestCase.TestCases_Prudhvi2" name="VerifySentRenamedocument" time="0.0">
    <ignored/>
  </testcase> <!-- VerifySentRenamedocument -->
  <testcase classname="TestCase.TestCases_Prudhvi2" name="SplitSinglelineText" time="0.0">
    <ignored/>
  </testcase> <!-- SplitSinglelineText -->
  <testcase classname="TestCase.TestCases_Prudhvi2" name="VerifyVoidDeletedocument" time="0.0">
    <ignored/>
  </testcase> <!-- VerifyVoidDeletedocument -->
  <testcase classname="TestCase.TestCases_Prudhvi2" name="VerifyWaitingForOthersResenddocument" time="0.0">
    <ignored/>
  </testcase> <!-- VerifyWaitingForOthersResenddocument -->
  <testcase classname="TestCase.TestCases_Prudhvi2" name="VerifyArchivedRenamedocuments" time="0.0">
    <ignored/>
  </testcase> <!-- VerifyArchivedRenamedocuments -->
  <testcase classname="TestCase.TestCases_Prudhvi2" name="VerifySentdocumentsettings" time="0.0">
    <ignored/>
  </testcase> <!-- VerifySentdocumentsettings -->
  <testcase classname="TestCase.TestCases_Prudhvi2" name="VerifyCCSenderSingerWOEWOA" time="0.0">
    <ignored/>
  </testcase> <!-- VerifyCCSenderSingerWOEWOA -->
  <testcase classname="TestCase.TestCases_Prudhvi2" name="Verifychangeuser" time="0.0">
    <ignored/>
  </testcase> <!-- Verifychangeuser -->
  <testcase classname="TestCase.TestCases_Prudhvi2" name="VerifyWaitingForOthersRenamedocument" time="0.0">
    <ignored/>
  </testcase> <!-- VerifyWaitingForOthersRenamedocument -->
  <testcase classname="TestCase.TestCases_Prudhvi2" name="Verifyotheroptionsvoiddoc" time="0.0">
    <ignored/>
  </testcase> <!-- Verifyotheroptionsvoiddoc -->
  <testcase classname="TestCase.TestCases_Prudhvi2" name="Verifyotheroptionsfinishlater" time="0.0">
    <ignored/>
  </testcase> <!-- Verifyotheroptionsfinishlater -->
  <testcase classname="TestCase.TestCases_Prudhvi2" name="VerifySentResenddocument" time="0.0">
    <ignored/>
  </testcase> <!-- VerifySentResenddocument -->
  <testcase classname="TestCase.TestCases_Prudhvi2" name="VerifyDeclinedDeletedocument" time="0.0">
    <ignored/>
  </testcase> <!-- VerifyDeclinedDeletedocument -->
</testsuite> <!-- Default test -->
