<?xml version="1.0" encoding="UTF-8"?>
<!-- Generated by org.testng.reporters.JUnitXMLReporter -->
<testsuite ignored="0" hostname="HGT-LAP-310" failures="0" tests="84" name="Default test" time="1.987" errors="0" timestamp="2024-07-25T15:17:35 IST">
  <testcase classname="TestCase.TestCases_Prudhvi2" name="@BeforeMethod initialize" time="1.138">
    <failure type="org.openqa.selenium.remote.NoSuchDriverException" message="Unable to obtain: chromedriver, error chrome must exist: C:\usr\bin\sgoogle-chrome-stable
For documentation on this error, please visit: https://www.selenium.dev/documentation/webdriver/troubleshooting/errors/driver_location/
Build info: version: &amp;apos;4.22.0&amp;apos;, revision: &amp;apos;c5f3146703*&amp;apos;
System info: os.name: &amp;apos;Windows 11&amp;apos;, os.arch: &amp;apos;amd64&amp;apos;, os.version: &amp;apos;10.0&amp;apos;, java.version: &amp;apos;21.0.1&amp;apos;
Driver info: driver.version: ChromeDriver">
      <![CDATA[org.openqa.selenium.remote.NoSuchDriverException: Unable to obtain: chromedriver, error chrome must exist: C:\usr\bin\sgoogle-chrome-stable
For documentation on this error, please visit: https://www.selenium.dev/documentation/webdriver/troubleshooting/errors/driver_location/
Build info: version: '4.22.0', revision: 'c5f3146703*'
System info: os.name: 'Windows 11', os.arch: 'amd64', os.version: '10.0', java.version: '21.0.1'
Driver info: driver.version: ChromeDriver
at org.openqa.selenium.remote.service.DriverFinder.getBinaryPaths(DriverFinder.java:121)
at org.openqa.selenium.remote.service.DriverFinder.getDriverPath(DriverFinder.java:55)
at org.openqa.selenium.chrome.ChromeDriver.generateExecutor(ChromeDriver.java:99)
at org.openqa.selenium.chrome.ChromeDriver.<init>(ChromeDriver.java:88)
at org.openqa.selenium.chrome.ChromeDriver.<init>(ChromeDriver.java:83)
at org.openqa.selenium.chrome.ChromeDriver.<init>(ChromeDriver.java:72)
at TestCase.TestCases_Prudhvi2.setupDriver(TestCases_Prudhvi2.java:28)
at TestCase.TestCases_Prudhvi2.initialize(TestCases_Prudhvi2.java:37)
at java.base/jdk.internal.reflect.DirectMethodHandleAccessor.invoke(DirectMethodHandleAccessor.java:103)
at java.base/java.lang.reflect.Method.invoke(Method.java:580)
at org.testng.internal.MethodInvocationHelper.invokeMethod(MethodInvocationHelper.java:133)
at org.testng.internal.MethodInvocationHelper.invokeMethodConsideringTimeout(MethodInvocationHelper.java:62)
at org.testng.internal.ConfigInvoker.invokeConfigurationMethod(ConfigInvoker.java:385)
at org.testng.internal.ConfigInvoker.invokeConfigurations(ConfigInvoker.java:321)
at org.testng.internal.TestInvoker.runConfigMethods(TestInvoker.java:700)
at org.testng.internal.TestInvoker.invokeMethod(TestInvoker.java:527)
at org.testng.internal.TestInvoker.invokeTestMethod(TestInvoker.java:173)
at org.testng.internal.MethodRunner.runInSequence(MethodRunner.java:46)
at org.testng.internal.TestInvoker$MethodInvocationAgent.invoke(TestInvoker.java:824)
at org.testng.internal.TestInvoker.invokeTestMethods(TestInvoker.java:146)
at org.testng.internal.TestMethodWorker.invokeTestMethods(TestMethodWorker.java:146)
at org.testng.internal.TestMethodWorker.run(TestMethodWorker.java:128)
at java.base/java.util.ArrayList.forEach(ArrayList.java:1596)
at org.testng.TestRunner.privateRun(TestRunner.java:794)
at org.testng.TestRunner.run(TestRunner.java:596)
at org.testng.SuiteRunner.runTest(SuiteRunner.java:377)
at org.testng.SuiteRunner.runSequentially(SuiteRunner.java:371)
at org.testng.SuiteRunner.privateRun(SuiteRunner.java:332)
at org.testng.SuiteRunner.run(SuiteRunner.java:276)
at org.testng.SuiteRunnerWorker.runSuite(SuiteRunnerWorker.java:53)
at org.testng.SuiteRunnerWorker.run(SuiteRunnerWorker.java:96)
at org.testng.TestNG.runSuitesSequentially(TestNG.java:1212)
at org.testng.TestNG.runSuitesLocally(TestNG.java:1134)
at org.testng.TestNG.runSuites(TestNG.java:1063)
at org.testng.TestNG.run(TestNG.java:1031)
at org.testng.remote.AbstractRemoteTestNG.run(AbstractRemoteTestNG.java:115)
at org.testng.remote.RemoteTestNG.initAndRun(RemoteTestNG.java:293)
at org.testng.remote.RemoteTestNG.main(RemoteTestNG.java:91)
Caused by: java.lang.IllegalStateException: chrome must exist: C:\usr\bin\sgoogle-chrome-stable
at org.openqa.selenium.internal.Require$FileStateChecker.isExecutable(Require.java:421)
at org.openqa.selenium.remote.service.DriverFinder.getBinaryPaths(DriverFinder.java:104)
... 37 more
]]>
    </failure>
  </testcase> <!-- @BeforeMethod initialize -->
  <testcase classname="TestCase.TestCases_Prudhvi2" name="@AfterMethod quit" time="-1.721900853849E9">
    <skipped/>
  </testcase> <!-- @AfterMethod quit -->
  <testcase classname="TestCase.TestCases_Prudhvi2" name="@BeforeMethod initialize" time="-1.721900853855E9">
    <skipped/>
  </testcase> <!-- @BeforeMethod initialize -->
  <testcase classname="TestCase.TestCases_Prudhvi2" name="@AfterMethod quit" time="-1.721900853864E9">
    <skipped/>
  </testcase> <!-- @AfterMethod quit -->
  <testcase classname="TestCase.TestCases_Prudhvi2" name="@BeforeMethod initialize" time="-1.721900853866E9">
    <skipped/>
  </testcase> <!-- @BeforeMethod initialize -->
  <testcase classname="TestCase.TestCases_Prudhvi2" name="@AfterMethod quit" time="-1.721900853874E9">
    <skipped/>
  </testcase> <!-- @AfterMethod quit -->
  <testcase classname="TestCase.TestCases_Prudhvi2" name="@BeforeMethod initialize" time="-1.721900853876E9">
    <skipped/>
  </testcase> <!-- @BeforeMethod initialize -->
  <testcase classname="TestCase.TestCases_Prudhvi2" name="@AfterMethod quit" time="-1.72190085388E9">
    <skipped/>
  </testcase> <!-- @AfterMethod quit -->
  <testcase classname="TestCase.TestCases_Prudhvi2" name="@BeforeMethod initialize" time="-1.721900853882E9">
    <skipped/>
  </testcase> <!-- @BeforeMethod initialize -->
  <testcase classname="TestCase.TestCases_Prudhvi2" name="@AfterMethod quit" time="-1.721900853888E9">
    <skipped/>
  </testcase> <!-- @AfterMethod quit -->
  <testcase classname="TestCase.TestCases_Prudhvi2" name="@BeforeMethod initialize" time="-1.721900853889E9">
    <skipped/>
  </testcase> <!-- @BeforeMethod initialize -->
  <testcase classname="TestCase.TestCases_Prudhvi2" name="@AfterMethod quit" time="-1.721900853895E9">
    <skipped/>
  </testcase> <!-- @AfterMethod quit -->
  <testcase classname="TestCase.TestCases_Prudhvi2" name="@BeforeMethod initialize" time="-1.721900853896E9">
    <skipped/>
  </testcase> <!-- @BeforeMethod initialize -->
  <testcase classname="TestCase.TestCases_Prudhvi2" name="@AfterMethod quit" time="-1.721900853901E9">
    <skipped/>
  </testcase> <!-- @AfterMethod quit -->
  <testcase classname="TestCase.TestCases_Prudhvi2" name="@BeforeMethod initialize" time="-1.721900853903E9">
    <skipped/>
  </testcase> <!-- @BeforeMethod initialize -->
  <testcase classname="TestCase.TestCases_Prudhvi2" name="@AfterMethod quit" time="-1.72190085391E9">
    <skipped/>
  </testcase> <!-- @AfterMethod quit -->
  <testcase classname="TestCase.TestCases_Prudhvi2" name="@BeforeMethod initialize" time="-1.721900853912E9">
    <skipped/>
  </testcase> <!-- @BeforeMethod initialize -->
  <testcase classname="TestCase.TestCases_Prudhvi2" name="@AfterMethod quit" time="-1.721900853915E9">
    <skipped/>
  </testcase> <!-- @AfterMethod quit -->
  <testcase classname="TestCase.TestCases_Prudhvi2" name="@BeforeMethod initialize" time="-1.721900853917E9">
    <skipped/>
  </testcase> <!-- @BeforeMethod initialize -->
  <testcase classname="TestCase.TestCases_Prudhvi2" name="@AfterMethod quit" time="-1.721900853925E9">
    <skipped/>
  </testcase> <!-- @AfterMethod quit -->
  <testcase classname="TestCase.TestCases_Prudhvi2" name="@BeforeMethod initialize" time="-1.721900853927E9">
    <skipped/>
  </testcase> <!-- @BeforeMethod initialize -->
  <testcase classname="TestCase.TestCases_Prudhvi2" name="@AfterMethod quit" time="-1.721900853932E9">
    <skipped/>
  </testcase> <!-- @AfterMethod quit -->
  <testcase classname="TestCase.TestCases_Prudhvi2" name="@BeforeMethod initialize" time="-1.721900853934E9">
    <skipped/>
  </testcase> <!-- @BeforeMethod initialize -->
  <testcase classname="TestCase.TestCases_Prudhvi2" name="@AfterMethod quit" time="-1.721900853939E9">
    <skipped/>
  </testcase> <!-- @AfterMethod quit -->
  <testcase classname="TestCase.TestCases_Prudhvi2" name="@BeforeMethod initialize" time="-1.72190085394E9">
    <skipped/>
  </testcase> <!-- @BeforeMethod initialize -->
  <testcase classname="TestCase.TestCases_Prudhvi2" name="@AfterMethod quit" time="-1.721900853945E9">
    <skipped/>
  </testcase> <!-- @AfterMethod quit -->
  <testcase classname="TestCase.TestCases_Prudhvi2" name="@BeforeMethod initialize" time="-1.721900853947E9">
    <skipped/>
  </testcase> <!-- @BeforeMethod initialize -->
  <testcase classname="TestCase.TestCases_Prudhvi2" name="@AfterMethod quit" time="-1.721900853951E9">
    <skipped/>
  </testcase> <!-- @AfterMethod quit -->
  <testcase classname="TestCase.TestCases_Prudhvi2" name="@BeforeMethod initialize" time="-1.721900853952E9">
    <skipped/>
  </testcase> <!-- @BeforeMethod initialize -->
  <testcase classname="TestCase.TestCases_Prudhvi2" name="@AfterMethod quit" time="-1.721900853957E9">
    <skipped/>
  </testcase> <!-- @AfterMethod quit -->
  <testcase classname="TestCase.TestCases_Prudhvi2" name="@BeforeMethod initialize" time="-1.721900853958E9">
    <skipped/>
  </testcase> <!-- @BeforeMethod initialize -->
  <testcase classname="TestCase.TestCases_Prudhvi2" name="@AfterMethod quit" time="-1.721900853962E9">
    <skipped/>
  </testcase> <!-- @AfterMethod quit -->
  <testcase classname="TestCase.TestCases_Prudhvi2" name="@BeforeMethod initialize" time="-1.721900853964E9">
    <skipped/>
  </testcase> <!-- @BeforeMethod initialize -->
  <testcase classname="TestCase.TestCases_Prudhvi2" name="@AfterMethod quit" time="-1.721900853967E9">
    <skipped/>
  </testcase> <!-- @AfterMethod quit -->
  <testcase classname="TestCase.TestCases_Prudhvi2" name="@BeforeMethod initialize" time="-1.721900853968E9">
    <skipped/>
  </testcase> <!-- @BeforeMethod initialize -->
  <testcase classname="TestCase.TestCases_Prudhvi2" name="@AfterMethod quit" time="-1.721900853973E9">
    <skipped/>
  </testcase> <!-- @AfterMethod quit -->
  <testcase classname="TestCase.TestCases_Prudhvi2" name="@BeforeMethod initialize" time="-1.721900853974E9">
    <skipped/>
  </testcase> <!-- @BeforeMethod initialize -->
  <testcase classname="TestCase.TestCases_Prudhvi2" name="@AfterMethod quit" time="-1.721900853977E9">
    <skipped/>
  </testcase> <!-- @AfterMethod quit -->
  <testcase classname="TestCase.TestCases_Prudhvi2" name="@BeforeMethod initialize" time="-1.721900853978E9">
    <skipped/>
  </testcase> <!-- @BeforeMethod initialize -->
  <testcase classname="TestCase.TestCases_Prudhvi2" name="@AfterMethod quit" time="-1.721900853981E9">
    <skipped/>
  </testcase> <!-- @AfterMethod quit -->
  <testcase classname="TestCase.TestCases_Prudhvi2" name="@BeforeMethod initialize" time="-1.721900853982E9">
    <skipped/>
  </testcase> <!-- @BeforeMethod initialize -->
  <testcase classname="TestCase.TestCases_Prudhvi2" name="@AfterMethod quit" time="-1.721900853986E9">
    <skipped/>
  </testcase> <!-- @AfterMethod quit -->
  <testcase classname="TestCase.TestCases_Prudhvi2" name="@BeforeMethod initialize" time="-1.721900853988E9">
    <skipped/>
  </testcase> <!-- @BeforeMethod initialize -->
  <testcase classname="TestCase.TestCases_Prudhvi2" name="@AfterMethod quit" time="-1.721900853992E9">
    <skipped/>
  </testcase> <!-- @AfterMethod quit -->
  <testcase classname="TestCase.TestCases_Prudhvi2" name="@BeforeMethod initialize" time="-1.721900853994E9">
    <skipped/>
  </testcase> <!-- @BeforeMethod initialize -->
  <testcase classname="TestCase.TestCases_Prudhvi2" name="@AfterMethod quit" time="-1.721900853998E9">
    <skipped/>
  </testcase> <!-- @AfterMethod quit -->
  <testcase classname="TestCase.TestCases_Prudhvi2" name="@BeforeMethod initialize" time="-1.721900853999E9">
    <skipped/>
  </testcase> <!-- @BeforeMethod initialize -->
  <testcase classname="TestCase.TestCases_Prudhvi2" name="@AfterMethod quit" time="-1.721900854004E9">
    <skipped/>
  </testcase> <!-- @AfterMethod quit -->
  <testcase classname="TestCase.TestCases_Prudhvi2" name="@BeforeMethod initialize" time="-1.721900854005E9">
    <skipped/>
  </testcase> <!-- @BeforeMethod initialize -->
  <testcase classname="TestCase.TestCases_Prudhvi2" name="@AfterMethod quit" time="-1.721900854009E9">
    <skipped/>
  </testcase> <!-- @AfterMethod quit -->
  <testcase classname="TestCase.TestCases_Prudhvi2" name="@BeforeMethod initialize" time="-1.721900854011E9">
    <skipped/>
  </testcase> <!-- @BeforeMethod initialize -->
  <testcase classname="TestCase.TestCases_Prudhvi2" name="@AfterMethod quit" time="-1.721900854016E9">
    <skipped/>
  </testcase> <!-- @AfterMethod quit -->
  <testcase classname="TestCase.TestCases_Prudhvi2" name="@BeforeMethod initialize" time="-1.721900854018E9">
    <skipped/>
  </testcase> <!-- @BeforeMethod initialize -->
  <testcase classname="TestCase.TestCases_Prudhvi2" name="@AfterMethod quit" time="-1.721900854024E9">
    <skipped/>
  </testcase> <!-- @AfterMethod quit -->
  <testcase classname="TestCase.TestCases_Prudhvi2" name="@BeforeMethod initialize" time="-1.721900854027E9">
    <skipped/>
  </testcase> <!-- @BeforeMethod initialize -->
  <testcase classname="TestCase.TestCases_Prudhvi2" name="@AfterMethod quit" time="-1.72190085403E9">
    <skipped/>
  </testcase> <!-- @AfterMethod quit -->
  <testcase classname="TestCase.TestCases_Prudhvi2" name="@BeforeMethod initialize" time="-1.721900854033E9">
    <skipped/>
  </testcase> <!-- @BeforeMethod initialize -->
  <testcase classname="TestCase.TestCases_Prudhvi2" name="@AfterMethod quit" time="-1.72190085404E9">
    <skipped/>
  </testcase> <!-- @AfterMethod quit -->
  <testcase classname="TestCase.TestCases_Prudhvi2" name="@BeforeMethod initialize" time="-1.721900854042E9">
    <skipped/>
  </testcase> <!-- @BeforeMethod initialize -->
  <testcase classname="TestCase.TestCases_Prudhvi2" name="@AfterMethod quit" time="-1.721900854048E9">
    <skipped/>
  </testcase> <!-- @AfterMethod quit -->
  <testcase classname="TestCase.TestCases_Prudhvi2" name="@BeforeMethod initialize" time="-1.721900854049E9">
    <skipped/>
  </testcase> <!-- @BeforeMethod initialize -->
  <testcase classname="TestCase.TestCases_Prudhvi2" name="@AfterMethod quit" time="-1.721900854054E9">
    <skipped/>
  </testcase> <!-- @AfterMethod quit -->
  <testcase classname="TestCase.TestCases_Prudhvi2" name="@BeforeMethod initialize" time="-1.721900854055E9">
    <skipped/>
  </testcase> <!-- @BeforeMethod initialize -->
  <testcase classname="TestCase.TestCases_Prudhvi2" name="@AfterMethod quit" time="-1.72190085406E9">
    <skipped/>
  </testcase> <!-- @AfterMethod quit -->
  <testcase classname="TestCase.TestCases_Prudhvi2" name="@BeforeMethod initialize" time="-1.721900854064E9">
    <skipped/>
  </testcase> <!-- @BeforeMethod initialize -->
  <testcase classname="TestCase.TestCases_Prudhvi2" name="@AfterMethod quit" time="-1.721900854066E9">
    <skipped/>
  </testcase> <!-- @AfterMethod quit -->
  <testcase classname="TestCase.TestCases_Prudhvi2" name="@BeforeMethod initialize" time="-1.721900854068E9">
    <skipped/>
  </testcase> <!-- @BeforeMethod initialize -->
  <testcase classname="TestCase.TestCases_Prudhvi2" name="@AfterMethod quit" time="-1.721900854072E9">
    <skipped/>
  </testcase> <!-- @AfterMethod quit -->
  <testcase classname="TestCase.TestCases_Prudhvi2" name="@BeforeMethod initialize" time="-1.721900854072E9">
    <skipped/>
  </testcase> <!-- @BeforeMethod initialize -->
  <testcase classname="TestCase.TestCases_Prudhvi2" name="@AfterMethod quit" time="-1.721900854074E9">
    <skipped/>
  </testcase> <!-- @AfterMethod quit -->
  <testcase classname="TestCase.TestCases_Prudhvi2" name="@BeforeMethod initialize" time="-1.721900854075E9">
    <skipped/>
  </testcase> <!-- @BeforeMethod initialize -->
  <testcase classname="TestCase.TestCases_Prudhvi2" name="@AfterMethod quit" time="-1.721900854076E9">
    <skipped/>
  </testcase> <!-- @AfterMethod quit -->
  <testcase classname="TestCase.TestCases_Prudhvi2" name="@BeforeMethod initialize" time="-1.721900854078E9">
    <skipped/>
  </testcase> <!-- @BeforeMethod initialize -->
  <testcase classname="TestCase.TestCases_Prudhvi2" name="@AfterMethod quit" time="-1.72190085408E9">
    <skipped/>
  </testcase> <!-- @AfterMethod quit -->
  <testcase classname="TestCase.TestCases_Prudhvi2" name="@BeforeMethod initialize" time="-1.721900854081E9">
    <skipped/>
  </testcase> <!-- @BeforeMethod initialize -->
  <testcase classname="TestCase.TestCases_Prudhvi2" name="@AfterMethod quit" time="-1.721900854084E9">
    <skipped/>
  </testcase> <!-- @AfterMethod quit -->
  <testcase classname="TestCase.TestCases_Prudhvi2" name="@BeforeMethod initialize" time="-1.721900854085E9">
    <skipped/>
  </testcase> <!-- @BeforeMethod initialize -->
  <testcase classname="TestCase.TestCases_Prudhvi2" name="@AfterMethod quit" time="-1.721900854088E9">
    <skipped/>
  </testcase> <!-- @AfterMethod quit -->
  <testcase classname="TestCase.TestCases_Prudhvi2" name="@BeforeMethod initialize" time="-1.721900854089E9">
    <skipped/>
  </testcase> <!-- @BeforeMethod initialize -->
  <testcase classname="TestCase.TestCases_Prudhvi2" name="@AfterMethod quit" time="-1.721900854091E9">
    <skipped/>
  </testcase> <!-- @AfterMethod quit -->
  <testcase classname="TestCase.TestCases_Prudhvi2" name="@BeforeMethod initialize" time="-1.721900854092E9">
    <skipped/>
  </testcase> <!-- @BeforeMethod initialize -->
  <testcase classname="TestCase.TestCases_Prudhvi2" name="@AfterMethod quit" time="-1.721900854094E9">
    <skipped/>
  </testcase> <!-- @AfterMethod quit -->
  <testcase classname="TestCase.TestCases_Prudhvi2" name="@BeforeMethod initialize" time="-1.721900854096E9">
    <skipped/>
  </testcase> <!-- @BeforeMethod initialize -->
  <testcase classname="TestCase.TestCases_Prudhvi2" name="@AfterMethod quit" time="-1.721900854098E9">
    <skipped/>
  </testcase> <!-- @AfterMethod quit -->
  <testcase classname="TestCase.TestCases_Prudhvi2" name="@BeforeMethod initialize" time="-1.721900854099E9">
    <skipped/>
  </testcase> <!-- @BeforeMethod initialize -->
  <testcase classname="TestCase.TestCases_Prudhvi2" name="@AfterMethod quit" time="-1.721900854103E9">
    <skipped/>
  </testcase> <!-- @AfterMethod quit -->
  <testcase classname="TestCase.TestCases_Prudhvi2" name="@BeforeMethod initialize" time="-1.721900854105E9">
    <skipped/>
  </testcase> <!-- @BeforeMethod initialize -->
  <testcase classname="TestCase.TestCases_Prudhvi2" name="@AfterMethod quit" time="-1.721900854109E9">
    <skipped/>
  </testcase> <!-- @AfterMethod quit -->
  <testcase classname="TestCase.TestCases_Prudhvi2" name="@BeforeMethod initialize" time="-1.72190085411E9">
    <skipped/>
  </testcase> <!-- @BeforeMethod initialize -->
  <testcase classname="TestCase.TestCases_Prudhvi2" name="@AfterMethod quit" time="-1.721900854113E9">
    <skipped/>
  </testcase> <!-- @AfterMethod quit -->
  <testcase classname="TestCase.TestCases_Prudhvi2" name="@BeforeMethod initialize" time="-1.721900854114E9">
    <skipped/>
  </testcase> <!-- @BeforeMethod initialize -->
  <testcase classname="TestCase.TestCases_Prudhvi2" name="@AfterMethod quit" time="-1.721900854118E9">
    <skipped/>
  </testcase> <!-- @AfterMethod quit -->
  <testcase classname="TestCase.TestCases_Prudhvi2" name="@BeforeMethod initialize" time="-1.721900854118E9">
    <skipped/>
  </testcase> <!-- @BeforeMethod initialize -->
  <testcase classname="TestCase.TestCases_Prudhvi2" name="@AfterMethod quit" time="-1.721900854123E9">
    <skipped/>
  </testcase> <!-- @AfterMethod quit -->
  <testcase classname="TestCase.TestCases_Prudhvi2" name="@BeforeMethod initialize" time="-1.721900854124E9">
    <skipped/>
  </testcase> <!-- @BeforeMethod initialize -->
  <testcase classname="TestCase.TestCases_Prudhvi2" name="@AfterMethod quit" time="-1.721900854128E9">
    <skipped/>
  </testcase> <!-- @AfterMethod quit -->
  <testcase classname="TestCase.TestCases_Prudhvi2" name="@BeforeMethod initialize" time="-1.721900854128E9">
    <skipped/>
  </testcase> <!-- @BeforeMethod initialize -->
  <testcase classname="TestCase.TestCases_Prudhvi2" name="@AfterMethod quit" time="-1.72190085413E9">
    <skipped/>
  </testcase> <!-- @AfterMethod quit -->
  <testcase classname="TestCase.TestCases_Prudhvi2" name="@BeforeMethod initialize" time="-1.721900854131E9">
    <skipped/>
  </testcase> <!-- @BeforeMethod initialize -->
  <testcase classname="TestCase.TestCases_Prudhvi2" name="@AfterMethod quit" time="-1.721900854138E9">
    <skipped/>
  </testcase> <!-- @AfterMethod quit -->
  <testcase classname="TestCase.TestCases_Prudhvi2" name="@BeforeMethod initialize" time="-1.72190085414E9">
    <skipped/>
  </testcase> <!-- @BeforeMethod initialize -->
  <testcase classname="TestCase.TestCases_Prudhvi2" name="@AfterMethod quit" time="-1.721900854144E9">
    <skipped/>
  </testcase> <!-- @AfterMethod quit -->
  <testcase classname="TestCase.TestCases_Prudhvi2" name="@BeforeMethod initialize" time="-1.721900854145E9">
    <skipped/>
  </testcase> <!-- @BeforeMethod initialize -->
  <testcase classname="TestCase.TestCases_Prudhvi2" name="@AfterMethod quit" time="-1.721900854148E9">
    <skipped/>
  </testcase> <!-- @AfterMethod quit -->
  <testcase classname="TestCase.TestCases_Prudhvi2" name="@BeforeMethod initialize" time="-1.721900854149E9">
    <skipped/>
  </testcase> <!-- @BeforeMethod initialize -->
  <testcase classname="TestCase.TestCases_Prudhvi2" name="@AfterMethod quit" time="-1.721900854156E9">
    <skipped/>
  </testcase> <!-- @AfterMethod quit -->
  <testcase classname="TestCase.TestCases_Prudhvi2" name="@BeforeMethod initialize" time="-1.721900854159E9">
    <skipped/>
  </testcase> <!-- @BeforeMethod initialize -->
  <testcase classname="TestCase.TestCases_Prudhvi2" name="@AfterMethod quit" time="-1.721900854165E9">
    <skipped/>
  </testcase> <!-- @AfterMethod quit -->
  <testcase classname="TestCase.TestCases_Prudhvi2" name="@BeforeMethod initialize" time="-1.721900854166E9">
    <skipped/>
  </testcase> <!-- @BeforeMethod initialize -->
  <testcase classname="TestCase.TestCases_Prudhvi2" name="@AfterMethod quit" time="-1.721900854173E9">
    <skipped/>
  </testcase> <!-- @AfterMethod quit -->
  <testcase classname="TestCase.TestCases_Prudhvi2" name="@BeforeMethod initialize" time="-1.721900854176E9">
    <skipped/>
  </testcase> <!-- @BeforeMethod initialize -->
  <testcase classname="TestCase.TestCases_Prudhvi2" name="@AfterMethod quit" time="-1.721900854184E9">
    <skipped/>
  </testcase> <!-- @AfterMethod quit -->
  <testcase classname="TestCase.TestCases_Prudhvi2" name="@BeforeMethod initialize" time="-1.721900854185E9">
    <skipped/>
  </testcase> <!-- @BeforeMethod initialize -->
  <testcase classname="TestCase.TestCases_Prudhvi2" name="@AfterMethod quit" time="-1.721900854194E9">
    <skipped/>
  </testcase> <!-- @AfterMethod quit -->
  <testcase classname="TestCase.TestCases_Prudhvi2" name="@BeforeMethod initialize" time="-1.721900854197E9">
    <skipped/>
  </testcase> <!-- @BeforeMethod initialize -->
  <testcase classname="TestCase.TestCases_Prudhvi2" name="@AfterMethod quit" time="-1.721900854201E9">
    <skipped/>
  </testcase> <!-- @AfterMethod quit -->
  <testcase classname="TestCase.TestCases_Prudhvi2" name="@BeforeMethod initialize" time="-1.721900854203E9">
    <skipped/>
  </testcase> <!-- @BeforeMethod initialize -->
  <testcase classname="TestCase.TestCases_Prudhvi2" name="@AfterMethod quit" time="-1.721900854208E9">
    <skipped/>
  </testcase> <!-- @AfterMethod quit -->
  <testcase classname="TestCase.TestCases_Prudhvi2" name="@BeforeMethod initialize" time="-1.721900854209E9">
    <skipped/>
  </testcase> <!-- @BeforeMethod initialize -->
  <testcase classname="TestCase.TestCases_Prudhvi2" name="@AfterMethod quit" time="-1.721900854212E9">
    <skipped/>
  </testcase> <!-- @AfterMethod quit -->
  <testcase classname="TestCase.TestCases_Prudhvi2" name="@BeforeMethod initialize" time="-1.721900854213E9">
    <skipped/>
  </testcase> <!-- @BeforeMethod initialize -->
  <testcase classname="TestCase.TestCases_Prudhvi2" name="@AfterMethod quit" time="-1.721900854215E9">
    <skipped/>
  </testcase> <!-- @AfterMethod quit -->
  <testcase classname="TestCase.TestCases_Prudhvi2" name="@BeforeMethod initialize" time="-1.721900854216E9">
    <skipped/>
  </testcase> <!-- @BeforeMethod initialize -->
  <testcase classname="TestCase.TestCases_Prudhvi2" name="@AfterMethod quit" time="-1.721900854218E9">
    <skipped/>
  </testcase> <!-- @AfterMethod quit -->
  <testcase classname="TestCase.TestCases_Prudhvi2" name="@BeforeMethod initialize" time="-1.721900854218E9">
    <skipped/>
  </testcase> <!-- @BeforeMethod initialize -->
  <testcase classname="TestCase.TestCases_Prudhvi2" name="@AfterMethod quit" time="-1.721900854221E9">
    <skipped/>
  </testcase> <!-- @AfterMethod quit -->
  <testcase classname="TestCase.TestCases_Prudhvi2" name="@BeforeMethod initialize" time="-1.721900854223E9">
    <skipped/>
  </testcase> <!-- @BeforeMethod initialize -->
  <testcase classname="TestCase.TestCases_Prudhvi2" name="@AfterMethod quit" time="-1.721900854225E9">
    <skipped/>
  </testcase> <!-- @AfterMethod quit -->
  <testcase classname="TestCase.TestCases_Prudhvi2" name="@BeforeMethod initialize" time="-1.721900854226E9">
    <skipped/>
  </testcase> <!-- @BeforeMethod initialize -->
  <testcase classname="TestCase.TestCases_Prudhvi2" name="@AfterMethod quit" time="-1.721900854229E9">
    <skipped/>
  </testcase> <!-- @AfterMethod quit -->
  <testcase classname="TestCase.TestCases_Prudhvi2" name="@BeforeMethod initialize" time="-1.72190085423E9">
    <skipped/>
  </testcase> <!-- @BeforeMethod initialize -->
  <testcase classname="TestCase.TestCases_Prudhvi2" name="@AfterMethod quit" time="-1.721900854231E9">
    <skipped/>
  </testcase> <!-- @AfterMethod quit -->
  <testcase classname="TestCase.TestCases_Prudhvi2" name="@BeforeMethod initialize" time="-1.721900854231E9">
    <skipped/>
  </testcase> <!-- @BeforeMethod initialize -->
  <testcase classname="TestCase.TestCases_Prudhvi2" name="@AfterMethod quit" time="-1.721900854235E9">
    <skipped/>
  </testcase> <!-- @AfterMethod quit -->
  <testcase classname="TestCase.TestCases_Prudhvi2" name="@BeforeMethod initialize" time="-1.721900854235E9">
    <skipped/>
  </testcase> <!-- @BeforeMethod initialize -->
  <testcase classname="TestCase.TestCases_Prudhvi2" name="@AfterMethod quit" time="-1.721900854238E9">
    <skipped/>
  </testcase> <!-- @AfterMethod quit -->
  <testcase classname="TestCase.TestCases_Prudhvi2" name="@BeforeMethod initialize" time="-1.721900854239E9">
    <skipped/>
  </testcase> <!-- @BeforeMethod initialize -->
  <testcase classname="TestCase.TestCases_Prudhvi2" name="@AfterMethod quit" time="-1.721900854242E9">
    <skipped/>
  </testcase> <!-- @AfterMethod quit -->
  <testcase classname="TestCase.TestCases_Prudhvi2" name="@BeforeMethod initialize" time="-1.721900854244E9">
    <skipped/>
  </testcase> <!-- @BeforeMethod initialize -->
  <testcase classname="TestCase.TestCases_Prudhvi2" name="@AfterMethod quit" time="-1.721900854246E9">
    <skipped/>
  </testcase> <!-- @AfterMethod quit -->
  <testcase classname="TestCase.TestCases_Prudhvi2" name="@BeforeMethod initialize" time="-1.721900854246E9">
    <skipped/>
  </testcase> <!-- @BeforeMethod initialize -->
  <testcase classname="TestCase.TestCases_Prudhvi2" name="@AfterMethod quit" time="-1.721900854248E9">
    <skipped/>
  </testcase> <!-- @AfterMethod quit -->
  <testcase classname="TestCase.TestCases_Prudhvi2" name="@BeforeMethod initialize" time="-1.721900854248E9">
    <skipped/>
  </testcase> <!-- @BeforeMethod initialize -->
  <testcase classname="TestCase.TestCases_Prudhvi2" name="@AfterMethod quit" time="-1.721900854249E9">
    <skipped/>
  </testcase> <!-- @AfterMethod quit -->
  <testcase classname="TestCase.TestCases_Prudhvi2" name="@BeforeMethod initialize" time="-1.72190085425E9">
    <skipped/>
  </testcase> <!-- @BeforeMethod initialize -->
  <testcase classname="TestCase.TestCases_Prudhvi2" name="@AfterMethod quit" time="-1.721900854252E9">
    <skipped/>
  </testcase> <!-- @AfterMethod quit -->
  <testcase classname="TestCase.TestCases_Prudhvi2" name="@BeforeMethod initialize" time="-1.721900854254E9">
    <skipped/>
  </testcase> <!-- @BeforeMethod initialize -->
  <testcase classname="TestCase.TestCases_Prudhvi2" name="@AfterMethod quit" time="-1.721900854258E9">
    <skipped/>
  </testcase> <!-- @AfterMethod quit -->
  <testcase classname="TestCase.TestCases_Prudhvi2" name="@BeforeMethod initialize" time="-1.72190085426E9">
    <skipped/>
  </testcase> <!-- @BeforeMethod initialize -->
  <testcase classname="TestCase.TestCases_Prudhvi2" name="@AfterMethod quit" time="-1.721900854263E9">
    <skipped/>
  </testcase> <!-- @AfterMethod quit -->
  <testcase classname="TestCase.TestCases_Prudhvi2" name="@BeforeMethod initialize" time="-1.721900854264E9">
    <skipped/>
  </testcase> <!-- @BeforeMethod initialize -->
  <testcase classname="TestCase.TestCases_Prudhvi2" name="@AfterMethod quit" time="-1.721900854265E9">
    <skipped/>
  </testcase> <!-- @AfterMethod quit -->
  <testcase classname="TestCase.TestCases_Prudhvi2" name="@BeforeMethod initialize" time="-1.721900854266E9">
    <skipped/>
  </testcase> <!-- @BeforeMethod initialize -->
  <testcase classname="TestCase.TestCases_Prudhvi2" name="@AfterMethod quit" time="-1.721900854268E9">
    <skipped/>
  </testcase> <!-- @AfterMethod quit -->
  <testcase classname="TestCase.TestCases_Prudhvi2" name="@BeforeMethod initialize" time="-1.72190085427E9">
    <skipped/>
  </testcase> <!-- @BeforeMethod initialize -->
  <testcase classname="TestCase.TestCases_Prudhvi2" name="@AfterMethod quit" time="-1.721900854274E9">
    <skipped/>
  </testcase> <!-- @AfterMethod quit -->
  <testcase classname="TestCase.TestCases_Prudhvi2" name="@BeforeMethod initialize" time="-1.721900854275E9">
    <skipped/>
  </testcase> <!-- @BeforeMethod initialize -->
  <testcase classname="TestCase.TestCases_Prudhvi2" name="@AfterMethod quit" time="-1.721900854278E9">
    <skipped/>
  </testcase> <!-- @AfterMethod quit -->
  <testcase classname="TestCase.TestCases_Prudhvi2" name="@BeforeMethod initialize" time="-1.721900854279E9">
    <skipped/>
  </testcase> <!-- @BeforeMethod initialize -->
  <testcase classname="TestCase.TestCases_Prudhvi2" name="@AfterMethod quit" time="-1.721900854282E9">
    <skipped/>
  </testcase> <!-- @AfterMethod quit -->
  <testcase classname="TestCase.TestCases_Prudhvi2" name="@BeforeMethod initialize" time="-1.721900854283E9">
    <skipped/>
  </testcase> <!-- @BeforeMethod initialize -->
  <testcase classname="TestCase.TestCases_Prudhvi2" name="@AfterMethod quit" time="-1.721900854285E9">
    <skipped/>
  </testcase> <!-- @AfterMethod quit -->
  <testcase classname="TestCase.TestCases_Prudhvi2" name="@BeforeMethod initialize" time="-1.721900854286E9">
    <skipped/>
  </testcase> <!-- @BeforeMethod initialize -->
  <testcase classname="TestCase.TestCases_Prudhvi2" name="@AfterMethod quit" time="-1.721900854288E9">
    <skipped/>
  </testcase> <!-- @AfterMethod quit -->
  <testcase classname="TestCase.TestCases_Prudhvi2" name="@BeforeMethod initialize" time="-1.721900854289E9">
    <skipped/>
  </testcase> <!-- @BeforeMethod initialize -->
  <testcase classname="TestCase.TestCases_Prudhvi2" name="@AfterMethod quit" time="-1.72190085429E9">
    <skipped/>
  </testcase> <!-- @AfterMethod quit -->
  <testcase classname="TestCase.TestCases_Prudhvi2" name="@BeforeMethod initialize" time="-1.721900854291E9">
    <skipped/>
  </testcase> <!-- @BeforeMethod initialize -->
  <testcase classname="TestCase.TestCases_Prudhvi2" name="@AfterMethod quit" time="-1.721900854293E9">
    <skipped/>
  </testcase> <!-- @AfterMethod quit -->
  <testcase classname="TestCase.TestCases_Prudhvi2" name="VerifyLoginFunctionalityWithValidCredantials" time="0.0">
    <skipped/>
  </testcase> <!-- VerifyLoginFunctionalityWithValidCredantials -->
  <testcase classname="TestCase.TestCases_Prudhvi2" name="VerifyAppSigSenderorderWOEWOA" time="0.0">
    <skipped/>
  </testcase> <!-- VerifyAppSigSenderorderWOEWOA -->
  <testcase classname="TestCase.TestCases_Prudhvi2" name="VerifySendersigCCorderWOEWOA" time="0.0">
    <skipped/>
  </testcase> <!-- VerifySendersigCCorderWOEWOA -->
  <testcase classname="TestCase.TestCases_Prudhvi2" name="VerifySigSenderCCorderWOEWOA" time="0.0">
    <skipped/>
  </testcase> <!-- VerifySigSenderCCorderWOEWOA -->
  <testcase classname="TestCase.TestCases_Prudhvi2" name="VerifyCCSenderSingerWOEWOA" time="0.0">
    <skipped/>
  </testcase> <!-- VerifyCCSenderSingerWOEWOA -->
  <testcase classname="TestCase.TestCases_Prudhvi2" name="VerifySingerCCSenderWOEWOA" time="0.0">
    <skipped/>
  </testcase> <!-- VerifySingerCCSenderWOEWOA -->
  <testcase classname="TestCase.TestCases_Prudhvi2" name="VerifySenderCCSignerWOEWOA" time="0.0">
    <skipped/>
  </testcase> <!-- VerifySenderCCSignerWOEWOA -->
  <testcase classname="TestCase.TestCases_Prudhvi2" name="VerifyCCSignerSenderWOEWOA" time="0.0">
    <skipped/>
  </testcase> <!-- VerifyCCSignerSenderWOEWOA -->
  <testcase classname="TestCase.TestCases_Prudhvi2" name="VerifySenderMultipleApprovers" time="0.0">
    <skipped/>
  </testcase> <!-- VerifySenderMultipleApprovers -->
  <testcase classname="TestCase.TestCases_Prudhvi2" name="VerifyMultpleApproverSender" time="0.0">
    <skipped/>
  </testcase> <!-- VerifyMultpleApproverSender -->
  <testcase classname="TestCase.TestCases_Prudhvi2" name="VerifySenderMultipleCC" time="0.0">
    <skipped/>
  </testcase> <!-- VerifySenderMultipleCC -->
  <testcase classname="TestCase.TestCases_Prudhvi2" name="VerifyMultpleCCSender" time="0.0">
    <skipped/>
  </testcase> <!-- VerifyMultpleCCSender -->
  <testcase classname="TestCase.TestCases_Prudhvi2" name="VerifyDocForSingleSender" time="0.0">
    <skipped/>
  </testcase> <!-- VerifyDocForSingleSender -->
  <testcase classname="TestCase.TestCases_Prudhvi2" name="VerifyDaftsentdocument" time="0.0">
    <skipped/>
  </testcase> <!-- VerifyDaftsentdocument -->
  <testcase classname="TestCase.TestCases_Prudhvi2" name="VerifyDraftSaveAsTemplate" time="0.0">
    <skipped/>
  </testcase> <!-- VerifyDraftSaveAsTemplate -->
  <testcase classname="TestCase.TestCases_Prudhvi2" name="VerifyDraftrenamedocument" time="0.0">
    <skipped/>
  </testcase> <!-- VerifyDraftrenamedocument -->
  <testcase classname="TestCase.TestCases_Prudhvi2" name="VerifyDraftDocumentSettings" time="0.0">
    <skipped/>
  </testcase> <!-- VerifyDraftDocumentSettings -->
  <testcase classname="TestCase.TestCases_Prudhvi2" name="VerifyDraftDeleteDocument" time="0.0">
    <skipped/>
  </testcase> <!-- VerifyDraftDeleteDocument -->
  <testcase classname="TestCase.TestCases_Prudhvi2" name="VerifySentCorrectDocument" time="0.0">
    <skipped/>
  </testcase> <!-- VerifySentCorrectDocument -->
  <testcase classname="TestCase.TestCases_Prudhvi2" name="VerifySentResenddocument" time="0.0">
    <skipped/>
  </testcase> <!-- VerifySentResenddocument -->
  <testcase classname="TestCase.TestCases_Prudhvi2" name="VerifySentsavetoTemplate" time="0.0">
    <skipped/>
  </testcase> <!-- VerifySentsavetoTemplate -->
  <testcase classname="TestCase.TestCases_Prudhvi2" name="VerifySentVoiddocument" time="0.0">
    <skipped/>
  </testcase> <!-- VerifySentVoiddocument -->
  <testcase classname="TestCase.TestCases_Prudhvi2" name="VerifySentRenamedocument" time="0.0">
    <skipped/>
  </testcase> <!-- VerifySentRenamedocument -->
  <testcase classname="TestCase.TestCases_Prudhvi2" name="VerifySentdocumentsettings" time="0.0">
    <skipped/>
  </testcase> <!-- VerifySentdocumentsettings -->
  <testcase classname="TestCase.TestCases_Prudhvi2" name="VerifySentDeletedocument" time="0.0">
    <skipped/>
  </testcase> <!-- VerifySentDeletedocument -->
  <testcase classname="TestCase.TestCases_Prudhvi2" name="VerifyApprovedCorrectdocumentDocuments" time="0.0">
    <skipped/>
  </testcase> <!-- VerifyApprovedCorrectdocumentDocuments -->
  <testcase classname="TestCase.TestCases_Prudhvi2" name="VerifyApprovedResendDocument" time="0.0">
    <skipped/>
  </testcase> <!-- VerifyApprovedResendDocument -->
  <testcase classname="TestCase.TestCases_Prudhvi2" name="VerifyApprovedSaveAsTemplate" time="0.0">
    <skipped/>
  </testcase> <!-- VerifyApprovedSaveAsTemplate -->
  <testcase classname="TestCase.TestCases_Prudhvi2" name="VerifyApprovedVoidDocument" time="0.0">
    <skipped/>
  </testcase> <!-- VerifyApprovedVoidDocument -->
  <testcase classname="TestCase.TestCases_Prudhvi2" name="VerifyApprovedRenameDocument" time="0.0">
    <skipped/>
  </testcase> <!-- VerifyApprovedRenameDocument -->
  <testcase classname="TestCase.TestCases_Prudhvi2" name="VerifyApprovedDocumentSettings" time="0.0">
    <skipped/>
  </testcase> <!-- VerifyApprovedDocumentSettings -->
  <testcase classname="TestCase.TestCases_Prudhvi2" name="VerifyApprovedApprovedDeleteDocument" time="0.0">
    <skipped/>
  </testcase> <!-- VerifyApprovedApprovedDeleteDocument -->
  <testcase classname="TestCase.TestCases_Prudhvi2" name="VerifyDelineddocument" time="0.0">
    <skipped/>
  </testcase> <!-- VerifyDelineddocument -->
  <testcase classname="TestCase.TestCases_Prudhvi2" name="VerifyDeclinedVoiddocument" time="0.0">
    <skipped/>
  </testcase> <!-- VerifyDeclinedVoiddocument -->
  <testcase classname="TestCase.TestCases_Prudhvi2" name="VerifyDeclinedDeclinedRenamedocument" time="0.0">
    <skipped/>
  </testcase> <!-- VerifyDeclinedDeclinedRenamedocument -->
  <testcase classname="TestCase.TestCases_Prudhvi2" name="VerifyDeclinedDocumentSettings" time="0.0">
    <skipped/>
  </testcase> <!-- VerifyDeclinedDocumentSettings -->
  <testcase classname="TestCase.TestCases_Prudhvi2" name="VerifyDeclinedDeletedocument" time="0.0">
    <skipped/>
  </testcase> <!-- VerifyDeclinedDeletedocument -->
  <testcase classname="TestCase.TestCases_Prudhvi2" name="VerifYVoidSaveastemplate" time="0.0">
    <skipped/>
  </testcase> <!-- VerifYVoidSaveastemplate -->
  <testcase classname="TestCase.TestCases_Prudhvi2" name="VerifyVoidClonedocument" time="0.0">
    <skipped/>
  </testcase> <!-- VerifyVoidClonedocument -->
  <testcase classname="TestCase.TestCases_Prudhvi2" name="VerifyVoidDeletedocument" time="0.0">
    <skipped/>
  </testcase> <!-- VerifyVoidDeletedocument -->
  <testcase classname="TestCase.TestCases_Prudhvi2" name="VerifyArchivedRenamedocuments" time="0.0">
    <skipped/>
  </testcase> <!-- VerifyArchivedRenamedocuments -->
  <testcase classname="TestCase.TestCases_Prudhvi2" name="VerifyArchivedUndodocument" time="0.0">
    <skipped/>
  </testcase> <!-- VerifyArchivedUndodocument -->
  <testcase classname="TestCase.TestCases_Prudhvi2" name="VerifyArchivedPermanentdelete" time="0.0">
    <skipped/>
  </testcase> <!-- VerifyArchivedPermanentdelete -->
  <testcase classname="TestCase.TestCases_Prudhvi2" name="VerifyCompletedSaveastemplate" time="0.0">
    <skipped/>
  </testcase> <!-- VerifyCompletedSaveastemplate -->
  <testcase classname="TestCase.TestCases_Prudhvi2" name="VerifyCompletedSharewithothers" time="0.0">
    <skipped/>
  </testcase> <!-- VerifyCompletedSharewithothers -->
  <testcase classname="TestCase.TestCases_Prudhvi2" name="VerifyCompletedClonedocument" time="0.0">
    <skipped/>
  </testcase> <!-- VerifyCompletedClonedocument -->
  <testcase classname="TestCase.TestCases_Prudhvi2" name="VerifyCompletedRenamedocument" time="0.0">
    <skipped/>
  </testcase> <!-- VerifyCompletedRenamedocument -->
  <testcase classname="TestCase.TestCases_Prudhvi2" name="VerifyCompletedDownloaddocuement" time="0.0">
    <skipped/>
  </testcase> <!-- VerifyCompletedDownloaddocuement -->
  <testcase classname="TestCase.TestCases_Prudhvi2" name="VerifyCompletedDeletedocuement" time="0.0">
    <skipped/>
  </testcase> <!-- VerifyCompletedDeletedocuement -->
  <testcase classname="TestCase.TestCases_Prudhvi2" name="VerifyCompletedSenttomail" time="0.0">
    <skipped/>
  </testcase> <!-- VerifyCompletedSenttomail -->
  <testcase classname="TestCase.TestCases_Prudhvi2" name="VerifyWaitformeWaitforme" time="0.0">
    <skipped/>
  </testcase> <!-- VerifyWaitformeWaitforme -->
  <testcase classname="TestCase.TestCases_Prudhvi2" name="VerifyWaitingForOthersCorrectdocument" time="0.0">
    <skipped/>
  </testcase> <!-- VerifyWaitingForOthersCorrectdocument -->
  <testcase classname="TestCase.TestCases_Prudhvi2" name="VerifyWaitingForOthersResenddocument" time="0.0">
    <skipped/>
  </testcase> <!-- VerifyWaitingForOthersResenddocument -->
  <testcase classname="TestCase.TestCases_Prudhvi2" name="VerifyWaitingForOthersSaveastemplate" time="0.0">
    <skipped/>
  </testcase> <!-- VerifyWaitingForOthersSaveastemplate -->
  <testcase classname="TestCase.TestCases_Prudhvi2" name="VerifyWaitingForOthersVoiddocument" time="0.0">
    <skipped/>
  </testcase> <!-- VerifyWaitingForOthersVoiddocument -->
  <testcase classname="TestCase.TestCases_Prudhvi2" name="VerifyWaitingForOthersRenamedocument" time="0.0">
    <skipped/>
  </testcase> <!-- VerifyWaitingForOthersRenamedocument -->
  <testcase classname="TestCase.TestCases_Prudhvi2" name="VerifyWaitingForOthersDocumentsettings" time="0.0">
    <skipped/>
  </testcase> <!-- VerifyWaitingForOthersDocumentsettings -->
  <testcase classname="TestCase.TestCases_Prudhvi2" name="VerifyWaitingForOthersDeletedocument" time="0.0">
    <skipped/>
  </testcase> <!-- VerifyWaitingForOthersDeletedocument -->
  <testcase classname="TestCase.TestCases_Prudhvi2" name="VerifyProcessSingleDoc" time="0.0">
    <skipped/>
  </testcase> <!-- VerifyProcessSingleDoc -->
  <testcase classname="TestCase.TestCases_Prudhvi2" name="VerifyProcessWithOutSingledoc" time="0.0">
    <skipped/>
  </testcase> <!-- VerifyProcessWithOutSingledoc -->
  <testcase classname="TestCase.TestCases_Prudhvi2" name="VerfySaveAsDraft" time="0.0">
    <skipped/>
  </testcase> <!-- VerfySaveAsDraft -->
  <testcase classname="TestCase.TestCases_Prudhvi2" name="VerifySettings" time="0.0">
    <skipped/>
  </testcase> <!-- VerifySettings -->
  <testcase classname="TestCase.TestCases_Prudhvi2" name="VerifyChangeDoc" time="0.0">
    <skipped/>
  </testcase> <!-- VerifyChangeDoc -->
  <testcase classname="TestCase.TestCases_Prudhvi2" name="VerifyLockFields" time="0.0">
    <skipped/>
  </testcase> <!-- VerifyLockFields -->
  <testcase classname="TestCase.TestCases_Prudhvi2" name="VerifyAddPages" time="0.0">
    <skipped/>
  </testcase> <!-- VerifyAddPages -->
  <testcase classname="TestCase.TestCases_Prudhvi2" name="VerifyDeletePages" time="0.0">
    <skipped/>
  </testcase> <!-- VerifyDeletePages -->
  <testcase classname="TestCase.TestCases_Prudhvi2" name="VerifyApproverSenderapprove" time="0.0">
    <skipped/>
  </testcase> <!-- VerifyApproverSenderapprove -->
  <testcase classname="TestCase.TestCases_Prudhvi2" name="VerifyApproverSenderDecline" time="0.0">
    <skipped/>
  </testcase> <!-- VerifyApproverSenderDecline -->
  <testcase classname="TestCase.TestCases_Prudhvi2" name="Verifyotheroptionsfinishlater" time="0.0">
    <skipped/>
  </testcase> <!-- Verifyotheroptionsfinishlater -->
  <testcase classname="TestCase.TestCases_Prudhvi2" name="Verifyotheroptionsprintandsign" time="0.0">
    <skipped/>
  </testcase> <!-- Verifyotheroptionsprintandsign -->
  <testcase classname="TestCase.TestCases_Prudhvi2" name="VerifyOtheroptionsdownload" time="0.0">
    <skipped/>
  </testcase> <!-- VerifyOtheroptionsdownload -->
  <testcase classname="TestCase.TestCases_Prudhvi2" name="Verifyotheroptionshistory" time="0.0">
    <skipped/>
  </testcase> <!-- Verifyotheroptionshistory -->
  <testcase classname="TestCase.TestCases_Prudhvi2" name="Verifyotheroptionssettings" time="0.0">
    <skipped/>
  </testcase> <!-- Verifyotheroptionssettings -->
  <testcase classname="TestCase.TestCases_Prudhvi2" name="VerifyotheroptionsCorrectdoc" time="0.0">
    <skipped/>
  </testcase> <!-- VerifyotheroptionsCorrectdoc -->
  <testcase classname="TestCase.TestCases_Prudhvi2" name="Verifyotheroptionssaveastem" time="0.0">
    <skipped/>
  </testcase> <!-- Verifyotheroptionssaveastem -->
  <testcase classname="TestCase.TestCases_Prudhvi2" name="Verifyotheroptionsvoiddoc" time="0.0">
    <skipped/>
  </testcase> <!-- Verifyotheroptionsvoiddoc -->
  <testcase classname="TestCase.TestCases_Prudhvi2" name="Verifychatandlogs" time="0.0">
    <skipped/>
  </testcase> <!-- Verifychatandlogs -->
  <testcase classname="TestCase.TestCases_Prudhvi2" name="VerifyOtheroptionsdeletedocument" time="0.0">
    <skipped/>
  </testcase> <!-- VerifyOtheroptionsdeletedocument -->
  <testcase classname="TestCase.TestCases_Prudhvi2" name="VerifyPdfAutoFillreceiver" time="0.0">
    <skipped/>
  </testcase> <!-- VerifyPdfAutoFillreceiver -->
  <testcase classname="TestCase.TestCases_Prudhvi2" name="VerifyBuldDeleteDocuments" time="0.0">
    <skipped/>
  </testcase> <!-- VerifyBuldDeleteDocuments -->
  <testcase classname="TestCase.TestCases_Prudhvi2" name="SplitSinglelineText" time="0.0">
    <skipped/>
  </testcase> <!-- SplitSinglelineText -->
  <testcase classname="TestCase.TestCases_Prudhvi2" name="Verifychangeuser" time="0.0">
    <skipped/>
  </testcase> <!-- Verifychangeuser -->
  <testcase classname="TestCase.TestCases_Prudhvi2" name="VerifyCopylink" time="0.0">
    <skipped/>
  </testcase> <!-- VerifyCopylink -->
  <testcase classname="TestCase.TestCases_Prudhvi2" name="VerifyClonedocumentForsinglesender" time="0.0">
    <skipped/>
  </testcase> <!-- VerifyClonedocumentForsinglesender -->
</testsuite> <!-- Default test -->
