<?xml version="1.0" encoding="UTF-8"?>
<!-- Generated by org.testng.reporters.JUnitXMLReporter -->
<testsuite ignored="2" hostname="Prudhvi" failures="0" tests="1" name="Default test" time="90.979" errors="0" timestamp="2023-12-19T12:13:18 IST">
  <testcase classname="TestCase.LoginPageTest" name="Upload" time="67.455"/>
  <testcase classname="TestCase.LoginPageTest" name="Document" time="0.0">
    <ignored/>
  </testcase> <!-- Document -->
  <testcase classname="TestCase.LoginPageTest" name="verifyloginwithValidCredentials" time="0.0">
    <ignored/>
  </testcase> <!-- verifyloginwithValidCredentials -->
</testsuite> <!-- Default test -->
