<?xml version="1.0" encoding="UTF-8"?>
<!-- Generated by org.testng.reporters.JUnitXMLReporter -->
<testsuite ignored="0" hostname="HGT-LAP-310" failures="0" tests="16" name="Test" time="0.568" errors="0" timestamp="2024-05-13T15:57:22 IST">
  <testcase classname="TestCase.FormTemplate_Testcases_Node2" name="@BeforeMethod Start" time="0.007">
    <failure type="java.lang.NullPointerException" message="Cannot invoke &amp;quot;org.openqa.selenium.WebDriver.manage()&amp;quot; because &amp;quot;this.driver&amp;quot; is null">
      <![CDATA[java.lang.NullPointerException: Cannot invoke "org.openqa.selenium.WebDriver.manage()" because "this.driver" is null
at TestBase.testCaseBase.setup(testCaseBase.java:88)
at TestCase.FormTemplate_Testcases_Node2.Start(FormTemplate_Testcases_Node2.java:53)
at java.base/java.util.ArrayList.forEach(ArrayList.java:1596)
... Removed 29 stack frames]]>
    </failure>
  </testcase> <!-- @BeforeMethod Start -->
  <testcase classname="TestCase.FormTemplate_Testcases_Node2" name="@BeforeMethod Start" time="-1.715596041465E9">
    <skipped/>
  </testcase> <!-- @BeforeMethod Start -->
  <testcase classname="TestCase.FormTemplate_Testcases_Node2" name="@BeforeMethod Start" time="-1.715596041469E9">
    <skipped/>
  </testcase> <!-- @BeforeMethod Start -->
  <testcase classname="TestCase.FormTemplate_Testcases_Node2" name="@BeforeMethod Start" time="-1.715596041476E9">
    <skipped/>
  </testcase> <!-- @BeforeMethod Start -->
  <testcase classname="TestCase.FormTemplate_Testcases_Node2" name="@BeforeMethod Start" time="-1.715596041483E9">
    <skipped/>
  </testcase> <!-- @BeforeMethod Start -->
  <testcase classname="TestCase.FormTemplate_Testcases_Node2" name="@BeforeMethod Start" time="-1.715596041487E9">
    <skipped/>
  </testcase> <!-- @BeforeMethod Start -->
  <testcase classname="TestCase.FormTemplate_Testcases_Node2" name="@BeforeMethod Start" time="-1.715596041494E9">
    <skipped/>
  </testcase> <!-- @BeforeMethod Start -->
  <testcase classname="TestCase.FormTemplate_Testcases_Node2" name="@BeforeMethod Start" time="-1.715596041498E9">
    <skipped/>
  </testcase> <!-- @BeforeMethod Start -->
  <testcase classname="TestCase.FormTemplate_Testcases_Node2" name="@BeforeMethod Start" time="-1.715596041501E9">
    <skipped/>
  </testcase> <!-- @BeforeMethod Start -->
  <testcase classname="TestCase.FormTemplate_Testcases_Node2" name="@BeforeMethod Start" time="-1.715596041504E9">
    <skipped/>
  </testcase> <!-- @BeforeMethod Start -->
  <testcase classname="TestCase.FormTemplate_Testcases_Node2" name="@BeforeMethod Start" time="-1.71559604151E9">
    <skipped/>
  </testcase> <!-- @BeforeMethod Start -->
  <testcase classname="TestCase.FormTemplate_Testcases_Node2" name="@BeforeMethod Start" time="-1.715596041513E9">
    <skipped/>
  </testcase> <!-- @BeforeMethod Start -->
  <testcase classname="TestCase.FormTemplate_Testcases_Node2" name="@BeforeMethod Start" time="-1.715596041516E9">
    <skipped/>
  </testcase> <!-- @BeforeMethod Start -->
  <testcase classname="TestCase.FormTemplate_Testcases_Node2" name="@BeforeMethod Start" time="-1.715596041518E9">
    <skipped/>
  </testcase> <!-- @BeforeMethod Start -->
  <testcase classname="TestCase.FormTemplate_Testcases_Node2" name="@BeforeMethod Start" time="-1.715596041522E9">
    <skipped/>
  </testcase> <!-- @BeforeMethod Start -->
  <testcase classname="TestCase.FormTemplate_Testcases_Node2" name="@BeforeMethod Start" time="-1.715596041528E9">
    <skipped/>
  </testcase> <!-- @BeforeMethod Start -->
  <testcase classname="TestCase.FormTemplate_Testcases_Node2" name="BasicFieldsYesORNo" time="0.0">
    <skipped/>
  </testcase> <!-- BasicFieldsYesORNo -->
  <testcase classname="TestCase.FormTemplate_Testcases_Node2" name="BasicFieldsCheckbox" time="0.0">
    <skipped/>
  </testcase> <!-- BasicFieldsCheckbox -->
  <testcase classname="TestCase.FormTemplate_Testcases_Node2" name="BasicFieldsCheckBoxGroup" time="0.0">
    <skipped/>
  </testcase> <!-- BasicFieldsCheckBoxGroup -->
  <testcase classname="TestCase.FormTemplate_Testcases_Node2" name="BasicFieldsDocument" time="0.0">
    <skipped/>
  </testcase> <!-- BasicFieldsDocument -->
  <testcase classname="TestCase.FormTemplate_Testcases_Node2" name="BasicFieldsRadio" time="0.0">
    <skipped/>
  </testcase> <!-- BasicFieldsRadio -->
  <testcase classname="TestCase.FormTemplate_Testcases_Node2" name="BasicFieldsRadioGroup" time="0.0">
    <skipped/>
  </testcase> <!-- BasicFieldsRadioGroup -->
  <testcase classname="TestCase.FormTemplate_Testcases_Node2" name="BasicFieldsPhone" time="0.0">
    <skipped/>
  </testcase> <!-- BasicFieldsPhone -->
  <testcase classname="TestCase.FormTemplate_Testcases_Node2" name="BasicFieldsSignature" time="0.0">
    <skipped/>
  </testcase> <!-- BasicFieldsSignature -->
  <testcase classname="TestCase.FormTemplate_Testcases_Node2" name="BasicFieldsCaptcha" time="0.0">
    <skipped/>
  </testcase> <!-- BasicFieldsCaptcha -->
  <testcase classname="TestCase.FormTemplate_Testcases_Node2" name="ContentHeading" time="0.0">
    <skipped/>
  </testcase> <!-- ContentHeading -->
  <testcase classname="TestCase.FormTemplate_Testcases_Node2" name="ContentHTML" time="0.0">
    <skipped/>
  </testcase> <!-- ContentHTML -->
  <testcase classname="TestCase.FormTemplate_Testcases_Node2" name="ContentParagraph" time="0.0">
    <skipped/>
  </testcase> <!-- ContentParagraph -->
  <testcase classname="TestCase.FormTemplate_Testcases_Node2" name="ContentSingleLineContent" time="0.0">
    <skipped/>
  </testcase> <!-- ContentSingleLineContent -->
  <testcase classname="TestCase.FormTemplate_Testcases_Node2" name="ContentImage" time="0.0">
    <skipped/>
  </testcase> <!-- ContentImage -->
  <testcase classname="TestCase.FormTemplate_Testcases_Node2" name="ContentVideo" time="0.0">
    <skipped/>
  </testcase> <!-- ContentVideo -->
  <testcase classname="TestCase.FormTemplate_Testcases_Node2" name="ContentActionButton" time="0.0">
    <skipped/>
  </testcase> <!-- ContentActionButton -->
</testsuite> <!-- Test -->
