<?xml version="1.0" encoding="UTF-8"?>
<!-- Generated by org.testng.reporters.JUnitXMLReporter -->
<testsuite ignored="1" hostname="HGT-LAP-310" failures="0" tests="49" name="Test" time="0.834" errors="0" timestamp="2024-05-23T11:21:20 IST">
  <testcase classname="TestCase.TestCases_Meghana" name="@BeforeMethod Start" time="0.64">
    <failure type="org.openqa.selenium.remote.NoSuchDriverException" message="Unable to obtain: chromedriver, error chrome must exist: C:\usr\bin\sgoogle-chrome-stable
For documentation on this error, please visit: https://www.selenium.dev/documentation/webdriver/troubleshooting/errors/driver_location/
Build info: version: &amp;apos;4.20.0&amp;apos;, revision: &amp;apos;866c76ca80&amp;apos;
System info: os.name: &amp;apos;Windows 11&amp;apos;, os.arch: &amp;apos;amd64&amp;apos;, os.version: &amp;apos;10.0&amp;apos;, java.version: &amp;apos;21.0.1&amp;apos;
Driver info: driver.version: ChromeDriver">
      <![CDATA[org.openqa.selenium.remote.NoSuchDriverException: Unable to obtain: chromedriver, error chrome must exist: C:\usr\bin\sgoogle-chrome-stable
For documentation on this error, please visit: https://www.selenium.dev/documentation/webdriver/troubleshooting/errors/driver_location/
Build info: version: '4.20.0', revision: '866c76ca80'
System info: os.name: 'Windows 11', os.arch: 'amd64', os.version: '10.0', java.version: '21.0.1'
Driver info: driver.version: ChromeDriver
at org.openqa.selenium.remote.service.DriverFinder.getBinaryPaths(DriverFinder.java:121)
at org.openqa.selenium.remote.service.DriverFinder.getDriverPath(DriverFinder.java:55)
at org.openqa.selenium.chrome.ChromeDriver.generateExecutor(ChromeDriver.java:99)
at org.openqa.selenium.chrome.ChromeDriver.<init>(ChromeDriver.java:88)
at org.openqa.selenium.chrome.ChromeDriver.<init>(ChromeDriver.java:83)
at org.openqa.selenium.chrome.ChromeDriver.<init>(ChromeDriver.java:72)
at TestBase.testCaseBase.setup(testCaseBase.java:78)
at TestCase.TestCases_Meghana.Start(TestCases_Meghana.java:41)
at java.base/java.util.ArrayList.forEach(ArrayList.java:1596)
Caused by: java.lang.IllegalStateException: chrome must exist: C:\usr\bin\sgoogle-chrome-stable
at org.openqa.selenium.internal.Require$FileStateChecker.isFile(Require.java:346)
at org.openqa.selenium.internal.Require$FileStateChecker.isExecutable(Require.java:368)
at org.openqa.selenium.remote.service.DriverFinder.getBinaryPaths(DriverFinder.java:104)
... 37 more
... Removed 29 stack frames]]>
    </failure>
  </testcase> <!-- @BeforeMethod Start -->
  <testcase classname="TestCase.TestCases_Meghana" name="@AfterMethod quit" time="-1.716443480619E9">
    <skipped/>
  </testcase> <!-- @AfterMethod quit -->
  <testcase classname="TestCase.TestCases_Meghana" name="@BeforeMethod Start" time="-1.716443480621E9">
    <skipped/>
  </testcase> <!-- @BeforeMethod Start -->
  <testcase classname="TestCase.TestCases_Meghana" name="@AfterMethod quit" time="-1.716443480624E9">
    <skipped/>
  </testcase> <!-- @AfterMethod quit -->
  <testcase classname="TestCase.TestCases_Meghana" name="@BeforeMethod Start" time="-1.716443480625E9">
    <skipped/>
  </testcase> <!-- @BeforeMethod Start -->
  <testcase classname="TestCase.TestCases_Meghana" name="@AfterMethod quit" time="-1.716443480629E9">
    <skipped/>
  </testcase> <!-- @AfterMethod quit -->
  <testcase classname="TestCase.TestCases_Meghana" name="@BeforeMethod Start" time="-1.716443480631E9">
    <skipped/>
  </testcase> <!-- @BeforeMethod Start -->
  <testcase classname="TestCase.TestCases_Meghana" name="@AfterMethod quit" time="-1.716443480634E9">
    <skipped/>
  </testcase> <!-- @AfterMethod quit -->
  <testcase classname="TestCase.TestCases_Meghana" name="@BeforeMethod Start" time="-1.716443480636E9">
    <skipped/>
  </testcase> <!-- @BeforeMethod Start -->
  <testcase classname="TestCase.TestCases_Meghana" name="@AfterMethod quit" time="-1.71644348064E9">
    <skipped/>
  </testcase> <!-- @AfterMethod quit -->
  <testcase classname="TestCase.TestCases_Meghana" name="@BeforeMethod Start" time="-1.716443480641E9">
    <skipped/>
  </testcase> <!-- @BeforeMethod Start -->
  <testcase classname="TestCase.TestCases_Meghana" name="@AfterMethod quit" time="-1.716443480644E9">
    <skipped/>
  </testcase> <!-- @AfterMethod quit -->
  <testcase classname="TestCase.TestCases_Meghana" name="@BeforeMethod Start" time="-1.716443480647E9">
    <skipped/>
  </testcase> <!-- @BeforeMethod Start -->
  <testcase classname="TestCase.TestCases_Meghana" name="@AfterMethod quit" time="-1.71644348065E9">
    <skipped/>
  </testcase> <!-- @AfterMethod quit -->
  <testcase classname="TestCase.TestCases_Meghana" name="@BeforeMethod Start" time="-1.716443480651E9">
    <skipped/>
  </testcase> <!-- @BeforeMethod Start -->
  <testcase classname="TestCase.TestCases_Meghana" name="@AfterMethod quit" time="-1.716443480654E9">
    <skipped/>
  </testcase> <!-- @AfterMethod quit -->
  <testcase classname="TestCase.TestCases_Meghana" name="@BeforeMethod Start" time="-1.716443480655E9">
    <skipped/>
  </testcase> <!-- @BeforeMethod Start -->
  <testcase classname="TestCase.TestCases_Meghana" name="@AfterMethod quit" time="-1.716443480657E9">
    <skipped/>
  </testcase> <!-- @AfterMethod quit -->
  <testcase classname="TestCase.TestCases_Meghana" name="@BeforeMethod Start" time="-1.716443480658E9">
    <skipped/>
  </testcase> <!-- @BeforeMethod Start -->
  <testcase classname="TestCase.TestCases_Meghana" name="@AfterMethod quit" time="-1.71644348066E9">
    <skipped/>
  </testcase> <!-- @AfterMethod quit -->
  <testcase classname="TestCase.TestCases_Meghana" name="@BeforeMethod Start" time="-1.716443480661E9">
    <skipped/>
  </testcase> <!-- @BeforeMethod Start -->
  <testcase classname="TestCase.TestCases_Meghana" name="@AfterMethod quit" time="-1.716443480664E9">
    <skipped/>
  </testcase> <!-- @AfterMethod quit -->
  <testcase classname="TestCase.TestCases_Meghana" name="@BeforeMethod Start" time="-1.716443480665E9">
    <skipped/>
  </testcase> <!-- @BeforeMethod Start -->
  <testcase classname="TestCase.TestCases_Meghana" name="@AfterMethod quit" time="-1.716443480668E9">
    <skipped/>
  </testcase> <!-- @AfterMethod quit -->
  <testcase classname="TestCase.TestCases_Meghana" name="@BeforeMethod Start" time="-1.716443480669E9">
    <skipped/>
  </testcase> <!-- @BeforeMethod Start -->
  <testcase classname="TestCase.TestCases_Meghana" name="@AfterMethod quit" time="-1.71644348067E9">
    <skipped/>
  </testcase> <!-- @AfterMethod quit -->
  <testcase classname="TestCase.TestCases_Meghana" name="@BeforeMethod Start" time="-1.716443480671E9">
    <skipped/>
  </testcase> <!-- @BeforeMethod Start -->
  <testcase classname="TestCase.TestCases_Meghana" name="@AfterMethod quit" time="-1.716443480673E9">
    <skipped/>
  </testcase> <!-- @AfterMethod quit -->
  <testcase classname="TestCase.TestCases_Meghana" name="@BeforeMethod Start" time="-1.716443480674E9">
    <skipped/>
  </testcase> <!-- @BeforeMethod Start -->
  <testcase classname="TestCase.TestCases_Meghana" name="@AfterMethod quit" time="-1.716443480677E9">
    <skipped/>
  </testcase> <!-- @AfterMethod quit -->
  <testcase classname="TestCase.TestCases_Meghana" name="@BeforeMethod Start" time="-1.716443480678E9">
    <skipped/>
  </testcase> <!-- @BeforeMethod Start -->
  <testcase classname="TestCase.TestCases_Meghana" name="@AfterMethod quit" time="-1.71644348068E9">
    <skipped/>
  </testcase> <!-- @AfterMethod quit -->
  <testcase classname="TestCase.TestCases_Meghana" name="@BeforeMethod Start" time="-1.716443480681E9">
    <skipped/>
  </testcase> <!-- @BeforeMethod Start -->
  <testcase classname="TestCase.TestCases_Meghana" name="@AfterMethod quit" time="-1.716443480683E9">
    <skipped/>
  </testcase> <!-- @AfterMethod quit -->
  <testcase classname="TestCase.TestCases_Meghana" name="@BeforeMethod Start" time="-1.716443480683E9">
    <skipped/>
  </testcase> <!-- @BeforeMethod Start -->
  <testcase classname="TestCase.TestCases_Meghana" name="@AfterMethod quit" time="-1.716443480686E9">
    <skipped/>
  </testcase> <!-- @AfterMethod quit -->
  <testcase classname="TestCase.TestCases_Meghana" name="@BeforeMethod Start" time="-1.716443480687E9">
    <skipped/>
  </testcase> <!-- @BeforeMethod Start -->
  <testcase classname="TestCase.TestCases_Meghana" name="@AfterMethod quit" time="-1.716443480689E9">
    <skipped/>
  </testcase> <!-- @AfterMethod quit -->
  <testcase classname="TestCase.TestCases_Meghana" name="@BeforeMethod Start" time="-1.716443480691E9">
    <skipped/>
  </testcase> <!-- @BeforeMethod Start -->
  <testcase classname="TestCase.TestCases_Meghana" name="@AfterMethod quit" time="-1.716443480692E9">
    <skipped/>
  </testcase> <!-- @AfterMethod quit -->
  <testcase classname="TestCase.TestCases_Meghana" name="@BeforeMethod Start" time="-1.716443480693E9">
    <skipped/>
  </testcase> <!-- @BeforeMethod Start -->
  <testcase classname="TestCase.TestCases_Meghana" name="@AfterMethod quit" time="-1.716443480696E9">
    <skipped/>
  </testcase> <!-- @AfterMethod quit -->
  <testcase classname="TestCase.TestCases_Meghana" name="@BeforeMethod Start" time="-1.716443480697E9">
    <skipped/>
  </testcase> <!-- @BeforeMethod Start -->
  <testcase classname="TestCase.TestCases_Meghana" name="@AfterMethod quit" time="-1.7164434807E9">
    <skipped/>
  </testcase> <!-- @AfterMethod quit -->
  <testcase classname="TestCase.TestCases_Meghana" name="@BeforeMethod Start" time="-1.716443480701E9">
    <skipped/>
  </testcase> <!-- @BeforeMethod Start -->
  <testcase classname="TestCase.TestCases_Meghana" name="@AfterMethod quit" time="-1.716443480702E9">
    <skipped/>
  </testcase> <!-- @AfterMethod quit -->
  <testcase classname="TestCase.TestCases_Meghana" name="@BeforeMethod Start" time="-1.716443480703E9">
    <skipped/>
  </testcase> <!-- @BeforeMethod Start -->
  <testcase classname="TestCase.TestCases_Meghana" name="@AfterMethod quit" time="-1.716443480705E9">
    <skipped/>
  </testcase> <!-- @AfterMethod quit -->
  <testcase classname="TestCase.TestCases_Meghana" name="@BeforeMethod Start" time="-1.716443480706E9">
    <skipped/>
  </testcase> <!-- @BeforeMethod Start -->
  <testcase classname="TestCase.TestCases_Meghana" name="@AfterMethod quit" time="-1.716443480707E9">
    <skipped/>
  </testcase> <!-- @AfterMethod quit -->
  <testcase classname="TestCase.TestCases_Meghana" name="@BeforeMethod Start" time="-1.716443480707E9">
    <skipped/>
  </testcase> <!-- @BeforeMethod Start -->
  <testcase classname="TestCase.TestCases_Meghana" name="@AfterMethod quit" time="-1.71644348071E9">
    <skipped/>
  </testcase> <!-- @AfterMethod quit -->
  <testcase classname="TestCase.TestCases_Meghana" name="@BeforeMethod Start" time="-1.716443480711E9">
    <skipped/>
  </testcase> <!-- @BeforeMethod Start -->
  <testcase classname="TestCase.TestCases_Meghana" name="@AfterMethod quit" time="-1.716443480713E9">
    <skipped/>
  </testcase> <!-- @AfterMethod quit -->
  <testcase classname="TestCase.TestCases_Meghana" name="@BeforeMethod Start" time="-1.716443480715E9">
    <skipped/>
  </testcase> <!-- @BeforeMethod Start -->
  <testcase classname="TestCase.TestCases_Meghana" name="@AfterMethod quit" time="-1.716443480717E9">
    <skipped/>
  </testcase> <!-- @AfterMethod quit -->
  <testcase classname="TestCase.TestCases_Meghana" name="@BeforeMethod Start" time="-1.716443480717E9">
    <skipped/>
  </testcase> <!-- @BeforeMethod Start -->
  <testcase classname="TestCase.TestCases_Meghana" name="@AfterMethod quit" time="-1.716443480719E9">
    <skipped/>
  </testcase> <!-- @AfterMethod quit -->
  <testcase classname="TestCase.TestCases_Meghana" name="@BeforeMethod Start" time="-1.71644348072E9">
    <skipped/>
  </testcase> <!-- @BeforeMethod Start -->
  <testcase classname="TestCase.TestCases_Meghana" name="@AfterMethod quit" time="-1.716443480723E9">
    <skipped/>
  </testcase> <!-- @AfterMethod quit -->
  <testcase classname="TestCase.TestCases_Meghana" name="@BeforeMethod Start" time="-1.716443480723E9">
    <skipped/>
  </testcase> <!-- @BeforeMethod Start -->
  <testcase classname="TestCase.TestCases_Meghana" name="@AfterMethod quit" time="-1.716443480725E9">
    <skipped/>
  </testcase> <!-- @AfterMethod quit -->
  <testcase classname="TestCase.TestCases_Meghana" name="@BeforeMethod Start" time="-1.716443480726E9">
    <skipped/>
  </testcase> <!-- @BeforeMethod Start -->
  <testcase classname="TestCase.TestCases_Meghana" name="@AfterMethod quit" time="-1.71644348073E9">
    <skipped/>
  </testcase> <!-- @AfterMethod quit -->
  <testcase classname="TestCase.TestCases_Meghana" name="@BeforeMethod Start" time="-1.716443480734E9">
    <skipped/>
  </testcase> <!-- @BeforeMethod Start -->
  <testcase classname="TestCase.TestCases_Meghana" name="@AfterMethod quit" time="-1.716443480736E9">
    <skipped/>
  </testcase> <!-- @AfterMethod quit -->
  <testcase classname="TestCase.TestCases_Meghana" name="@BeforeMethod Start" time="-1.716443480736E9">
    <skipped/>
  </testcase> <!-- @BeforeMethod Start -->
  <testcase classname="TestCase.TestCases_Meghana" name="@AfterMethod quit" time="-1.716443480737E9">
    <skipped/>
  </testcase> <!-- @AfterMethod quit -->
  <testcase classname="TestCase.TestCases_Meghana" name="@BeforeMethod Start" time="-1.716443480739E9">
    <skipped/>
  </testcase> <!-- @BeforeMethod Start -->
  <testcase classname="TestCase.TestCases_Meghana" name="@AfterMethod quit" time="-1.716443480742E9">
    <skipped/>
  </testcase> <!-- @AfterMethod quit -->
  <testcase classname="TestCase.TestCases_Meghana" name="@BeforeMethod Start" time="-1.716443480742E9">
    <skipped/>
  </testcase> <!-- @BeforeMethod Start -->
  <testcase classname="TestCase.TestCases_Meghana" name="@AfterMethod quit" time="-1.716443480743E9">
    <skipped/>
  </testcase> <!-- @AfterMethod quit -->
  <testcase classname="TestCase.TestCases_Meghana" name="@BeforeMethod Start" time="-1.716443480744E9">
    <skipped/>
  </testcase> <!-- @BeforeMethod Start -->
  <testcase classname="TestCase.TestCases_Meghana" name="@AfterMethod quit" time="-1.716443480747E9">
    <skipped/>
  </testcase> <!-- @AfterMethod quit -->
  <testcase classname="TestCase.TestCases_Meghana" name="@BeforeMethod Start" time="-1.716443480747E9">
    <skipped/>
  </testcase> <!-- @BeforeMethod Start -->
  <testcase classname="TestCase.TestCases_Meghana" name="@AfterMethod quit" time="-1.716443480749E9">
    <skipped/>
  </testcase> <!-- @AfterMethod quit -->
  <testcase classname="TestCase.TestCases_Meghana" name="@BeforeMethod Start" time="-1.71644348075E9">
    <skipped/>
  </testcase> <!-- @BeforeMethod Start -->
  <testcase classname="TestCase.TestCases_Meghana" name="@AfterMethod quit" time="-1.716443480751E9">
    <skipped/>
  </testcase> <!-- @AfterMethod quit -->
  <testcase classname="TestCase.TestCases_Meghana" name="@BeforeMethod Start" time="-1.716443480755E9">
    <skipped/>
  </testcase> <!-- @BeforeMethod Start -->
  <testcase classname="TestCase.TestCases_Meghana" name="@AfterMethod quit" time="-1.716443480758E9">
    <skipped/>
  </testcase> <!-- @AfterMethod quit -->
  <testcase classname="TestCase.TestCases_Meghana" name="@BeforeMethod Start" time="-1.716443480758E9">
    <skipped/>
  </testcase> <!-- @BeforeMethod Start -->
  <testcase classname="TestCase.TestCases_Meghana" name="@AfterMethod quit" time="-1.716443480759E9">
    <skipped/>
  </testcase> <!-- @AfterMethod quit -->
  <testcase classname="TestCase.TestCases_Meghana" name="@BeforeMethod Start" time="-1.71644348076E9">
    <skipped/>
  </testcase> <!-- @BeforeMethod Start -->
  <testcase classname="TestCase.TestCases_Meghana" name="@AfterMethod quit" time="-1.716443480763E9">
    <skipped/>
  </testcase> <!-- @AfterMethod quit -->
  <testcase classname="TestCase.TestCases_Meghana" name="@BeforeMethod Start" time="-1.716443480764E9">
    <skipped/>
  </testcase> <!-- @BeforeMethod Start -->
  <testcase classname="TestCase.TestCases_Meghana" name="@AfterMethod quit" time="-1.716443480765E9">
    <skipped/>
  </testcase> <!-- @AfterMethod quit -->
  <testcase classname="TestCase.TestCases_Meghana" name="@BeforeMethod Start" time="-1.716443480766E9">
    <skipped/>
  </testcase> <!-- @BeforeMethod Start -->
  <testcase classname="TestCase.TestCases_Meghana" name="@AfterMethod quit" time="-1.716443480767E9">
    <skipped/>
  </testcase> <!-- @AfterMethod quit -->
  <testcase classname="TestCase.TestCases_Meghana" name="@BeforeMethod Start" time="-1.716443480768E9">
    <skipped/>
  </testcase> <!-- @BeforeMethod Start -->
  <testcase classname="TestCase.TestCases_Meghana" name="@AfterMethod quit" time="-1.71644348077E9">
    <skipped/>
  </testcase> <!-- @AfterMethod quit -->
  <testcase classname="TestCase.TestCases_Meghana" name="@BeforeMethod Start" time="-1.71644348077E9">
    <skipped/>
  </testcase> <!-- @BeforeMethod Start -->
  <testcase classname="TestCase.TestCases_Meghana" name="@AfterMethod quit" time="-1.716443480771E9">
    <skipped/>
  </testcase> <!-- @AfterMethod quit -->
  <testcase classname="TestCase.TestCases_Meghana" name="@BeforeMethod Start" time="-1.716443480771E9">
    <skipped/>
  </testcase> <!-- @BeforeMethod Start -->
  <testcase classname="TestCase.TestCases_Meghana" name="@AfterMethod quit" time="-1.716443480772E9">
    <skipped/>
  </testcase> <!-- @AfterMethod quit -->
  <testcase classname="TestCase.TestCases_Meghana" name="@BeforeMethod Start" time="-1.716443480773E9">
    <skipped/>
  </testcase> <!-- @BeforeMethod Start -->
  <testcase classname="TestCase.TestCases_Meghana" name="@AfterMethod quit" time="-1.716443480774E9">
    <skipped/>
  </testcase> <!-- @AfterMethod quit -->
  <testcase classname="TestCase.TestCases_Meghana" name="@BeforeMethod Start" time="-1.716443480774E9">
    <skipped/>
  </testcase> <!-- @BeforeMethod Start -->
  <testcase classname="TestCase.TestCases_Meghana" name="@AfterMethod quit" time="-1.716443480776E9">
    <skipped/>
  </testcase> <!-- @AfterMethod quit -->
  <testcase classname="TestCase.TestCases_Meghana" name="BlankDocWithEnforcement" time="0.0">
    <skipped/>
  </testcase> <!-- BlankDocWithEnforcement -->
  <testcase classname="TestCase.TestCases_Meghana" name="BlankDocWithEnforcementWithAutofill" time="0.0">
    <skipped/>
  </testcase> <!-- BlankDocWithEnforcementWithAutofill -->
  <testcase classname="TestCase.TestCases_Meghana" name="BlankDocWithEnforcementWithoutAutofill" time="0.0">
    <skipped/>
  </testcase> <!-- BlankDocWithEnforcementWithoutAutofill -->
  <testcase classname="TestCase.TestCases_Meghana" name="BlankDocWithtEnforcement" time="0.0">
    <skipped/>
  </testcase> <!-- BlankDocWithtEnforcement -->
  <testcase classname="TestCase.TestCases_Meghana" name="BlankDocWithoEnforcementWithAutofill" time="0.0">
    <skipped/>
  </testcase> <!-- BlankDocWithoEnforcementWithAutofill -->
  <testcase classname="TestCase.TestCases_Meghana" name="BlankDocWithoutEnforcementWithoutAutofill" time="0.0">
    <skipped/>
  </testcase> <!-- BlankDocWithoutEnforcementWithoutAutofill -->
  <testcase classname="TestCase.TestCases_Meghana" name="uploadpdfFile" time="0.0">
    <skipped/>
  </testcase> <!-- uploadpdfFile -->
  <testcase classname="TestCase.TestCases_Meghana" name="uploadDoc" time="0.0">
    <skipped/>
  </testcase> <!-- uploadDoc -->
  <testcase classname="TestCase.TestCases_Meghana" name="uploadPNG" time="0.0">
    <skipped/>
  </testcase> <!-- uploadPNG -->
  <testcase classname="TestCase.TestCases_Meghana" name="uploadjpg" time="0.0">
    <skipped/>
  </testcase> <!-- uploadjpg -->
  <testcase classname="TestCase.TestCases_Meghana" name="uploadTXT" time="0.0">
    <skipped/>
  </testcase> <!-- uploadTXT -->
  <testcase classname="TestCase.TestCases_Meghana" name="uploadPDFandDoc" time="0.0">
    <skipped/>
  </testcase> <!-- uploadPDFandDoc -->
  <testcase classname="TestCase.TestCases_Meghana" name="uploadDocandDoc" time="0.0">
    <skipped/>
  </testcase> <!-- uploadDocandDoc -->
  <testcase classname="TestCase.TestCases_Meghana" name="uploadDOCandTXT" time="0.0">
    <skipped/>
  </testcase> <!-- uploadDOCandTXT -->
  <testcase classname="TestCase.TestCases_Meghana" name="uploadPDFandPDF" time="0.0">
    <skipped/>
  </testcase> <!-- uploadPDFandPDF -->
  <testcase classname="TestCase.TestCases_Meghana" name="uploadPDFandTXT" time="0.0">
    <skipped/>
  </testcase> <!-- uploadPDFandTXT -->
  <testcase classname="TestCase.TestCases_Meghana" name="uploadDOCandPNG" time="0.0">
    <skipped/>
  </testcase> <!-- uploadDOCandPNG -->
  <testcase classname="TestCase.TestCases_Meghana" name="uploadPDFandDOC" time="0.0">
    <skipped/>
  </testcase> <!-- uploadPDFandDOC -->
  <testcase classname="TestCase.TestCases_Meghana" name="uploadDOCandJPG" time="0.0">
    <skipped/>
  </testcase> <!-- uploadDOCandJPG -->
  <testcase classname="TestCase.TestCases_Meghana" name="uploadPDFandJPG" time="0.0">
    <skipped/>
  </testcase> <!-- uploadPDFandJPG -->
  <testcase classname="TestCase.TestCases_Meghana" name="ValidDocscenarioOnedrive" time="0.0">
    <skipped/>
  </testcase> <!-- ValidDocscenarioOnedrive -->
  <testcase classname="TestCase.TestCases_Meghana" name="ValidDocscenariosGdrive" time="0.0">
    <skipped/>
  </testcase> <!-- ValidDocscenariosGdrive -->
  <testcase classname="TestCase.TestCases_Meghana" name="ValidRearrangingOrderCCndSigner" time="0.0">
    <skipped/>
  </testcase> <!-- ValidRearrangingOrderCCndSigner -->
  <testcase classname="TestCase.TestCases_Meghana" name="ValidBlankDocMultipleSigners" time="0.0">
    <skipped/>
  </testcase> <!-- ValidBlankDocMultipleSigners -->
  <testcase classname="TestCase.TestCases_Meghana" name="ValidOneDriveDocMultipleSigners" time="0.0">
    <skipped/>
  </testcase> <!-- ValidOneDriveDocMultipleSigners -->
  <testcase classname="TestCase.TestCases_Meghana" name="ValidRearrangingOrderFirstOtherSignersandThenSender" time="0.0">
    <skipped/>
  </testcase> <!-- ValidRearrangingOrderFirstOtherSignersandThenSender -->
  <testcase classname="TestCase.TestCases_Meghana" name="ValidRearrangingOrderFirstOtherSignersndThenSenderOnedrive" time="0.0">
    <skipped/>
  </testcase> <!-- ValidRearrangingOrderFirstOtherSignersndThenSenderOnedrive -->
  <testcase classname="TestCase.TestCases_Meghana" name="ValidBlankdocSignerndApprover" time="0.0">
    <skipped/>
  </testcase> <!-- ValidBlankdocSignerndApprover -->
  <testcase classname="TestCase.TestCases_Meghana" name="ValidSignerndApproverOnedrive" time="0.0">
    <skipped/>
  </testcase> <!-- ValidSignerndApproverOnedrive -->
  <testcase classname="TestCase.TestCases_Meghana" name="ValidRearrangingOrderFirstApproverthenSigner" time="0.0">
    <skipped/>
  </testcase> <!-- ValidRearrangingOrderFirstApproverthenSigner -->
  <testcase classname="TestCase.TestCases_Meghana" name="ValidBlankDocSignerApproverAndCCWithoutEnforceSignature" time="0.0">
    <skipped/>
  </testcase> <!-- ValidBlankDocSignerApproverAndCCWithoutEnforceSignature -->
  <testcase classname="TestCase.TestCases_Meghana" name="ValidBlankDocSignerMulApproverAndCC" time="0.0">
    <skipped/>
  </testcase> <!-- ValidBlankDocSignerMulApproverAndCC -->
  <testcase classname="TestCase.TestCases_Meghana" name="ValidBlankDocSignerApproverAndMultipleCC" time="0.0">
    <skipped/>
  </testcase> <!-- ValidBlankDocSignerApproverAndMultipleCC -->
  <testcase classname="TestCase.TestCases_Meghana" name="validBlankDocSignerMulApproverAndMulCC" time="0.0">
    <skipped/>
  </testcase> <!-- validBlankDocSignerMulApproverAndMulCC -->
  <testcase classname="TestCase.TestCases_Meghana" name="validBlankDocRearrangeorderApproverSignerAndCC" time="0.0">
    <skipped/>
  </testcase> <!-- validBlankDocRearrangeorderApproverSignerAndCC -->
  <testcase classname="TestCase.TestCases_Meghana" name="validBlankDocRearrangeorderCCSignerApprover" time="0.0">
    <skipped/>
  </testcase> <!-- validBlankDocRearrangeorderCCSignerApprover -->
  <testcase classname="TestCase.TestCases_Meghana" name="validRearrangeorderApproverCCSigner" time="0.0">
    <skipped/>
  </testcase> <!-- validRearrangeorderApproverCCSigner -->
  <testcase classname="TestCase.TestCases_Meghana" name="validBlankDocRearrangeorderSignerCCApprover" time="0.0">
    <skipped/>
  </testcase> <!-- validBlankDocRearrangeorderSignerCCApprover -->
  <testcase classname="TestCase.TestCases_Meghana" name="validBlankDocRearrangeorderCCApproversigner" time="0.0">
    <skipped/>
  </testcase> <!-- validBlankDocRearrangeorderCCApproversigner -->
  <testcase classname="TestCase.TestCases_Meghana" name="validBlankDocMulsignerApproverCC" time="0.0">
    <skipped/>
  </testcase> <!-- validBlankDocMulsignerApproverCC -->
  <testcase classname="TestCase.TestCases_Meghana" name="validBlankDocOtherSignerSenderSignerApprover" time="0.0">
    <skipped/>
  </testcase> <!-- validBlankDocOtherSignerSenderSignerApprover -->
  <testcase classname="TestCase.TestCases_Meghana" name="validBlankDocApproverSenderSignerOtherSigner" time="0.0">
    <skipped/>
  </testcase> <!-- validBlankDocApproverSenderSignerOtherSigner -->
  <testcase classname="TestCase.TestCases_Meghana" name="validBlankDocOtherSignerApproverSenderSigner" time="0.0">
    <skipped/>
  </testcase> <!-- validBlankDocOtherSignerApproverSenderSigner -->
  <testcase classname="TestCase.TestCases_Meghana" name="validBlankDocSenderSignerApproverOtherSigner" time="0.0">
    <skipped/>
  </testcase> <!-- validBlankDocSenderSignerApproverOtherSigner -->
  <testcase classname="TestCase.TestCases_Meghana" name="uploadVedio" time="0.0">
    <skipped/>
  </testcase> <!-- uploadVedio -->
  <testcase classname="TestCase.TestCases_Meghana" name="ReuploadingCompletedEsignsIDGeneratedDOC" time="0.0">
    <skipped/>
  </testcase> <!-- ReuploadingCompletedEsignsIDGeneratedDOC -->
  <testcase classname="TestCase.TestCases_Meghana" name="changeDocument" time="0.0">
    <skipped/>
  </testcase> <!-- changeDocument -->
  <testcase classname="TestCase.TestCases_Meghana" name="attachmentDownloads" time="0.0">
    <skipped/>
  </testcase> <!-- attachmentDownloads -->
  <testcase classname="TestCase.TestCases_Meghana" name="contentFeildsCompanyProfile" time="0.0">
    <skipped/>
  </testcase> <!-- contentFeildsCompanyProfile -->
  <testcase classname="TestCase.TestCases_Meghana" name="BasicfeildsCompanyProfile" time="0.0">
    <ignored/>
  </testcase> <!-- BasicfeildsCompanyProfile -->
</testsuite> <!-- Test -->
