<?xml version="1.0" encoding="UTF-8"?>
<testng-results ignored="2" total="3" passed="1" failed="0" skipped="0">
  <reporter-output>
  </reporter-output>
  <suite started-at="2024-07-23T10:52:01 IST" name="Default suite" finished-at="2024-07-23T10:54:21 IST" duration-ms="139900">
    <groups>
    </groups>
    <test started-at="2024-07-23T10:52:01 IST" name="Default test" finished-at="2024-07-23T10:54:21 IST" duration-ms="139900">
      <class name="TestCase.LoginPageTest">
        <test-method is-config="true" signature="Start()[pri:0, instance:TestCase.LoginPageTest@489115ef]" started-at="2024-07-23T10:52:02 IST" name="Start" finished-at="2024-07-23T10:52:09 IST" duration-ms="7538" status="PASS">
          <reporter-output>
          </reporter-output>
        </test-method> <!-- Start -->
        <test-method signature="addbuilder()[pri:0, instance:TestCase.LoginPageTest@489115ef]" started-at="2024-07-23T10:52:09 IST" name="addbuilder" finished-at="2024-07-23T10:54:21 IST" duration-ms="132030" status="PASS">
          <reporter-output>
          </reporter-output>
        </test-method> <!-- addbuilder -->
      </class> <!-- TestCase.LoginPageTest -->
    </test> <!-- Default test -->
  </suite> <!-- Default suite -->
</testng-results>
