<?xml version="1.0" encoding="UTF-8"?>
<testng-results ignored="49" total="50" passed="1" failed="0" skipped="0">
  <reporter-output>
  </reporter-output>
  <suite started-at="2024-05-29T15:07:30 IST" name="Default suite" finished-at="2024-05-29T15:14:39 IST" duration-ms="429485">
    <groups>
    </groups>
    <test started-at="2024-05-29T15:07:30 IST" name="Default test" finished-at="2024-05-29T15:14:39 IST" duration-ms="429485">
      <class name="TestCase.TestCases_Prudhvi1">
        <test-method is-config="true" signature="Start()[pri:0, instance:TestCase.TestCases_Prudhvi1@7b98f307]" started-at="2024-05-29T15:07:30 IST" name="Start" finished-at="2024-05-29T15:07:39 IST" duration-ms="9157" status="PASS">
          <reporter-output>
          </reporter-output>
        </test-method> <!-- Start -->
        <test-method signature="BlankDocWithEnforcement()[pri:1, instance:TestCase.TestCases_Prudhvi1@7b98f307]" started-at="2024-05-29T15:07:39 IST" name="BlankDocWithEnforcement" finished-at="2024-05-29T15:14:38 IST" duration-ms="419156" status="PASS">
          <reporter-output>
          </reporter-output>
        </test-method> <!-- BlankDocWithEnforcement -->
        <test-method is-config="true" signature="quit()[pri:0, instance:TestCase.TestCases_Prudhvi1@7b98f307]" started-at="2024-05-29T15:14:38 IST" name="quit" finished-at="2024-05-29T15:14:39 IST" duration-ms="807" status="PASS">
          <reporter-output>
          </reporter-output>
        </test-method> <!-- quit -->
      </class> <!-- TestCase.TestCases_Prudhvi1 -->
    </test> <!-- Default test -->
  </suite> <!-- Default suite -->
</testng-results>
