<?xml version="1.0" encoding="UTF-8"?>
<testng-results ignored="0" total="1" passed="1" failed="0" skipped="0">
  <reporter-output>
  </reporter-output>
  <suite started-at="2024-05-21T11:02:55 IST" name="Default suite" finished-at="2024-05-21T11:03:48 IST" duration-ms="53202">
    <groups>
    </groups>
    <test started-at="2024-05-21T11:02:55 IST" name="Default test" finished-at="2024-05-21T11:03:48 IST" duration-ms="53202">
      <class name="TestCase.LoginPageTest">
        <test-method is-config="true" signature="Start()[pri:0, instance:TestCase.LoginPageTest@45099dd3]" started-at="2024-05-21T11:02:55 IST" name="Start" finished-at="2024-05-21T11:03:04 IST" duration-ms="8572" status="PASS">
          <reporter-output>
          </reporter-output>
        </test-method> <!-- Start -->
        <test-method signature="Review()[pri:0, instance:TestCase.LoginPageTest@45099dd3]" started-at="2024-05-21T11:03:04 IST" name="Review" finished-at="2024-05-21T11:03:48 IST" duration-ms="44312" status="PASS">
          <reporter-output>
          </reporter-output>
        </test-method> <!-- Review -->
      </class> <!-- TestCase.LoginPageTest -->
    </test> <!-- Default test -->
  </suite> <!-- Default suite -->
</testng-results>
