<?xml version="1.0" encoding="UTF-8"?>
<testng-results ignored="2" total="3" passed="1" failed="0" skipped="0">
  <reporter-output>
  </reporter-output>
  <suite started-at="2024-03-08T15:41:21 IST" name="Default suite" finished-at="2024-03-08T16:33:46 IST" duration-ms="3145490">
    <groups>
    </groups>
    <test started-at="2024-03-08T15:41:21 IST" name="Default test" finished-at="2024-03-08T16:33:46 IST" duration-ms="3145490">
      <class name="TestCase.FormTemplate_Testcases">
        <test-method is-config="true" signature="Start()[pri:0, instance:TestCase.FormTemplate_Testcases@55a147cc]" started-at="2024-03-08T15:41:21 IST" name="Start" finished-at="2024-03-08T15:41:36 IST" duration-ms="14739" status="PASS">
          <reporter-output>
          </reporter-output>
        </test-method> <!-- Start -->
        <test-method signature="ValidTemplates()[pri:0, instance:TestCase.FormTemplate_Testcases@55a147cc]" started-at="2024-03-08T15:41:36 IST" name="ValidTemplates" finished-at="2024-03-08T16:33:46 IST" duration-ms="3130543" status="PASS">
          <reporter-output>
          </reporter-output>
        </test-method> <!-- ValidTemplates -->
      </class> <!-- TestCase.FormTemplate_Testcases -->
    </test> <!-- Default test -->
  </suite> <!-- Default suite -->
</testng-results>
