<?xml version="1.0" encoding="UTF-8"?>
<testng-results ignored="0" total="1" passed="0" failed="1" skipped="0">
  <reporter-output>
  </reporter-output>
  <suite started-at="2024-07-23T11:20:41 IST" name="Default suite" finished-at="2024-07-23T11:30:02 IST" duration-ms="560577">
    <groups>
    </groups>
    <test started-at="2024-07-23T11:20:41 IST" name="Default test" finished-at="2024-07-23T11:30:02 IST" duration-ms="560577">
      <class name="TestCase.FormtemplatesGlobalvariable_Testcase">
        <test-method is-config="true" signature="Start()[pri:0, instance:TestCase.FormtemplatesGlobalvariable_Testcase@1a677343]" started-at="2024-07-23T11:20:41 IST" name="Start" finished-at="2024-07-23T11:21:07 IST" duration-ms="25937" status="PASS">
          <reporter-output>
          </reporter-output>
        </test-method> <!-- Start -->
        <test-method signature="validglobalvariable()[pri:0, instance:TestCase.FormtemplatesGlobalvariable_Testcase@1a677343]" started-at="2024-07-23T11:21:07 IST" name="validglobalvariable" finished-at="2024-07-23T11:30:02 IST" duration-ms="534310" status="FAIL">
          <exception class="org.openqa.selenium.ElementClickInterceptedException">
            <message>
              <![CDATA[element click intercepted: Element <span data-v-2c146271="" style="margin-left: 8px; font-weight: 500; color: rgb(0, 0, 0); font-family: inter;">...</span> is not clickable at point (205, 484). Other element would receive the click: <div class="el-loading-mask el-loading-fade-leave el-loading-fade-leave-active" style="background-color: rgba(0, 0, 0, 0.8);">...</div>
  (Session info: chrome=126.0.6478.128)
Build info: version: '4.22.0', revision: 'c5f3146703*'
System info: os.name: 'Windows 11', os.arch: 'amd64', os.version: '10.0', java.version: '21.0.1'
Driver info: org.openqa.selenium.chrome.ChromeDriver
Command: [277f4c9e09130c9f5130760120bb863e, clickElement {id=f.E2FFF6F4E3926E6A07AE8FB647C0CF6C.d.77F9F9D4BACC14620387D3977A4762AA.e.1389}]
Capabilities {acceptInsecureCerts: false, browserName: chrome, browserVersion: 126.0.6478.128, chrome: {chromedriverVersion: 126.0.6478.182 (5b5d8292ddf..., userDataDir: C:\Users\PRUDHV~1.BUD\AppDa...}, fedcm:accounts: true, goog:chromeOptions: {debuggerAddress: localhost:53115}, networkConnectionEnabled: false, pageLoadStrategy: normal, platformName: windows, proxy: Proxy(), se:cdp: ws://localhost:53115/devtoo..., se:cdpVersion: 126.0.6478.128, setWindowRect: true, strictFileInteractability: false, timeouts: {implicit: 0, pageLoad: 300000, script: 30000}, unhandledPromptBehavior: dismiss and notify, webauthn:extension:credBlob: true, webauthn:extension:largeBlob: true, webauthn:extension:minPinLength: true, webauthn:extension:prf: true, webauthn:virtualAuthenticators: true}
Element: [[ChromeDriver: chrome on windows (277f4c9e09130c9f5130760120bb863e)] -> xpath: //span[contains(text(),'Add Recipient')]]
Session ID: 277f4c9e09130c9f5130760120bb863e]]>
            </message>
            <full-stacktrace>
              <![CDATA[org.openqa.selenium.ElementClickInterceptedException: element click intercepted: Element <span data-v-2c146271="" style="margin-left: 8px; font-weight: 500; color: rgb(0, 0, 0); font-family: inter;">...</span> is not clickable at point (205, 484). Other element would receive the click: <div class="el-loading-mask el-loading-fade-leave el-loading-fade-leave-active" style="background-color: rgba(0, 0, 0, 0.8);">...</div>
  (Session info: chrome=126.0.6478.128)
Build info: version: '4.22.0', revision: 'c5f3146703*'
System info: os.name: 'Windows 11', os.arch: 'amd64', os.version: '10.0', java.version: '21.0.1'
Driver info: org.openqa.selenium.chrome.ChromeDriver
Command: [277f4c9e09130c9f5130760120bb863e, clickElement {id=f.E2FFF6F4E3926E6A07AE8FB647C0CF6C.d.77F9F9D4BACC14620387D3977A4762AA.e.1389}]
Capabilities {acceptInsecureCerts: false, browserName: chrome, browserVersion: 126.0.6478.128, chrome: {chromedriverVersion: 126.0.6478.182 (5b5d8292ddf..., userDataDir: C:\Users\PRUDHV~1.BUD\AppDa...}, fedcm:accounts: true, goog:chromeOptions: {debuggerAddress: localhost:53115}, networkConnectionEnabled: false, pageLoadStrategy: normal, platformName: windows, proxy: Proxy(), se:cdp: ws://localhost:53115/devtoo..., se:cdpVersion: 126.0.6478.128, setWindowRect: true, strictFileInteractability: false, timeouts: {implicit: 0, pageLoad: 300000, script: 30000}, unhandledPromptBehavior: dismiss and notify, webauthn:extension:credBlob: true, webauthn:extension:largeBlob: true, webauthn:extension:minPinLength: true, webauthn:extension:prf: true, webauthn:virtualAuthenticators: true}
Element: [[ChromeDriver: chrome on windows (277f4c9e09130c9f5130760120bb863e)] -> xpath: //span[contains(text(),'Add Recipient')]]
Session ID: 277f4c9e09130c9f5130760120bb863e
at java.base/jdk.internal.reflect.DirectConstructorHandleAccessor.newInstance(DirectConstructorHandleAccessor.java:62)
at java.base/java.lang.reflect.Constructor.newInstanceWithCaller(Constructor.java:502)
at java.base/java.lang.reflect.Constructor.newInstance(Constructor.java:486)
at org.openqa.selenium.remote.ErrorCodec.decode(ErrorCodec.java:167)
at org.openqa.selenium.remote.codec.w3c.W3CHttpResponseCodec.decode(W3CHttpResponseCodec.java:138)
at org.openqa.selenium.remote.codec.w3c.W3CHttpResponseCodec.decode(W3CHttpResponseCodec.java:50)
at org.openqa.selenium.remote.HttpCommandExecutor.execute(HttpCommandExecutor.java:190)
at org.openqa.selenium.remote.service.DriverCommandExecutor.invokeExecute(DriverCommandExecutor.java:216)
at org.openqa.selenium.remote.service.DriverCommandExecutor.execute(DriverCommandExecutor.java:174)
at org.openqa.selenium.remote.RemoteWebDriver.execute(RemoteWebDriver.java:518)
at org.openqa.selenium.remote.RemoteWebElement.execute(RemoteWebElement.java:223)
at org.openqa.selenium.remote.RemoteWebElement.click(RemoteWebElement.java:76)
at Pages.MethodActions.waitEle(MethodActions.java:33)
at Pages.Formtemplates_globalvariable.Recipient(Formtemplates_globalvariable.java:92)
at TestCase.FormtemplatesGlobalvariable_Testcase.validglobalvariable(FormtemplatesGlobalvariable_Testcase.java:51)
at java.base/jdk.internal.reflect.DirectMethodHandleAccessor.invoke(DirectMethodHandleAccessor.java:103)
at java.base/java.lang.reflect.Method.invoke(Method.java:580)
at org.testng.internal.MethodInvocationHelper.invokeMethod(MethodInvocationHelper.java:133)
at org.testng.internal.TestInvoker.invokeMethod(TestInvoker.java:598)
at org.testng.internal.TestInvoker.invokeTestMethod(TestInvoker.java:173)
at org.testng.internal.MethodRunner.runInSequence(MethodRunner.java:46)
at org.testng.internal.TestInvoker$MethodInvocationAgent.invoke(TestInvoker.java:824)
at org.testng.internal.TestInvoker.invokeTestMethods(TestInvoker.java:146)
at org.testng.internal.TestMethodWorker.invokeTestMethods(TestMethodWorker.java:146)
at org.testng.internal.TestMethodWorker.run(TestMethodWorker.java:128)
at java.base/java.util.ArrayList.forEach(ArrayList.java:1596)
at org.testng.TestRunner.privateRun(TestRunner.java:794)
at org.testng.TestRunner.run(TestRunner.java:596)
at org.testng.SuiteRunner.runTest(SuiteRunner.java:377)
at org.testng.SuiteRunner.runSequentially(SuiteRunner.java:371)
at org.testng.SuiteRunner.privateRun(SuiteRunner.java:332)
at org.testng.SuiteRunner.run(SuiteRunner.java:276)
at org.testng.SuiteRunnerWorker.runSuite(SuiteRunnerWorker.java:53)
at org.testng.SuiteRunnerWorker.run(SuiteRunnerWorker.java:96)
at org.testng.TestNG.runSuitesSequentially(TestNG.java:1212)
at org.testng.TestNG.runSuitesLocally(TestNG.java:1134)
at org.testng.TestNG.runSuites(TestNG.java:1063)
at org.testng.TestNG.run(TestNG.java:1031)
at org.testng.remote.AbstractRemoteTestNG.run(AbstractRemoteTestNG.java:115)
at org.testng.remote.RemoteTestNG.initAndRun(RemoteTestNG.java:293)
at org.testng.remote.RemoteTestNG.main(RemoteTestNG.java:91)
]]>
            </full-stacktrace>
          </exception> <!-- org.openqa.selenium.ElementClickInterceptedException -->
          <reporter-output>
          </reporter-output>
        </test-method> <!-- validglobalvariable -->
      </class> <!-- TestCase.FormtemplatesGlobalvariable_Testcase -->
    </test> <!-- Default test -->
  </suite> <!-- Default suite -->
</testng-results>
