<?xml version="1.0" encoding="UTF-8"?>
<testng-results ignored="2" total="19" passed="0" failed="0" skipped="17">
  <reporter-output>
  </reporter-output>
  <suite started-at="2024-05-10T11:30:17 IST" name="Default suite" finished-at="2024-05-10T11:30:28 IST" duration-ms="11343">
    <groups>
    </groups>
    <test started-at="2024-05-10T11:30:17 IST" name="Default test" finished-at="2024-05-10T11:30:28 IST" duration-ms="11343">
      <class name="TestCase.FormTemplate_Testcases">
        <test-method is-config="true" signature="Start()[pri:0, instance:TestCase.FormTemplate_Testcases@74ea2410]" started-at="2024-05-10T11:30:17 IST" name="Start" finished-at="2024-05-10T11:30:28 IST" duration-ms="10767" status="FAIL">
          <exception class="java.lang.StackOverflowError">
            <full-stacktrace>
              <![CDATA[java.lang.StackOverflowError
at Pages.FormTemplate.<init>(FormTemplate.java:44)
at Pages.FormTemplate.<init>(FormTemplate.java:44)
at Pages.FormTemplate.<init>(FormTemplate.java:44)
at Pages.FormTemplate.<init>(FormTemplate.java:44)
at Pages.FormTemplate.<init>(FormTemplate.java:44)
at Pages.FormTemplate.<init>(FormTemplate.java:44)
at Pages.FormTemplate.<init>(FormTemplate.java:44)
at Pages.FormTemplate.<init>(FormTemplate.java:44)
at Pages.FormTemplate.<init>(FormTemplate.java:44)
at Pages.FormTemplate.<init>(FormTemplate.java:44)
at Pages.FormTemplate.<init>(FormTemplate.java:44)
at Pages.FormTemplate.<init>(FormTemplate.java:44)
at Pages.FormTemplate.<init>(FormTemplate.java:44)
at Pages.FormTemplate.<init>(FormTemplate.java:44)
at Pages.FormTemplate.<init>(FormTemplate.java:44)
at Pages.FormTemplate.<init>(FormTemplate.java:44)
at Pages.FormTemplate.<init>(FormTemplate.java:44)
at Pages.FormTemplate.<init>(FormTemplate.java:44)
at Pages.FormTemplate.<init>(FormTemplate.java:44)
at Pages.FormTemplate.<init>(FormTemplate.java:44)
at Pages.FormTemplate.<init>(FormTemplate.java:44)
at Pages.FormTemplate.<init>(FormTemplate.java:44)
at Pages.FormTemplate.<init>(FormTemplate.java:44)
at Pages.FormTemplate.<init>(FormTemplate.java:44)
at Pages.FormTemplate.<init>(FormTemplate.java:44)
at Pages.FormTemplate.<init>(FormTemplate.java:44)
at Pages.FormTemplate.<init>(FormTemplate.java:44)
at Pages.FormTemplate.<init>(FormTemplate.java:44)
at Pages.FormTemplate.<init>(FormTemplate.java:44)
at Pages.FormTemplate.<init>(FormTemplate.java:44)
at Pages.FormTemplate.<init>(FormTemplate.java:44)
at Pages.FormTemplate.<init>(FormTemplate.java:44)
at Pages.FormTemplate.<init>(FormTemplate.java:44)
at Pages.FormTemplate.<init>(FormTemplate.java:44)
at Pages.FormTemplate.<init>(FormTemplate.java:44)
at Pages.FormTemplate.<init>(FormTemplate.java:44)
at Pages.FormTemplate.<init>(FormTemplate.java:44)
at Pages.FormTemplate.<init>(FormTemplate.java:44)
at Pages.FormTemplate.<init>(FormTemplate.java:44)
at Pages.FormTemplate.<init>(FormTemplate.java:44)
at Pages.FormTemplate.<init>(FormTemplate.java:44)
at Pages.FormTemplate.<init>(FormTemplate.java:44)
at Pages.FormTemplate.<init>(FormTemplate.java:44)
at Pages.FormTemplate.<init>(FormTemplate.java:44)
at Pages.FormTemplate.<init>(FormTemplate.java:44)
at Pages.FormTemplate.<init>(FormTemplate.java:44)
at Pages.FormTemplate.<init>(FormTemplate.java:44)
at Pages.FormTemplate.<init>(FormTemplate.java:44)
at Pages.FormTemplate.<init>(FormTemplate.java:44)
at Pages.FormTemplate.<init>(FormTemplate.java:44)
at Pages.FormTemplate.<init>(FormTemplate.java:44)
at Pages.FormTemplate.<init>(FormTemplate.java:44)
at Pages.FormTemplate.<init>(FormTemplate.java:44)
at Pages.FormTemplate.<init>(FormTemplate.java:44)
at Pages.FormTemplate.<init>(FormTemplate.java:44)
at Pages.FormTemplate.<init>(FormTemplate.java:44)
at Pages.FormTemplate.<init>(FormTemplate.java:44)
at Pages.FormTemplate.<init>(FormTemplate.java:44)
at Pages.FormTemplate.<init>(FormTemplate.java:44)
at Pages.FormTemplate.<init>(FormTemplate.java:44)
at Pages.FormTemplate.<init>(FormTemplate.java:44)
at Pages.FormTemplate.<init>(FormTemplate.java:44)
at Pages.FormTemplate.<init>(FormTemplate.java:44)
at Pages.FormTemplate.<init>(FormTemplate.java:44)
at Pages.FormTemplate.<init>(FormTemplate.java:44)
at Pages.FormTemplate.<init>(FormTemplate.java:44)
at Pages.FormTemplate.<init>(FormTemplate.java:44)
at Pages.FormTemplate.<init>(FormTemplate.java:44)
at Pages.FormTemplate.<init>(FormTemplate.java:44)
at Pages.FormTemplate.<init>(FormTemplate.java:44)
at Pages.FormTemplate.<init>(FormTemplate.java:44)
at Pages.FormTemplate.<init>(FormTemplate.java:44)
at Pages.FormTemplate.<init>(FormTemplate.java:44)
at Pages.FormTemplate.<init>(FormTemplate.java:44)
at Pages.FormTemplate.<init>(FormTemplate.java:44)
at Pages.FormTemplate.<init>(FormTemplate.java:44)
at Pages.FormTemplate.<init>(FormTemplate.java:44)
at Pages.FormTemplate.<init>(FormTemplate.java:44)
at Pages.FormTemplate.<init>(FormTemplate.java:44)
at Pages.FormTemplate.<init>(FormTemplate.java:44)
at Pages.FormTemplate.<init>(FormTemplate.java:44)
at Pages.FormTemplate.<init>(FormTemplate.java:44)
at Pages.FormTemplate.<init>(FormTemplate.java:44)
at Pages.FormTemplate.<init>(FormTemplate.java:44)
at Pages.FormTemplate.<init>(FormTemplate.java:44)
at Pages.FormTemplate.<init>(FormTemplate.java:44)
at Pages.FormTemplate.<init>(FormTemplate.java:44)
at Pages.FormTemplate.<init>(FormTemplate.java:44)
at Pages.FormTemplate.<init>(FormTemplate.java:44)
at Pages.FormTemplate.<init>(FormTemplate.java:44)
at Pages.FormTemplate.<init>(FormTemplate.java:44)
at Pages.FormTemplate.<init>(FormTemplate.java:44)
at Pages.FormTemplate.<init>(FormTemplate.java:44)
at Pages.FormTemplate.<init>(FormTemplate.java:44)
at Pages.FormTemplate.<init>(FormTemplate.java:44)
at Pages.FormTemplate.<init>(FormTemplate.java:44)
at Pages.FormTemplate.<init>(FormTemplate.java:44)
at Pages.FormTemplate.<init>(FormTemplate.java:44)
at Pages.FormTemplate.<init>(FormTemplate.java:44)
at Pages.FormTemplate.<init>(FormTemplate.java:44)
at Pages.FormTemplate.<init>(FormTemplate.java:44)
at Pages.FormTemplate.<init>(FormTemplate.java:44)
at Pages.FormTemplate.<init>(FormTemplate.java:44)
at Pages.FormTemplate.<init>(FormTemplate.java:44)
at Pages.FormTemplate.<init>(FormTemplate.java:44)
at Pages.FormTemplate.<init>(FormTemplate.java:44)
at Pages.FormTemplate.<init>(FormTemplate.java:44)
at Pages.FormTemplate.<init>(FormTemplate.java:44)
at Pages.FormTemplate.<init>(FormTemplate.java:44)
at Pages.FormTemplate.<init>(FormTemplate.java:44)
at Pages.FormTemplate.<init>(FormTemplate.java:44)
at Pages.FormTemplate.<init>(FormTemplate.java:44)
at Pages.FormTemplate.<init>(FormTemplate.java:44)
at Pages.FormTemplate.<init>(FormTemplate.java:44)
at Pages.FormTemplate.<init>(FormTemplate.java:44)
at Pages.FormTemplate.<init>(FormTemplate.java:44)
at Pages.FormTemplate.<init>(FormTemplate.java:44)
at Pages.FormTemplate.<init>(FormTemplate.java:44)
at Pages.FormTemplate.<init>(FormTemplate.java:44)
at Pages.FormTemplate.<init>(FormTemplate.java:44)
at Pages.FormTemplate.<init>(FormTemplate.java:44)
at Pages.FormTemplate.<init>(FormTemplate.java:44)
at Pages.FormTemplate.<init>(FormTemplate.java:44)
at Pages.FormTemplate.<init>(FormTemplate.java:44)
at Pages.FormTemplate.<init>(FormTemplate.java:44)
at Pages.FormTemplate.<init>(FormTemplate.java:44)
at Pages.FormTemplate.<init>(FormTemplate.java:44)
at Pages.FormTemplate.<init>(FormTemplate.java:44)
at Pages.FormTemplate.<init>(FormTemplate.java:44)
at Pages.FormTemplate.<init>(FormTemplate.java:44)
at Pages.FormTemplate.<init>(FormTemplate.java:44)
at Pages.FormTemplate.<init>(FormTemplate.java:44)
at Pages.FormTemplate.<init>(FormTemplate.java:44)
at Pages.FormTemplate.<init>(FormTemplate.java:44)
at Pages.FormTemplate.<init>(FormTemplate.java:44)
at Pages.FormTemplate.<init>(FormTemplate.java:44)
at Pages.FormTemplate.<init>(FormTemplate.java:44)
at Pages.FormTemplate.<init>(FormTemplate.java:44)
at Pages.FormTemplate.<init>(FormTemplate.java:44)
at Pages.FormTemplate.<init>(FormTemplate.java:44)
at Pages.FormTemplate.<init>(FormTemplate.java:44)
at Pages.FormTemplate.<init>(FormTemplate.java:44)
at Pages.FormTemplate.<init>(FormTemplate.java:44)
at Pages.FormTemplate.<init>(FormTemplate.java:44)
at Pages.FormTemplate.<init>(FormTemplate.java:44)
at Pages.FormTemplate.<init>(FormTemplate.java:44)
at Pages.FormTemplate.<init>(FormTemplate.java:44)
at Pages.FormTemplate.<init>(FormTemplate.java:44)
at Pages.FormTemplate.<init>(FormTemplate.java:44)
at Pages.FormTemplate.<init>(FormTemplate.java:44)
at Pages.FormTemplate.<init>(FormTemplate.java:44)
at Pages.FormTemplate.<init>(FormTemplate.java:44)
at Pages.FormTemplate.<init>(FormTemplate.java:44)
at Pages.FormTemplate.<init>(FormTemplate.java:44)
at Pages.FormTemplate.<init>(FormTemplate.java:44)
at Pages.FormTemplate.<init>(FormTemplate.java:44)
at Pages.FormTemplate.<init>(FormTemplate.java:44)
at Pages.FormTemplate.<init>(FormTemplate.java:44)
at Pages.FormTemplate.<init>(FormTemplate.java:44)
at Pages.FormTemplate.<init>(FormTemplate.java:44)
at Pages.FormTemplate.<init>(FormTemplate.java:44)
at Pages.FormTemplate.<init>(FormTemplate.java:44)
at Pages.FormTemplate.<init>(FormTemplate.java:44)
at Pages.FormTemplate.<init>(FormTemplate.java:44)
at Pages.FormTemplate.<init>(FormTemplate.java:44)
at Pages.FormTemplate.<init>(FormTemplate.java:44)
at Pages.FormTemplate.<init>(FormTemplate.java:44)
at Pages.FormTemplate.<init>(FormTemplate.java:44)
at Pages.FormTemplate.<init>(FormTemplate.java:44)
at Pages.FormTemplate.<init>(FormTemplate.java:44)
at Pages.FormTemplate.<init>(FormTemplate.java:44)
at Pages.FormTemplate.<init>(FormTemplate.java:44)
at Pages.FormTemplate.<init>(FormTemplate.java:44)
at Pages.FormTemplate.<init>(FormTemplate.java:44)
at Pages.FormTemplate.<init>(FormTemplate.java:44)
at Pages.FormTemplate.<init>(FormTemplate.java:44)
at Pages.FormTemplate.<init>(FormTemplate.java:44)
at Pages.FormTemplate.<init>(FormTemplate.java:44)
at Pages.FormTemplate.<init>(FormTemplate.java:44)
at Pages.FormTemplate.<init>(FormTemplate.java:44)
at Pages.FormTemplate.<init>(FormTemplate.java:44)
at Pages.FormTemplate.<init>(FormTemplate.java:44)
at Pages.FormTemplate.<init>(FormTemplate.java:44)
at Pages.FormTemplate.<init>(FormTemplate.java:44)
at Pages.FormTemplate.<init>(FormTemplate.java:44)
at Pages.FormTemplate.<init>(FormTemplate.java:44)
at Pages.FormTemplate.<init>(FormTemplate.java:44)
at Pages.FormTemplate.<init>(FormTemplate.java:44)
at Pages.FormTemplate.<init>(FormTemplate.java:44)
at Pages.FormTemplate.<init>(FormTemplate.java:44)
at Pages.FormTemplate.<init>(FormTemplate.java:44)
at Pages.FormTemplate.<init>(FormTemplate.java:44)
at Pages.FormTemplate.<init>(FormTemplate.java:44)
at Pages.FormTemplate.<init>(FormTemplate.java:44)
at Pages.FormTemplate.<init>(FormTemplate.java:44)
at Pages.FormTemplate.<init>(FormTemplate.java:44)
at Pages.FormTemplate.<init>(FormTemplate.java:44)
at Pages.FormTemplate.<init>(FormTemplate.java:44)
at Pages.FormTemplate.<init>(FormTemplate.java:44)
at Pages.FormTemplate.<init>(FormTemplate.java:44)
at Pages.FormTemplate.<init>(FormTemplate.java:44)
at Pages.FormTemplate.<init>(FormTemplate.java:44)
at Pages.FormTemplate.<init>(FormTemplate.java:44)
at Pages.FormTemplate.<init>(FormTemplate.java:44)
at Pages.FormTemplate.<init>(FormTemplate.java:44)
at Pages.FormTemplate.<init>(FormTemplate.java:44)
at Pages.FormTemplate.<init>(FormTemplate.java:44)
at Pages.FormTemplate.<init>(FormTemplate.java:44)
at Pages.FormTemplate.<init>(FormTemplate.java:44)
at Pages.FormTemplate.<init>(FormTemplate.java:44)
at Pages.FormTemplate.<init>(FormTemplate.java:44)
at Pages.FormTemplate.<init>(FormTemplate.java:44)
at Pages.FormTemplate.<init>(FormTemplate.java:44)
at Pages.FormTemplate.<init>(FormTemplate.java:44)
at Pages.FormTemplate.<init>(FormTemplate.java:44)
at Pages.FormTemplate.<init>(FormTemplate.java:44)
at Pages.FormTemplate.<init>(FormTemplate.java:44)
at Pages.FormTemplate.<init>(FormTemplate.java:44)
at Pages.FormTemplate.<init>(FormTemplate.java:44)
at Pages.FormTemplate.<init>(FormTemplate.java:44)
at Pages.FormTemplate.<init>(FormTemplate.java:44)
at Pages.FormTemplate.<init>(FormTemplate.java:44)
at Pages.FormTemplate.<init>(FormTemplate.java:44)
at Pages.FormTemplate.<init>(FormTemplate.java:44)
at Pages.FormTemplate.<init>(FormTemplate.java:44)
at Pages.FormTemplate.<init>(FormTemplate.java:44)
at Pages.FormTemplate.<init>(FormTemplate.java:44)
at Pages.FormTemplate.<init>(FormTemplate.java:44)
at Pages.FormTemplate.<init>(FormTemplate.java:44)
at Pages.FormTemplate.<init>(FormTemplate.java:44)
at Pages.FormTemplate.<init>(FormTemplate.java:44)
at Pages.FormTemplate.<init>(FormTemplate.java:44)
at Pages.FormTemplate.<init>(FormTemplate.java:44)
at Pages.FormTemplate.<init>(FormTemplate.java:44)
at Pages.FormTemplate.<init>(FormTemplate.java:44)
at Pages.FormTemplate.<init>(FormTemplate.java:44)
at Pages.FormTemplate.<init>(FormTemplate.java:44)
at Pages.FormTemplate.<init>(FormTemplate.java:44)
at Pages.FormTemplate.<init>(FormTemplate.java:44)
at Pages.FormTemplate.<init>(FormTemplate.java:44)
at Pages.FormTemplate.<init>(FormTemplate.java:44)
at Pages.FormTemplate.<init>(FormTemplate.java:44)
at Pages.FormTemplate.<init>(FormTemplate.java:44)
at Pages.FormTemplate.<init>(FormTemplate.java:44)
at Pages.FormTemplate.<init>(FormTemplate.java:44)
at Pages.FormTemplate.<init>(FormTemplate.java:44)
at Pages.FormTemplate.<init>(FormTemplate.java:44)
at Pages.FormTemplate.<init>(FormTemplate.java:44)
at Pages.FormTemplate.<init>(FormTemplate.java:44)
at Pages.FormTemplate.<init>(FormTemplate.java:44)
at Pages.FormTemplate.<init>(FormTemplate.java:44)
at Pages.FormTemplate.<init>(FormTemplate.java:44)
at Pages.FormTemplate.<init>(FormTemplate.java:44)
at Pages.FormTemplate.<init>(FormTemplate.java:44)
at Pages.FormTemplate.<init>(FormTemplate.java:44)
at Pages.FormTemplate.<init>(FormTemplate.java:44)
at Pages.FormTemplate.<init>(FormTemplate.java:44)
at Pages.FormTemplate.<init>(FormTemplate.java:44)
at Pages.FormTemplate.<init>(FormTemplate.java:44)
at Pages.FormTemplate.<init>(FormTemplate.java:44)
at Pages.FormTemplate.<init>(FormTemplate.java:44)
at Pages.FormTemplate.<init>(FormTemplate.java:44)
at Pages.FormTemplate.<init>(FormTemplate.java:44)
at Pages.FormTemplate.<init>(FormTemplate.java:44)
at Pages.FormTemplate.<init>(FormTemplate.java:44)
at Pages.FormTemplate.<init>(FormTemplate.java:44)
at Pages.FormTemplate.<init>(FormTemplate.java:44)
at Pages.FormTemplate.<init>(FormTemplate.java:44)
at Pages.FormTemplate.<init>(FormTemplate.java:44)
at Pages.FormTemplate.<init>(FormTemplate.java:44)
at Pages.FormTemplate.<init>(FormTemplate.java:44)
at Pages.FormTemplate.<init>(FormTemplate.java:44)
at Pages.FormTemplate.<init>(FormTemplate.java:44)
at Pages.FormTemplate.<init>(FormTemplate.java:44)
at Pages.FormTemplate.<init>(FormTemplate.java:44)
at Pages.FormTemplate.<init>(FormTemplate.java:44)
at Pages.FormTemplate.<init>(FormTemplate.java:44)
at Pages.FormTemplate.<init>(FormTemplate.java:44)
at Pages.FormTemplate.<init>(FormTemplate.java:44)
at Pages.FormTemplate.<init>(FormTemplate.java:44)
at Pages.FormTemplate.<init>(FormTemplate.java:44)
at Pages.FormTemplate.<init>(FormTemplate.java:44)
at Pages.FormTemplate.<init>(FormTemplate.java:44)
at Pages.FormTemplate.<init>(FormTemplate.java:44)
at Pages.FormTemplate.<init>(FormTemplate.java:44)
at Pages.FormTemplate.<init>(FormTemplate.java:44)
at Pages.FormTemplate.<init>(FormTemplate.java:44)
at Pages.FormTemplate.<init>(FormTemplate.java:44)
at Pages.FormTemplate.<init>(FormTemplate.java:44)
at Pages.FormTemplate.<init>(FormTemplate.java:44)
at Pages.FormTemplate.<init>(FormTemplate.java:44)
at Pages.FormTemplate.<init>(FormTemplate.java:44)
at Pages.FormTemplate.<init>(FormTemplate.java:44)
at Pages.FormTemplate.<init>(FormTemplate.java:44)
at Pages.FormTemplate.<init>(FormTemplate.java:44)
at Pages.FormTemplate.<init>(FormTemplate.java:44)
at Pages.FormTemplate.<init>(FormTemplate.java:44)
at Pages.FormTemplate.<init>(FormTemplate.java:44)
at Pages.FormTemplate.<init>(FormTemplate.java:44)
at Pages.FormTemplate.<init>(FormTemplate.java:44)
at Pages.FormTemplate.<init>(FormTemplate.java:44)
at Pages.FormTemplate.<init>(FormTemplate.java:44)
at Pages.FormTemplate.<init>(FormTemplate.java:44)
at Pages.FormTemplate.<init>(FormTemplate.java:44)
at Pages.FormTemplate.<init>(FormTemplate.java:44)
at Pages.FormTemplate.<init>(FormTemplate.java:44)
at Pages.FormTemplate.<init>(FormTemplate.java:44)
at Pages.FormTemplate.<init>(FormTemplate.java:44)
at Pages.FormTemplate.<init>(FormTemplate.java:44)
at Pages.FormTemplate.<init>(FormTemplate.java:44)
at Pages.FormTemplate.<init>(FormTemplate.java:44)
at Pages.FormTemplate.<init>(FormTemplate.java:44)
at Pages.FormTemplate.<init>(FormTemplate.java:44)
at Pages.FormTemplate.<init>(FormTemplate.java:44)
at Pages.FormTemplate.<init>(FormTemplate.java:44)
at Pages.FormTemplate.<init>(FormTemplate.java:44)
at Pages.FormTemplate.<init>(FormTemplate.java:44)
at Pages.FormTemplate.<init>(FormTemplate.java:44)
at Pages.FormTemplate.<init>(FormTemplate.java:44)
at Pages.FormTemplate.<init>(FormTemplate.java:44)
at Pages.FormTemplate.<init>(FormTemplate.java:44)
at Pages.FormTemplate.<init>(FormTemplate.java:44)
at Pages.FormTemplate.<init>(FormTemplate.java:44)
at Pages.FormTemplate.<init>(FormTemplate.java:44)
at Pages.FormTemplate.<init>(FormTemplate.java:44)
at Pages.FormTemplate.<init>(FormTemplate.java:44)
at Pages.FormTemplate.<init>(FormTemplate.java:44)
at Pages.FormTemplate.<init>(FormTemplate.java:44)
at Pages.FormTemplate.<init>(FormTemplate.java:44)
at Pages.FormTemplate.<init>(FormTemplate.java:44)
at Pages.FormTemplate.<init>(FormTemplate.java:44)
at Pages.FormTemplate.<init>(FormTemplate.java:44)
at Pages.FormTemplate.<init>(FormTemplate.java:44)
at Pages.FormTemplate.<init>(FormTemplate.java:44)
at Pages.FormTemplate.<init>(FormTemplate.java:44)
at Pages.FormTemplate.<init>(FormTemplate.java:44)
at Pages.FormTemplate.<init>(FormTemplate.java:44)
at Pages.FormTemplate.<init>(FormTemplate.java:44)
at Pages.FormTemplate.<init>(FormTemplate.java:44)
at Pages.FormTemplate.<init>(FormTemplate.java:44)
at Pages.FormTemplate.<init>(FormTemplate.java:44)
at Pages.FormTemplate.<init>(FormTemplate.java:44)
at Pages.FormTemplate.<init>(FormTemplate.java:44)
at Pages.FormTemplate.<init>(FormTemplate.java:44)
at Pages.FormTemplate.<init>(FormTemplate.java:44)
at Pages.FormTemplate.<init>(FormTemplate.java:44)
at Pages.FormTemplate.<init>(FormTemplate.java:44)
at Pages.FormTemplate.<init>(FormTemplate.java:44)
at Pages.FormTemplate.<init>(FormTemplate.java:44)
at Pages.FormTemplate.<init>(FormTemplate.java:44)
at Pages.FormTemplate.<init>(FormTemplate.java:44)
at Pages.FormTemplate.<init>(FormTemplate.java:44)
at Pages.FormTemplate.<init>(FormTemplate.java:44)
at Pages.FormTemplate.<init>(FormTemplate.java:44)
at Pages.FormTemplate.<init>(FormTemplate.java:44)
at Pages.FormTemplate.<init>(FormTemplate.java:44)
at Pages.FormTemplate.<init>(FormTemplate.java:44)
at Pages.FormTemplate.<init>(FormTemplate.java:44)
at Pages.FormTemplate.<init>(FormTemplate.java:44)
at Pages.FormTemplate.<init>(FormTemplate.java:44)
at Pages.FormTemplate.<init>(FormTemplate.java:44)
at Pages.FormTemplate.<init>(FormTemplate.java:44)
at Pages.FormTemplate.<init>(FormTemplate.java:44)
at Pages.FormTemplate.<init>(FormTemplate.java:44)
at Pages.FormTemplate.<init>(FormTemplate.java:44)
at Pages.FormTemplate.<init>(FormTemplate.java:44)
at Pages.FormTemplate.<init>(FormTemplate.java:44)
at Pages.FormTemplate.<init>(FormTemplate.java:44)
at Pages.FormTemplate.<init>(FormTemplate.java:44)
at Pages.FormTemplate.<init>(FormTemplate.java:44)
at Pages.FormTemplate.<init>(FormTemplate.java:44)
at Pages.FormTemplate.<init>(FormTemplate.java:44)
at Pages.FormTemplate.<init>(FormTemplate.java:44)
at Pages.FormTemplate.<init>(FormTemplate.java:44)
at Pages.FormTemplate.<init>(FormTemplate.java:44)
at Pages.FormTemplate.<init>(FormTemplate.java:44)
at Pages.FormTemplate.<init>(FormTemplate.java:44)
at Pages.FormTemplate.<init>(FormTemplate.java:44)
at Pages.FormTemplate.<init>(FormTemplate.java:44)
at Pages.FormTemplate.<init>(FormTemplate.java:44)
at Pages.FormTemplate.<init>(FormTemplate.java:44)
at Pages.FormTemplate.<init>(FormTemplate.java:44)
at Pages.FormTemplate.<init>(FormTemplate.java:44)
at Pages.FormTemplate.<init>(FormTemplate.java:44)
at Pages.FormTemplate.<init>(FormTemplate.java:44)
at Pages.FormTemplate.<init>(FormTemplate.java:44)
at Pages.FormTemplate.<init>(FormTemplate.java:44)
at Pages.FormTemplate.<init>(FormTemplate.java:44)
at Pages.FormTemplate.<init>(FormTemplate.java:44)
at Pages.FormTemplate.<init>(FormTemplate.java:44)
at Pages.FormTemplate.<init>(FormTemplate.java:44)
at Pages.FormTemplate.<init>(FormTemplate.java:44)
at Pages.FormTemplate.<init>(FormTemplate.java:44)
at Pages.FormTemplate.<init>(FormTemplate.java:44)
at Pages.FormTemplate.<init>(FormTemplate.java:44)
at Pages.FormTemplate.<init>(FormTemplate.java:44)
at Pages.FormTemplate.<init>(FormTemplate.java:44)
at Pages.FormTemplate.<init>(FormTemplate.java:44)
at Pages.FormTemplate.<init>(FormTemplate.java:44)
at Pages.FormTemplate.<init>(FormTemplate.java:44)
at Pages.FormTemplate.<init>(FormTemplate.java:44)
at Pages.FormTemplate.<init>(FormTemplate.java:44)
at Pages.FormTemplate.<init>(FormTemplate.java:44)
at Pages.FormTemplate.<init>(FormTemplate.java:44)
at Pages.FormTemplate.<init>(FormTemplate.java:44)
at Pages.FormTemplate.<init>(FormTemplate.java:44)
at Pages.FormTemplate.<init>(FormTemplate.java:44)
at Pages.FormTemplate.<init>(FormTemplate.java:44)
at Pages.FormTemplate.<init>(FormTemplate.java:44)
at Pages.FormTemplate.<init>(FormTemplate.java:44)
at Pages.FormTemplate.<init>(FormTemplate.java:44)
at Pages.FormTemplate.<init>(FormTemplate.java:44)
at Pages.FormTemplate.<init>(FormTemplate.java:44)
at Pages.FormTemplate.<init>(FormTemplate.java:44)
at Pages.FormTemplate.<init>(FormTemplate.java:44)
at Pages.FormTemplate.<init>(FormTemplate.java:44)
at Pages.FormTemplate.<init>(FormTemplate.java:44)
at Pages.FormTemplate.<init>(FormTemplate.java:44)
at Pages.FormTemplate.<init>(FormTemplate.java:44)
at Pages.FormTemplate.<init>(FormTemplate.java:44)
at Pages.FormTemplate.<init>(FormTemplate.java:44)
at Pages.FormTemplate.<init>(FormTemplate.java:44)
at Pages.FormTemplate.<init>(FormTemplate.java:44)
at Pages.FormTemplate.<init>(FormTemplate.java:44)
at Pages.FormTemplate.<init>(FormTemplate.java:44)
at Pages.FormTemplate.<init>(FormTemplate.java:44)
at Pages.FormTemplate.<init>(FormTemplate.java:44)
at Pages.FormTemplate.<init>(FormTemplate.java:44)
at Pages.FormTemplate.<init>(FormTemplate.java:44)
at Pages.FormTemplate.<init>(FormTemplate.java:44)
at Pages.FormTemplate.<init>(FormTemplate.java:44)
at Pages.FormTemplate.<init>(FormTemplate.java:44)
at Pages.FormTemplate.<init>(FormTemplate.java:44)
at Pages.FormTemplate.<init>(FormTemplate.java:44)
at Pages.FormTemplate.<init>(FormTemplate.java:44)
at Pages.FormTemplate.<init>(FormTemplate.java:44)
at Pages.FormTemplate.<init>(FormTemplate.java:44)
at Pages.FormTemplate.<init>(FormTemplate.java:44)
at Pages.FormTemplate.<init>(FormTemplate.java:44)
at Pages.FormTemplate.<init>(FormTemplate.java:44)
at Pages.FormTemplate.<init>(FormTemplate.java:44)
at Pages.FormTemplate.<init>(FormTemplate.java:44)
at Pages.FormTemplate.<init>(FormTemplate.java:44)
at Pages.FormTemplate.<init>(FormTemplate.java:44)
at Pages.FormTemplate.<init>(FormTemplate.java:44)
at Pages.FormTemplate.<init>(FormTemplate.java:44)
at Pages.FormTemplate.<init>(FormTemplate.java:44)
at Pages.FormTemplate.<init>(FormTemplate.java:44)
at Pages.FormTemplate.<init>(FormTemplate.java:44)
at Pages.FormTemplate.<init>(FormTemplate.java:44)
at Pages.FormTemplate.<init>(FormTemplate.java:44)
at Pages.FormTemplate.<init>(FormTemplate.java:44)
at Pages.FormTemplate.<init>(FormTemplate.java:44)
at Pages.FormTemplate.<init>(FormTemplate.java:44)
at Pages.FormTemplate.<init>(FormTemplate.java:44)
at Pages.FormTemplate.<init>(FormTemplate.java:44)
at Pages.FormTemplate.<init>(FormTemplate.java:44)
at Pages.FormTemplate.<init>(FormTemplate.java:44)
at Pages.FormTemplate.<init>(FormTemplate.java:44)
at Pages.FormTemplate.<init>(FormTemplate.java:44)
at Pages.FormTemplate.<init>(FormTemplate.java:44)
at Pages.FormTemplate.<init>(FormTemplate.java:44)
at Pages.FormTemplate.<init>(FormTemplate.java:44)
at Pages.FormTemplate.<init>(FormTemplate.java:44)
at Pages.FormTemplate.<init>(FormTemplate.java:44)
at Pages.FormTemplate.<init>(FormTemplate.java:44)
at Pages.FormTemplate.<init>(FormTemplate.java:44)
at Pages.FormTemplate.<init>(FormTemplate.java:44)
at Pages.FormTemplate.<init>(FormTemplate.java:44)
at Pages.FormTemplate.<init>(FormTemplate.java:44)
at Pages.FormTemplate.<init>(FormTemplate.java:44)
at Pages.FormTemplate.<init>(FormTemplate.java:44)
at Pages.FormTemplate.<init>(FormTemplate.java:44)
at Pages.FormTemplate.<init>(FormTemplate.java:44)
at Pages.FormTemplate.<init>(FormTemplate.java:44)
at Pages.FormTemplate.<init>(FormTemplate.java:44)
at Pages.FormTemplate.<init>(FormTemplate.java:44)
at Pages.FormTemplate.<init>(FormTemplate.java:44)
at Pages.FormTemplate.<init>(FormTemplate.java:44)
at Pages.FormTemplate.<init>(FormTemplate.java:44)
at Pages.FormTemplate.<init>(FormTemplate.java:44)
at Pages.FormTemplate.<init>(FormTemplate.java:44)
at Pages.FormTemplate.<init>(FormTemplate.java:44)
at Pages.FormTemplate.<init>(FormTemplate.java:44)
at Pages.FormTemplate.<init>(FormTemplate.java:44)
at Pages.FormTemplate.<init>(FormTemplate.java:44)
at Pages.FormTemplate.<init>(FormTemplate.java:44)
at Pages.FormTemplate.<init>(FormTemplate.java:44)
at Pages.FormTemplate.<init>(FormTemplate.java:44)
at Pages.FormTemplate.<init>(FormTemplate.java:44)
at Pages.FormTemplate.<init>(FormTemplate.java:44)
at Pages.FormTemplate.<init>(FormTemplate.java:44)
at Pages.FormTemplate.<init>(FormTemplate.java:44)
at Pages.FormTemplate.<init>(FormTemplate.java:44)
at Pages.FormTemplate.<init>(FormTemplate.java:44)
at Pages.FormTemplate.<init>(FormTemplate.java:44)
at Pages.FormTemplate.<init>(FormTemplate.java:44)
at Pages.FormTemplate.<init>(FormTemplate.java:44)
at Pages.FormTemplate.<init>(FormTemplate.java:44)
at Pages.FormTemplate.<init>(FormTemplate.java:44)
at Pages.FormTemplate.<init>(FormTemplate.java:44)
at Pages.FormTemplate.<init>(FormTemplate.java:44)
at Pages.FormTemplate.<init>(FormTemplate.java:44)
at Pages.FormTemplate.<init>(FormTemplate.java:44)
at Pages.FormTemplate.<init>(FormTemplate.java:44)
at Pages.FormTemplate.<init>(FormTemplate.java:44)
at Pages.FormTemplate.<init>(FormTemplate.java:44)
at Pages.FormTemplate.<init>(FormTemplate.java:44)
at Pages.FormTemplate.<init>(FormTemplate.java:44)
at Pages.FormTemplate.<init>(FormTemplate.java:44)
at Pages.FormTemplate.<init>(FormTemplate.java:44)
at Pages.FormTemplate.<init>(FormTemplate.java:44)
at Pages.FormTemplate.<init>(FormTemplate.java:44)
at Pages.FormTemplate.<init>(FormTemplate.java:44)
at Pages.FormTemplate.<init>(FormTemplate.java:44)
at Pages.FormTemplate.<init>(FormTemplate.java:44)
at Pages.FormTemplate.<init>(FormTemplate.java:44)
at Pages.FormTemplate.<init>(FormTemplate.java:44)
at Pages.FormTemplate.<init>(FormTemplate.java:44)
at Pages.FormTemplate.<init>(FormTemplate.java:44)
at Pages.FormTemplate.<init>(FormTemplate.java:44)
at Pages.FormTemplate.<init>(FormTemplate.java:44)
at Pages.FormTemplate.<init>(FormTemplate.java:44)
at Pages.FormTemplate.<init>(FormTemplate.java:44)
at Pages.FormTemplate.<init>(FormTemplate.java:44)
at Pages.FormTemplate.<init>(FormTemplate.java:44)
at Pages.FormTemplate.<init>(FormTemplate.java:44)
at Pages.FormTemplate.<init>(FormTemplate.java:44)
at Pages.FormTemplate.<init>(FormTemplate.java:44)
at Pages.FormTemplate.<init>(FormTemplate.java:44)
at Pages.FormTemplate.<init>(FormTemplate.java:44)
at Pages.FormTemplate.<init>(FormTemplate.java:44)
at Pages.FormTemplate.<init>(FormTemplate.java:44)
at Pages.FormTemplate.<init>(FormTemplate.java:44)
at Pages.FormTemplate.<init>(FormTemplate.java:44)
at Pages.FormTemplate.<init>(FormTemplate.java:44)
at Pages.FormTemplate.<init>(FormTemplate.java:44)
at Pages.FormTemplate.<init>(FormTemplate.java:44)
at Pages.FormTemplate.<init>(FormTemplate.java:44)
at Pages.FormTemplate.<init>(FormTemplate.java:44)
at Pages.FormTemplate.<init>(FormTemplate.java:44)
at Pages.FormTemplate.<init>(FormTemplate.java:44)
at Pages.FormTemplate.<init>(FormTemplate.java:44)
at Pages.FormTemplate.<init>(FormTemplate.java:44)
at Pages.FormTemplate.<init>(FormTemplate.java:44)
at Pages.FormTemplate.<init>(FormTemplate.java:44)
at Pages.FormTemplate.<init>(FormTemplate.java:44)
at Pages.FormTemplate.<init>(FormTemplate.java:44)
at Pages.FormTemplate.<init>(FormTemplate.java:44)
at Pages.FormTemplate.<init>(FormTemplate.java:44)
at Pages.FormTemplate.<init>(FormTemplate.java:44)
at Pages.FormTemplate.<init>(FormTemplate.java:44)
at Pages.FormTemplate.<init>(FormTemplate.java:44)
at Pages.FormTemplate.<init>(FormTemplate.java:44)
at Pages.FormTemplate.<init>(FormTemplate.java:44)
at Pages.FormTemplate.<init>(FormTemplate.java:44)
at Pages.FormTemplate.<init>(FormTemplate.java:44)
at Pages.FormTemplate.<init>(FormTemplate.java:44)
at Pages.FormTemplate.<init>(FormTemplate.java:44)
at Pages.FormTemplate.<init>(FormTemplate.java:44)
at Pages.FormTemplate.<init>(FormTemplate.java:44)
at Pages.FormTemplate.<init>(FormTemplate.java:44)
at Pages.FormTemplate.<init>(FormTemplate.java:44)
at Pages.FormTemplate.<init>(FormTemplate.java:44)
at Pages.FormTemplate.<init>(FormTemplate.java:44)
at Pages.FormTemplate.<init>(FormTemplate.java:44)
at Pages.FormTemplate.<init>(FormTemplate.java:44)
at Pages.FormTemplate.<init>(FormTemplate.java:44)
at Pages.FormTemplate.<init>(FormTemplate.java:44)
at Pages.FormTemplate.<init>(FormTemplate.java:44)
at Pages.FormTemplate.<init>(FormTemplate.java:44)
at Pages.FormTemplate.<init>(FormTemplate.java:44)
at Pages.FormTemplate.<init>(FormTemplate.java:44)
at Pages.FormTemplate.<init>(FormTemplate.java:44)
at Pages.FormTemplate.<init>(FormTemplate.java:44)
at Pages.FormTemplate.<init>(FormTemplate.java:44)
at Pages.FormTemplate.<init>(FormTemplate.java:44)
at Pages.FormTemplate.<init>(FormTemplate.java:44)
at Pages.FormTemplate.<init>(FormTemplate.java:44)
at Pages.FormTemplate.<init>(FormTemplate.java:44)
at Pages.FormTemplate.<init>(FormTemplate.java:44)
at Pages.FormTemplate.<init>(FormTemplate.java:44)
at Pages.FormTemplate.<init>(FormTemplate.java:44)
at Pages.FormTemplate.<init>(FormTemplate.java:44)
at Pages.FormTemplate.<init>(FormTemplate.java:44)
at Pages.FormTemplate.<init>(FormTemplate.java:44)
at Pages.FormTemplate.<init>(FormTemplate.java:44)
at Pages.FormTemplate.<init>(FormTemplate.java:44)
at Pages.FormTemplate.<init>(FormTemplate.java:44)
at Pages.FormTemplate.<init>(FormTemplate.java:44)
at Pages.FormTemplate.<init>(FormTemplate.java:44)
at Pages.FormTemplate.<init>(FormTemplate.java:44)
at Pages.FormTemplate.<init>(FormTemplate.java:44)
at Pages.FormTemplate.<init>(FormTemplate.java:44)
at Pages.FormTemplate.<init>(FormTemplate.java:44)
at Pages.FormTemplate.<init>(FormTemplate.java:44)
at Pages.FormTemplate.<init>(FormTemplate.java:44)
at Pages.FormTemplate.<init>(FormTemplate.java:44)
at Pages.FormTemplate.<init>(FormTemplate.java:44)
at Pages.FormTemplate.<init>(FormTemplate.java:44)
at Pages.FormTemplate.<init>(FormTemplate.java:44)
at Pages.FormTemplate.<init>(FormTemplate.java:44)
at Pages.FormTemplate.<init>(FormTemplate.java:44)
at Pages.FormTemplate.<init>(FormTemplate.java:44)
at Pages.FormTemplate.<init>(FormTemplate.java:44)
at Pages.FormTemplate.<init>(FormTemplate.java:44)
at Pages.FormTemplate.<init>(FormTemplate.java:44)
at Pages.FormTemplate.<init>(FormTemplate.java:44)
at Pages.FormTemplate.<init>(FormTemplate.java:44)
at Pages.FormTemplate.<init>(FormTemplate.java:44)
at Pages.FormTemplate.<init>(FormTemplate.java:44)
at Pages.FormTemplate.<init>(FormTemplate.java:44)
at Pages.FormTemplate.<init>(FormTemplate.java:44)
at Pages.FormTemplate.<init>(FormTemplate.java:44)
at Pages.FormTemplate.<init>(FormTemplate.java:44)
at Pages.FormTemplate.<init>(FormTemplate.java:44)
at Pages.FormTemplate.<init>(FormTemplate.java:44)
at Pages.FormTemplate.<init>(FormTemplate.java:44)
at Pages.FormTemplate.<init>(FormTemplate.java:44)
at Pages.FormTemplate.<init>(FormTemplate.java:44)
at Pages.FormTemplate.<init>(FormTemplate.java:44)
at Pages.FormTemplate.<init>(FormTemplate.java:44)
at Pages.FormTemplate.<init>(FormTemplate.java:44)
at Pages.FormTemplate.<init>(FormTemplate.java:44)
at Pages.FormTemplate.<init>(FormTemplate.java:44)
at Pages.FormTemplate.<init>(FormTemplate.java:44)
at Pages.FormTemplate.<init>(FormTemplate.java:44)
at Pages.FormTemplate.<init>(FormTemplate.java:44)
at Pages.FormTemplate.<init>(FormTemplate.java:44)
at Pages.FormTemplate.<init>(FormTemplate.java:44)
at Pages.FormTemplate.<init>(FormTemplate.java:44)
at Pages.FormTemplate.<init>(FormTemplate.java:44)
at Pages.FormTemplate.<init>(FormTemplate.java:44)
at Pages.FormTemplate.<init>(FormTemplate.java:44)
at Pages.FormTemplate.<init>(FormTemplate.java:44)
at Pages.FormTemplate.<init>(FormTemplate.java:44)
at Pages.FormTemplate.<init>(FormTemplate.java:44)
at Pages.FormTemplate.<init>(FormTemplate.java:44)
at Pages.FormTemplate.<init>(FormTemplate.java:44)
at Pages.FormTemplate.<init>(FormTemplate.java:44)
at Pages.FormTemplate.<init>(FormTemplate.java:44)
at Pages.FormTemplate.<init>(FormTemplate.java:44)
at Pages.FormTemplate.<init>(FormTemplate.java:44)
at Pages.FormTemplate.<init>(FormTemplate.java:44)
at Pages.FormTemplate.<init>(FormTemplate.java:44)
at Pages.FormTemplate.<init>(FormTemplate.java:44)
at Pages.FormTemplate.<init>(FormTemplate.java:44)
at Pages.FormTemplate.<init>(FormTemplate.java:44)
at Pages.FormTemplate.<init>(FormTemplate.java:44)
at Pages.FormTemplate.<init>(FormTemplate.java:44)
at Pages.FormTemplate.<init>(FormTemplate.java:44)
at Pages.FormTemplate.<init>(FormTemplate.java:44)
at Pages.FormTemplate.<init>(FormTemplate.java:44)
at Pages.FormTemplate.<init>(FormTemplate.java:44)
at Pages.FormTemplate.<init>(FormTemplate.java:44)
at Pages.FormTemplate.<init>(FormTemplate.java:44)
at Pages.FormTemplate.<init>(FormTemplate.java:44)
at Pages.FormTemplate.<init>(FormTemplate.java:44)
at Pages.FormTemplate.<init>(FormTemplate.java:44)
at Pages.FormTemplate.<init>(FormTemplate.java:44)
at Pages.FormTemplate.<init>(FormTemplate.java:44)
at Pages.FormTemplate.<init>(FormTemplate.java:44)
at Pages.FormTemplate.<init>(FormTemplate.java:44)
at Pages.FormTemplate.<init>(FormTemplate.java:44)
at Pages.FormTemplate.<init>(FormTemplate.java:44)
at Pages.FormTemplate.<init>(FormTemplate.java:44)
at Pages.FormTemplate.<init>(FormTemplate.java:44)
at Pages.FormTemplate.<init>(FormTemplate.java:44)
at Pages.FormTemplate.<init>(FormTemplate.java:44)
at Pages.FormTemplate.<init>(FormTemplate.java:44)
at Pages.FormTemplate.<init>(FormTemplate.java:44)
at Pages.FormTemplate.<init>(FormTemplate.java:44)
at Pages.FormTemplate.<init>(FormTemplate.java:44)
at Pages.FormTemplate.<init>(FormTemplate.java:44)
at Pages.FormTemplate.<init>(FormTemplate.java:44)
at Pages.FormTemplate.<init>(FormTemplate.java:44)
at Pages.FormTemplate.<init>(FormTemplate.java:44)
at Pages.FormTemplate.<init>(FormTemplate.java:44)
at Pages.FormTemplate.<init>(FormTemplate.java:44)
at Pages.FormTemplate.<init>(FormTemplate.java:44)
at Pages.FormTemplate.<init>(FormTemplate.java:44)
at Pages.FormTemplate.<init>(FormTemplate.java:44)
at Pages.FormTemplate.<init>(FormTemplate.java:44)
at Pages.FormTemplate.<init>(FormTemplate.java:44)
at Pages.FormTemplate.<init>(FormTemplate.java:44)
at Pages.FormTemplate.<init>(FormTemplate.java:44)
at Pages.FormTemplate.<init>(FormTemplate.java:44)
at Pages.FormTemplate.<init>(FormTemplate.java:44)
at Pages.FormTemplate.<init>(FormTemplate.java:44)
at Pages.FormTemplate.<init>(FormTemplate.java:44)
at Pages.FormTemplate.<init>(FormTemplate.java:44)
at Pages.FormTemplate.<init>(FormTemplate.java:44)
at Pages.FormTemplate.<init>(FormTemplate.java:44)
at Pages.FormTemplate.<init>(FormTemplate.java:44)
at Pages.FormTemplate.<init>(FormTemplate.java:44)
at Pages.FormTemplate.<init>(FormTemplate.java:44)
at Pages.FormTemplate.<init>(FormTemplate.java:44)
at Pages.FormTemplate.<init>(FormTemplate.java:44)
at Pages.FormTemplate.<init>(FormTemplate.java:44)
at Pages.FormTemplate.<init>(FormTemplate.java:44)
at Pages.FormTemplate.<init>(FormTemplate.java:44)
at Pages.FormTemplate.<init>(FormTemplate.java:44)
at Pages.FormTemplate.<init>(FormTemplate.java:44)
at Pages.FormTemplate.<init>(FormTemplate.java:44)
at Pages.FormTemplate.<init>(FormTemplate.java:44)
at Pages.FormTemplate.<init>(FormTemplate.java:44)
at Pages.FormTemplate.<init>(FormTemplate.java:44)
at Pages.FormTemplate.<init>(FormTemplate.java:44)
at Pages.FormTemplate.<init>(FormTemplate.java:44)
at Pages.FormTemplate.<init>(FormTemplate.java:44)
at Pages.FormTemplate.<init>(FormTemplate.java:44)
at Pages.FormTemplate.<init>(FormTemplate.java:44)
at Pages.FormTemplate.<init>(FormTemplate.java:44)
at Pages.FormTemplate.<init>(FormTemplate.java:44)
at Pages.FormTemplate.<init>(FormTemplate.java:44)
at Pages.FormTemplate.<init>(FormTemplate.java:44)
at Pages.FormTemplate.<init>(FormTemplate.java:44)
at Pages.FormTemplate.<init>(FormTemplate.java:44)
at Pages.FormTemplate.<init>(FormTemplate.java:44)
at Pages.FormTemplate.<init>(FormTemplate.java:44)
at Pages.FormTemplate.<init>(FormTemplate.java:44)
at Pages.FormTemplate.<init>(FormTemplate.java:44)
at Pages.FormTemplate.<init>(FormTemplate.java:44)
at Pages.FormTemplate.<init>(FormTemplate.java:44)
at Pages.FormTemplate.<init>(FormTemplate.java:44)
at Pages.FormTemplate.<init>(FormTemplate.java:44)
at Pages.FormTemplate.<init>(FormTemplate.java:44)
at Pages.FormTemplate.<init>(FormTemplate.java:44)
at Pages.FormTemplate.<init>(FormTemplate.java:44)
at Pages.FormTemplate.<init>(FormTemplate.java:44)
at Pages.FormTemplate.<init>(FormTemplate.java:44)
at Pages.FormTemplate.<init>(FormTemplate.java:44)
at Pages.FormTemplate.<init>(FormTemplate.java:44)
at Pages.FormTemplate.<init>(FormTemplate.java:44)
at Pages.FormTemplate.<init>(FormTemplate.java:44)
at Pages.FormTemplate.<init>(FormTemplate.java:44)
at Pages.FormTemplate.<init>(FormTemplate.java:44)
at Pages.FormTemplate.<init>(FormTemplate.java:44)
at Pages.FormTemplate.<init>(FormTemplate.java:44)
at Pages.FormTemplate.<init>(FormTemplate.java:44)
at Pages.FormTemplate.<init>(FormTemplate.java:44)
at Pages.FormTemplate.<init>(FormTemplate.java:44)
at Pages.FormTemplate.<init>(FormTemplate.java:44)
at Pages.FormTemplate.<init>(FormTemplate.java:44)
at Pages.FormTemplate.<init>(FormTemplate.java:44)
at Pages.FormTemplate.<init>(FormTemplate.java:44)
at Pages.FormTemplate.<init>(FormTemplate.java:44)
at Pages.FormTemplate.<init>(FormTemplate.java:44)
at Pages.FormTemplate.<init>(FormTemplate.java:44)
at Pages.FormTemplate.<init>(FormTemplate.java:44)
at Pages.FormTemplate.<init>(FormTemplate.java:44)
at Pages.FormTemplate.<init>(FormTemplate.java:44)
at Pages.FormTemplate.<init>(FormTemplate.java:44)
at Pages.FormTemplate.<init>(FormTemplate.java:44)
at Pages.FormTemplate.<init>(FormTemplate.java:44)
at Pages.FormTemplate.<init>(FormTemplate.java:44)
at Pages.FormTemplate.<init>(FormTemplate.java:44)
at Pages.FormTemplate.<init>(FormTemplate.java:44)
at Pages.FormTemplate.<init>(FormTemplate.java:44)
at Pages.FormTemplate.<init>(FormTemplate.java:44)
at Pages.FormTemplate.<init>(FormTemplate.java:44)
at Pages.FormTemplate.<init>(FormTemplate.java:44)
at Pages.FormTemplate.<init>(FormTemplate.java:44)
at Pages.FormTemplate.<init>(FormTemplate.java:44)
at Pages.FormTemplate.<init>(FormTemplate.java:44)
at Pages.FormTemplate.<init>(FormTemplate.java:44)
at Pages.FormTemplate.<init>(FormTemplate.java:44)
at Pages.FormTemplate.<init>(FormTemplate.java:44)
at Pages.FormTemplate.<init>(FormTemplate.java:44)
at Pages.FormTemplate.<init>(FormTemplate.java:44)
at Pages.FormTemplate.<init>(FormTemplate.java:44)
at Pages.FormTemplate.<init>(FormTemplate.java:44)
at Pages.FormTemplate.<init>(FormTemplate.java:44)
at Pages.FormTemplate.<init>(FormTemplate.java:44)
at Pages.FormTemplate.<init>(FormTemplate.java:44)
at Pages.FormTemplate.<init>(FormTemplate.java:44)
at Pages.FormTemplate.<init>(FormTemplate.java:44)
at Pages.FormTemplate.<init>(FormTemplate.java:44)
at Pages.FormTemplate.<init>(FormTemplate.java:44)
at Pages.FormTemplate.<init>(FormTemplate.java:44)
at Pages.FormTemplate.<init>(FormTemplate.java:44)
at Pages.FormTemplate.<init>(FormTemplate.java:44)
at Pages.FormTemplate.<init>(FormTemplate.java:44)
at Pages.FormTemplate.<init>(FormTemplate.java:44)
at Pages.FormTemplate.<init>(FormTemplate.java:44)
at Pages.FormTemplate.<init>(FormTemplate.java:44)
at Pages.FormTemplate.<init>(FormTemplate.java:44)
at Pages.FormTemplate.<init>(FormTemplate.java:44)
at Pages.FormTemplate.<init>(FormTemplate.java:44)
at Pages.FormTemplate.<init>(FormTemplate.java:44)
at Pages.FormTemplate.<init>(FormTemplate.java:44)
at Pages.FormTemplate.<init>(FormTemplate.java:44)
at Pages.FormTemplate.<init>(FormTemplate.java:44)
at Pages.FormTemplate.<init>(FormTemplate.java:44)
at Pages.FormTemplate.<init>(FormTemplate.java:44)
at Pages.FormTemplate.<init>(FormTemplate.java:44)
at Pages.FormTemplate.<init>(FormTemplate.java:44)
at Pages.FormTemplate.<init>(FormTemplate.java:44)
at Pages.FormTemplate.<init>(FormTemplate.java:44)
at Pages.FormTemplate.<init>(FormTemplate.java:44)
at Pages.FormTemplate.<init>(FormTemplate.java:44)
at Pages.FormTemplate.<init>(FormTemplate.java:44)
at Pages.FormTemplate.<init>(FormTemplate.java:44)
at Pages.FormTemplate.<init>(FormTemplate.java:44)
at Pages.FormTemplate.<init>(FormTemplate.java:44)
at Pages.FormTemplate.<init>(FormTemplate.java:44)
at Pages.FormTemplate.<init>(FormTemplate.java:44)
at Pages.FormTemplate.<init>(FormTemplate.java:44)
at Pages.FormTemplate.<init>(FormTemplate.java:44)
at Pages.FormTemplate.<init>(FormTemplate.java:44)
at Pages.FormTemplate.<init>(FormTemplate.java:44)
at Pages.FormTemplate.<init>(FormTemplate.java:44)
at Pages.FormTemplate.<init>(FormTemplate.java:44)
at Pages.FormTemplate.<init>(FormTemplate.java:44)
at Pages.FormTemplate.<init>(FormTemplate.java:44)
at Pages.FormTemplate.<init>(FormTemplate.java:44)
at Pages.FormTemplate.<init>(FormTemplate.java:44)
at Pages.FormTemplate.<init>(FormTemplate.java:44)
at Pages.FormTemplate.<init>(FormTemplate.java:44)
at Pages.FormTemplate.<init>(FormTemplate.java:44)
at Pages.FormTemplate.<init>(FormTemplate.java:44)
at Pages.FormTemplate.<init>(FormTemplate.java:44)
at Pages.FormTemplate.<init>(FormTemplate.java:44)
at Pages.FormTemplate.<init>(FormTemplate.java:44)
at Pages.FormTemplate.<init>(FormTemplate.java:44)
at Pages.FormTemplate.<init>(FormTemplate.java:44)
at Pages.FormTemplate.<init>(FormTemplate.java:44)
at Pages.FormTemplate.<init>(FormTemplate.java:44)
at Pages.FormTemplate.<init>(FormTemplate.java:44)
at Pages.FormTemplate.<init>(FormTemplate.java:44)
at Pages.FormTemplate.<init>(FormTemplate.java:44)
at Pages.FormTemplate.<init>(FormTemplate.java:44)
at Pages.FormTemplate.<init>(FormTemplate.java:44)
at Pages.FormTemplate.<init>(FormTemplate.java:44)
at Pages.FormTemplate.<init>(FormTemplate.java:44)
at Pages.FormTemplate.<init>(FormTemplate.java:44)
at Pages.FormTemplate.<init>(FormTemplate.java:44)
at Pages.FormTemplate.<init>(FormTemplate.java:44)
at Pages.FormTemplate.<init>(FormTemplate.java:44)
at Pages.FormTemplate.<init>(FormTemplate.java:44)
at Pages.FormTemplate.<init>(FormTemplate.java:44)
at Pages.FormTemplate.<init>(FormTemplate.java:44)
at Pages.FormTemplate.<init>(FormTemplate.java:44)
at Pages.FormTemplate.<init>(FormTemplate.java:44)
at Pages.FormTemplate.<init>(FormTemplate.java:44)
at Pages.FormTemplate.<init>(FormTemplate.java:44)
at Pages.FormTemplate.<init>(FormTemplate.java:44)
at Pages.FormTemplate.<init>(FormTemplate.java:44)
at Pages.FormTemplate.<init>(FormTemplate.java:44)
at Pages.FormTemplate.<init>(FormTemplate.java:44)
at Pages.FormTemplate.<init>(FormTemplate.java:44)
at Pages.FormTemplate.<init>(FormTemplate.java:44)
at Pages.FormTemplate.<init>(FormTemplate.java:44)
at Pages.FormTemplate.<init>(FormTemplate.java:44)
at Pages.FormTemplate.<init>(FormTemplate.java:44)
at Pages.FormTemplate.<init>(FormTemplate.java:44)
at Pages.FormTemplate.<init>(FormTemplate.java:44)
at Pages.FormTemplate.<init>(FormTemplate.java:44)
at Pages.FormTemplate.<init>(FormTemplate.java:44)
at Pages.FormTemplate.<init>(FormTemplate.java:44)
at Pages.FormTemplate.<init>(FormTemplate.java:44)
at Pages.FormTemplate.<init>(FormTemplate.java:44)
at Pages.FormTemplate.<init>(FormTemplate.java:44)
at Pages.FormTemplate.<init>(FormTemplate.java:44)
at Pages.FormTemplate.<init>(FormTemplate.java:44)
at Pages.FormTemplate.<init>(FormTemplate.java:44)
at Pages.FormTemplate.<init>(FormTemplate.java:44)
at Pages.FormTemplate.<init>(FormTemplate.java:44)
at Pages.FormTemplate.<init>(FormTemplate.java:44)
at Pages.FormTemplate.<init>(FormTemplate.java:44)
at Pages.FormTemplate.<init>(FormTemplate.java:44)
at Pages.FormTemplate.<init>(FormTemplate.java:44)
at Pages.FormTemplate.<init>(FormTemplate.java:44)
at Pages.FormTemplate.<init>(FormTemplate.java:44)
at Pages.FormTemplate.<init>(FormTemplate.java:44)
at Pages.FormTemplate.<init>(FormTemplate.java:44)
at Pages.FormTemplate.<init>(FormTemplate.java:44)
at Pages.FormTemplate.<init>(FormTemplate.java:44)
at Pages.FormTemplate.<init>(FormTemplate.java:44)
at Pages.FormTemplate.<init>(FormTemplate.java:44)
at Pages.FormTemplate.<init>(FormTemplate.java:44)
at Pages.FormTemplate.<init>(FormTemplate.java:44)
at Pages.FormTemplate.<init>(FormTemplate.java:44)
at Pages.FormTemplate.<init>(FormTemplate.java:44)
at Pages.FormTemplate.<init>(FormTemplate.java:44)
at Pages.FormTemplate.<init>(FormTemplate.java:44)
at Pages.FormTemplate.<init>(FormTemplate.java:44)
at Pages.FormTemplate.<init>(FormTemplate.java:44)
at Pages.FormTemplate.<init>(FormTemplate.java:44)
at Pages.FormTemplate.<init>(FormTemplate.java:44)
at Pages.FormTemplate.<init>(FormTemplate.java:44)
at Pages.FormTemplate.<init>(FormTemplate.java:44)
at Pages.FormTemplate.<init>(FormTemplate.java:44)
at Pages.FormTemplate.<init>(FormTemplate.java:44)
at Pages.FormTemplate.<init>(FormTemplate.java:44)
at Pages.FormTemplate.<init>(FormTemplate.java:44)
at Pages.FormTemplate.<init>(FormTemplate.java:44)
at Pages.FormTemplate.<init>(FormTemplate.java:44)
at Pages.FormTemplate.<init>(FormTemplate.java:44)
at Pages.FormTemplate.<init>(FormTemplate.java:44)
at Pages.FormTemplate.<init>(FormTemplate.java:44)
at Pages.FormTemplate.<init>(FormTemplate.java:44)
at Pages.FormTemplate.<init>(FormTemplate.java:44)
at Pages.FormTemplate.<init>(FormTemplate.java:44)
at Pages.FormTemplate.<init>(FormTemplate.java:44)
at Pages.FormTemplate.<init>(FormTemplate.java:44)
at Pages.FormTemplate.<init>(FormTemplate.java:44)
at Pages.FormTemplate.<init>(FormTemplate.java:44)
at Pages.FormTemplate.<init>(FormTemplate.java:44)
at Pages.FormTemplate.<init>(FormTemplate.java:44)
at Pages.FormTemplate.<init>(FormTemplate.java:44)
at Pages.FormTemplate.<init>(FormTemplate.java:44)
at Pages.FormTemplate.<init>(FormTemplate.java:44)
at Pages.FormTemplate.<init>(FormTemplate.java:44)
at Pages.FormTemplate.<init>(FormTemplate.java:44)
at Pages.FormTemplate.<init>(FormTemplate.java:44)
at Pages.FormTemplate.<init>(FormTemplate.java:44)
at Pages.FormTemplate.<init>(FormTemplate.java:44)
at Pages.FormTemplate.<init>(FormTemplate.java:44)
at Pages.FormTemplate.<init>(FormTemplate.java:44)
at Pages.FormTemplate.<init>(FormTemplate.java:44)
at Pages.FormTemplate.<init>(FormTemplate.java:44)
at Pages.FormTemplate.<init>(FormTemplate.java:44)
at Pages.FormTemplate.<init>(FormTemplate.java:44)
at Pages.FormTemplate.<init>(FormTemplate.java:44)
at Pages.FormTemplate.<init>(FormTemplate.java:44)
at Pages.FormTemplate.<init>(FormTemplate.java:44)
at Pages.FormTemplate.<init>(FormTemplate.java:44)
at Pages.FormTemplate.<init>(FormTemplate.java:44)
at Pages.FormTemplate.<init>(FormTemplate.java:44)
at Pages.FormTemplate.<init>(FormTemplate.java:44)
at Pages.FormTemplate.<init>(FormTemplate.java:44)
at Pages.FormTemplate.<init>(FormTemplate.java:44)
at Pages.FormTemplate.<init>(FormTemplate.java:44)
at Pages.FormTemplate.<init>(FormTemplate.java:44)
at Pages.FormTemplate.<init>(FormTemplate.java:44)
at Pages.FormTemplate.<init>(FormTemplate.java:44)
at Pages.FormTemplate.<init>(FormTemplate.java:44)
at Pages.FormTemplate.<init>(FormTemplate.java:44)
at Pages.FormTemplate.<init>(FormTemplate.java:44)
at Pages.FormTemplate.<init>(FormTemplate.java:44)
at Pages.FormTemplate.<init>(FormTemplate.java:44)
at Pages.FormTemplate.<init>(FormTemplate.java:44)
at Pages.FormTemplate.<init>(FormTemplate.java:44)
at Pages.FormTemplate.<init>(FormTemplate.java:44)
at Pages.FormTemplate.<init>(FormTemplate.java:44)
at Pages.FormTemplate.<init>(FormTemplate.java:44)
at Pages.FormTemplate.<init>(FormTemplate.java:44)
at Pages.FormTemplate.<init>(FormTemplate.java:44)
at Pages.FormTemplate.<init>(FormTemplate.java:44)
at Pages.FormTemplate.<init>(FormTemplate.java:44)
at Pages.FormTemplate.<init>(FormTemplate.java:44)
at Pages.FormTemplate.<init>(FormTemplate.java:44)
at Pages.FormTemplate.<init>(FormTemplate.java:44)
at Pages.FormTemplate.<init>(FormTemplate.java:44)
at Pages.FormTemplate.<init>(FormTemplate.java:44)
at Pages.FormTemplate.<init>(FormTemplate.java:44)
at Pages.FormTemplate.<init>(FormTemplate.java:44)
at Pages.FormTemplate.<init>(FormTemplate.java:44)
at Pages.FormTemplate.<init>(FormTemplate.java:44)
at Pages.FormTemplate.<init>(FormTemplate.java:44)
at Pages.FormTemplate.<init>(FormTemplate.java:44)
at Pages.FormTemplate.<init>(FormTemplate.java:44)
at Pages.FormTemplate.<init>(FormTemplate.java:44)
at Pages.FormTemplate.<init>(FormTemplate.java:44)
at Pages.FormTemplate.<init>(FormTemplate.java:44)
at Pages.FormTemplate.<init>(FormTemplate.java:44)
at Pages.FormTemplate.<init>(FormTemplate.java:44)
at Pages.FormTemplate.<init>(FormTemplate.java:44)
at Pages.FormTemplate.<init>(FormTemplate.java:44)
at Pages.FormTemplate.<init>(FormTemplate.java:44)
at Pages.FormTemplate.<init>(FormTemplate.java:44)
at Pages.FormTemplate.<init>(FormTemplate.java:44)
at Pages.FormTemplate.<init>(FormTemplate.java:44)
at Pages.FormTemplate.<init>(FormTemplate.java:44)
at Pages.FormTemplate.<init>(FormTemplate.java:44)
at Pages.FormTemplate.<init>(FormTemplate.java:44)
at Pages.FormTemplate.<init>(FormTemplate.java:44)
at Pages.FormTemplate.<init>(FormTemplate.java:44)
at Pages.FormTemplate.<init>(FormTemplate.java:44)
at Pages.FormTemplate.<init>(FormTemplate.java:44)
at Pages.FormTemplate.<init>(FormTemplate.java:44)
at Pages.FormTemplate.<init>(FormTemplate.java:44)
at Pages.FormTemplate.<init>(FormTemplate.java:44)
at Pages.FormTemplate.<init>(FormTemplate.java:44)
at Pages.FormTemplate.<init>(FormTemplate.java:44)
at Pages.FormTemplate.<init>(FormTemplate.java:44)
at Pages.FormTemplate.<init>(FormTemplate.java:44)
at Pages.FormTemplate.<init>(FormTemplate.java:44)
at Pages.FormTemplate.<init>(FormTemplate.java:44)
at Pages.FormTemplate.<init>(FormTemplate.java:44)
at Pages.FormTemplate.<init>(FormTemplate.java:44)
at Pages.FormTemplate.<init>(FormTemplate.java:44)
at Pages.FormTemplate.<init>(FormTemplate.java:44)
at Pages.FormTemplate.<init>(FormTemplate.java:44)
at Pages.FormTemplate.<init>(FormTemplate.java:44)
at Pages.FormTemplate.<init>(FormTemplate.java:44)
at Pages.FormTemplate.<init>(FormTemplate.java:44)
at Pages.FormTemplate.<init>(FormTemplate.java:44)
at Pages.FormTemplate.<init>(FormTemplate.java:44)
at Pages.FormTemplate.<init>(FormTemplate.java:44)
at Pages.FormTemplate.<init>(FormTemplate.java:44)
at Pages.FormTemplate.<init>(FormTemplate.java:44)
at Pages.FormTemplate.<init>(FormTemplate.java:44)
at Pages.FormTemplate.<init>(FormTemplate.java:44)
at Pages.FormTemplate.<init>(FormTemplate.java:44)
at Pages.FormTemplate.<init>(FormTemplate.java:44)
at Pages.FormTemplate.<init>(FormTemplate.java:44)
at Pages.FormTemplate.<init>(FormTemplate.java:44)
at Pages.FormTemplate.<init>(FormTemplate.java:44)
at Pages.FormTemplate.<init>(FormTemplate.java:44)
at Pages.FormTemplate.<init>(FormTemplate.java:44)
at Pages.FormTemplate.<init>(FormTemplate.java:44)
at Pages.FormTemplate.<init>(FormTemplate.java:44)
at Pages.FormTemplate.<init>(FormTemplate.java:44)
at Pages.FormTemplate.<init>(FormTemplate.java:44)
at Pages.FormTemplate.<init>(FormTemplate.java:44)
at Pages.FormTemplate.<init>(FormTemplate.java:44)
at Pages.FormTemplate.<init>(FormTemplate.java:44)
at Pages.FormTemplate.<init>(FormTemplate.java:44)
at Pages.FormTemplate.<init>(FormTemplate.java:44)
at Pages.FormTemplate.<init>(FormTemplate.java:44)
at Pages.FormTemplate.<init>(FormTemplate.java:44)
at Pages.FormTemplate.<init>(FormTemplate.java:44)
]]>
            </full-stacktrace>
          </exception> <!-- java.lang.StackOverflowError -->
          <reporter-output>
          </reporter-output>
        </test-method> <!-- Start -->
        <test-method signature="ContentHorizontalLine()[pri:31, instance:TestCase.FormTemplate_Testcases@74ea2410]" started-at="2024-05-10T11:30:28 IST" name="ContentHorizontalLine" finished-at="2024-05-10T11:30:28 IST" duration-ms="0" status="SKIP">
          <exception class="java.lang.StackOverflowError">
            <full-stacktrace>
              <![CDATA[java.lang.StackOverflowError
at Pages.FormTemplate.<init>(FormTemplate.java:44)
at Pages.FormTemplate.<init>(FormTemplate.java:44)
at Pages.FormTemplate.<init>(FormTemplate.java:44)
at Pages.FormTemplate.<init>(FormTemplate.java:44)
at Pages.FormTemplate.<init>(FormTemplate.java:44)
at Pages.FormTemplate.<init>(FormTemplate.java:44)
at Pages.FormTemplate.<init>(FormTemplate.java:44)
at Pages.FormTemplate.<init>(FormTemplate.java:44)
at Pages.FormTemplate.<init>(FormTemplate.java:44)
at Pages.FormTemplate.<init>(FormTemplate.java:44)
at Pages.FormTemplate.<init>(FormTemplate.java:44)
at Pages.FormTemplate.<init>(FormTemplate.java:44)
at Pages.FormTemplate.<init>(FormTemplate.java:44)
at Pages.FormTemplate.<init>(FormTemplate.java:44)
at Pages.FormTemplate.<init>(FormTemplate.java:44)
at Pages.FormTemplate.<init>(FormTemplate.java:44)
at Pages.FormTemplate.<init>(FormTemplate.java:44)
at Pages.FormTemplate.<init>(FormTemplate.java:44)
at Pages.FormTemplate.<init>(FormTemplate.java:44)
at Pages.FormTemplate.<init>(FormTemplate.java:44)
at Pages.FormTemplate.<init>(FormTemplate.java:44)
at Pages.FormTemplate.<init>(FormTemplate.java:44)
at Pages.FormTemplate.<init>(FormTemplate.java:44)
at Pages.FormTemplate.<init>(FormTemplate.java:44)
at Pages.FormTemplate.<init>(FormTemplate.java:44)
at Pages.FormTemplate.<init>(FormTemplate.java:44)
at Pages.FormTemplate.<init>(FormTemplate.java:44)
at Pages.FormTemplate.<init>(FormTemplate.java:44)
at Pages.FormTemplate.<init>(FormTemplate.java:44)
at Pages.FormTemplate.<init>(FormTemplate.java:44)
at Pages.FormTemplate.<init>(FormTemplate.java:44)
at Pages.FormTemplate.<init>(FormTemplate.java:44)
at Pages.FormTemplate.<init>(FormTemplate.java:44)
at Pages.FormTemplate.<init>(FormTemplate.java:44)
at Pages.FormTemplate.<init>(FormTemplate.java:44)
at Pages.FormTemplate.<init>(FormTemplate.java:44)
at Pages.FormTemplate.<init>(FormTemplate.java:44)
at Pages.FormTemplate.<init>(FormTemplate.java:44)
at Pages.FormTemplate.<init>(FormTemplate.java:44)
at Pages.FormTemplate.<init>(FormTemplate.java:44)
at Pages.FormTemplate.<init>(FormTemplate.java:44)
at Pages.FormTemplate.<init>(FormTemplate.java:44)
at Pages.FormTemplate.<init>(FormTemplate.java:44)
at Pages.FormTemplate.<init>(FormTemplate.java:44)
at Pages.FormTemplate.<init>(FormTemplate.java:44)
at Pages.FormTemplate.<init>(FormTemplate.java:44)
at Pages.FormTemplate.<init>(FormTemplate.java:44)
at Pages.FormTemplate.<init>(FormTemplate.java:44)
at Pages.FormTemplate.<init>(FormTemplate.java:44)
at Pages.FormTemplate.<init>(FormTemplate.java:44)
at Pages.FormTemplate.<init>(FormTemplate.java:44)
at Pages.FormTemplate.<init>(FormTemplate.java:44)
at Pages.FormTemplate.<init>(FormTemplate.java:44)
at Pages.FormTemplate.<init>(FormTemplate.java:44)
at Pages.FormTemplate.<init>(FormTemplate.java:44)
at Pages.FormTemplate.<init>(FormTemplate.java:44)
at Pages.FormTemplate.<init>(FormTemplate.java:44)
at Pages.FormTemplate.<init>(FormTemplate.java:44)
at Pages.FormTemplate.<init>(FormTemplate.java:44)
at Pages.FormTemplate.<init>(FormTemplate.java:44)
at Pages.FormTemplate.<init>(FormTemplate.java:44)
at Pages.FormTemplate.<init>(FormTemplate.java:44)
at Pages.FormTemplate.<init>(FormTemplate.java:44)
at Pages.FormTemplate.<init>(FormTemplate.java:44)
at Pages.FormTemplate.<init>(FormTemplate.java:44)
at Pages.FormTemplate.<init>(FormTemplate.java:44)
at Pages.FormTemplate.<init>(FormTemplate.java:44)
at Pages.FormTemplate.<init>(FormTemplate.java:44)
at Pages.FormTemplate.<init>(FormTemplate.java:44)
at Pages.FormTemplate.<init>(FormTemplate.java:44)
at Pages.FormTemplate.<init>(FormTemplate.java:44)
at Pages.FormTemplate.<init>(FormTemplate.java:44)
at Pages.FormTemplate.<init>(FormTemplate.java:44)
at Pages.FormTemplate.<init>(FormTemplate.java:44)
at Pages.FormTemplate.<init>(FormTemplate.java:44)
at Pages.FormTemplate.<init>(FormTemplate.java:44)
at Pages.FormTemplate.<init>(FormTemplate.java:44)
at Pages.FormTemplate.<init>(FormTemplate.java:44)
at Pages.FormTemplate.<init>(FormTemplate.java:44)
at Pages.FormTemplate.<init>(FormTemplate.java:44)
at Pages.FormTemplate.<init>(FormTemplate.java:44)
at Pages.FormTemplate.<init>(FormTemplate.java:44)
at Pages.FormTemplate.<init>(FormTemplate.java:44)
at Pages.FormTemplate.<init>(FormTemplate.java:44)
at Pages.FormTemplate.<init>(FormTemplate.java:44)
at Pages.FormTemplate.<init>(FormTemplate.java:44)
at Pages.FormTemplate.<init>(FormTemplate.java:44)
at Pages.FormTemplate.<init>(FormTemplate.java:44)
at Pages.FormTemplate.<init>(FormTemplate.java:44)
at Pages.FormTemplate.<init>(FormTemplate.java:44)
at Pages.FormTemplate.<init>(FormTemplate.java:44)
at Pages.FormTemplate.<init>(FormTemplate.java:44)
at Pages.FormTemplate.<init>(FormTemplate.java:44)
at Pages.FormTemplate.<init>(FormTemplate.java:44)
at Pages.FormTemplate.<init>(FormTemplate.java:44)
at Pages.FormTemplate.<init>(FormTemplate.java:44)
at Pages.FormTemplate.<init>(FormTemplate.java:44)
at Pages.FormTemplate.<init>(FormTemplate.java:44)
at Pages.FormTemplate.<init>(FormTemplate.java:44)
at Pages.FormTemplate.<init>(FormTemplate.java:44)
at Pages.FormTemplate.<init>(FormTemplate.java:44)
at Pages.FormTemplate.<init>(FormTemplate.java:44)
at Pages.FormTemplate.<init>(FormTemplate.java:44)
at Pages.FormTemplate.<init>(FormTemplate.java:44)
at Pages.FormTemplate.<init>(FormTemplate.java:44)
at Pages.FormTemplate.<init>(FormTemplate.java:44)
at Pages.FormTemplate.<init>(FormTemplate.java:44)
at Pages.FormTemplate.<init>(FormTemplate.java:44)
at Pages.FormTemplate.<init>(FormTemplate.java:44)
at Pages.FormTemplate.<init>(FormTemplate.java:44)
at Pages.FormTemplate.<init>(FormTemplate.java:44)
at Pages.FormTemplate.<init>(FormTemplate.java:44)
at Pages.FormTemplate.<init>(FormTemplate.java:44)
at Pages.FormTemplate.<init>(FormTemplate.java:44)
at Pages.FormTemplate.<init>(FormTemplate.java:44)
at Pages.FormTemplate.<init>(FormTemplate.java:44)
at Pages.FormTemplate.<init>(FormTemplate.java:44)
at Pages.FormTemplate.<init>(FormTemplate.java:44)
at Pages.FormTemplate.<init>(FormTemplate.java:44)
at Pages.FormTemplate.<init>(FormTemplate.java:44)
at Pages.FormTemplate.<init>(FormTemplate.java:44)
at Pages.FormTemplate.<init>(FormTemplate.java:44)
at Pages.FormTemplate.<init>(FormTemplate.java:44)
at Pages.FormTemplate.<init>(FormTemplate.java:44)
at Pages.FormTemplate.<init>(FormTemplate.java:44)
at Pages.FormTemplate.<init>(FormTemplate.java:44)
at Pages.FormTemplate.<init>(FormTemplate.java:44)
at Pages.FormTemplate.<init>(FormTemplate.java:44)
at Pages.FormTemplate.<init>(FormTemplate.java:44)
at Pages.FormTemplate.<init>(FormTemplate.java:44)
at Pages.FormTemplate.<init>(FormTemplate.java:44)
at Pages.FormTemplate.<init>(FormTemplate.java:44)
at Pages.FormTemplate.<init>(FormTemplate.java:44)
at Pages.FormTemplate.<init>(FormTemplate.java:44)
at Pages.FormTemplate.<init>(FormTemplate.java:44)
at Pages.FormTemplate.<init>(FormTemplate.java:44)
at Pages.FormTemplate.<init>(FormTemplate.java:44)
at Pages.FormTemplate.<init>(FormTemplate.java:44)
at Pages.FormTemplate.<init>(FormTemplate.java:44)
at Pages.FormTemplate.<init>(FormTemplate.java:44)
at Pages.FormTemplate.<init>(FormTemplate.java:44)
at Pages.FormTemplate.<init>(FormTemplate.java:44)
at Pages.FormTemplate.<init>(FormTemplate.java:44)
at Pages.FormTemplate.<init>(FormTemplate.java:44)
at Pages.FormTemplate.<init>(FormTemplate.java:44)
at Pages.FormTemplate.<init>(FormTemplate.java:44)
at Pages.FormTemplate.<init>(FormTemplate.java:44)
at Pages.FormTemplate.<init>(FormTemplate.java:44)
at Pages.FormTemplate.<init>(FormTemplate.java:44)
at Pages.FormTemplate.<init>(FormTemplate.java:44)
at Pages.FormTemplate.<init>(FormTemplate.java:44)
at Pages.FormTemplate.<init>(FormTemplate.java:44)
at Pages.FormTemplate.<init>(FormTemplate.java:44)
at Pages.FormTemplate.<init>(FormTemplate.java:44)
at Pages.FormTemplate.<init>(FormTemplate.java:44)
at Pages.FormTemplate.<init>(FormTemplate.java:44)
at Pages.FormTemplate.<init>(FormTemplate.java:44)
at Pages.FormTemplate.<init>(FormTemplate.java:44)
at Pages.FormTemplate.<init>(FormTemplate.java:44)
at Pages.FormTemplate.<init>(FormTemplate.java:44)
at Pages.FormTemplate.<init>(FormTemplate.java:44)
at Pages.FormTemplate.<init>(FormTemplate.java:44)
at Pages.FormTemplate.<init>(FormTemplate.java:44)
at Pages.FormTemplate.<init>(FormTemplate.java:44)
at Pages.FormTemplate.<init>(FormTemplate.java:44)
at Pages.FormTemplate.<init>(FormTemplate.java:44)
at Pages.FormTemplate.<init>(FormTemplate.java:44)
at Pages.FormTemplate.<init>(FormTemplate.java:44)
at Pages.FormTemplate.<init>(FormTemplate.java:44)
at Pages.FormTemplate.<init>(FormTemplate.java:44)
at Pages.FormTemplate.<init>(FormTemplate.java:44)
at Pages.FormTemplate.<init>(FormTemplate.java:44)
at Pages.FormTemplate.<init>(FormTemplate.java:44)
at Pages.FormTemplate.<init>(FormTemplate.java:44)
at Pages.FormTemplate.<init>(FormTemplate.java:44)
at Pages.FormTemplate.<init>(FormTemplate.java:44)
at Pages.FormTemplate.<init>(FormTemplate.java:44)
at Pages.FormTemplate.<init>(FormTemplate.java:44)
at Pages.FormTemplate.<init>(FormTemplate.java:44)
at Pages.FormTemplate.<init>(FormTemplate.java:44)
at Pages.FormTemplate.<init>(FormTemplate.java:44)
at Pages.FormTemplate.<init>(FormTemplate.java:44)
at Pages.FormTemplate.<init>(FormTemplate.java:44)
at Pages.FormTemplate.<init>(FormTemplate.java:44)
at Pages.FormTemplate.<init>(FormTemplate.java:44)
at Pages.FormTemplate.<init>(FormTemplate.java:44)
at Pages.FormTemplate.<init>(FormTemplate.java:44)
at Pages.FormTemplate.<init>(FormTemplate.java:44)
at Pages.FormTemplate.<init>(FormTemplate.java:44)
at Pages.FormTemplate.<init>(FormTemplate.java:44)
at Pages.FormTemplate.<init>(FormTemplate.java:44)
at Pages.FormTemplate.<init>(FormTemplate.java:44)
at Pages.FormTemplate.<init>(FormTemplate.java:44)
at Pages.FormTemplate.<init>(FormTemplate.java:44)
at Pages.FormTemplate.<init>(FormTemplate.java:44)
at Pages.FormTemplate.<init>(FormTemplate.java:44)
at Pages.FormTemplate.<init>(FormTemplate.java:44)
at Pages.FormTemplate.<init>(FormTemplate.java:44)
at Pages.FormTemplate.<init>(FormTemplate.java:44)
at Pages.FormTemplate.<init>(FormTemplate.java:44)
at Pages.FormTemplate.<init>(FormTemplate.java:44)
at Pages.FormTemplate.<init>(FormTemplate.java:44)
at Pages.FormTemplate.<init>(FormTemplate.java:44)
at Pages.FormTemplate.<init>(FormTemplate.java:44)
at Pages.FormTemplate.<init>(FormTemplate.java:44)
at Pages.FormTemplate.<init>(FormTemplate.java:44)
at Pages.FormTemplate.<init>(FormTemplate.java:44)
at Pages.FormTemplate.<init>(FormTemplate.java:44)
at Pages.FormTemplate.<init>(FormTemplate.java:44)
at Pages.FormTemplate.<init>(FormTemplate.java:44)
at Pages.FormTemplate.<init>(FormTemplate.java:44)
at Pages.FormTemplate.<init>(FormTemplate.java:44)
at Pages.FormTemplate.<init>(FormTemplate.java:44)
at Pages.FormTemplate.<init>(FormTemplate.java:44)
at Pages.FormTemplate.<init>(FormTemplate.java:44)
at Pages.FormTemplate.<init>(FormTemplate.java:44)
at Pages.FormTemplate.<init>(FormTemplate.java:44)
at Pages.FormTemplate.<init>(FormTemplate.java:44)
at Pages.FormTemplate.<init>(FormTemplate.java:44)
at Pages.FormTemplate.<init>(FormTemplate.java:44)
at Pages.FormTemplate.<init>(FormTemplate.java:44)
at Pages.FormTemplate.<init>(FormTemplate.java:44)
at Pages.FormTemplate.<init>(FormTemplate.java:44)
at Pages.FormTemplate.<init>(FormTemplate.java:44)
at Pages.FormTemplate.<init>(FormTemplate.java:44)
at Pages.FormTemplate.<init>(FormTemplate.java:44)
at Pages.FormTemplate.<init>(FormTemplate.java:44)
at Pages.FormTemplate.<init>(FormTemplate.java:44)
at Pages.FormTemplate.<init>(FormTemplate.java:44)
at Pages.FormTemplate.<init>(FormTemplate.java:44)
at Pages.FormTemplate.<init>(FormTemplate.java:44)
at Pages.FormTemplate.<init>(FormTemplate.java:44)
at Pages.FormTemplate.<init>(FormTemplate.java:44)
at Pages.FormTemplate.<init>(FormTemplate.java:44)
at Pages.FormTemplate.<init>(FormTemplate.java:44)
at Pages.FormTemplate.<init>(FormTemplate.java:44)
at Pages.FormTemplate.<init>(FormTemplate.java:44)
at Pages.FormTemplate.<init>(FormTemplate.java:44)
at Pages.FormTemplate.<init>(FormTemplate.java:44)
at Pages.FormTemplate.<init>(FormTemplate.java:44)
at Pages.FormTemplate.<init>(FormTemplate.java:44)
at Pages.FormTemplate.<init>(FormTemplate.java:44)
at Pages.FormTemplate.<init>(FormTemplate.java:44)
at Pages.FormTemplate.<init>(FormTemplate.java:44)
at Pages.FormTemplate.<init>(FormTemplate.java:44)
at Pages.FormTemplate.<init>(FormTemplate.java:44)
at Pages.FormTemplate.<init>(FormTemplate.java:44)
at Pages.FormTemplate.<init>(FormTemplate.java:44)
at Pages.FormTemplate.<init>(FormTemplate.java:44)
at Pages.FormTemplate.<init>(FormTemplate.java:44)
at Pages.FormTemplate.<init>(FormTemplate.java:44)
at Pages.FormTemplate.<init>(FormTemplate.java:44)
at Pages.FormTemplate.<init>(FormTemplate.java:44)
at Pages.FormTemplate.<init>(FormTemplate.java:44)
at Pages.FormTemplate.<init>(FormTemplate.java:44)
at Pages.FormTemplate.<init>(FormTemplate.java:44)
at Pages.FormTemplate.<init>(FormTemplate.java:44)
at Pages.FormTemplate.<init>(FormTemplate.java:44)
at Pages.FormTemplate.<init>(FormTemplate.java:44)
at Pages.FormTemplate.<init>(FormTemplate.java:44)
at Pages.FormTemplate.<init>(FormTemplate.java:44)
at Pages.FormTemplate.<init>(FormTemplate.java:44)
at Pages.FormTemplate.<init>(FormTemplate.java:44)
at Pages.FormTemplate.<init>(FormTemplate.java:44)
at Pages.FormTemplate.<init>(FormTemplate.java:44)
at Pages.FormTemplate.<init>(FormTemplate.java:44)
at Pages.FormTemplate.<init>(FormTemplate.java:44)
at Pages.FormTemplate.<init>(FormTemplate.java:44)
at Pages.FormTemplate.<init>(FormTemplate.java:44)
at Pages.FormTemplate.<init>(FormTemplate.java:44)
at Pages.FormTemplate.<init>(FormTemplate.java:44)
at Pages.FormTemplate.<init>(FormTemplate.java:44)
at Pages.FormTemplate.<init>(FormTemplate.java:44)
at Pages.FormTemplate.<init>(FormTemplate.java:44)
at Pages.FormTemplate.<init>(FormTemplate.java:44)
at Pages.FormTemplate.<init>(FormTemplate.java:44)
at Pages.FormTemplate.<init>(FormTemplate.java:44)
at Pages.FormTemplate.<init>(FormTemplate.java:44)
at Pages.FormTemplate.<init>(FormTemplate.java:44)
at Pages.FormTemplate.<init>(FormTemplate.java:44)
at Pages.FormTemplate.<init>(FormTemplate.java:44)
at Pages.FormTemplate.<init>(FormTemplate.java:44)
at Pages.FormTemplate.<init>(FormTemplate.java:44)
at Pages.FormTemplate.<init>(FormTemplate.java:44)
at Pages.FormTemplate.<init>(FormTemplate.java:44)
at Pages.FormTemplate.<init>(FormTemplate.java:44)
at Pages.FormTemplate.<init>(FormTemplate.java:44)
at Pages.FormTemplate.<init>(FormTemplate.java:44)
at Pages.FormTemplate.<init>(FormTemplate.java:44)
at Pages.FormTemplate.<init>(FormTemplate.java:44)
at Pages.FormTemplate.<init>(FormTemplate.java:44)
at Pages.FormTemplate.<init>(FormTemplate.java:44)
at Pages.FormTemplate.<init>(FormTemplate.java:44)
at Pages.FormTemplate.<init>(FormTemplate.java:44)
at Pages.FormTemplate.<init>(FormTemplate.java:44)
at Pages.FormTemplate.<init>(FormTemplate.java:44)
at Pages.FormTemplate.<init>(FormTemplate.java:44)
at Pages.FormTemplate.<init>(FormTemplate.java:44)
at Pages.FormTemplate.<init>(FormTemplate.java:44)
at Pages.FormTemplate.<init>(FormTemplate.java:44)
at Pages.FormTemplate.<init>(FormTemplate.java:44)
at Pages.FormTemplate.<init>(FormTemplate.java:44)
at Pages.FormTemplate.<init>(FormTemplate.java:44)
at Pages.FormTemplate.<init>(FormTemplate.java:44)
at Pages.FormTemplate.<init>(FormTemplate.java:44)
at Pages.FormTemplate.<init>(FormTemplate.java:44)
at Pages.FormTemplate.<init>(FormTemplate.java:44)
at Pages.FormTemplate.<init>(FormTemplate.java:44)
at Pages.FormTemplate.<init>(FormTemplate.java:44)
at Pages.FormTemplate.<init>(FormTemplate.java:44)
at Pages.FormTemplate.<init>(FormTemplate.java:44)
at Pages.FormTemplate.<init>(FormTemplate.java:44)
at Pages.FormTemplate.<init>(FormTemplate.java:44)
at Pages.FormTemplate.<init>(FormTemplate.java:44)
at Pages.FormTemplate.<init>(FormTemplate.java:44)
at Pages.FormTemplate.<init>(FormTemplate.java:44)
at Pages.FormTemplate.<init>(FormTemplate.java:44)
at Pages.FormTemplate.<init>(FormTemplate.java:44)
at Pages.FormTemplate.<init>(FormTemplate.java:44)
at Pages.FormTemplate.<init>(FormTemplate.java:44)
at Pages.FormTemplate.<init>(FormTemplate.java:44)
at Pages.FormTemplate.<init>(FormTemplate.java:44)
at Pages.FormTemplate.<init>(FormTemplate.java:44)
at Pages.FormTemplate.<init>(FormTemplate.java:44)
at Pages.FormTemplate.<init>(FormTemplate.java:44)
at Pages.FormTemplate.<init>(FormTemplate.java:44)
at Pages.FormTemplate.<init>(FormTemplate.java:44)
at Pages.FormTemplate.<init>(FormTemplate.java:44)
at Pages.FormTemplate.<init>(FormTemplate.java:44)
at Pages.FormTemplate.<init>(FormTemplate.java:44)
at Pages.FormTemplate.<init>(FormTemplate.java:44)
at Pages.FormTemplate.<init>(FormTemplate.java:44)
at Pages.FormTemplate.<init>(FormTemplate.java:44)
at Pages.FormTemplate.<init>(FormTemplate.java:44)
at Pages.FormTemplate.<init>(FormTemplate.java:44)
at Pages.FormTemplate.<init>(FormTemplate.java:44)
at Pages.FormTemplate.<init>(FormTemplate.java:44)
at Pages.FormTemplate.<init>(FormTemplate.java:44)
at Pages.FormTemplate.<init>(FormTemplate.java:44)
at Pages.FormTemplate.<init>(FormTemplate.java:44)
at Pages.FormTemplate.<init>(FormTemplate.java:44)
at Pages.FormTemplate.<init>(FormTemplate.java:44)
at Pages.FormTemplate.<init>(FormTemplate.java:44)
at Pages.FormTemplate.<init>(FormTemplate.java:44)
at Pages.FormTemplate.<init>(FormTemplate.java:44)
at Pages.FormTemplate.<init>(FormTemplate.java:44)
at Pages.FormTemplate.<init>(FormTemplate.java:44)
at Pages.FormTemplate.<init>(FormTemplate.java:44)
at Pages.FormTemplate.<init>(FormTemplate.java:44)
at Pages.FormTemplate.<init>(FormTemplate.java:44)
at Pages.FormTemplate.<init>(FormTemplate.java:44)
at Pages.FormTemplate.<init>(FormTemplate.java:44)
at Pages.FormTemplate.<init>(FormTemplate.java:44)
at Pages.FormTemplate.<init>(FormTemplate.java:44)
at Pages.FormTemplate.<init>(FormTemplate.java:44)
at Pages.FormTemplate.<init>(FormTemplate.java:44)
at Pages.FormTemplate.<init>(FormTemplate.java:44)
at Pages.FormTemplate.<init>(FormTemplate.java:44)
at Pages.FormTemplate.<init>(FormTemplate.java:44)
at Pages.FormTemplate.<init>(FormTemplate.java:44)
at Pages.FormTemplate.<init>(FormTemplate.java:44)
at Pages.FormTemplate.<init>(FormTemplate.java:44)
at Pages.FormTemplate.<init>(FormTemplate.java:44)
at Pages.FormTemplate.<init>(FormTemplate.java:44)
at Pages.FormTemplate.<init>(FormTemplate.java:44)
at Pages.FormTemplate.<init>(FormTemplate.java:44)
at Pages.FormTemplate.<init>(FormTemplate.java:44)
at Pages.FormTemplate.<init>(FormTemplate.java:44)
at Pages.FormTemplate.<init>(FormTemplate.java:44)
at Pages.FormTemplate.<init>(FormTemplate.java:44)
at Pages.FormTemplate.<init>(FormTemplate.java:44)
at Pages.FormTemplate.<init>(FormTemplate.java:44)
at Pages.FormTemplate.<init>(FormTemplate.java:44)
at Pages.FormTemplate.<init>(FormTemplate.java:44)
at Pages.FormTemplate.<init>(FormTemplate.java:44)
at Pages.FormTemplate.<init>(FormTemplate.java:44)
at Pages.FormTemplate.<init>(FormTemplate.java:44)
at Pages.FormTemplate.<init>(FormTemplate.java:44)
at Pages.FormTemplate.<init>(FormTemplate.java:44)
at Pages.FormTemplate.<init>(FormTemplate.java:44)
at Pages.FormTemplate.<init>(FormTemplate.java:44)
at Pages.FormTemplate.<init>(FormTemplate.java:44)
at Pages.FormTemplate.<init>(FormTemplate.java:44)
at Pages.FormTemplate.<init>(FormTemplate.java:44)
at Pages.FormTemplate.<init>(FormTemplate.java:44)
at Pages.FormTemplate.<init>(FormTemplate.java:44)
at Pages.FormTemplate.<init>(FormTemplate.java:44)
at Pages.FormTemplate.<init>(FormTemplate.java:44)
at Pages.FormTemplate.<init>(FormTemplate.java:44)
at Pages.FormTemplate.<init>(FormTemplate.java:44)
at Pages.FormTemplate.<init>(FormTemplate.java:44)
at Pages.FormTemplate.<init>(FormTemplate.java:44)
at Pages.FormTemplate.<init>(FormTemplate.java:44)
at Pages.FormTemplate.<init>(FormTemplate.java:44)
at Pages.FormTemplate.<init>(FormTemplate.java:44)
at Pages.FormTemplate.<init>(FormTemplate.java:44)
at Pages.FormTemplate.<init>(FormTemplate.java:44)
at Pages.FormTemplate.<init>(FormTemplate.java:44)
at Pages.FormTemplate.<init>(FormTemplate.java:44)
at Pages.FormTemplate.<init>(FormTemplate.java:44)
at Pages.FormTemplate.<init>(FormTemplate.java:44)
at Pages.FormTemplate.<init>(FormTemplate.java:44)
at Pages.FormTemplate.<init>(FormTemplate.java:44)
at Pages.FormTemplate.<init>(FormTemplate.java:44)
at Pages.FormTemplate.<init>(FormTemplate.java:44)
at Pages.FormTemplate.<init>(FormTemplate.java:44)
at Pages.FormTemplate.<init>(FormTemplate.java:44)
at Pages.FormTemplate.<init>(FormTemplate.java:44)
at Pages.FormTemplate.<init>(FormTemplate.java:44)
at Pages.FormTemplate.<init>(FormTemplate.java:44)
at Pages.FormTemplate.<init>(FormTemplate.java:44)
at Pages.FormTemplate.<init>(FormTemplate.java:44)
at Pages.FormTemplate.<init>(FormTemplate.java:44)
at Pages.FormTemplate.<init>(FormTemplate.java:44)
at Pages.FormTemplate.<init>(FormTemplate.java:44)
at Pages.FormTemplate.<init>(FormTemplate.java:44)
at Pages.FormTemplate.<init>(FormTemplate.java:44)
at Pages.FormTemplate.<init>(FormTemplate.java:44)
at Pages.FormTemplate.<init>(FormTemplate.java:44)
at Pages.FormTemplate.<init>(FormTemplate.java:44)
at Pages.FormTemplate.<init>(FormTemplate.java:44)
at Pages.FormTemplate.<init>(FormTemplate.java:44)
at Pages.FormTemplate.<init>(FormTemplate.java:44)
at Pages.FormTemplate.<init>(FormTemplate.java:44)
at Pages.FormTemplate.<init>(FormTemplate.java:44)
at Pages.FormTemplate.<init>(FormTemplate.java:44)
at Pages.FormTemplate.<init>(FormTemplate.java:44)
at Pages.FormTemplate.<init>(FormTemplate.java:44)
at Pages.FormTemplate.<init>(FormTemplate.java:44)
at Pages.FormTemplate.<init>(FormTemplate.java:44)
at Pages.FormTemplate.<init>(FormTemplate.java:44)
at Pages.FormTemplate.<init>(FormTemplate.java:44)
at Pages.FormTemplate.<init>(FormTemplate.java:44)
at Pages.FormTemplate.<init>(FormTemplate.java:44)
at Pages.FormTemplate.<init>(FormTemplate.java:44)
at Pages.FormTemplate.<init>(FormTemplate.java:44)
at Pages.FormTemplate.<init>(FormTemplate.java:44)
at Pages.FormTemplate.<init>(FormTemplate.java:44)
at Pages.FormTemplate.<init>(FormTemplate.java:44)
at Pages.FormTemplate.<init>(FormTemplate.java:44)
at Pages.FormTemplate.<init>(FormTemplate.java:44)
at Pages.FormTemplate.<init>(FormTemplate.java:44)
at Pages.FormTemplate.<init>(FormTemplate.java:44)
at Pages.FormTemplate.<init>(FormTemplate.java:44)
at Pages.FormTemplate.<init>(FormTemplate.java:44)
at Pages.FormTemplate.<init>(FormTemplate.java:44)
at Pages.FormTemplate.<init>(FormTemplate.java:44)
at Pages.FormTemplate.<init>(FormTemplate.java:44)
at Pages.FormTemplate.<init>(FormTemplate.java:44)
at Pages.FormTemplate.<init>(FormTemplate.java:44)
at Pages.FormTemplate.<init>(FormTemplate.java:44)
at Pages.FormTemplate.<init>(FormTemplate.java:44)
at Pages.FormTemplate.<init>(FormTemplate.java:44)
at Pages.FormTemplate.<init>(FormTemplate.java:44)
at Pages.FormTemplate.<init>(FormTemplate.java:44)
at Pages.FormTemplate.<init>(FormTemplate.java:44)
at Pages.FormTemplate.<init>(FormTemplate.java:44)
at Pages.FormTemplate.<init>(FormTemplate.java:44)
at Pages.FormTemplate.<init>(FormTemplate.java:44)
at Pages.FormTemplate.<init>(FormTemplate.java:44)
at Pages.FormTemplate.<init>(FormTemplate.java:44)
at Pages.FormTemplate.<init>(FormTemplate.java:44)
at Pages.FormTemplate.<init>(FormTemplate.java:44)
at Pages.FormTemplate.<init>(FormTemplate.java:44)
at Pages.FormTemplate.<init>(FormTemplate.java:44)
at Pages.FormTemplate.<init>(FormTemplate.java:44)
at Pages.FormTemplate.<init>(FormTemplate.java:44)
at Pages.FormTemplate.<init>(FormTemplate.java:44)
at Pages.FormTemplate.<init>(FormTemplate.java:44)
at Pages.FormTemplate.<init>(FormTemplate.java:44)
at Pages.FormTemplate.<init>(FormTemplate.java:44)
at Pages.FormTemplate.<init>(FormTemplate.java:44)
at Pages.FormTemplate.<init>(FormTemplate.java:44)
at Pages.FormTemplate.<init>(FormTemplate.java:44)
at Pages.FormTemplate.<init>(FormTemplate.java:44)
at Pages.FormTemplate.<init>(FormTemplate.java:44)
at Pages.FormTemplate.<init>(FormTemplate.java:44)
at Pages.FormTemplate.<init>(FormTemplate.java:44)
at Pages.FormTemplate.<init>(FormTemplate.java:44)
at Pages.FormTemplate.<init>(FormTemplate.java:44)
at Pages.FormTemplate.<init>(FormTemplate.java:44)
at Pages.FormTemplate.<init>(FormTemplate.java:44)
at Pages.FormTemplate.<init>(FormTemplate.java:44)
at Pages.FormTemplate.<init>(FormTemplate.java:44)
at Pages.FormTemplate.<init>(FormTemplate.java:44)
at Pages.FormTemplate.<init>(FormTemplate.java:44)
at Pages.FormTemplate.<init>(FormTemplate.java:44)
at Pages.FormTemplate.<init>(FormTemplate.java:44)
at Pages.FormTemplate.<init>(FormTemplate.java:44)
at Pages.FormTemplate.<init>(FormTemplate.java:44)
at Pages.FormTemplate.<init>(FormTemplate.java:44)
at Pages.FormTemplate.<init>(FormTemplate.java:44)
at Pages.FormTemplate.<init>(FormTemplate.java:44)
at Pages.FormTemplate.<init>(FormTemplate.java:44)
at Pages.FormTemplate.<init>(FormTemplate.java:44)
at Pages.FormTemplate.<init>(FormTemplate.java:44)
at Pages.FormTemplate.<init>(FormTemplate.java:44)
at Pages.FormTemplate.<init>(FormTemplate.java:44)
at Pages.FormTemplate.<init>(FormTemplate.java:44)
at Pages.FormTemplate.<init>(FormTemplate.java:44)
at Pages.FormTemplate.<init>(FormTemplate.java:44)
at Pages.FormTemplate.<init>(FormTemplate.java:44)
at Pages.FormTemplate.<init>(FormTemplate.java:44)
at Pages.FormTemplate.<init>(FormTemplate.java:44)
at Pages.FormTemplate.<init>(FormTemplate.java:44)
at Pages.FormTemplate.<init>(FormTemplate.java:44)
at Pages.FormTemplate.<init>(FormTemplate.java:44)
at Pages.FormTemplate.<init>(FormTemplate.java:44)
at Pages.FormTemplate.<init>(FormTemplate.java:44)
at Pages.FormTemplate.<init>(FormTemplate.java:44)
at Pages.FormTemplate.<init>(FormTemplate.java:44)
at Pages.FormTemplate.<init>(FormTemplate.java:44)
at Pages.FormTemplate.<init>(FormTemplate.java:44)
at Pages.FormTemplate.<init>(FormTemplate.java:44)
at Pages.FormTemplate.<init>(FormTemplate.java:44)
at Pages.FormTemplate.<init>(FormTemplate.java:44)
[...]
at Pages.FormTemplate.<init>(FormTemplate.java:44)
at Pages.FormTemplate.<init>(FormTemplate.java:44)
at Pages.FormTemplate.<init>(FormTemplate.java:44)
at Pages.FormTemplate.<init>(FormTemplate.java:44)
at Pages.FormTemplate.<init>(FormTemplate.java:44)
at Pages.FormTemplate.<init>(FormTemplate.java:44)
at Pages.FormTemplate.<init>(FormTemplate.java:44)
at Pages.FormTemplate.<init>(FormTemplate.java:44)
at Pages.FormTemplate.<init>(FormTemplate.java:44)
at Pages.FormTemplate.<init>(FormTemplate.java:44)
at Pages.FormTemplate.<init>(FormTemplate.java:44)
at Pages.FormTemplate.<init>(FormTemplate.java:44)
at Pages.FormTemplate.<init>(FormTemplate.java:44)
at Pages.FormTemplate.<init>(FormTemplate.java:44)
at Pages.FormTemplate.<init>(FormTemplate.java:44)
at Pages.FormTemplate.<init>(FormTemplate.java:44)
at Pages.FormTemplate.<init>(FormTemplate.java:44)
at Pages.FormTemplate.<init>(FormTemplate.java:44)
at Pages.FormTemplate.<init>(FormTemplate.java:44)
at Pages.FormTemplate.<init>(FormTemplate.java:44)
at Pages.FormTemplate.<init>(FormTemplate.java:44)
at Pages.FormTemplate.<init>(FormTemplate.java:44)
at Pages.FormTemplate.<init>(FormTemplate.java:44)
at Pages.FormTemplate.<init>(FormTemplate.java:44)
at Pages.FormTemplate.<init>(FormTemplate.java:44)
at Pages.FormTemplate.<init>(FormTemplate.java:44)
at Pages.FormTemplate.<init>(FormTemplate.java:44)
at Pages.FormTemplate.<init>(FormTemplate.java:44)
at Pages.FormTemplate.<init>(FormTemplate.java:44)
at Pages.FormTemplate.<init>(FormTemplate.java:44)
at Pages.FormTemplate.<init>(FormTemplate.java:44)
at Pages.FormTemplate.<init>(FormTemplate.java:44)
at Pages.FormTemplate.<init>(FormTemplate.java:44)
at Pages.FormTemplate.<init>(FormTemplate.java:44)
at Pages.FormTemplate.<init>(FormTemplate.java:44)
at Pages.FormTemplate.<init>(FormTemplate.java:44)
at Pages.FormTemplate.<init>(FormTemplate.java:44)
at Pages.FormTemplate.<init>(FormTemplate.java:44)
at Pages.FormTemplate.<init>(FormTemplate.java:44)
at Pages.FormTemplate.<init>(FormTemplate.java:44)
at Pages.FormTemplate.<init>(FormTemplate.java:44)
at Pages.FormTemplate.<init>(FormTemplate.java:44)
at Pages.FormTemplate.<init>(FormTemplate.java:44)
at Pages.FormTemplate.<init>(FormTemplate.java:44)
at Pages.FormTemplate.<init>(FormTemplate.java:44)
at Pages.FormTemplate.<init>(FormTemplate.java:44)
at Pages.FormTemplate.<init>(FormTemplate.java:44)
at Pages.FormTemplate.<init>(FormTemplate.java:44)
at Pages.FormTemplate.<init>(FormTemplate.java:44)
at Pages.FormTemplate.<init>(FormTemplate.java:44)
at Pages.FormTemplate.<init>(FormTemplate.java:44)
at Pages.FormTemplate.<init>(FormTemplate.java:44)
at Pages.FormTemplate.<init>(FormTemplate.java:44)
at Pages.FormTemplate.<init>(FormTemplate.java:44)
at Pages.FormTemplate.<init>(FormTemplate.java:44)
at Pages.FormTemplate.<init>(FormTemplate.java:44)
at Pages.FormTemplate.<init>(FormTemplate.java:44)
at Pages.FormTemplate.<init>(FormTemplate.java:44)
at Pages.FormTemplate.<init>(FormTemplate.java:44)
at Pages.FormTemplate.<init>(FormTemplate.java:44)
at Pages.FormTemplate.<init>(FormTemplate.java:44)
at Pages.FormTemplate.<init>(FormTemplate.java:44)
at Pages.FormTemplate.<init>(FormTemplate.java:44)
at Pages.FormTemplate.<init>(FormTemplate.java:44)
at Pages.FormTemplate.<init>(FormTemplate.java:44)
at Pages.FormTemplate.<init>(FormTemplate.java:44)
at Pages.FormTemplate.<init>(FormTemplate.java:44)
at Pages.FormTemplate.<init>(FormTemplate.java:44)
at Pages.FormTemplate.<init>(FormTemplate.java:44)
at Pages.FormTemplate.<init>(FormTemplate.java:44)
at Pages.FormTemplate.<init>(FormTemplate.java:44)
at Pages.FormTemplate.<init>(FormTemplate.java:44)
at Pages.FormTemplate.<init>(FormTemplate.java:44)
at Pages.FormTemplate.<init>(FormTemplate.java:44)
at Pages.FormTemplate.<init>(FormTemplate.java:44)
at Pages.FormTemplate.<init>(FormTemplate.java:44)
at Pages.FormTemplate.<init>(FormTemplate.java:44)
at Pages.FormTemplate.<init>(FormTemplate.java:44)
at Pages.FormTemplate.<init>(FormTemplate.java:44)
at Pages.FormTemplate.<init>(FormTemplate.java:44)
at Pages.FormTemplate.<init>(FormTemplate.java:44)
at Pages.FormTemplate.<init>(FormTemplate.java:44)
at Pages.FormTemplate.<init>(FormTemplate.java:44)
at Pages.FormTemplate.<init>(FormTemplate.java:44)
at Pages.FormTemplate.<init>(FormTemplate.java:44)
at Pages.FormTemplate.<init>(FormTemplate.java:44)
at Pages.FormTemplate.<init>(FormTemplate.java:44)
at Pages.FormTemplate.<init>(FormTemplate.java:44)
at Pages.FormTemplate.<init>(FormTemplate.java:44)
at Pages.FormTemplate.<init>(FormTemplate.java:44)
at Pages.FormTemplate.<init>(FormTemplate.java:44)
at Pages.FormTemplate.<init>(FormTemplate.java:44)
at Pages.FormTemplate.<init>(FormTemplate.java:44)
at Pages.FormTemplate.<init>(FormTemplate.java:44)
at Pages.FormTemplate.<init>(FormTemplate.java:44)
at Pages.FormTemplate.<init>(FormTemplate.java:44)
at Pages.FormTemplate.<init>(FormTemplate.java:44)
at Pages.FormTemplate.<init>(FormTemplate.java:44)
at Pages.FormTemplate.<init>(FormTemplate.java:44)
at Pages.FormTemplate.<init>(FormTemplate.java:44)
at Pages.FormTemplate.<init>(FormTemplate.java:44)
at Pages.FormTemplate.<init>(FormTemplate.java:44)
at Pages.FormTemplate.<init>(FormTemplate.java:44)
at Pages.FormTemplate.<init>(FormTemplate.java:44)
at Pages.FormTemplate.<init>(FormTemplate.java:44)
at Pages.FormTemplate.<init>(FormTemplate.java:44)
at Pages.FormTemplate.<init>(FormTemplate.java:44)
at Pages.FormTemplate.<init>(FormTemplate.java:44)
at Pages.FormTemplate.<init>(FormTemplate.java:44)
at Pages.FormTemplate.<init>(FormTemplate.java:44)
at Pages.FormTemplate.<init>(FormTemplate.java:44)
at Pages.FormTemplate.<init>(FormTemplate.java:44)
at Pages.FormTemplate.<init>(FormTemplate.java:44)
at Pages.FormTemplate.<init>(FormTemplate.java:44)
at Pages.FormTemplate.<init>(FormTemplate.java:44)
at Pages.FormTemplate.<init>(FormTemplate.java:44)
at Pages.FormTemplate.<init>(FormTemplate.java:44)
at Pages.FormTemplate.<init>(FormTemplate.java:44)
at Pages.FormTemplate.<init>(FormTemplate.java:44)
at Pages.FormTemplate.<init>(FormTemplate.java:44)
at Pages.FormTemplate.<init>(FormTemplate.java:44)
at Pages.FormTemplate.<init>(FormTemplate.java:44)
at Pages.FormTemplate.<init>(FormTemplate.java:44)
at Pages.FormTemplate.<init>(FormTemplate.java:44)
at Pages.FormTemplate.<init>(FormTemplate.java:44)
at Pages.FormTemplate.<init>(FormTemplate.java:44)
at Pages.FormTemplate.<init>(FormTemplate.java:44)
at Pages.FormTemplate.<init>(FormTemplate.java:44)
at Pages.FormTemplate.<init>(FormTemplate.java:44)
at Pages.FormTemplate.<init>(FormTemplate.java:44)
at Pages.FormTemplate.<init>(FormTemplate.java:44)
at Pages.FormTemplate.<init>(FormTemplate.java:44)
at Pages.FormTemplate.<init>(FormTemplate.java:44)
at Pages.FormTemplate.<init>(FormTemplate.java:44)
at Pages.FormTemplate.<init>(FormTemplate.java:44)
at Pages.FormTemplate.<init>(FormTemplate.java:44)
at Pages.FormTemplate.<init>(FormTemplate.java:44)
at Pages.FormTemplate.<init>(FormTemplate.java:44)
at Pages.FormTemplate.<init>(FormTemplate.java:44)
at Pages.FormTemplate.<init>(FormTemplate.java:44)
at Pages.FormTemplate.<init>(FormTemplate.java:44)
at Pages.FormTemplate.<init>(FormTemplate.java:44)
at Pages.FormTemplate.<init>(FormTemplate.java:44)
at Pages.FormTemplate.<init>(FormTemplate.java:44)
at Pages.FormTemplate.<init>(FormTemplate.java:44)
at Pages.FormTemplate.<init>(FormTemplate.java:44)
at Pages.FormTemplate.<init>(FormTemplate.java:44)
at Pages.FormTemplate.<init>(FormTemplate.java:44)
at Pages.FormTemplate.<init>(FormTemplate.java:44)
at Pages.FormTemplate.<init>(FormTemplate.java:44)
at Pages.FormTemplate.<init>(FormTemplate.java:44)
at Pages.FormTemplate.<init>(FormTemplate.java:44)
at Pages.FormTemplate.<init>(FormTemplate.java:44)
at Pages.FormTemplate.<init>(FormTemplate.java:44)
at Pages.FormTemplate.<init>(FormTemplate.java:44)
at Pages.FormTemplate.<init>(FormTemplate.java:44)
at Pages.FormTemplate.<init>(FormTemplate.java:44)
at Pages.FormTemplate.<init>(FormTemplate.java:44)
at Pages.FormTemplate.<init>(FormTemplate.java:44)
at Pages.FormTemplate.<init>(FormTemplate.java:44)
at Pages.FormTemplate.<init>(FormTemplate.java:44)
at Pages.FormTemplate.<init>(FormTemplate.java:44)
at Pages.FormTemplate.<init>(FormTemplate.java:44)
at Pages.FormTemplate.<init>(FormTemplate.java:44)
at Pages.FormTemplate.<init>(FormTemplate.java:44)
at Pages.FormTemplate.<init>(FormTemplate.java:44)
at Pages.FormTemplate.<init>(FormTemplate.java:44)
at Pages.FormTemplate.<init>(FormTemplate.java:44)
at Pages.FormTemplate.<init>(FormTemplate.java:44)
at Pages.FormTemplate.<init>(FormTemplate.java:44)
at Pages.FormTemplate.<init>(FormTemplate.java:44)
at Pages.FormTemplate.<init>(FormTemplate.java:44)
at Pages.FormTemplate.<init>(FormTemplate.java:44)
at Pages.FormTemplate.<init>(FormTemplate.java:44)
at Pages.FormTemplate.<init>(FormTemplate.java:44)
at Pages.FormTemplate.<init>(FormTemplate.java:44)
at Pages.FormTemplate.<init>(FormTemplate.java:44)
at Pages.FormTemplate.<init>(FormTemplate.java:44)
at Pages.FormTemplate.<init>(FormTemplate.java:44)
at Pages.FormTemplate.<init>(FormTemplate.java:44)
at Pages.FormTemplate.<init>(FormTemplate.java:44)
at Pages.FormTemplate.<init>(FormTemplate.java:44)
at Pages.FormTemplate.<init>(FormTemplate.java:44)
at Pages.FormTemplate.<init>(FormTemplate.java:44)
at Pages.FormTemplate.<init>(FormTemplate.java:44)
at Pages.FormTemplate.<init>(FormTemplate.java:44)
at Pages.FormTemplate.<init>(FormTemplate.java:44)
at Pages.FormTemplate.<init>(FormTemplate.java:44)
at Pages.FormTemplate.<init>(FormTemplate.java:44)
at Pages.FormTemplate.<init>(FormTemplate.java:44)
at Pages.FormTemplate.<init>(FormTemplate.java:44)
at Pages.FormTemplate.<init>(FormTemplate.java:44)
at Pages.FormTemplate.<init>(FormTemplate.java:44)
at Pages.FormTemplate.<init>(FormTemplate.java:44)
at Pages.FormTemplate.<init>(FormTemplate.java:44)
at Pages.FormTemplate.<init>(FormTemplate.java:44)
at Pages.FormTemplate.<init>(FormTemplate.java:44)
at Pages.FormTemplate.<init>(FormTemplate.java:44)
at Pages.FormTemplate.<init>(FormTemplate.java:44)
at Pages.FormTemplate.<init>(FormTemplate.java:44)
at Pages.FormTemplate.<init>(FormTemplate.java:44)
at Pages.FormTemplate.<init>(FormTemplate.java:44)
at Pages.FormTemplate.<init>(FormTemplate.java:44)
at Pages.FormTemplate.<init>(FormTemplate.java:44)
at Pages.FormTemplate.<init>(FormTemplate.java:44)
at Pages.FormTemplate.<init>(FormTemplate.java:44)
at Pages.FormTemplate.<init>(FormTemplate.java:44)
at Pages.FormTemplate.<init>(FormTemplate.java:44)
at Pages.FormTemplate.<init>(FormTemplate.java:44)
at Pages.FormTemplate.<init>(FormTemplate.java:44)
at Pages.FormTemplate.<init>(FormTemplate.java:44)
at Pages.FormTemplate.<init>(FormTemplate.java:44)
at Pages.FormTemplate.<init>(FormTemplate.java:44)
at Pages.FormTemplate.<init>(FormTemplate.java:44)
at Pages.FormTemplate.<init>(FormTemplate.java:44)
at Pages.FormTemplate.<init>(FormTemplate.java:44)
at Pages.FormTemplate.<init>(FormTemplate.java:44)
at Pages.FormTemplate.<init>(FormTemplate.java:44)
at Pages.FormTemplate.<init>(FormTemplate.java:44)
at Pages.FormTemplate.<init>(FormTemplate.java:44)
at Pages.FormTemplate.<init>(FormTemplate.java:44)
at Pages.FormTemplate.<init>(FormTemplate.java:44)
at Pages.FormTemplate.<init>(FormTemplate.java:44)
at Pages.FormTemplate.<init>(FormTemplate.java:44)
at Pages.FormTemplate.<init>(FormTemplate.java:44)
at Pages.FormTemplate.<init>(FormTemplate.java:44)
at Pages.FormTemplate.<init>(FormTemplate.java:44)
at Pages.FormTemplate.<init>(FormTemplate.java:44)
at Pages.FormTemplate.<init>(FormTemplate.java:44)
at Pages.FormTemplate.<init>(FormTemplate.java:44)
at Pages.FormTemplate.<init>(FormTemplate.java:44)
at Pages.FormTemplate.<init>(FormTemplate.java:44)
at Pages.FormTemplate.<init>(FormTemplate.java:44)
at Pages.FormTemplate.<init>(FormTemplate.java:44)
at Pages.FormTemplate.<init>(FormTemplate.java:44)
at Pages.FormTemplate.<init>(FormTemplate.java:44)
at Pages.FormTemplate.<init>(FormTemplate.java:44)
at Pages.FormTemplate.<init>(FormTemplate.java:44)
at Pages.FormTemplate.<init>(FormTemplate.java:44)
at Pages.FormTemplate.<init>(FormTemplate.java:44)
at Pages.FormTemplate.<init>(FormTemplate.java:44)
at Pages.FormTemplate.<init>(FormTemplate.java:44)
at Pages.FormTemplate.<init>(FormTemplate.java:44)
at Pages.FormTemplate.<init>(FormTemplate.java:44)
at Pages.FormTemplate.<init>(FormTemplate.java:44)
at Pages.FormTemplate.<init>(FormTemplate.java:44)
at Pages.FormTemplate.<init>(FormTemplate.java:44)
at Pages.FormTemplate.<init>(FormTemplate.java:44)
at Pages.FormTemplate.<init>(FormTemplate.java:44)
at Pages.FormTemplate.<init>(FormTemplate.java:44)
at Pages.FormTemplate.<init>(FormTemplate.java:44)
at Pages.FormTemplate.<init>(FormTemplate.java:44)
at Pages.FormTemplate.<init>(FormTemplate.java:44)
at Pages.FormTemplate.<init>(FormTemplate.java:44)
at Pages.FormTemplate.<init>(FormTemplate.java:44)
at Pages.FormTemplate.<init>(FormTemplate.java:44)
at Pages.FormTemplate.<init>(FormTemplate.java:44)
at Pages.FormTemplate.<init>(FormTemplate.java:44)
at Pages.FormTemplate.<init>(FormTemplate.java:44)
at Pages.FormTemplate.<init>(FormTemplate.java:44)
at Pages.FormTemplate.<init>(FormTemplate.java:44)
at Pages.FormTemplate.<init>(FormTemplate.java:44)
at Pages.FormTemplate.<init>(FormTemplate.java:44)
at Pages.FormTemplate.<init>(FormTemplate.java:44)
at Pages.FormTemplate.<init>(FormTemplate.java:44)
at Pages.FormTemplate.<init>(FormTemplate.java:44)
at Pages.FormTemplate.<init>(FormTemplate.java:44)
at Pages.FormTemplate.<init>(FormTemplate.java:44)
at Pages.FormTemplate.<init>(FormTemplate.java:44)
at Pages.FormTemplate.<init>(FormTemplate.java:44)
at Pages.FormTemplate.<init>(FormTemplate.java:44)
at Pages.FormTemplate.<init>(FormTemplate.java:44)
at Pages.FormTemplate.<init>(FormTemplate.java:44)
at Pages.FormTemplate.<init>(FormTemplate.java:44)
at Pages.FormTemplate.<init>(FormTemplate.java:44)
at Pages.FormTemplate.<init>(FormTemplate.java:44)
at Pages.FormTemplate.<init>(FormTemplate.java:44)
at Pages.FormTemplate.<init>(FormTemplate.java:44)
at Pages.FormTemplate.<init>(FormTemplate.java:44)
at Pages.FormTemplate.<init>(FormTemplate.java:44)
at Pages.FormTemplate.<init>(FormTemplate.java:44)
at Pages.FormTemplate.<init>(FormTemplate.java:44)
at Pages.FormTemplate.<init>(FormTemplate.java:44)
at Pages.FormTemplate.<init>(FormTemplate.java:44)
at Pages.FormTemplate.<init>(FormTemplate.java:44)
at Pages.FormTemplate.<init>(FormTemplate.java:44)
at Pages.FormTemplate.<init>(FormTemplate.java:44)
at Pages.FormTemplate.<init>(FormTemplate.java:44)
at Pages.FormTemplate.<init>(FormTemplate.java:44)
at Pages.FormTemplate.<init>(FormTemplate.java:44)
at Pages.FormTemplate.<init>(FormTemplate.java:44)
at Pages.FormTemplate.<init>(FormTemplate.java:44)
at Pages.FormTemplate.<init>(FormTemplate.java:44)
at Pages.FormTemplate.<init>(FormTemplate.java:44)
at Pages.FormTemplate.<init>(FormTemplate.java:44)
at Pages.FormTemplate.<init>(FormTemplate.java:44)
at Pages.FormTemplate.<init>(FormTemplate.java:44)
at Pages.FormTemplate.<init>(FormTemplate.java:44)
at Pages.FormTemplate.<init>(FormTemplate.java:44)
at Pages.FormTemplate.<init>(FormTemplate.java:44)
at Pages.FormTemplate.<init>(FormTemplate.java:44)
at Pages.FormTemplate.<init>(FormTemplate.java:44)
at Pages.FormTemplate.<init>(FormTemplate.java:44)
at Pages.FormTemplate.<init>(FormTemplate.java:44)
at Pages.FormTemplate.<init>(FormTemplate.java:44)
at Pages.FormTemplate.<init>(FormTemplate.java:44)
at Pages.FormTemplate.<init>(FormTemplate.java:44)
at Pages.FormTemplate.<init>(FormTemplate.java:44)
at Pages.FormTemplate.<init>(FormTemplate.java:44)
at Pages.FormTemplate.<init>(FormTemplate.java:44)
at Pages.FormTemplate.<init>(FormTemplate.java:44)
at Pages.FormTemplate.<init>(FormTemplate.java:44)
at Pages.FormTemplate.<init>(FormTemplate.java:44)
at Pages.FormTemplate.<init>(FormTemplate.java:44)
at Pages.FormTemplate.<init>(FormTemplate.java:44)
at Pages.FormTemplate.<init>(FormTemplate.java:44)
at Pages.FormTemplate.<init>(FormTemplate.java:44)
at Pages.FormTemplate.<init>(FormTemplate.java:44)
at Pages.FormTemplate.<init>(FormTemplate.java:44)
at Pages.FormTemplate.<init>(FormTemplate.java:44)
at Pages.FormTemplate.<init>(FormTemplate.java:44)
at Pages.FormTemplate.<init>(FormTemplate.java:44)
at Pages.FormTemplate.<init>(FormTemplate.java:44)
at Pages.FormTemplate.<init>(FormTemplate.java:44)
at Pages.FormTemplate.<init>(FormTemplate.java:44)
at Pages.FormTemplate.<init>(FormTemplate.java:44)
at Pages.FormTemplate.<init>(FormTemplate.java:44)
at Pages.FormTemplate.<init>(FormTemplate.java:44)
at Pages.FormTemplate.<init>(FormTemplate.java:44)
at Pages.FormTemplate.<init>(FormTemplate.java:44)
at Pages.FormTemplate.<init>(FormTemplate.java:44)
at Pages.FormTemplate.<init>(FormTemplate.java:44)
at Pages.FormTemplate.<init>(FormTemplate.java:44)
at Pages.FormTemplate.<init>(FormTemplate.java:44)
at Pages.FormTemplate.<init>(FormTemplate.java:44)
at Pages.FormTemplate.<init>(FormTemplate.java:44)
at Pages.FormTemplate.<init>(FormTemplate.java:44)
at Pages.FormTemplate.<init>(FormTemplate.java:44)
at Pages.FormTemplate.<init>(FormTemplate.java:44)
at Pages.FormTemplate.<init>(FormTemplate.java:44)
at Pages.FormTemplate.<init>(FormTemplate.java:44)
at Pages.FormTemplate.<init>(FormTemplate.java:44)
at Pages.FormTemplate.<init>(FormTemplate.java:44)
at Pages.FormTemplate.<init>(FormTemplate.java:44)
at Pages.FormTemplate.<init>(FormTemplate.java:44)
at Pages.FormTemplate.<init>(FormTemplate.java:44)
at Pages.FormTemplate.<init>(FormTemplate.java:44)
at Pages.FormTemplate.<init>(FormTemplate.java:44)
at Pages.FormTemplate.<init>(FormTemplate.java:44)
at Pages.FormTemplate.<init>(FormTemplate.java:44)
at Pages.FormTemplate.<init>(FormTemplate.java:44)
at Pages.FormTemplate.<init>(FormTemplate.java:44)
at Pages.FormTemplate.<init>(FormTemplate.java:44)
at Pages.FormTemplate.<init>(FormTemplate.java:44)
at Pages.FormTemplate.<init>(FormTemplate.java:44)
at Pages.FormTemplate.<init>(FormTemplate.java:44)
at Pages.FormTemplate.<init>(FormTemplate.java:44)
at Pages.FormTemplate.<init>(FormTemplate.java:44)
at Pages.FormTemplate.<init>(FormTemplate.java:44)
at Pages.FormTemplate.<init>(FormTemplate.java:44)
at Pages.FormTemplate.<init>(FormTemplate.java:44)
at Pages.FormTemplate.<init>(FormTemplate.java:44)
at Pages.FormTemplate.<init>(FormTemplate.java:44)
at Pages.FormTemplate.<init>(FormTemplate.java:44)
at Pages.FormTemplate.<init>(FormTemplate.java:44)
at Pages.FormTemplate.<init>(FormTemplate.java:44)
at Pages.FormTemplate.<init>(FormTemplate.java:44)
at Pages.FormTemplate.<init>(FormTemplate.java:44)
at Pages.FormTemplate.<init>(FormTemplate.java:44)
at Pages.FormTemplate.<init>(FormTemplate.java:44)
at Pages.FormTemplate.<init>(FormTemplate.java:44)
at Pages.FormTemplate.<init>(FormTemplate.java:44)
at Pages.FormTemplate.<init>(FormTemplate.java:44)
at Pages.FormTemplate.<init>(FormTemplate.java:44)
at Pages.FormTemplate.<init>(FormTemplate.java:44)
at Pages.FormTemplate.<init>(FormTemplate.java:44)
at Pages.FormTemplate.<init>(FormTemplate.java:44)
at Pages.FormTemplate.<init>(FormTemplate.java:44)
at Pages.FormTemplate.<init>(FormTemplate.java:44)
at Pages.FormTemplate.<init>(FormTemplate.java:44)
at Pages.FormTemplate.<init>(FormTemplate.java:44)
at Pages.FormTemplate.<init>(FormTemplate.java:44)
at Pages.FormTemplate.<init>(FormTemplate.java:44)
at Pages.FormTemplate.<init>(FormTemplate.java:44)
at Pages.FormTemplate.<init>(FormTemplate.java:44)
]]>
            </full-stacktrace>
          </exception> <!-- java.lang.StackOverflowError -->
          <reporter-output>
          </reporter-output>
        </test-method> <!-- AdvancedQRReader -->
      </class> <!-- TestCase.FormTemplate_Testcases -->
    </test> <!-- Default test -->
  </suite> <!-- Default suite -->
</testng-results>
