<?xml version="1.0" encoding="UTF-8"?>
<testng-results ignored="48" total="49" passed="0" failed="1" skipped="0">
  <reporter-output>
  </reporter-output>
  <suite started-at="2024-06-01T12:54:58 IST" name="Default suite" finished-at="2024-06-01T12:56:15 IST" duration-ms="76676">
    <groups>
    </groups>
    <test started-at="2024-06-01T12:54:58 IST" name="Default test" finished-at="2024-06-01T12:56:15 IST" duration-ms="76676">
      <class name="TestCase.TestCases_Prudhvi1">
        <test-method is-config="true" signature="Start()[pri:0, instance:TestCase.TestCases_Prudhvi1@71d44a3]" started-at="2024-06-01T12:54:59 IST" name="Start" finished-at="2024-06-01T12:55:13 IST" duration-ms="14619" status="PASS">
          <reporter-output>
          </reporter-output>
        </test-method> <!-- Start -->
        <test-method signature="changeDocument()[pri:47, instance:TestCase.TestCases_Prudhvi1@71d44a3]" started-at="2024-06-01T12:55:13 IST" name="changeDocument" finished-at="2024-06-01T12:56:15 IST" duration-ms="61471" status="FAIL">
          <exception class="java.io.IOException">
            <message>
              <![CDATA[Cannot run program "C:\Work": CreateProcess error=193, %1 is not a valid Win32 application]]>
            </message>
            <full-stacktrace>
              <![CDATA[java.io.IOException: Cannot run program "C:\Work": CreateProcess error=193, %1 is not a valid Win32 application
at java.base/java.lang.ProcessBuilder.start(ProcessBuilder.java:1170)
at java.base/java.lang.ProcessBuilder.start(ProcessBuilder.java:1089)
at java.base/java.lang.Runtime.exec(Runtime.java:681)
at java.base/java.lang.Runtime.exec(Runtime.java:491)
at java.base/java.lang.Runtime.exec(Runtime.java:366)
at Pages.DocumentsScenarios1.Fileuploads(DocumentsScenarios1.java:487)
at TestCase.TestCases_Prudhvi1.changeDocument(TestCases_Prudhvi1.java:1473)
at java.base/jdk.internal.reflect.DirectMethodHandleAccessor.invoke(DirectMethodHandleAccessor.java:103)
at java.base/java.lang.reflect.Method.invoke(Method.java:580)
at org.testng.internal.MethodInvocationHelper.invokeMethod(MethodInvocationHelper.java:133)
at org.testng.internal.TestInvoker.invokeMethod(TestInvoker.java:598)
at org.testng.internal.TestInvoker.invokeTestMethod(TestInvoker.java:173)
at org.testng.internal.MethodRunner.runInSequence(MethodRunner.java:46)
at org.testng.internal.TestInvoker$MethodInvocationAgent.invoke(TestInvoker.java:824)
at org.testng.internal.TestInvoker.invokeTestMethods(TestInvoker.java:146)
at org.testng.internal.TestMethodWorker.invokeTestMethods(TestMethodWorker.java:146)
at org.testng.internal.TestMethodWorker.run(TestMethodWorker.java:128)
at java.base/java.util.ArrayList.forEach(ArrayList.java:1596)
at org.testng.TestRunner.privateRun(TestRunner.java:794)
at org.testng.TestRunner.run(TestRunner.java:596)
at org.testng.SuiteRunner.runTest(SuiteRunner.java:377)
at org.testng.SuiteRunner.runSequentially(SuiteRunner.java:371)
at org.testng.SuiteRunner.privateRun(SuiteRunner.java:332)
at org.testng.SuiteRunner.run(SuiteRunner.java:276)
at org.testng.SuiteRunnerWorker.runSuite(SuiteRunnerWorker.java:53)
at org.testng.SuiteRunnerWorker.run(SuiteRunnerWorker.java:96)
at org.testng.TestNG.runSuitesSequentially(TestNG.java:1212)
at org.testng.TestNG.runSuitesLocally(TestNG.java:1134)
at org.testng.TestNG.runSuites(TestNG.java:1063)
at org.testng.TestNG.run(TestNG.java:1031)
at org.testng.remote.AbstractRemoteTestNG.run(AbstractRemoteTestNG.java:115)
at org.testng.remote.RemoteTestNG.initAndRun(RemoteTestNG.java:293)
at org.testng.remote.RemoteTestNG.main(RemoteTestNG.java:91)
Caused by: java.io.IOException: CreateProcess error=193, %1 is not a valid Win32 application
at java.base/java.lang.ProcessImpl.create(Native Method)
at java.base/java.lang.ProcessImpl.<init>(ProcessImpl.java:500)
at java.base/java.lang.ProcessImpl.start(ProcessImpl.java:159)
at java.base/java.lang.ProcessBuilder.start(ProcessBuilder.java:1126)
... 32 more
]]>
            </full-stacktrace>
          </exception> <!-- java.io.IOException -->
          <reporter-output>
          </reporter-output>
        </test-method> <!-- changeDocument -->
        <test-method is-config="true" signature="quit()[pri:0, instance:TestCase.TestCases_Prudhvi1@71d44a3]" started-at="2024-06-01T12:56:15 IST" name="quit" finished-at="2024-06-01T12:56:15 IST" duration-ms="395" status="PASS">
          <reporter-output>
          </reporter-output>
        </test-method> <!-- quit -->
      </class> <!-- TestCase.TestCases_Prudhvi1 -->
    </test> <!-- Default test -->
  </suite> <!-- Default suite -->
</testng-results>
