<?xml version="1.0" encoding="UTF-8"?>
<testng-results ignored="49" total="50" passed="1" failed="0" skipped="0">
  <reporter-output>
  </reporter-output>
  <suite started-at="2024-05-25T20:42:12 IST" name="Default suite" finished-at="2024-05-25T20:48:17 IST" duration-ms="365689">
    <groups>
    </groups>
    <test started-at="2024-05-25T20:42:12 IST" name="Default test" finished-at="2024-05-25T20:48:17 IST" duration-ms="365689">
      <class name="TestCase.TestCases_Prudhvi1">
        <test-method is-config="true" signature="Start()[pri:0, instance:TestCase.TestCases_Prudhvi1@6e9175d8]" started-at="2024-05-25T20:42:12 IST" name="Start" finished-at="2024-05-25T20:42:23 IST" duration-ms="10864" status="PASS">
          <reporter-output>
          </reporter-output>
        </test-method> <!-- Start -->
        <test-method signature="BlankDocWithEnforcement()[pri:1, instance:TestCase.TestCases_Prudhvi1@6e9175d8]" started-at="2024-05-25T20:42:23 IST" name="BlankDocWithEnforcement" finished-at="2024-05-25T20:48:17 IST" duration-ms="354211" status="PASS">
          <reporter-output>
          </reporter-output>
        </test-method> <!-- BlankDocWithEnforcement -->
        <test-method is-config="true" signature="quit()[pri:0, instance:TestCase.TestCases_Prudhvi1@6e9175d8]" started-at="2024-05-25T20:48:17 IST" name="quit" finished-at="2024-05-25T20:48:17 IST" duration-ms="579" status="PASS">
          <reporter-output>
          </reporter-output>
        </test-method> <!-- quit -->
      </class> <!-- TestCase.TestCases_Prudhvi1 -->
    </test> <!-- Default test -->
  </suite> <!-- Default suite -->
</testng-results>
