<?xml version="1.0" encoding="UTF-8"?>
<testng-results ignored="0" total="1" passed="1" failed="0" skipped="0">
  <reporter-output>
  </reporter-output>
  <suite started-at="2024-05-21T11:39:53 IST" name="MyTestSuite" finished-at="2024-05-21T11:41:02 IST" duration-ms="68134">
    <groups>
    </groups>
    <test started-at="2024-05-21T11:39:53 IST" name="Docscenarios Test Run" finished-at="2024-05-21T11:41:02 IST" duration-ms="68134">
      <class name="TestCase.LoginPageTest">
        <test-method is-config="true" signature="Start()[pri:0, instance:TestCase.LoginPageTest@4b45a2f5]" started-at="2024-05-21T11:39:54 IST" name="Start" finished-at="2024-05-21T11:40:06 IST" duration-ms="12449" status="PASS">
          <reporter-output>
          </reporter-output>
        </test-method> <!-- Start -->
        <test-method signature="Review()[pri:0, instance:TestCase.LoginPageTest@4b45a2f5]" started-at="2024-05-21T11:40:06 IST" name="Review" finished-at="2024-05-21T11:41:02 IST" duration-ms="55490" status="PASS">
          <reporter-output>
          </reporter-output>
        </test-method> <!-- Review -->
      </class> <!-- TestCase.LoginPageTest -->
    </test> <!-- Docscenarios Test Run -->
  </suite> <!-- MyTestSuite -->
</testng-results>
