<?xml version="1.0" encoding="UTF-8"?>
<testng-results ignored="49" total="50" passed="1" failed="0" skipped="0">
  <reporter-output>
  </reporter-output>
  <suite started-at="2024-05-28T12:06:47 IST" name="Default suite" finished-at="2024-05-28T12:13:43 IST" duration-ms="415889">
    <groups>
    </groups>
    <test started-at="2024-05-28T12:06:47 IST" name="Default test" finished-at="2024-05-28T12:13:43 IST" duration-ms="415889">
      <class name="TestCase.TestCases_Prudhvi1">
        <test-method is-config="true" signature="Start()[pri:0, instance:TestCase.TestCases_Prudhvi1@4b741d6d]" started-at="2024-05-28T12:06:47 IST" name="Start" finished-at="2024-05-28T12:06:56 IST" duration-ms="9389" status="PASS">
          <reporter-output>
          </reporter-output>
        </test-method> <!-- Start -->
        <test-method signature="BlankDocWithEnforcementWithoutAutofill()[pri:3, instance:TestCase.TestCases_Prudhvi1@4b741d6d]" started-at="2024-05-28T12:06:56 IST" name="BlankDocWithEnforcementWithoutAutofill" finished-at="2024-05-28T12:13:42 IST" duration-ms="405702" status="PASS">
          <reporter-output>
          </reporter-output>
        </test-method> <!-- BlankDocWithEnforcementWithoutAutofill -->
        <test-method is-config="true" signature="quit()[pri:0, instance:TestCase.TestCases_Prudhvi1@4b741d6d]" started-at="2024-05-28T12:13:42 IST" name="quit" finished-at="2024-05-28T12:13:43 IST" duration-ms="618" status="PASS">
          <reporter-output>
          </reporter-output>
        </test-method> <!-- quit -->
      </class> <!-- TestCase.TestCases_Prudhvi1 -->
    </test> <!-- Default test -->
  </suite> <!-- Default suite -->
</testng-results>
