<?xml version="1.0" encoding="UTF-8"?>
<testng-results ignored="43" total="44" passed="1" failed="0" skipped="0">
  <reporter-output>
  </reporter-output>
  <suite started-at="2024-05-29T16:25:30 IST" name="Default suite" finished-at="2024-05-29T16:27:02 IST" duration-ms="92348">
    <groups>
    </groups>
    <test started-at="2024-05-29T16:25:30 IST" name="Default test" finished-at="2024-05-29T16:27:02 IST" duration-ms="92348">
      <class name="TestCase.TestCases_Prudhvi1">
        <test-method is-config="true" signature="Start()[pri:0, instance:TestCase.TestCases_Prudhvi1@4218d6a3]" started-at="2024-05-29T16:25:30 IST" name="Start" finished-at="2024-05-29T16:25:45 IST" duration-ms="14745" status="PASS">
          <reporter-output>
          </reporter-output>
        </test-method> <!-- Start -->
        <test-method signature="uploadpdfFile()[pri:7, instance:TestCase.TestCases_Prudhvi1@4218d6a3]" started-at="2024-05-29T16:25:45 IST" name="uploadpdfFile" finished-at="2024-05-29T16:27:02 IST" duration-ms="76664" status="PASS">
          <reporter-output>
          </reporter-output>
        </test-method> <!-- uploadpdfFile -->
        <test-method is-config="true" signature="quit()[pri:0, instance:TestCase.TestCases_Prudhvi1@4218d6a3]" started-at="2024-05-29T16:27:02 IST" name="quit" finished-at="2024-05-29T16:27:02 IST" duration-ms="530" status="PASS">
          <reporter-output>
          </reporter-output>
        </test-method> <!-- quit -->
      </class> <!-- TestCase.TestCases_Prudhvi1 -->
    </test> <!-- Default test -->
  </suite> <!-- Default suite -->
</testng-results>
