<?xml version="1.0" encoding="UTF-8"?>
<testng-results ignored="46" total="47" passed="1" failed="0" skipped="0">
  <reporter-output>
  </reporter-output>
  <suite started-at="2024-07-26T11:22:23 IST" name="Default suite" finished-at="2024-07-26T11:30:09 IST" duration-ms="465594">
    <groups>
    </groups>
    <test started-at="2024-07-26T11:22:23 IST" name="Default test" finished-at="2024-07-26T11:30:09 IST" duration-ms="465594">
      <class name="TestCase.TestCases_Prudhvi1">
        <test-method is-config="true" signature="start()[pri:0, instance:TestCase.TestCases_Prudhvi1@5b12b668]" started-at="2024-07-26T11:22:23 IST" name="start" finished-at="2024-07-26T11:22:34 IST" duration-ms="10582" status="PASS">
          <reporter-output>
          </reporter-output>
        </test-method> <!-- start -->
        <test-method signature="BlankDocWithEnforcement()[pri:1, instance:TestCase.TestCases_Prudhvi1@5b12b668]" started-at="2024-07-26T11:22:34 IST" name="BlankDocWithEnforcement" finished-at="2024-07-26T11:30:09 IST" duration-ms="454775" status="PASS">
          <reporter-output>
          </reporter-output>
        </test-method> <!-- BlankDocWithEnforcement -->
      </class> <!-- TestCase.TestCases_Prudhvi1 -->
    </test> <!-- Default test -->
  </suite> <!-- Default suite -->
</testng-results>
