<?xml version="1.0" encoding="UTF-8"?>
<testng-results ignored="54" total="55" passed="1" failed="0" skipped="0">
  <reporter-output>
  </reporter-output>
  <suite started-at="2024-09-04T15:31:37 IST" name="Default suite" finished-at="2024-09-04T15:32:26 IST" duration-ms="49030">
    <groups>
    </groups>
    <test started-at="2024-09-04T15:31:37 IST" name="Default test" finished-at="2024-09-04T15:32:26 IST" duration-ms="49030">
      <class name="TestCase.TC_RelatedToWorkflows_meghana">
        <test-method is-config="true" signature="Start()[pri:0, instance:TestCase.TC_RelatedToWorkflows_meghana@6743e411]" started-at="2024-09-04T15:31:37 IST" name="Start" finished-at="2024-09-04T15:31:57 IST" duration-ms="20152" status="PASS">
          <reporter-output>
          </reporter-output>
        </test-method> <!-- Start -->
        <test-method signature="clickWF()[pri:1, instance:TestCase.TC_RelatedToWorkflows_meghana@6743e411]" started-at="2024-09-04T15:31:57 IST" name="clickWF" finished-at="2024-09-04T15:32:26 IST" duration-ms="28413" status="PASS">
          <reporter-output>
          </reporter-output>
        </test-method> <!-- clickWF -->
        <test-method is-config="true" signature="quit()[pri:0, instance:TestCase.TC_RelatedToWorkflows_meghana@6743e411]" started-at="2024-09-04T15:32:26 IST" name="quit" finished-at="2024-09-04T15:32:26 IST" duration-ms="243" status="PASS">
          <reporter-output>
          </reporter-output>
        </test-method> <!-- quit -->
      </class> <!-- TestCase.TC_RelatedToWorkflows_meghana -->
    </test> <!-- Default test -->
  </suite> <!-- Default suite -->
</testng-results>
