<?xml version="1.0" encoding="UTF-8"?>
<testng-results ignored="1" total="2" passed="1" failed="0" skipped="0">
  <reporter-output>
  </reporter-output>
  <suite started-at="2024-09-03T18:22:41 IST" name="Default suite" finished-at="2024-09-03T18:23:17 IST" duration-ms="36345">
    <groups>
    </groups>
    <test started-at="2024-09-03T18:22:41 IST" name="Default test" finished-at="2024-09-03T18:23:17 IST" duration-ms="36345">
      <class name="TestCase.LoginPageTest">
        <test-method is-config="true" signature="Start()[pri:0, instance:TestCase.LoginPageTest@5bf0d49]" started-at="2024-09-03T18:22:41 IST" name="Start" finished-at="2024-09-03T18:22:50 IST" duration-ms="9326" status="PASS">
          <reporter-output>
          </reporter-output>
        </test-method> <!-- Start -->
        <test-method signature="Verifyscrool()[pri:0, instance:TestCase.LoginPageTest@5bf0d49]" started-at="2024-09-03T18:22:50 IST" name="Verifyscrool" finished-at="2024-09-03T18:23:17 IST" duration-ms="26658" status="PASS">
          <reporter-output>
          </reporter-output>
        </test-method> <!-- Verifyscrool -->
      </class> <!-- TestCase.LoginPageTest -->
    </test> <!-- Default test -->
  </suite> <!-- Default suite -->
</testng-results>
