<?xml version="1.0" encoding="UTF-8"?>
<testng-results ignored="83" total="84" passed="1" failed="0" skipped="0">
  <reporter-output>
  </reporter-output>
  <suite started-at="2024-06-18T11:32:11 IST" name="Default suite" finished-at="2024-06-18T11:34:39 IST" duration-ms="147689">
    <groups>
    </groups>
    <test started-at="2024-06-18T11:32:11 IST" name="Default test" finished-at="2024-06-18T11:34:39 IST" duration-ms="147689">
      <class name="TestCase.TestCases_Prudhvi2">
        <test-method is-config="true" signature="initialize()[pri:0, instance:TestCase.TestCases_Prudhvi2@5542c4ed]" started-at="2024-06-18T11:32:11 IST" name="initialize" finished-at="2024-06-18T11:32:19 IST" duration-ms="7989" status="PASS">
          <reporter-output>
          </reporter-output>
        </test-method> <!-- initialize -->
        <test-method signature="VerifyDaftsentdocument()[pri:42, instance:TestCase.TestCases_Prudhvi2@5542c4ed]" started-at="2024-06-18T11:32:19 IST" name="VerifyDaftsentdocument" finished-at="2024-06-18T11:34:39 IST" duration-ms="139422" status="PASS">
          <reporter-output>
          </reporter-output>
        </test-method> <!-- VerifyDaftsentdocument -->
        <test-method is-config="true" signature="quit()[pri:0, instance:TestCase.TestCases_Prudhvi2@5542c4ed]" started-at="2024-06-18T11:34:39 IST" name="quit" finished-at="2024-06-18T11:34:39 IST" duration-ms="60" status="PASS">
          <reporter-output>
          </reporter-output>
        </test-method> <!-- quit -->
      </class> <!-- TestCase.TestCases_Prudhvi2 -->
    </test> <!-- Default test -->
  </suite> <!-- Default suite -->
</testng-results>
