<?xml version="1.0" encoding="UTF-8"?>
<testng-results ignored="49" total="50" passed="1" failed="0" skipped="0">
  <reporter-output>
  </reporter-output>
  <suite started-at="2024-05-26T10:49:32 IST" name="Default suite" finished-at="2024-05-26T10:50:57 IST" duration-ms="84408">
    <groups>
    </groups>
    <test started-at="2024-05-26T10:49:32 IST" name="Default test" finished-at="2024-05-26T10:50:57 IST" duration-ms="84408">
      <class name="TestCase.TestCases_Prudhvi1">
        <test-method is-config="true" signature="Start()[pri:0, instance:TestCase.TestCases_Prudhvi1@4b741d6d]" started-at="2024-05-26T10:49:33 IST" name="Start" finished-at="2024-05-26T10:49:43 IST" duration-ms="10500" status="PASS">
          <reporter-output>
          </reporter-output>
        </test-method> <!-- Start -->
        <test-method signature="uploadpdfFile()[pri:7, instance:TestCase.TestCases_Prudhvi1@4b741d6d]" started-at="2024-05-26T10:49:43 IST" name="uploadpdfFile" finished-at="2024-05-26T10:50:56 IST" duration-ms="73369" status="PASS">
          <reporter-output>
          </reporter-output>
        </test-method> <!-- uploadpdfFile -->
        <test-method is-config="true" signature="quit()[pri:0, instance:TestCase.TestCases_Prudhvi1@4b741d6d]" started-at="2024-05-26T10:50:57 IST" name="quit" finished-at="2024-05-26T10:50:57 IST" duration-ms="314" status="PASS">
          <reporter-output>
          </reporter-output>
        </test-method> <!-- quit -->
      </class> <!-- TestCase.TestCases_Prudhvi1 -->
    </test> <!-- Default test -->
  </suite> <!-- Default suite -->
</testng-results>
