<?xml version="1.0" encoding="UTF-8"?>
<testng-results ignored="0" total="1" passed="1" failed="0" skipped="0">
  <reporter-output>
  </reporter-output>
  <suite started-at="2024-03-13T12:11:13 IST" name="MyTestSuite" finished-at="2024-03-13T12:11:33 IST" duration-ms="19741">
    <groups>
    </groups>
    <test started-at="2024-03-13T12:11:13 IST" name="Docscenarios Test Run" finished-at="2024-03-13T12:11:33 IST" duration-ms="19741">
      <class name="TestCase.LoginPageTest">
        <test-method is-config="true" signature="Start()[pri:0, instance:TestCase.LoginPageTest@6340e5f0]" started-at="2024-03-13T12:11:13 IST" name="Start" finished-at="2024-03-13T12:11:22 IST" duration-ms="9332" status="PASS">
          <reporter-output>
          </reporter-output>
        </test-method> <!-- Start -->
        <test-method signature="Review()[pri:0, instance:TestCase.LoginPageTest@6340e5f0]" started-at="2024-03-13T12:11:22 IST" name="Review" finished-at="2024-03-13T12:11:33 IST" duration-ms="10382" status="PASS">
          <reporter-output>
          </reporter-output>
        </test-method> <!-- Review -->
      </class> <!-- TestCase.LoginPageTest -->
    </test> <!-- Docscenarios Test Run -->
  </suite> <!-- MyTestSuite -->
</testng-results>
