<?xml version="1.0" encoding="UTF-8"?>
<testng-results ignored="1" total="2" passed="1" failed="0" skipped="0">
  <reporter-output>
  </reporter-output>
  <suite started-at="2024-03-29T15:31:07 IST" name="Default suite" finished-at="2024-03-29T15:35:04 IST" duration-ms="237102">
    <groups>
    </groups>
    <test started-at="2024-03-29T15:31:07 IST" name="Default test" finished-at="2024-03-29T15:35:04 IST" duration-ms="237102">
      <class name="TestCase.BugTestcase">
        <test-method is-config="true" signature="Start()[pri:0, instance:TestCase.BugTestcase@1a942c18]" started-at="2024-03-29T15:31:07 IST" name="Start" finished-at="2024-03-29T15:31:15 IST" duration-ms="7168" status="PASS">
          <reporter-output>
          </reporter-output>
        </test-method> <!-- Start -->
        <test-method signature="bug5423()[pri:0, instance:TestCase.BugTestcase@1a942c18]" started-at="2024-03-29T15:31:15 IST" name="bug5423" finished-at="2024-03-29T15:35:04 IST" duration-ms="229728" status="PASS">
          <reporter-output>
          </reporter-output>
        </test-method> <!-- bug5423 -->
      </class> <!-- TestCase.BugTestcase -->
    </test> <!-- Default test -->
  </suite> <!-- Default suite -->
</testng-results>
