<?xml version="1.0" encoding="UTF-8"?>
<testng-results ignored="0" total="1" passed="1" failed="0" skipped="0">
  <reporter-output>
  </reporter-output>
  <suite started-at="2023-12-19T12:11:47 IST" name="Default suite" finished-at="2023-12-19T12:13:18 IST" duration-ms="90979">
    <groups>
    </groups>
    <test started-at="2023-12-19T12:11:47 IST" name="Default test" finished-at="2023-12-19T12:13:18 IST" duration-ms="90979">
      <class name="TestCase.LoginPageTest">
        <test-method is-config="true" signature="intilize()[pri:0, instance:TestCase.LoginPageTest@771a660]" started-at="2023-12-19T12:11:47 IST" name="intilize" finished-at="2023-12-19T12:12:10 IST" duration-ms="23494" status="PASS">
          <reporter-output>
          </reporter-output>
        </test-method> <!-- intilize -->
        <test-method signature="Upload()[pri:0, instance:TestCase.LoginPageTest@771a660]" started-at="2023-12-19T12:12:10 IST" name="Upload" finished-at="2023-12-19T12:13:18 IST" duration-ms="67455" status="PASS">
          <reporter-output>
          </reporter-output>
        </test-method> <!-- Upload -->
      </class> <!-- TestCase.LoginPageTest -->
    </test> <!-- Default test -->
  </suite> <!-- Default suite -->
</testng-results>
