<?xml version="1.0" encoding="UTF-8"?>
<testng-results ignored="46" total="47" passed="1" failed="0" skipped="0">
  <reporter-output>
  </reporter-output>
  <suite started-at="2024-06-17T15:59:34 IST" name="Default suite" finished-at="2024-06-17T16:10:44 IST" duration-ms="669750">
    <groups>
    </groups>
    <test started-at="2024-06-17T15:59:34 IST" name="Default test" finished-at="2024-06-17T16:10:44 IST" duration-ms="669750">
      <class name="TestCase.TestCases_Prudhvi1">
        <test-method is-config="true" signature="start()[pri:0, instance:TestCase.TestCases_Prudhvi1@2b71e916]" started-at="2024-06-17T15:59:35 IST" name="start" finished-at="2024-06-17T15:59:42 IST" duration-ms="7805" status="PASS">
          <reporter-output>
          </reporter-output>
        </test-method> <!-- start -->
        <test-method signature="validRearrangeorderApproverCCSigner()[pri:37, instance:TestCase.TestCases_Prudhvi1@2b71e916]" started-at="2024-06-17T15:59:42 IST" name="validRearrangeorderApproverCCSigner" finished-at="2024-06-17T16:10:44 IST" duration-ms="661737" status="PASS">
          <reporter-output>
          </reporter-output>
        </test-method> <!-- validRearrangeorderApproverCCSigner -->
      </class> <!-- TestCase.TestCases_Prudhvi1 -->
    </test> <!-- Default test -->
  </suite> <!-- Default suite -->
</testng-results>
