<?xml version="1.0" encoding="UTF-8"?>
<testng-results ignored="49" total="50" passed="1" failed="0" skipped="0">
  <reporter-output>
  </reporter-output>
  <suite started-at="2024-05-23T12:48:13 IST" name="Default suite" finished-at="2024-05-23T12:49:31 IST" duration-ms="77805">
    <groups>
    </groups>
    <test started-at="2024-05-23T12:48:13 IST" name="Default test" finished-at="2024-05-23T12:49:31 IST" duration-ms="77805">
      <class name="TestCase.TestCases_Meghana">
        <test-method is-config="true" signature="Start()[pri:0, instance:TestCase.TestCases_Meghana@6e9175d8]" started-at="2024-05-23T12:48:13 IST" name="Start" finished-at="2024-05-23T12:48:23 IST" duration-ms="10053" status="PASS">
          <reporter-output>
          </reporter-output>
        </test-method> <!-- Start -->
        <test-method signature="uploadpdfFile()[pri:7, instance:TestCase.TestCases_Meghana@6e9175d8]" started-at="2024-05-23T12:48:23 IST" name="uploadpdfFile" finished-at="2024-05-23T12:49:29 IST" duration-ms="66286" status="PASS">
          <reporter-output>
          </reporter-output>
        </test-method> <!-- uploadpdfFile -->
        <test-method is-config="true" signature="quit()[pri:0, instance:TestCase.TestCases_Meghana@6e9175d8]" started-at="2024-05-23T12:49:29 IST" name="quit" finished-at="2024-05-23T12:49:31 IST" duration-ms="1429" status="PASS">
          <reporter-output>
          </reporter-output>
        </test-method> <!-- quit -->
      </class> <!-- TestCase.TestCases_Meghana -->
    </test> <!-- Default test -->
  </suite> <!-- Default suite -->
</testng-results>
