<?xml version="1.0" encoding="UTF-8"?>
<testng-results ignored="0" total="1" passed="1" failed="0" skipped="0">
  <reporter-output>
  </reporter-output>
  <suite started-at="2024-05-30T12:17:19 IST" name="Default suite" finished-at="2024-05-30T12:18:37 IST" duration-ms="78489">
    <groups>
    </groups>
    <test started-at="2024-05-30T12:17:19 IST" name="Default test" finished-at="2024-05-30T12:18:37 IST" duration-ms="78489">
      <class name="TestCase.TestCases_Prudhvi1">
        <test-method is-config="true" signature="Start()[pri:0, instance:TestCase.TestCases_Prudhvi1@3c19aaa5]" started-at="2024-05-30T12:17:19 IST" name="Start" finished-at="2024-05-30T12:17:27 IST" duration-ms="7566" status="PASS">
          <reporter-output>
          </reporter-output>
        </test-method> <!-- Start -->
        <test-method signature="uploadpdfFile()[pri:7, instance:TestCase.TestCases_Prudhvi1@3c19aaa5]" started-at="2024-05-30T12:17:27 IST" name="uploadpdfFile" finished-at="2024-05-30T12:18:37 IST" duration-ms="70271" status="PASS">
          <reporter-output>
          </reporter-output>
        </test-method> <!-- uploadpdfFile -->
        <test-method is-config="true" signature="quit()[pri:0, instance:TestCase.TestCases_Prudhvi1@3c19aaa5]" started-at="2024-05-30T12:18:37 IST" name="quit" finished-at="2024-05-30T12:18:37 IST" duration-ms="394" status="PASS">
          <reporter-output>
          </reporter-output>
        </test-method> <!-- quit -->
      </class> <!-- TestCase.TestCases_Prudhvi1 -->
    </test> <!-- Default test -->
  </suite> <!-- Default suite -->
</testng-results>
