<?xml version="1.0" encoding="UTF-8"?>
<testng-results ignored="21" total="22" passed="1" failed="0" skipped="0">
  <reporter-output>
  </reporter-output>
  <suite started-at="2024-02-07T14:54:59 IST" name="Default suite" finished-at="2024-02-07T14:59:59 IST" duration-ms="299858">
    <groups>
    </groups>
    <test started-at="2024-02-07T14:54:59 IST" name="Default test" finished-at="2024-02-07T14:59:59 IST" duration-ms="299858">
      <class name="TestCase.TestCases_Prudhvi">
        <test-method is-config="true" signature="Start()[pri:0, instance:TestCase.TestCases_Prudhvi@d86a6f]" started-at="2024-02-07T14:54:59 IST" name="Start" finished-at="2024-02-07T14:57:08 IST" duration-ms="128441" status="PASS">
          <reporter-output>
          </reporter-output>
        </test-method> <!-- Start -->
        <test-method signature="ValidBlankdocSignerndApprover()[pri:0, instance:TestCase.TestCases_Prudhvi@d86a6f]" started-at="2024-02-07T14:57:08 IST" name="ValidBlankdocSignerndApprover" finished-at="2024-02-07T14:59:59 IST" duration-ms="171390" status="PASS">
          <reporter-output>
          </reporter-output>
        </test-method> <!-- ValidBlankdocSignerndApprover -->
      </class> <!-- TestCase.TestCases_Prudhvi -->
    </test> <!-- Default test -->
  </suite> <!-- Default suite -->
</testng-results>
