<?xml version="1.0" encoding="UTF-8"?>
<testng-results ignored="83" total="84" passed="1" failed="0" skipped="0">
  <reporter-output>
  </reporter-output>
  <suite started-at="2024-06-14T12:33:04 IST" name="Default suite" finished-at="2024-06-14T12:47:52 IST" duration-ms="887794">
    <groups>
    </groups>
    <test started-at="2024-06-14T12:33:04 IST" name="Default test" finished-at="2024-06-14T12:47:52 IST" duration-ms="887794">
      <class name="TestCase.TestCases_Prudhvi2">
        <test-method is-config="true" signature="initialize()[pri:0, instance:TestCase.TestCases_Prudhvi2@7586beff]" started-at="2024-06-14T12:33:04 IST" name="initialize" finished-at="2024-06-14T12:33:11 IST" duration-ms="6839" status="PASS">
          <reporter-output>
          </reporter-output>
        </test-method> <!-- initialize -->
        <test-method signature="VerifyAppSigSenderorderWOEWOA()[pri:30, instance:TestCase.TestCases_Prudhvi2@7586beff]" started-at="2024-06-14T12:33:11 IST" name="VerifyAppSigSenderorderWOEWOA" finished-at="2024-06-14T12:47:52 IST" duration-ms="880738" status="PASS">
          <reporter-output>
          </reporter-output>
        </test-method> <!-- VerifyAppSigSenderorderWOEWOA -->
      </class> <!-- TestCase.TestCases_Prudhvi2 -->
    </test> <!-- Default test -->
  </suite> <!-- Default suite -->
</testng-results>
