<?xml version="1.0" encoding="UTF-8"?>
<testng-results ignored="18" total="19" passed="1" failed="0" skipped="0">
  <reporter-output>
  </reporter-output>
  <suite started-at="2024-07-02T15:16:54 IST" name="Default suite" finished-at="2024-07-02T15:18:59 IST" duration-ms="124675">
    <groups>
    </groups>
    <test started-at="2024-07-02T15:16:54 IST" name="Default test" finished-at="2024-07-02T15:18:59 IST" duration-ms="124675">
      <class name="TestCase.FormTemplate_Testcases">
        <test-method is-config="true" signature="Start()[pri:0, instance:TestCase.FormTemplate_Testcases@618b19ad]" started-at="2024-07-02T15:16:55 IST" name="Start" finished-at="2024-07-02T15:16:59 IST" duration-ms="4404" status="PASS">
          <reporter-output>
          </reporter-output>
        </test-method> <!-- Start -->
        <test-method signature="ContentHorizontalLine()[pri:31, instance:TestCase.FormTemplate_Testcases@618b19ad]" started-at="2024-07-02T15:16:59 IST" name="ContentHorizontalLine" finished-at="2024-07-02T15:18:58 IST" duration-ms="118914" status="PASS">
          <reporter-output>
          </reporter-output>
        </test-method> <!-- ContentHorizontalLine -->
        <test-method is-config="true" signature="Close()[pri:0, instance:TestCase.FormTemplate_Testcases@618b19ad]" started-at="2024-07-02T15:18:58 IST" name="Close" finished-at="2024-07-02T15:18:59 IST" duration-ms="1161" status="PASS">
          <reporter-output>
          </reporter-output>
        </test-method> <!-- Close -->
      </class> <!-- TestCase.FormTemplate_Testcases -->
    </test> <!-- Default test -->
  </suite> <!-- Default suite -->
</testng-results>
