<?xml version="1.0" encoding="UTF-8"?>
<testng-results ignored="2" total="3" passed="1" failed="0" skipped="0">
  <reporter-output>
  </reporter-output>
  <suite started-at="2024-07-25T12:47:57 IST" name="Default suite" finished-at="2024-07-25T12:52:44 IST" duration-ms="286966">
    <groups>
    </groups>
    <test started-at="2024-07-25T12:47:57 IST" name="Default test" finished-at="2024-07-25T12:52:44 IST" duration-ms="286966">
      <class name="TestCase.LoginPageTest">
        <test-method is-config="true" signature="Start()[pri:0, instance:TestCase.LoginPageTest@489115ef]" started-at="2024-07-25T12:47:57 IST" name="Start" finished-at="2024-07-25T12:48:05 IST" duration-ms="7740" status="PASS">
          <reporter-output>
          </reporter-output>
        </test-method> <!-- Start -->
        <test-method signature="addbuilder()[pri:0, instance:TestCase.LoginPageTest@489115ef]" started-at="2024-07-25T12:48:05 IST" name="addbuilder" finished-at="2024-07-25T12:52:44 IST" duration-ms="278935" status="PASS">
          <reporter-output>
          </reporter-output>
        </test-method> <!-- addbuilder -->
      </class> <!-- TestCase.LoginPageTest -->
    </test> <!-- Default test -->
  </suite> <!-- Default suite -->
</testng-results>
