<?xml version="1.0" encoding="UTF-8"?>
<testng-results ignored="48" total="49" passed="0" failed="1" skipped="0">
  <reporter-output>
  </reporter-output>
  <suite started-at="2024-05-01T11:12:08 IST" name="Default suite" finished-at="2024-05-01T11:12:51 IST" duration-ms="42843">
    <groups>
    </groups>
    <test started-at="2024-05-01T11:12:08 IST" name="Default test" finished-at="2024-05-01T11:12:51 IST" duration-ms="42843">
      <class name="TestCase.FormTemplate_Testcases">
        <test-method is-config="true" signature="Start()[pri:0, instance:TestCase.FormTemplate_Testcases@69e153c5]" started-at="2024-05-01T11:12:09 IST" name="Start" finished-at="2024-05-01T11:12:25 IST" duration-ms="16110" status="PASS">
          <reporter-output>
          </reporter-output>
        </test-method> <!-- Start -->
        <test-method signature="AdvancedConcatenate()[pri:0, instance:TestCase.FormTemplate_Testcases@69e153c5]" started-at="2024-05-01T11:12:25 IST" name="AdvancedConcatenate" finished-at="2024-05-01T11:12:51 IST" duration-ms="26544" status="FAIL">
          <exception class="org.openqa.selenium.ElementClickInterceptedException">
            <message>
              <![CDATA[element click intercepted: Element <div class="icon-text">...</div> is not clickable at point (1290, 24). Other element would receive the click: <div class="el-loading-mask is-fullscreen" style="z-index: 2000;">...</div>
  (Session info: chrome=124.0.6367.63)
Build info: version: '4.18.1', revision: 'b1d3319b48'
System info: os.name: 'Windows 11', os.arch: 'amd64', os.version: '10.0', java.version: '21.0.1'
Driver info: org.openqa.selenium.chrome.ChromeDriver
Command: [9537ea575edaace0775ed7ea57f43229, clickElement {id=f.F88C3D5903E5B18971589616942AF21F.d.F1BC4C93D6974ADA001AAE325702DC5D.e.36}]
Capabilities {acceptInsecureCerts: false, browserName: chrome, browserVersion: 124.0.6367.63, chrome: {chromedriverVersion: 124.0.6367.91 (51df0e5e17a8..., userDataDir: C:\Users\PRUDHV~1.BUD\AppDa...}, fedcm:accounts: true, goog:chromeOptions: {debuggerAddress: localhost:58515}, networkConnectionEnabled: false, pageLoadStrategy: normal, platformName: windows, proxy: Proxy(), se:cdp: ws://localhost:58515/devtoo..., se:cdpVersion: 124.0.6367.63, setWindowRect: true, strictFileInteractability: false, timeouts: {implicit: 0, pageLoad: 300000, script: 30000}, unhandledPromptBehavior: dismiss and notify, webauthn:extension:credBlob: true, webauthn:extension:largeBlob: true, webauthn:extension:minPinLength: true, webauthn:extension:prf: true, webauthn:virtualAuthenticators: true}
Element: [[ChromeDriver: chrome on windows (9537ea575edaace0775ed7ea57f43229)] -> xpath: //div[@class='icon-text']]
Session ID: 9537ea575edaace0775ed7ea57f43229]]>
            </message>
            <full-stacktrace>
              <![CDATA[org.openqa.selenium.ElementClickInterceptedException: element click intercepted: Element <div class="icon-text">...</div> is not clickable at point (1290, 24). Other element would receive the click: <div class="el-loading-mask is-fullscreen" style="z-index: 2000;">...</div>
  (Session info: chrome=124.0.6367.63)
Build info: version: '4.18.1', revision: 'b1d3319b48'
System info: os.name: 'Windows 11', os.arch: 'amd64', os.version: '10.0', java.version: '21.0.1'
Driver info: org.openqa.selenium.chrome.ChromeDriver
Command: [9537ea575edaace0775ed7ea57f43229, clickElement {id=f.F88C3D5903E5B18971589616942AF21F.d.F1BC4C93D6974ADA001AAE325702DC5D.e.36}]
Capabilities {acceptInsecureCerts: false, browserName: chrome, browserVersion: 124.0.6367.63, chrome: {chromedriverVersion: 124.0.6367.91 (51df0e5e17a8..., userDataDir: C:\Users\PRUDHV~1.BUD\AppDa...}, fedcm:accounts: true, goog:chromeOptions: {debuggerAddress: localhost:58515}, networkConnectionEnabled: false, pageLoadStrategy: normal, platformName: windows, proxy: Proxy(), se:cdp: ws://localhost:58515/devtoo..., se:cdpVersion: 124.0.6367.63, setWindowRect: true, strictFileInteractability: false, timeouts: {implicit: 0, pageLoad: 300000, script: 30000}, unhandledPromptBehavior: dismiss and notify, webauthn:extension:credBlob: true, webauthn:extension:largeBlob: true, webauthn:extension:minPinLength: true, webauthn:extension:prf: true, webauthn:virtualAuthenticators: true}
Element: [[ChromeDriver: chrome on windows (9537ea575edaace0775ed7ea57f43229)] -> xpath: //div[@class='icon-text']]
Session ID: 9537ea575edaace0775ed7ea57f43229
at java.base/jdk.internal.reflect.DirectConstructorHandleAccessor.newInstance(DirectConstructorHandleAccessor.java:62)
at java.base/java.lang.reflect.Constructor.newInstanceWithCaller(Constructor.java:502)
at java.base/java.lang.reflect.Constructor.newInstance(Constructor.java:486)
at org.openqa.selenium.remote.ErrorCodec.decode(ErrorCodec.java:167)
at org.openqa.selenium.remote.codec.w3c.W3CHttpResponseCodec.decode(W3CHttpResponseCodec.java:138)
at org.openqa.selenium.remote.codec.w3c.W3CHttpResponseCodec.decode(W3CHttpResponseCodec.java:50)
at org.openqa.selenium.remote.HttpCommandExecutor.execute(HttpCommandExecutor.java:190)
at org.openqa.selenium.remote.service.DriverCommandExecutor.invokeExecute(DriverCommandExecutor.java:216)
at org.openqa.selenium.remote.service.DriverCommandExecutor.execute(DriverCommandExecutor.java:174)
at org.openqa.selenium.remote.RemoteWebDriver.execute(RemoteWebDriver.java:519)
at org.openqa.selenium.remote.RemoteWebElement.execute(RemoteWebElement.java:223)
at org.openqa.selenium.remote.RemoteWebElement.click(RemoteWebElement.java:76)
at Pages.MethodActions.waitEle(MethodActions.java:35)
at Pages.FormTemplate.Template(FormTemplate.java:43)
at TestCase.FormTemplate_Testcases.AdvancedConcatenate(FormTemplate_Testcases.java:539)
at java.base/jdk.internal.reflect.DirectMethodHandleAccessor.invoke(DirectMethodHandleAccessor.java:103)
at java.base/java.lang.reflect.Method.invoke(Method.java:580)
at org.testng.internal.MethodInvocationHelper.invokeMethod(MethodInvocationHelper.java:133)
at org.testng.internal.TestInvoker.invokeMethod(TestInvoker.java:598)
at org.testng.internal.TestInvoker.invokeTestMethod(TestInvoker.java:173)
at org.testng.internal.MethodRunner.runInSequence(MethodRunner.java:46)
at org.testng.internal.TestInvoker$MethodInvocationAgent.invoke(TestInvoker.java:824)
at org.testng.internal.TestInvoker.invokeTestMethods(TestInvoker.java:146)
at org.testng.internal.TestMethodWorker.invokeTestMethods(TestMethodWorker.java:146)
at org.testng.internal.TestMethodWorker.run(TestMethodWorker.java:128)
at java.base/java.util.ArrayList.forEach(ArrayList.java:1596)
at org.testng.TestRunner.privateRun(TestRunner.java:794)
at org.testng.TestRunner.run(TestRunner.java:596)
at org.testng.SuiteRunner.runTest(SuiteRunner.java:377)
at org.testng.SuiteRunner.runSequentially(SuiteRunner.java:371)
at org.testng.SuiteRunner.privateRun(SuiteRunner.java:332)
at org.testng.SuiteRunner.run(SuiteRunner.java:276)
at org.testng.SuiteRunnerWorker.runSuite(SuiteRunnerWorker.java:53)
at org.testng.SuiteRunnerWorker.run(SuiteRunnerWorker.java:96)
at org.testng.TestNG.runSuitesSequentially(TestNG.java:1212)
at org.testng.TestNG.runSuitesLocally(TestNG.java:1134)
at org.testng.TestNG.runSuites(TestNG.java:1063)
at org.testng.TestNG.run(TestNG.java:1031)
at org.testng.remote.AbstractRemoteTestNG.run(AbstractRemoteTestNG.java:115)
at org.testng.remote.RemoteTestNG.initAndRun(RemoteTestNG.java:251)
at org.testng.remote.RemoteTestNG.main(RemoteTestNG.java:77)
]]>
            </full-stacktrace>
          </exception> <!-- org.openqa.selenium.ElementClickInterceptedException -->
          <reporter-output>
          </reporter-output>
        </test-method> <!-- AdvancedConcatenate -->
      </class> <!-- TestCase.FormTemplate_Testcases -->
    </test> <!-- Default test -->
  </suite> <!-- Default suite -->
</testng-results>
