<?xml version="1.0" encoding="UTF-8"?>
<!-- Generated by org.testng.reporters.JUnitReportReporter -->
<testsuite hostname="HGT-LAP-310" failures="0" tests="17" name="TestCase.FormTemplate_Testcases_Node2" time="0.007" errors="1" timestamp="2024-05-13T15:57:22 IST" skipped="16">
  <testcase classname="TestCase.FormTemplate_Testcases_Node2" name="Start" time="0.007">
    <error message="Cannot invoke &quot;org.openqa.selenium.WebDriver.manage()&quot; because &quot;this.driver&quot; is null" type="java.lang.NullPointerException">
      <![CDATA[java.lang.NullPointerException: Cannot invoke "org.openqa.selenium.WebDriver.manage()" because "this.driver" is null
at TestBase.testCaseBase.setup(testCaseBase.java:88)
at TestCase.FormTemplate_Testcases_Node2.Start(FormTemplate_Testcases_Node2.java:53)
at java.base/jdk.internal.reflect.DirectMethodHandleAccessor.invoke(DirectMethodHandleAccessor.java:103)
at java.base/java.lang.reflect.Method.invoke(Method.java:580)
at org.testng.internal.MethodInvocationHelper.invokeMethod(MethodInvocationHelper.java:133)
at org.testng.internal.MethodInvocationHelper.invokeMethodConsideringTimeout(MethodInvocationHelper.java:62)
at org.testng.internal.ConfigInvoker.invokeConfigurationMethod(ConfigInvoker.java:385)
at org.testng.internal.ConfigInvoker.invokeConfigurations(ConfigInvoker.java:321)
at org.testng.internal.TestInvoker.runConfigMethods(TestInvoker.java:700)
at org.testng.internal.TestInvoker.invokeMethod(TestInvoker.java:527)
at org.testng.internal.TestInvoker.invokeTestMethod(TestInvoker.java:173)
at org.testng.internal.MethodRunner.runInSequence(MethodRunner.java:46)
at org.testng.internal.TestInvoker$MethodInvocationAgent.invoke(TestInvoker.java:824)
at org.testng.internal.TestInvoker.invokeTestMethods(TestInvoker.java:146)
at org.testng.internal.TestMethodWorker.invokeTestMethods(TestMethodWorker.java:146)
at org.testng.internal.TestMethodWorker.run(TestMethodWorker.java:128)
at java.base/java.util.ArrayList.forEach(ArrayList.java:1596)
at org.testng.TestRunner.privateRun(TestRunner.java:794)
at org.testng.TestRunner.run(TestRunner.java:596)
at org.testng.SuiteRunner.runTest(SuiteRunner.java:377)
at org.testng.SuiteRunner.runSequentially(SuiteRunner.java:371)
at org.testng.SuiteRunner.privateRun(SuiteRunner.java:332)
at org.testng.SuiteRunner.run(SuiteRunner.java:276)
at org.testng.SuiteRunnerWorker.runSuite(SuiteRunnerWorker.java:53)
at org.testng.SuiteRunnerWorker.run(SuiteRunnerWorker.java:96)
at org.testng.TestNG.runSuitesSequentially(TestNG.java:1212)
at org.testng.TestNG.runSuitesLocally(TestNG.java:1134)
at org.testng.TestNG.runSuites(TestNG.java:1063)
at org.testng.TestNG.run(TestNG.java:1031)
at org.testng.remote.AbstractRemoteTestNG.run(AbstractRemoteTestNG.java:115)
at org.testng.remote.RemoteTestNG.initAndRun(RemoteTestNG.java:251)
at org.testng.remote.RemoteTestNG.main(RemoteTestNG.java:77)
]]>
    </error>
  </testcase> <!-- Start -->
  <system-out/>
  <testcase classname="TestCase.FormTemplate_Testcases_Node2" name="BasicFieldsYesORNo" time="0.000">
    <skipped/>
  </testcase> <!-- BasicFieldsYesORNo -->
  <system-out/>
  <testcase classname="TestCase.FormTemplate_Testcases_Node2" name="BasicFieldsCheckbox" time="0.000">
    <skipped/>
  </testcase> <!-- BasicFieldsCheckbox -->
  <system-out/>
  <testcase classname="TestCase.FormTemplate_Testcases_Node2" name="BasicFieldsCheckBoxGroup" time="0.000">
    <skipped/>
  </testcase> <!-- BasicFieldsCheckBoxGroup -->
  <system-out/>
  <testcase classname="TestCase.FormTemplate_Testcases_Node2" name="BasicFieldsDocument" time="0.000">
    <skipped/>
  </testcase> <!-- BasicFieldsDocument -->
  <system-out/>
  <testcase classname="TestCase.FormTemplate_Testcases_Node2" name="BasicFieldsRadio" time="0.000">
    <skipped/>
  </testcase> <!-- BasicFieldsRadio -->
  <system-out/>
  <testcase classname="TestCase.FormTemplate_Testcases_Node2" name="BasicFieldsRadioGroup" time="0.000">
    <skipped/>
  </testcase> <!-- BasicFieldsRadioGroup -->
  <system-out/>
  <testcase classname="TestCase.FormTemplate_Testcases_Node2" name="BasicFieldsPhone" time="0.000">
    <skipped/>
  </testcase> <!-- BasicFieldsPhone -->
  <system-out/>
  <testcase classname="TestCase.FormTemplate_Testcases_Node2" name="BasicFieldsSignature" time="0.000">
    <skipped/>
  </testcase> <!-- BasicFieldsSignature -->
  <system-out/>
  <testcase classname="TestCase.FormTemplate_Testcases_Node2" name="BasicFieldsCaptcha" time="0.000">
    <skipped/>
  </testcase> <!-- BasicFieldsCaptcha -->
  <system-out/>
  <testcase classname="TestCase.FormTemplate_Testcases_Node2" name="ContentHeading" time="0.000">
    <skipped/>
  </testcase> <!-- ContentHeading -->
  <system-out/>
  <testcase classname="TestCase.FormTemplate_Testcases_Node2" name="ContentHTML" time="0.000">
    <skipped/>
  </testcase> <!-- ContentHTML -->
  <system-out/>
  <testcase classname="TestCase.FormTemplate_Testcases_Node2" name="ContentParagraph" time="0.000">
    <skipped/>
  </testcase> <!-- ContentParagraph -->
  <system-out/>
  <testcase classname="TestCase.FormTemplate_Testcases_Node2" name="ContentSingleLineContent" time="0.000">
    <skipped/>
  </testcase> <!-- ContentSingleLineContent -->
  <system-out/>
  <testcase classname="TestCase.FormTemplate_Testcases_Node2" name="ContentImage" time="0.000">
    <skipped/>
  </testcase> <!-- ContentImage -->
  <system-out/>
  <testcase classname="TestCase.FormTemplate_Testcases_Node2" name="ContentVideo" time="0.000">
    <skipped/>
  </testcase> <!-- ContentVideo -->
  <system-out/>
  <testcase classname="TestCase.FormTemplate_Testcases_Node2" name="ContentActionButton" time="0.000">
    <skipped/>
  </testcase> <!-- ContentActionButton -->
  <system-out/>
</testsuite> <!-- TestCase.FormTemplate_Testcases_Node2 -->
